Determining if the pthread_create exist failed with the following output:
Change Dir: /home/chris/catkin_ws/build/apriltags2/CMakeFiles/CMakeTmp

Run Build Command:"/usr/bin/make" "cmTC_d3f8f/fast"
/usr/bin/make -f CMakeFiles/cmTC_d3f8f.dir/build.make CMakeFiles/cmTC_d3f8f.dir/build
make[1]: Entering directory '/home/chris/catkin_ws/build/apriltags2/CMakeFiles/CMakeTmp'
Building C object CMakeFiles/cmTC_d3f8f.dir/CheckSymbolExists.c.o
/usr/bin/cc    -std=gnu99 -fPIC -Wall -Wno-unused-parameter -Wno-unused-function -I. -O4 -fno-strict-overflow    -o CMakeFiles/cmTC_d3f8f.dir/CheckSymbolExists.c.o   -c /home/chris/catkin_ws/build/apriltags2/CMakeFiles/CMakeTmp/CheckSymbolExists.c
Linking C executable cmTC_d3f8f
/usr/bin/cmake -E cmake_link_script CMakeFiles/cmTC_d3f8f.dir/link.txt --verbose=1
/usr/bin/cc  -std=gnu99 -fPIC -Wall -Wno-unused-parameter -Wno-unused-function -I. -O4 -fno-strict-overflow     CMakeFiles/cmTC_d3f8f.dir/CheckSymbolExists.c.o  -o cmTC_d3f8f -rdynamic 
CMakeFiles/cmTC_d3f8f.dir/CheckSymbolExists.c.o：在函数‘main’中：
CheckSymbolExists.c:(.text.startup+0x3)：对‘pthread_create’未定义的引用
collect2: error: ld returned 1 exit status
CMakeFiles/cmTC_d3f8f.dir/build.make:97: recipe for target 'cmTC_d3f8f' failed
make[1]: *** [cmTC_d3f8f] Error 1
make[1]: Leaving directory '/home/chris/catkin_ws/build/apriltags2/CMakeFiles/CMakeTmp'
Makefile:126: recipe for target 'cmTC_d3f8f/fast' failed
make: *** [cmTC_d3f8f/fast] Error 2

File /home/chris/catkin_ws/build/apriltags2/CMakeFiles/CMakeTmp/CheckSymbolExists.c:
/* */
#include <pthread.h>

int main(int argc, char** argv)
{
  (void)argv;
#ifndef pthread_create
  return ((int*)(&pthread_create))[argc];
#else
  (void)argc;
  return 0;
#endif
}

Determining if the function pthread_create exists in the pthreads failed with the following output:
Change Dir: /home/chris/catkin_ws/build/apriltags2/CMakeFiles/CMakeTmp

Run Build Command:"/usr/bin/make" "cmTC_cea4f/fast"
/usr/bin/make -f CMakeFiles/cmTC_cea4f.dir/build.make CMakeFiles/cmTC_cea4f.dir/build
make[1]: Entering directory '/home/chris/catkin_ws/build/apriltags2/CMakeFiles/CMakeTmp'
Building C object CMakeFiles/cmTC_cea4f.dir/CheckFunctionExists.c.o
/usr/bin/cc    -std=gnu99 -fPIC -Wall -Wno-unused-parameter -Wno-unused-function -I. -O4 -fno-strict-overflow -DCHECK_FUNCTION_EXISTS=pthread_create   -o CMakeFiles/cmTC_cea4f.dir/CheckFunctionExists.c.o   -c /usr/share/cmake-3.5/Modules/CheckFunctionExists.c
Linking C executable cmTC_cea4f
/usr/bin/cmake -E cmake_link_script CMakeFiles/cmTC_cea4f.dir/link.txt --verbose=1
/usr/bin/cc  -std=gnu99 -fPIC -Wall -Wno-unused-parameter -Wno-unused-function -I. -O4 -fno-strict-overflow -DCHECK_FUNCTION_EXISTS=pthread_create    CMakeFiles/cmTC_cea4f.dir/CheckFunctionExists.c.o  -o cmTC_cea4f -rdynamic -lpthreads 
/usr/bin/ld: 找不到 -lpthreads
collect2: error: ld returned 1 exit status
CMakeFiles/cmTC_cea4f.dir/build.make:97: recipe for target 'cmTC_cea4f' failed
make[1]: *** [cmTC_cea4f] Error 1
make[1]: Leaving directory '/home/chris/catkin_ws/build/apriltags2/CMakeFiles/CMakeTmp'
Makefile:126: recipe for target 'cmTC_cea4f/fast' failed
make: *** [cmTC_cea4f/fast] Error 2


