/home/chris/catkin_ws/src/rotors_simulator/rotors_gazebo_plugins/src/external/gazebo_geotagged_images_plugin.cpp: In member function ‘virtual void gazebo::GeotaggedImagesPlugin::Load(gazebo::sensors::SensorPtr, sdf::ElementPtr)’:
/home/chris/catkin_ws/src/rotors_simulator/rotors_gazebo_plugins/src/external/gazebo_geotagged_images_plugin.cpp:83:39: warning: ‘gazebo::common::Time gazebo::rendering::Scene::GetSimTime() const’ is deprecated [-Wdeprecated-declarations]
   lastImageTime_ = scene_->GetSimTime();
                                       ^
In file included from /usr/include/gazebo-7/gazebo/rendering/rendering.hh:40:0,
                 from /home/chris/catkin_ws/src/rotors_simulator/rotors_gazebo_plugins/include/rotors_gazebo_plugins/external/gazebo_geotagged_images_plugin.h:30,
                 from /home/chris/catkin_ws/src/rotors_simulator/rotors_gazebo_plugins/src/external/gazebo_geotagged_images_plugin.cpp:18:
/usr/include/gazebo-7/gazebo/rendering/Scene.hh:639:28: note: declared here
       public: common::Time GetSimTime() const GAZEBO_DEPRECATED(7.0);
                            ^
/home/chris/catkin_ws/src/rotors_simulator/rotors_gazebo_plugins/src/external/gazebo_geotagged_images_plugin.cpp: In member function ‘void gazebo::GeotaggedImagesPlugin::OnNewFrame(const unsigned char*)’:
/home/chris/catkin_ws/src/rotors_simulator/rotors_gazebo_plugins/src/external/gazebo_geotagged_images_plugin.cpp:161:49: warning: ‘gazebo::common::Time gazebo::rendering::Scene::GetSimTime() const’ is deprecated [-Wdeprecated-declarations]
   common::Time currentTime = scene_->GetSimTime();
                                                 ^
In file included from /usr/include/gazebo-7/gazebo/rendering/rendering.hh:40:0,
                 from /home/chris/catkin_ws/src/rotors_simulator/rotors_gazebo_plugins/include/rotors_gazebo_plugins/external/gazebo_geotagged_images_plugin.h:30,
                 from /home/chris/catkin_ws/src/rotors_simulator/rotors_gazebo_plugins/src/external/gazebo_geotagged_images_plugin.cpp:18:
/usr/include/gazebo-7/gazebo/rendering/Scene.hh:639:28: note: declared here
       public: common::Time GetSimTime() const GAZEBO_DEPRECATED(7.0);
                            ^
