Determining if the pthread_create exist failed with the following output:
Change Dir: /home/chrisliu/ROS/vrep_ws/build/CMakeFiles/CMakeTmp

Run Build Command:"/usr/bin/make" "cmTC_54a0a/fast"
/usr/bin/make -f CMakeFiles/cmTC_54a0a.dir/build.make CMakeFiles/cmTC_54a0a.dir/build
make[1]: Entering directory '/home/chrisliu/ROS/vrep_ws/build/CMakeFiles/CMakeTmp'
Building C object CMakeFiles/cmTC_54a0a.dir/CheckSymbolExists.c.o
/usr/bin/cc     -o CMakeFiles/cmTC_54a0a.dir/CheckSymbolExists.c.o   -c /home/chrisliu/ROS/vrep_ws/build/CMakeFiles/CMakeTmp/CheckSymbolExists.c
Linking C executable cmTC_54a0a
/usr/bin/cmake -E cmake_link_script CMakeFiles/cmTC_54a0a.dir/link.txt --verbose=1
/usr/bin/cc       CMakeFiles/cmTC_54a0a.dir/CheckSymbolExists.c.o  -o cmTC_54a0a -rdynamic 
CMakeFiles/cmTC_54a0a.dir/CheckSymbolExists.c.o：在函数‘main’中：
CheckSymbolExists.c:(.text+0x16)：对‘pthread_create’未定义的引用
collect2: error: ld returned 1 exit status
CMakeFiles/cmTC_54a0a.dir/build.make:97: recipe for target 'cmTC_54a0a' failed
make[1]: *** [cmTC_54a0a] Error 1
make[1]: Leaving directory '/home/chrisliu/ROS/vrep_ws/build/CMakeFiles/CMakeTmp'
Makefile:126: recipe for target 'cmTC_54a0a/fast' failed
make: *** [cmTC_54a0a/fast] Error 2

File /home/chrisliu/ROS/vrep_ws/build/CMakeFiles/CMakeTmp/CheckSymbolExists.c:
/* */
#include <pthread.h>

int main(int argc, char** argv)
{
  (void)argv;
#ifndef pthread_create
  return ((int*)(&pthread_create))[argc];
#else
  (void)argc;
  return 0;
#endif
}

Determining if the function pthread_create exists in the pthreads failed with the following output:
Change Dir: /home/chrisliu/ROS/vrep_ws/build/CMakeFiles/CMakeTmp

Run Build Command:"/usr/bin/make" "cmTC_cc70c/fast"
/usr/bin/make -f CMakeFiles/cmTC_cc70c.dir/build.make CMakeFiles/cmTC_cc70c.dir/build
make[1]: Entering directory '/home/chrisliu/ROS/vrep_ws/build/CMakeFiles/CMakeTmp'
Building C object CMakeFiles/cmTC_cc70c.dir/CheckFunctionExists.c.o
/usr/bin/cc    -DCHECK_FUNCTION_EXISTS=pthread_create   -o CMakeFiles/cmTC_cc70c.dir/CheckFunctionExists.c.o   -c /usr/share/cmake-3.5/Modules/CheckFunctionExists.c
Linking C executable cmTC_cc70c
/usr/bin/cmake -E cmake_link_script CMakeFiles/cmTC_cc70c.dir/link.txt --verbose=1
/usr/bin/cc   -DCHECK_FUNCTION_EXISTS=pthread_create    CMakeFiles/cmTC_cc70c.dir/CheckFunctionExists.c.o  -o cmTC_cc70c -rdynamic -lpthreads 
/usr/bin/ld: 找不到 -lpthreads
collect2: error: ld returned 1 exit status
CMakeFiles/cmTC_cc70c.dir/build.make:97: recipe for target 'cmTC_cc70c' failed
make[1]: *** [cmTC_cc70c] Error 1
make[1]: Leaving directory '/home/chrisliu/ROS/vrep_ws/build/CMakeFiles/CMakeTmp'
Makefile:126: recipe for target 'cmTC_cc70c/fast' failed
make: *** [cmTC_cc70c/fast] Error 2


