[35m[1mScanning dependencies of target _action_demo_generate_messages_check_deps_DoDishesActionFeedback[0m
[  0%] Built target _action_demo_generate_messages_check_deps_DoDishesActionFeedback
[35m[1mScanning dependencies of target _action_demo_generate_messages_check_deps_DoDishesFeedback[0m
[  0%] Built target _action_demo_generate_messages_check_deps_DoDishesFeedback
[35m[1mScanning dependencies of target actionlib_msgs_generate_messages_cpp[0m
[  0%] Built target actionlib_msgs_generate_messages_cpp
[35m[1mScanning dependencies of target _action_demo_generate_messages_check_deps_DoDishesGoal[0m
[  0%] Built target _action_demo_generate_messages_check_deps_DoDishesGoal
[35m[1mScanning dependencies of target _action_demo_generate_messages_check_deps_DoDishesActionGoal[0m
[  0%] Built target _action_demo_generate_messages_check_deps_DoDishesActionGoal
[35m[1mScanning dependencies of target _action_demo_generate_messages_check_deps_DoDishesResult[0m
[  0%] Built target _action_demo_generate_messages_check_deps_DoDishesResult
[35m[1mScanning dependencies of target _action_demo_generate_messages_check_deps_DoDishesAction[0m
[  0%] Built target _action_demo_generate_messages_check_deps_DoDishesAction
[35m[1mScanning dependencies of target _action_demo_generate_messages_check_deps_DoDishesActionResult[0m
[  0%] Built target _action_demo_generate_messages_check_deps_DoDishesActionResult
[35m[1mScanning dependencies of target actionlib_msgs_generate_messages_py[0m
[  0%] Built target actionlib_msgs_generate_messages_py
[35m[1mScanning dependencies of target actionlib_msgs_generate_messages_nodejs[0m
[  0%] Built target actionlib_msgs_generate_messages_nodejs
[35m[1mScanning dependencies of target actionlib_msgs_generate_messages_eus[0m
[  0%] Built target actionlib_msgs_generate_messages_eus
[35m[1mScanning dependencies of target actionlib_msgs_generate_messages_lisp[0m
[  0%] Built target actionlib_msgs_generate_messages_lisp
[35m[1mScanning dependencies of target action_demo_generate_messages_cpp[0m
[  2%] [34m[1mGenerating C++ code from action_demo/DoDishesActionResult.msg[0m
[  4%] [34m[1mGenerating C++ code from action_demo/DoDishesFeedback.msg[0m
[  7%] [34m[1mGenerating C++ code from action_demo/DoDishesActionFeedback.msg[0m
[  9%] [34m[1mGenerating C++ code from action_demo/DoDishesGoal.msg[0m
[ 12%] [34m[1mGenerating C++ code from action_demo/DoDishesResult.msg[0m
[ 14%] [34m[1mGenerating C++ code from action_demo/DoDishesAction.msg[0m
[ 17%] [34m[1mGenerating C++ code from action_demo/DoDishesActionGoal.msg[0m
[ 17%] Built target action_demo_generate_messages_cpp
[35m[1mScanning dependencies of target action_demo_generate_messages_py[0m
[ 19%] [34m[1mGenerating Python from MSG action_demo/DoDishesActionResult[0m
[ 21%] [34m[1mGenerating Python from MSG action_demo/DoDishesFeedback[0m
[ 24%] [34m[1mGenerating Python from MSG action_demo/DoDishesActionFeedback[0m
[ 26%] [34m[1mGenerating Python from MSG action_demo/DoDishesGoal[0m
[ 29%] [34m[1mGenerating Python from MSG action_demo/DoDishesResult[0m
[ 31%] [34m[1mGenerating Python from MSG action_demo/DoDishesAction[0m
[ 34%] [34m[1mGenerating Python from MSG action_demo/DoDishesActionGoal[0m
[ 36%] [34m[1mGenerating Python msg __init__.py for action_demo[0m
[ 36%] Built target action_demo_generate_messages_py
[35m[1mScanning dependencies of target action_demo_generate_messages_nodejs[0m
[ 39%] [34m[1mGenerating Javascript code from action_demo/DoDishesActionResult.msg[0m
[ 41%] [34m[1mGenerating Javascript code from action_demo/DoDishesFeedback.msg[0m
[ 43%] [34m[1mGenerating Javascript code from action_demo/DoDishesActionFeedback.msg[0m
[ 46%] [34m[1mGenerating Javascript code from action_demo/DoDishesGoal.msg[0m
[ 48%] [34m[1mGenerating Javascript code from action_demo/DoDishesResult.msg[0m
[ 51%] [34m[1mGenerating Javascript code from action_demo/DoDishesAction.msg[0m
[ 53%] [34m[1mGenerating Javascript code from action_demo/DoDishesActionGoal.msg[0m
[ 53%] Built target action_demo_generate_messages_nodejs
[35m[1mScanning dependencies of target action_demo_generate_messages_eus[0m
[ 56%] [34m[1mGenerating EusLisp code from action_demo/DoDishesActionResult.msg[0m
[ 58%] [34m[1mGenerating EusLisp code from action_demo/DoDishesFeedback.msg[0m
[ 60%] [34m[1mGenerating EusLisp code from action_demo/DoDishesActionFeedback.msg[0m
[ 63%] [34m[1mGenerating EusLisp code from action_demo/DoDishesGoal.msg[0m
[ 65%] [34m[1mGenerating EusLisp code from action_demo/DoDishesResult.msg[0m
[ 68%] [34m[1mGenerating EusLisp code from action_demo/DoDishesAction.msg[0m
[ 70%] [34m[1mGenerating EusLisp code from action_demo/DoDishesActionGoal.msg[0m
[ 73%] [34m[1mGenerating EusLisp manifest code for action_demo[0m
[ 73%] Built target action_demo_generate_messages_eus
[35m[1mScanning dependencies of target action_demo_generate_messages_lisp[0m
[ 75%] [34m[1mGenerating Lisp code from action_demo/DoDishesActionResult.msg[0m
[ 78%] [34m[1mGenerating Lisp code from action_demo/DoDishesFeedback.msg[0m
[ 80%] [34m[1mGenerating Lisp code from action_demo/DoDishesActionFeedback.msg[0m
[ 82%] [34m[1mGenerating Lisp code from action_demo/DoDishesGoal.msg[0m
[ 85%] [34m[1mGenerating Lisp code from action_demo/DoDishesResult.msg[0m
[ 87%] [34m[1mGenerating Lisp code from action_demo/DoDishesAction.msg[0m
[ 90%] [34m[1mGenerating Lisp code from action_demo/DoDishesActionGoal.msg[0m
[ 90%] Built target action_demo_generate_messages_lisp
[35m[1mScanning dependencies of target dishes_Client[0m
[ 92%] [32mBuilding CXX object CMakeFiles/dishes_Client.dir/src/dishes_Client.cpp.o[0m
[35m[1mScanning dependencies of target dishes_Server[0m
[ 95%] [32m[1mLinking CXX executable /home/chris/catkin_ws/devel/.private/action_demo/lib/action_demo/dishes_Client[0m
[ 97%] [32mBuilding CXX object CMakeFiles/dishes_Server.dir/src/dishes_Server.cpp.o[0m
[ 97%] Built target dishes_Client
[35m[1mScanning dependencies of target action_demo_generate_messages[0m
[ 97%] Built target action_demo_generate_messages
[100%] [32m[1mLinking CXX executable /home/chris/catkin_ws/devel/.private/action_demo/lib/action_demo/dishes_Server[0m
[100%] Built target dishes_Server
