[  0%] Built target _action_demo_generate_messages_check_deps_DoDishesActionFeedback
[  0%] Built target _action_demo_generate_messages_check_deps_DoDishesFeedback
[  0%] Built target actionlib_msgs_generate_messages_cpp
[  0%] Built target _action_demo_generate_messages_check_deps_DoDishesGoal
[  0%] Built target _action_demo_generate_messages_check_deps_DoDishesActionGoal
[  0%] Built target _action_demo_generate_messages_check_deps_DoDishesResult
[  0%] Built target _action_demo_generate_messages_check_deps_DoDishesAction
[  0%] Built target _action_demo_generate_messages_check_deps_DoDishesActionResult
[  0%] Built target actionlib_msgs_generate_messages_py
[  0%] Built target actionlib_msgs_generate_messages_nodejs
[  0%] Built target actionlib_msgs_generate_messages_eus
[  0%] Built target actionlib_msgs_generate_messages_lisp
[ 17%] Built target action_demo_generate_messages_cpp
[ 36%] Built target action_demo_generate_messages_py
[ 53%] Built target action_demo_generate_messages_nodejs
[ 73%] Built target action_demo_generate_messages_eus
[ 90%] Built target action_demo_generate_messages_lisp
[ 95%] Built target dishes_Client
[100%] Built target dishes_Server
[100%] Built target action_demo_generate_messages
