Linked: (/home/chris/catkin_ws/devel/.private/action_demo/share/roseus/ros/action_demo/manifest.l, /home/chris/catkin_ws/devel/share/roseus/ros/action_demo/manifest.l)
Linked: (/home/chris/catkin_ws/devel/.private/action_demo/share/roseus/ros/action_demo/msg/DoDishesActionFeedback.l, /home/chris/catkin_ws/devel/share/roseus/ros/action_demo/msg/DoDishesActionFeedback.l)
Linked: (/home/chris/catkin_ws/devel/.private/action_demo/share/roseus/ros/action_demo/msg/DoDishesGoal.l, /home/chris/catkin_ws/devel/share/roseus/ros/action_demo/msg/DoDishesGoal.l)
Linked: (/home/chris/catkin_ws/devel/.private/action_demo/share/roseus/ros/action_demo/msg/DoDishesResult.l, /home/chris/catkin_ws/devel/share/roseus/ros/action_demo/msg/DoDishesResult.l)
Linked: (/home/chris/catkin_ws/devel/.private/action_demo/share/roseus/ros/action_demo/msg/DoDishesFeedback.l, /home/chris/catkin_ws/devel/share/roseus/ros/action_demo/msg/DoDishesFeedback.l)
Linked: (/home/chris/catkin_ws/devel/.private/action_demo/share/roseus/ros/action_demo/msg/DoDishesAction.l, /home/chris/catkin_ws/devel/share/roseus/ros/action_demo/msg/DoDishesAction.l)
Linked: (/home/chris/catkin_ws/devel/.private/action_demo/share/roseus/ros/action_demo/msg/DoDishesActionResult.l, /home/chris/catkin_ws/devel/share/roseus/ros/action_demo/msg/DoDishesActionResult.l)
Linked: (/home/chris/catkin_ws/devel/.private/action_demo/share/roseus/ros/action_demo/msg/DoDishesActionGoal.l, /home/chris/catkin_ws/devel/share/roseus/ros/action_demo/msg/DoDishesActionGoal.l)
Linked: (/home/chris/catkin_ws/devel/.private/action_demo/share/gennodejs/ros/action_demo/_index.js, /home/chris/catkin_ws/devel/share/gennodejs/ros/action_demo/_index.js)
Linked: (/home/chris/catkin_ws/devel/.private/action_demo/share/gennodejs/ros/action_demo/msg/DoDishesActionResult.js, /home/chris/catkin_ws/devel/share/gennodejs/ros/action_demo/msg/DoDishesActionResult.js)
Linked: (/home/chris/catkin_ws/devel/.private/action_demo/share/gennodejs/ros/action_demo/msg/DoDishesGoal.js, /home/chris/catkin_ws/devel/share/gennodejs/ros/action_demo/msg/DoDishesGoal.js)
Linked: (/home/chris/catkin_ws/devel/.private/action_demo/share/gennodejs/ros/action_demo/msg/_index.js, /home/chris/catkin_ws/devel/share/gennodejs/ros/action_demo/msg/_index.js)
Linked: (/home/chris/catkin_ws/devel/.private/action_demo/share/gennodejs/ros/action_demo/msg/DoDishesAction.js, /home/chris/catkin_ws/devel/share/gennodejs/ros/action_demo/msg/DoDishesAction.js)
Linked: (/home/chris/catkin_ws/devel/.private/action_demo/share/gennodejs/ros/action_demo/msg/DoDishesResult.js, /home/chris/catkin_ws/devel/share/gennodejs/ros/action_demo/msg/DoDishesResult.js)
Linked: (/home/chris/catkin_ws/devel/.private/action_demo/share/gennodejs/ros/action_demo/msg/DoDishesActionFeedback.js, /home/chris/catkin_ws/devel/share/gennodejs/ros/action_demo/msg/DoDishesActionFeedback.js)
Linked: (/home/chris/catkin_ws/devel/.private/action_demo/share/gennodejs/ros/action_demo/msg/DoDishesActionGoal.js, /home/chris/catkin_ws/devel/share/gennodejs/ros/action_demo/msg/DoDishesActionGoal.js)
Linked: (/home/chris/catkin_ws/devel/.private/action_demo/share/gennodejs/ros/action_demo/msg/DoDishesFeedback.js, /home/chris/catkin_ws/devel/share/gennodejs/ros/action_demo/msg/DoDishesFeedback.js)
Linked: (/home/chris/catkin_ws/devel/.private/action_demo/share/common-lisp/ros/action_demo/msg/DoDishesActionResult.lisp, /home/chris/catkin_ws/devel/share/common-lisp/ros/action_demo/msg/DoDishesActionResult.lisp)
Linked: (/home/chris/catkin_ws/devel/.private/action_demo/share/common-lisp/ros/action_demo/msg/DoDishesActionFeedback.lisp, /home/chris/catkin_ws/devel/share/common-lisp/ros/action_demo/msg/DoDishesActionFeedback.lisp)
Linked: (/home/chris/catkin_ws/devel/.private/action_demo/share/common-lisp/ros/action_demo/msg/_package_DoDishesAction.lisp, /home/chris/catkin_ws/devel/share/common-lisp/ros/action_demo/msg/_package_DoDishesAction.lisp)
Linked: (/home/chris/catkin_ws/devel/.private/action_demo/share/common-lisp/ros/action_demo/msg/_package_DoDishesResult.lisp, /home/chris/catkin_ws/devel/share/common-lisp/ros/action_demo/msg/_package_DoDishesResult.lisp)
Linked: (/home/chris/catkin_ws/devel/.private/action_demo/share/common-lisp/ros/action_demo/msg/_package_DoDishesActionGoal.lisp, /home/chris/catkin_ws/devel/share/common-lisp/ros/action_demo/msg/_package_DoDishesActionGoal.lisp)
Linked: (/home/chris/catkin_ws/devel/.private/action_demo/share/common-lisp/ros/action_demo/msg/DoDishesResult.lisp, /home/chris/catkin_ws/devel/share/common-lisp/ros/action_demo/msg/DoDishesResult.lisp)
Linked: (/home/chris/catkin_ws/devel/.private/action_demo/share/common-lisp/ros/action_demo/msg/DoDishesGoal.lisp, /home/chris/catkin_ws/devel/share/common-lisp/ros/action_demo/msg/DoDishesGoal.lisp)
Linked: (/home/chris/catkin_ws/devel/.private/action_demo/share/common-lisp/ros/action_demo/msg/DoDishesFeedback.lisp, /home/chris/catkin_ws/devel/share/common-lisp/ros/action_demo/msg/DoDishesFeedback.lisp)
Linked: (/home/chris/catkin_ws/devel/.private/action_demo/share/common-lisp/ros/action_demo/msg/_package.lisp, /home/chris/catkin_ws/devel/share/common-lisp/ros/action_demo/msg/_package.lisp)
Linked: (/home/chris/catkin_ws/devel/.private/action_demo/share/common-lisp/ros/action_demo/msg/_package_DoDishesActionResult.lisp, /home/chris/catkin_ws/devel/share/common-lisp/ros/action_demo/msg/_package_DoDishesActionResult.lisp)
Linked: (/home/chris/catkin_ws/devel/.private/action_demo/share/common-lisp/ros/action_demo/msg/_package_DoDishesGoal.lisp, /home/chris/catkin_ws/devel/share/common-lisp/ros/action_demo/msg/_package_DoDishesGoal.lisp)
Linked: (/home/chris/catkin_ws/devel/.private/action_demo/share/common-lisp/ros/action_demo/msg/DoDishesActionGoal.lisp, /home/chris/catkin_ws/devel/share/common-lisp/ros/action_demo/msg/DoDishesActionGoal.lisp)
Linked: (/home/chris/catkin_ws/devel/.private/action_demo/share/common-lisp/ros/action_demo/msg/DoDishesAction.lisp, /home/chris/catkin_ws/devel/share/common-lisp/ros/action_demo/msg/DoDishesAction.lisp)
Linked: (/home/chris/catkin_ws/devel/.private/action_demo/share/common-lisp/ros/action_demo/msg/action_demo-msg.asd, /home/chris/catkin_ws/devel/share/common-lisp/ros/action_demo/msg/action_demo-msg.asd)
Linked: (/home/chris/catkin_ws/devel/.private/action_demo/share/common-lisp/ros/action_demo/msg/_package_DoDishesActionFeedback.lisp, /home/chris/catkin_ws/devel/share/common-lisp/ros/action_demo/msg/_package_DoDishesActionFeedback.lisp)
Linked: (/home/chris/catkin_ws/devel/.private/action_demo/share/common-lisp/ros/action_demo/msg/_package_DoDishesFeedback.lisp, /home/chris/catkin_ws/devel/share/common-lisp/ros/action_demo/msg/_package_DoDishesFeedback.lisp)
Linked: (/home/chris/catkin_ws/devel/.private/action_demo/share/action_demo/msg/DoDishesResult.msg, /home/chris/catkin_ws/devel/share/action_demo/msg/DoDishesResult.msg)
Linked: (/home/chris/catkin_ws/devel/.private/action_demo/share/action_demo/msg/DoDishesFeedback.msg, /home/chris/catkin_ws/devel/share/action_demo/msg/DoDishesFeedback.msg)
Linked: (/home/chris/catkin_ws/devel/.private/action_demo/share/action_demo/msg/DoDishesActionResult.msg, /home/chris/catkin_ws/devel/share/action_demo/msg/DoDishesActionResult.msg)
Linked: (/home/chris/catkin_ws/devel/.private/action_demo/share/action_demo/msg/DoDishesAction.msg, /home/chris/catkin_ws/devel/share/action_demo/msg/DoDishesAction.msg)
Linked: (/home/chris/catkin_ws/devel/.private/action_demo/share/action_demo/msg/DoDishesActionFeedback.msg, /home/chris/catkin_ws/devel/share/action_demo/msg/DoDishesActionFeedback.msg)
Linked: (/home/chris/catkin_ws/devel/.private/action_demo/share/action_demo/msg/DoDishesGoal.msg, /home/chris/catkin_ws/devel/share/action_demo/msg/DoDishesGoal.msg)
Linked: (/home/chris/catkin_ws/devel/.private/action_demo/share/action_demo/msg/DoDishesActionGoal.msg, /home/chris/catkin_ws/devel/share/action_demo/msg/DoDishesActionGoal.msg)
Linked: (/home/chris/catkin_ws/devel/.private/action_demo/share/action_demo/cmake/action_demoConfig-version.cmake, /home/chris/catkin_ws/devel/share/action_demo/cmake/action_demoConfig-version.cmake)
Linked: (/home/chris/catkin_ws/devel/.private/action_demo/share/action_demo/cmake/action_demo-msg-paths.cmake, /home/chris/catkin_ws/devel/share/action_demo/cmake/action_demo-msg-paths.cmake)
Linked: (/home/chris/catkin_ws/devel/.private/action_demo/share/action_demo/cmake/action_demo-msg-extras.cmake, /home/chris/catkin_ws/devel/share/action_demo/cmake/action_demo-msg-extras.cmake)
Linked: (/home/chris/catkin_ws/devel/.private/action_demo/share/action_demo/cmake/action_demoConfig.cmake, /home/chris/catkin_ws/devel/share/action_demo/cmake/action_demoConfig.cmake)
Linked: (/home/chris/catkin_ws/devel/.private/action_demo/include/action_demo/DoDishesResult.h, /home/chris/catkin_ws/devel/include/action_demo/DoDishesResult.h)
Linked: (/home/chris/catkin_ws/devel/.private/action_demo/include/action_demo/DoDishesGoal.h, /home/chris/catkin_ws/devel/include/action_demo/DoDishesGoal.h)
Linked: (/home/chris/catkin_ws/devel/.private/action_demo/include/action_demo/DoDishesAction.h, /home/chris/catkin_ws/devel/include/action_demo/DoDishesAction.h)
Linked: (/home/chris/catkin_ws/devel/.private/action_demo/include/action_demo/DoDishesActionGoal.h, /home/chris/catkin_ws/devel/include/action_demo/DoDishesActionGoal.h)
Linked: (/home/chris/catkin_ws/devel/.private/action_demo/include/action_demo/DoDishesActionResult.h, /home/chris/catkin_ws/devel/include/action_demo/DoDishesActionResult.h)
Linked: (/home/chris/catkin_ws/devel/.private/action_demo/include/action_demo/DoDishesFeedback.h, /home/chris/catkin_ws/devel/include/action_demo/DoDishesFeedback.h)
Linked: (/home/chris/catkin_ws/devel/.private/action_demo/include/action_demo/DoDishesActionFeedback.h, /home/chris/catkin_ws/devel/include/action_demo/DoDishesActionFeedback.h)
Linked: (/home/chris/catkin_ws/devel/.private/action_demo/lib/pkgconfig/action_demo.pc, /home/chris/catkin_ws/devel/lib/pkgconfig/action_demo.pc)
Linked: (/home/chris/catkin_ws/devel/.private/action_demo/lib/action_demo/dishes_Server, /home/chris/catkin_ws/devel/lib/action_demo/dishes_Server)
Linked: (/home/chris/catkin_ws/devel/.private/action_demo/lib/action_demo/dishes_Client, /home/chris/catkin_ws/devel/lib/action_demo/dishes_Client)
Linked: (/home/chris/catkin_ws/devel/.private/action_demo/lib/python2.7/dist-packages/action_demo/__init__.py, /home/chris/catkin_ws/devel/lib/python2.7/dist-packages/action_demo/__init__.py)
Linked: (/home/chris/catkin_ws/devel/.private/action_demo/lib/python2.7/dist-packages/action_demo/msg/_DoDishesGoal.py, /home/chris/catkin_ws/devel/lib/python2.7/dist-packages/action_demo/msg/_DoDishesGoal.py)
Linked: (/home/chris/catkin_ws/devel/.private/action_demo/lib/python2.7/dist-packages/action_demo/msg/_DoDishesActionFeedback.py, /home/chris/catkin_ws/devel/lib/python2.7/dist-packages/action_demo/msg/_DoDishesActionFeedback.py)
Linked: (/home/chris/catkin_ws/devel/.private/action_demo/lib/python2.7/dist-packages/action_demo/msg/_DoDishesActionGoal.py, /home/chris/catkin_ws/devel/lib/python2.7/dist-packages/action_demo/msg/_DoDishesActionGoal.py)
Linked: (/home/chris/catkin_ws/devel/.private/action_demo/lib/python2.7/dist-packages/action_demo/msg/_DoDishesFeedback.py, /home/chris/catkin_ws/devel/lib/python2.7/dist-packages/action_demo/msg/_DoDishesFeedback.py)
Linked: (/home/chris/catkin_ws/devel/.private/action_demo/lib/python2.7/dist-packages/action_demo/msg/_DoDishesActionResult.py, /home/chris/catkin_ws/devel/lib/python2.7/dist-packages/action_demo/msg/_DoDishesActionResult.py)
Linked: (/home/chris/catkin_ws/devel/.private/action_demo/lib/python2.7/dist-packages/action_demo/msg/_DoDishesResult.py, /home/chris/catkin_ws/devel/lib/python2.7/dist-packages/action_demo/msg/_DoDishesResult.py)
Linked: (/home/chris/catkin_ws/devel/.private/action_demo/lib/python2.7/dist-packages/action_demo/msg/__init__.py, /home/chris/catkin_ws/devel/lib/python2.7/dist-packages/action_demo/msg/__init__.py)
Linked: (/home/chris/catkin_ws/devel/.private/action_demo/lib/python2.7/dist-packages/action_demo/msg/_DoDishesAction.py, /home/chris/catkin_ws/devel/lib/python2.7/dist-packages/action_demo/msg/_DoDishesAction.py)
