Symlinking /home/chris/catkin_ws/devel/share/roseus/ros/action_demo/manifest.l
Symlinking /home/chris/catkin_ws/devel/share/roseus/ros/action_demo/msg/DoDishesActionFeedback.l
Symlinking /home/chris/catkin_ws/devel/share/roseus/ros/action_demo/msg/DoDishesGoal.l
Symlinking /home/chris/catkin_ws/devel/share/roseus/ros/action_demo/msg/DoDishesResult.l
Symlinking /home/chris/catkin_ws/devel/share/roseus/ros/action_demo/msg/DoDishesFeedback.l
Symlinking /home/chris/catkin_ws/devel/share/roseus/ros/action_demo/msg/DoDishesAction.l
Symlinking /home/chris/catkin_ws/devel/share/roseus/ros/action_demo/msg/DoDishesActionResult.l
Symlinking /home/chris/catkin_ws/devel/share/roseus/ros/action_demo/msg/DoDishesActionGoal.l
Symlinking /home/chris/catkin_ws/devel/share/gennodejs/ros/action_demo/_index.js
Symlinking /home/chris/catkin_ws/devel/share/gennodejs/ros/action_demo/msg/DoDishesActionResult.js
Symlinking /home/chris/catkin_ws/devel/share/gennodejs/ros/action_demo/msg/DoDishesGoal.js
Symlinking /home/chris/catkin_ws/devel/share/gennodejs/ros/action_demo/msg/_index.js
Symlinking /home/chris/catkin_ws/devel/share/gennodejs/ros/action_demo/msg/DoDishesAction.js
Symlinking /home/chris/catkin_ws/devel/share/gennodejs/ros/action_demo/msg/DoDishesResult.js
Symlinking /home/chris/catkin_ws/devel/share/gennodejs/ros/action_demo/msg/DoDishesActionFeedback.js
Symlinking /home/chris/catkin_ws/devel/share/gennodejs/ros/action_demo/msg/DoDishesActionGoal.js
Symlinking /home/chris/catkin_ws/devel/share/gennodejs/ros/action_demo/msg/DoDishesFeedback.js
Symlinking /home/chris/catkin_ws/devel/share/common-lisp/ros/action_demo/msg/DoDishesActionResult.lisp
Symlinking /home/chris/catkin_ws/devel/share/common-lisp/ros/action_demo/msg/DoDishesActionFeedback.lisp
Symlinking /home/chris/catkin_ws/devel/share/common-lisp/ros/action_demo/msg/_package_DoDishesAction.lisp
Symlinking /home/chris/catkin_ws/devel/share/common-lisp/ros/action_demo/msg/_package_DoDishesResult.lisp
Symlinking /home/chris/catkin_ws/devel/share/common-lisp/ros/action_demo/msg/_package_DoDishesActionGoal.lisp
Symlinking /home/chris/catkin_ws/devel/share/common-lisp/ros/action_demo/msg/DoDishesResult.lisp
Symlinking /home/chris/catkin_ws/devel/share/common-lisp/ros/action_demo/msg/DoDishesGoal.lisp
Symlinking /home/chris/catkin_ws/devel/share/common-lisp/ros/action_demo/msg/DoDishesFeedback.lisp
Symlinking /home/chris/catkin_ws/devel/share/common-lisp/ros/action_demo/msg/_package.lisp
Symlinking /home/chris/catkin_ws/devel/share/common-lisp/ros/action_demo/msg/_package_DoDishesActionResult.lisp
Symlinking /home/chris/catkin_ws/devel/share/common-lisp/ros/action_demo/msg/_package_DoDishesGoal.lisp
Symlinking /home/chris/catkin_ws/devel/share/common-lisp/ros/action_demo/msg/DoDishesActionGoal.lisp
Symlinking /home/chris/catkin_ws/devel/share/common-lisp/ros/action_demo/msg/DoDishesAction.lisp
Symlinking /home/chris/catkin_ws/devel/share/common-lisp/ros/action_demo/msg/action_demo-msg.asd
Symlinking /home/chris/catkin_ws/devel/share/common-lisp/ros/action_demo/msg/_package_DoDishesActionFeedback.lisp
Symlinking /home/chris/catkin_ws/devel/share/common-lisp/ros/action_demo/msg/_package_DoDishesFeedback.lisp
Symlinking /home/chris/catkin_ws/devel/share/action_demo/msg/DoDishesResult.msg
Symlinking /home/chris/catkin_ws/devel/share/action_demo/msg/DoDishesFeedback.msg
Symlinking /home/chris/catkin_ws/devel/share/action_demo/msg/DoDishesActionResult.msg
Symlinking /home/chris/catkin_ws/devel/share/action_demo/msg/DoDishesAction.msg
Symlinking /home/chris/catkin_ws/devel/share/action_demo/msg/DoDishesActionFeedback.msg
Symlinking /home/chris/catkin_ws/devel/share/action_demo/msg/DoDishesGoal.msg
Symlinking /home/chris/catkin_ws/devel/share/action_demo/msg/DoDishesActionGoal.msg
Symlinking /home/chris/catkin_ws/devel/share/action_demo/cmake/action_demoConfig-version.cmake
Symlinking /home/chris/catkin_ws/devel/share/action_demo/cmake/action_demo-msg-paths.cmake
Symlinking /home/chris/catkin_ws/devel/share/action_demo/cmake/action_demo-msg-extras.cmake
Symlinking /home/chris/catkin_ws/devel/share/action_demo/cmake/action_demoConfig.cmake
Symlinking /home/chris/catkin_ws/devel/include/action_demo/DoDishesResult.h
Symlinking /home/chris/catkin_ws/devel/include/action_demo/DoDishesGoal.h
Symlinking /home/chris/catkin_ws/devel/include/action_demo/DoDishesAction.h
Symlinking /home/chris/catkin_ws/devel/include/action_demo/DoDishesActionGoal.h
Symlinking /home/chris/catkin_ws/devel/include/action_demo/DoDishesActionResult.h
Symlinking /home/chris/catkin_ws/devel/include/action_demo/DoDishesFeedback.h
Symlinking /home/chris/catkin_ws/devel/include/action_demo/DoDishesActionFeedback.h
Symlinking /home/chris/catkin_ws/devel/lib/pkgconfig/action_demo.pc
Symlinking /home/chris/catkin_ws/devel/lib/action_demo/dishes_Server
Symlinking /home/chris/catkin_ws/devel/lib/action_demo/dishes_Client
Symlinking /home/chris/catkin_ws/devel/lib/python2.7/dist-packages/action_demo/__init__.py
Symlinking /home/chris/catkin_ws/devel/lib/python2.7/dist-packages/action_demo/msg/_DoDishesGoal.py
Symlinking /home/chris/catkin_ws/devel/lib/python2.7/dist-packages/action_demo/msg/_DoDishesActionFeedback.py
Symlinking /home/chris/catkin_ws/devel/lib/python2.7/dist-packages/action_demo/msg/_DoDishesActionGoal.py
Symlinking /home/chris/catkin_ws/devel/lib/python2.7/dist-packages/action_demo/msg/_DoDishesFeedback.py
Symlinking /home/chris/catkin_ws/devel/lib/python2.7/dist-packages/action_demo/msg/_DoDishesActionResult.py
Symlinking /home/chris/catkin_ws/devel/lib/python2.7/dist-packages/action_demo/msg/_DoDishesResult.py
Symlinking /home/chris/catkin_ws/devel/lib/python2.7/dist-packages/action_demo/msg/__init__.py
Symlinking /home/chris/catkin_ws/devel/lib/python2.7/dist-packages/action_demo/msg/_DoDishesAction.py
