Determining if the pthread_create exist failed with the following output:
Change Dir: /home/chris/catkin_ws/build/tf_demo/CMakeFiles/CMakeTmp

Run Build Command:"/usr/bin/make" "cmTC_68849/fast"
/usr/bin/make -f CMakeFiles/cmTC_68849.dir/build.make CMakeFiles/cmTC_68849.dir/build
make[1]: Entering directory '/home/chris/catkin_ws/build/tf_demo/CMakeFiles/CMakeTmp'
Building C object CMakeFiles/cmTC_68849.dir/CheckSymbolExists.c.o
/usr/bin/cc     -o CMakeFiles/cmTC_68849.dir/CheckSymbolExists.c.o   -c /home/chris/catkin_ws/build/tf_demo/CMakeFiles/CMakeTmp/CheckSymbolExists.c
Linking C executable cmTC_68849
/usr/bin/cmake -E cmake_link_script CMakeFiles/cmTC_68849.dir/link.txt --verbose=1
/usr/bin/cc       CMakeFiles/cmTC_68849.dir/CheckSymbolExists.c.o  -o cmTC_68849 -rdynamic 
CMakeFiles/cmTC_68849.dir/CheckSymbolExists.c.o：在函数‘main’中：
CheckSymbolExists.c:(.text+0x16)：对‘pthread_create’未定义的引用
collect2: error: ld returned 1 exit status
CMakeFiles/cmTC_68849.dir/build.make:97: recipe for target 'cmTC_68849' failed
make[1]: *** [cmTC_68849] Error 1
make[1]: Leaving directory '/home/chris/catkin_ws/build/tf_demo/CMakeFiles/CMakeTmp'
Makefile:126: recipe for target 'cmTC_68849/fast' failed
make: *** [cmTC_68849/fast] Error 2

File /home/chris/catkin_ws/build/tf_demo/CMakeFiles/CMakeTmp/CheckSymbolExists.c:
/* */
#include <pthread.h>

int main(int argc, char** argv)
{
  (void)argv;
#ifndef pthread_create
  return ((int*)(&pthread_create))[argc];
#else
  (void)argc;
  return 0;
#endif
}

Determining if the function pthread_create exists in the pthreads failed with the following output:
Change Dir: /home/chris/catkin_ws/build/tf_demo/CMakeFiles/CMakeTmp

Run Build Command:"/usr/bin/make" "cmTC_cf1a5/fast"
/usr/bin/make -f CMakeFiles/cmTC_cf1a5.dir/build.make CMakeFiles/cmTC_cf1a5.dir/build
make[1]: Entering directory '/home/chris/catkin_ws/build/tf_demo/CMakeFiles/CMakeTmp'
Building C object CMakeFiles/cmTC_cf1a5.dir/CheckFunctionExists.c.o
/usr/bin/cc    -DCHECK_FUNCTION_EXISTS=pthread_create   -o CMakeFiles/cmTC_cf1a5.dir/CheckFunctionExists.c.o   -c /usr/share/cmake-3.5/Modules/CheckFunctionExists.c
Linking C executable cmTC_cf1a5
/usr/bin/cmake -E cmake_link_script CMakeFiles/cmTC_cf1a5.dir/link.txt --verbose=1
/usr/bin/cc   -DCHECK_FUNCTION_EXISTS=pthread_create    CMakeFiles/cmTC_cf1a5.dir/CheckFunctionExists.c.o  -o cmTC_cf1a5 -rdynamic -lpthreads 
/usr/bin/ld: 找不到 -lpthreads
collect2: error: ld returned 1 exit status
CMakeFiles/cmTC_cf1a5.dir/build.make:97: recipe for target 'cmTC_cf1a5' failed
make[1]: *** [cmTC_cf1a5] Error 1
make[1]: Leaving directory '/home/chris/catkin_ws/build/tf_demo/CMakeFiles/CMakeTmp'
Makefile:126: recipe for target 'cmTC_cf1a5/fast' failed
make: *** [cmTC_cf1a5/fast] Error 2


