Determining if the pthread_create exist failed with the following output:
Change Dir: /home/chrisliu/ROS/vrep_ws/src/vrep_pkg/cmake-build-debug/CMakeFiles/CMakeTmp

Run Build Command(s):/usr/bin/make cmTC_5a442/fast 
/usr/bin/make -f CMakeFiles/cmTC_5a442.dir/build.make CMakeFiles/cmTC_5a442.dir/build
make[1]: Entering directory '/home/chrisliu/ROS/vrep_ws/src/vrep_pkg/cmake-build-debug/CMakeFiles/CMakeTmp'
Building C object CMakeFiles/cmTC_5a442.dir/CheckSymbolExists.c.o
/usr/bin/cc    -o CMakeFiles/cmTC_5a442.dir/CheckSymbolExists.c.o   -c /home/chrisliu/ROS/vrep_ws/src/vrep_pkg/cmake-build-debug/CMakeFiles/CMakeTmp/CheckSymbolExists.c
Linking C executable cmTC_5a442
/home/chrisliu/software/clion-2019.2.1/bin/cmake/linux/bin/cmake -E cmake_link_script CMakeFiles/cmTC_5a442.dir/link.txt --verbose=1
/usr/bin/cc      -rdynamic CMakeFiles/cmTC_5a442.dir/CheckSymbolExists.c.o  -o cmTC_5a442 
CMakeFiles/cmTC_5a442.dir/CheckSymbolExists.c.o：在函数‘main’中：
CheckSymbolExists.c:(.text+0x16)：对‘pthread_create’未定义的引用
collect2: error: ld returned 1 exit status
CMakeFiles/cmTC_5a442.dir/build.make:86: recipe for target 'cmTC_5a442' failed
make[1]: *** [cmTC_5a442] Error 1
make[1]: Leaving directory '/home/chrisliu/ROS/vrep_ws/src/vrep_pkg/cmake-build-debug/CMakeFiles/CMakeTmp'
Makefile:121: recipe for target 'cmTC_5a442/fast' failed
make: *** [cmTC_5a442/fast] Error 2

File /home/chrisliu/ROS/vrep_ws/src/vrep_pkg/cmake-build-debug/CMakeFiles/CMakeTmp/CheckSymbolExists.c:
/* */
#include <pthread.h>

int main(int argc, char** argv)
{
  (void)argv;
#ifndef pthread_create
  return ((int*)(&pthread_create))[argc];
#else
  (void)argc;
  return 0;
#endif
}

Determining if the function pthread_create exists in the pthreads failed with the following output:
Change Dir: /home/chrisliu/ROS/vrep_ws/src/vrep_pkg/cmake-build-debug/CMakeFiles/CMakeTmp

Run Build Command(s):/usr/bin/make cmTC_ee619/fast 
/usr/bin/make -f CMakeFiles/cmTC_ee619.dir/build.make CMakeFiles/cmTC_ee619.dir/build
make[1]: Entering directory '/home/chrisliu/ROS/vrep_ws/src/vrep_pkg/cmake-build-debug/CMakeFiles/CMakeTmp'
Building C object CMakeFiles/cmTC_ee619.dir/CheckFunctionExists.c.o
/usr/bin/cc   -DCHECK_FUNCTION_EXISTS=pthread_create   -o CMakeFiles/cmTC_ee619.dir/CheckFunctionExists.c.o   -c /home/chrisliu/software/clion-2019.2.1/bin/cmake/linux/share/cmake-3.14/Modules/CheckFunctionExists.c
Linking C executable cmTC_ee619
/home/chrisliu/software/clion-2019.2.1/bin/cmake/linux/bin/cmake -E cmake_link_script CMakeFiles/cmTC_ee619.dir/link.txt --verbose=1
/usr/bin/cc  -DCHECK_FUNCTION_EXISTS=pthread_create    -rdynamic CMakeFiles/cmTC_ee619.dir/CheckFunctionExists.c.o  -o cmTC_ee619 -lpthreads 
/usr/bin/ld: 找不到 -lpthreads
collect2: error: ld returned 1 exit status
CMakeFiles/cmTC_ee619.dir/build.make:86: recipe for target 'cmTC_ee619' failed
make[1]: *** [cmTC_ee619] Error 1
make[1]: Leaving directory '/home/chrisliu/ROS/vrep_ws/src/vrep_pkg/cmake-build-debug/CMakeFiles/CMakeTmp'
Makefile:121: recipe for target 'cmTC_ee619/fast' failed
make: *** [cmTC_ee619/fast] Error 2


