Determining if the pthread_create exist failed with the following output:
Change Dir: /home/chrisliu/ROS/dashgo_ws/build/CMakeFiles/CMakeTmp

Run Build Command:"/usr/bin/make" "cmTC_9551d/fast"
/usr/bin/make -f CMakeFiles/cmTC_9551d.dir/build.make CMakeFiles/cmTC_9551d.dir/build
make[1]: Entering directory '/home/chrisliu/ROS/dashgo_ws/build/CMakeFiles/CMakeTmp'
Building C object CMakeFiles/cmTC_9551d.dir/CheckSymbolExists.c.o
/usr/bin/cc     -o CMakeFiles/cmTC_9551d.dir/CheckSymbolExists.c.o   -c /home/chrisliu/ROS/dashgo_ws/build/CMakeFiles/CMakeTmp/CheckSymbolExists.c
Linking C executable cmTC_9551d
/usr/bin/cmake -E cmake_link_script CMakeFiles/cmTC_9551d.dir/link.txt --verbose=1
/usr/bin/cc       CMakeFiles/cmTC_9551d.dir/CheckSymbolExists.c.o  -o cmTC_9551d -rdynamic 
CMakeFiles/cmTC_9551d.dir/CheckSymbolExists.c.o：在函数‘main’中：
CheckSymbolExists.c:(.text+0x16)：对‘pthread_create’未定义的引用
collect2: error: ld returned 1 exit status
CMakeFiles/cmTC_9551d.dir/build.make:97: recipe for target 'cmTC_9551d' failed
make[1]: *** [cmTC_9551d] Error 1
make[1]: Leaving directory '/home/chrisliu/ROS/dashgo_ws/build/CMakeFiles/CMakeTmp'
Makefile:126: recipe for target 'cmTC_9551d/fast' failed
make: *** [cmTC_9551d/fast] Error 2

File /home/chrisliu/ROS/dashgo_ws/build/CMakeFiles/CMakeTmp/CheckSymbolExists.c:
/* */
#include <pthread.h>

int main(int argc, char** argv)
{
  (void)argv;
#ifndef pthread_create
  return ((int*)(&pthread_create))[argc];
#else
  (void)argc;
  return 0;
#endif
}

Determining if the function pthread_create exists in the pthreads failed with the following output:
Change Dir: /home/chrisliu/ROS/dashgo_ws/build/CMakeFiles/CMakeTmp

Run Build Command:"/usr/bin/make" "cmTC_be4c9/fast"
/usr/bin/make -f CMakeFiles/cmTC_be4c9.dir/build.make CMakeFiles/cmTC_be4c9.dir/build
make[1]: Entering directory '/home/chrisliu/ROS/dashgo_ws/build/CMakeFiles/CMakeTmp'
Building C object CMakeFiles/cmTC_be4c9.dir/CheckFunctionExists.c.o
/usr/bin/cc    -DCHECK_FUNCTION_EXISTS=pthread_create   -o CMakeFiles/cmTC_be4c9.dir/CheckFunctionExists.c.o   -c /usr/share/cmake-3.5/Modules/CheckFunctionExists.c
Linking C executable cmTC_be4c9
/usr/bin/cmake -E cmake_link_script CMakeFiles/cmTC_be4c9.dir/link.txt --verbose=1
/usr/bin/cc   -DCHECK_FUNCTION_EXISTS=pthread_create    CMakeFiles/cmTC_be4c9.dir/CheckFunctionExists.c.o  -o cmTC_be4c9 -rdynamic -lpthreads 
/usr/bin/ld: 找不到 -lpthreads
collect2: error: ld returned 1 exit status
CMakeFiles/cmTC_be4c9.dir/build.make:97: recipe for target 'cmTC_be4c9' failed
make[1]: *** [cmTC_be4c9] Error 1
make[1]: Leaving directory '/home/chrisliu/ROS/dashgo_ws/build/CMakeFiles/CMakeTmp'
Makefile:126: recipe for target 'cmTC_be4c9/fast' failed
make: *** [cmTC_be4c9/fast] Error 2


