Linked: (/home/chris/catkin_ws/devel/.private/msgs_demo/share/roseus/ros/msgs_demo/manifest.l, /home/chris/catkin_ws/devel/share/roseus/ros/msgs_demo/manifest.l)
Linked: (/home/chris/catkin_ws/devel/.private/msgs_demo/share/roseus/ros/msgs_demo/srv/SetMap.l, /home/chris/catkin_ws/devel/share/roseus/ros/msgs_demo/srv/SetMap.l)
Linked: (/home/chris/catkin_ws/devel/.private/msgs_demo/share/roseus/ros/msgs_demo/srv/Empty.l, /home/chris/catkin_ws/devel/share/roseus/ros/msgs_demo/srv/Empty.l)
Linked: (/home/chris/catkin_ws/devel/.private/msgs_demo/share/roseus/ros/msgs_demo/srv/TalkerListener.l, /home/chris/catkin_ws/devel/share/roseus/ros/msgs_demo/srv/TalkerListener.l)
Linked: (/home/chris/catkin_ws/devel/.private/msgs_demo/share/roseus/ros/msgs_demo/srv/GetPlan.l, /home/chris/catkin_ws/devel/share/roseus/ros/msgs_demo/srv/GetPlan.l)
Linked: (/home/chris/catkin_ws/devel/.private/msgs_demo/share/roseus/ros/msgs_demo/srv/SetBool.l, /home/chris/catkin_ws/devel/share/roseus/ros/msgs_demo/srv/SetBool.l)
Linked: (/home/chris/catkin_ws/devel/.private/msgs_demo/share/roseus/ros/msgs_demo/srv/GetMap.l, /home/chris/catkin_ws/devel/share/roseus/ros/msgs_demo/srv/GetMap.l)
Linked: (/home/chris/catkin_ws/devel/.private/msgs_demo/share/roseus/ros/msgs_demo/srv/AddTwoInts.l, /home/chris/catkin_ws/devel/share/roseus/ros/msgs_demo/srv/AddTwoInts.l)
Linked: (/home/chris/catkin_ws/devel/.private/msgs_demo/share/roseus/ros/msgs_demo/srv/SetCameraInfo.l, /home/chris/catkin_ws/devel/share/roseus/ros/msgs_demo/srv/SetCameraInfo.l)
Linked: (/home/chris/catkin_ws/devel/.private/msgs_demo/share/roseus/ros/msgs_demo/srv/Trigger.l, /home/chris/catkin_ws/devel/share/roseus/ros/msgs_demo/srv/Trigger.l)
Linked: (/home/chris/catkin_ws/devel/.private/msgs_demo/share/roseus/ros/msgs_demo/msg/GetMapGoal.l, /home/chris/catkin_ws/devel/share/roseus/ros/msgs_demo/msg/GetMapGoal.l)
Linked: (/home/chris/catkin_ws/devel/.private/msgs_demo/share/roseus/ros/msgs_demo/msg/AddTwoIntsActionGoal.l, /home/chris/catkin_ws/devel/share/roseus/ros/msgs_demo/msg/AddTwoIntsActionGoal.l)
Linked: (/home/chris/catkin_ws/devel/.private/msgs_demo/share/roseus/ros/msgs_demo/msg/Vector3.l, /home/chris/catkin_ws/devel/share/roseus/ros/msgs_demo/msg/Vector3.l)
Linked: (/home/chris/catkin_ws/devel/.private/msgs_demo/share/roseus/ros/msgs_demo/msg/Point.l, /home/chris/catkin_ws/devel/share/roseus/ros/msgs_demo/msg/Point.l)
Linked: (/home/chris/catkin_ws/devel/.private/msgs_demo/share/roseus/ros/msgs_demo/msg/AutoDockingGoal.l, /home/chris/catkin_ws/devel/share/roseus/ros/msgs_demo/msg/AutoDockingGoal.l)
Linked: (/home/chris/catkin_ws/devel/.private/msgs_demo/share/roseus/ros/msgs_demo/msg/GetMapActionGoal.l, /home/chris/catkin_ws/devel/share/roseus/ros/msgs_demo/msg/GetMapActionGoal.l)
Linked: (/home/chris/catkin_ws/devel/.private/msgs_demo/share/roseus/ros/msgs_demo/msg/Accel.l, /home/chris/catkin_ws/devel/share/roseus/ros/msgs_demo/msg/Accel.l)
Linked: (/home/chris/catkin_ws/devel/.private/msgs_demo/share/roseus/ros/msgs_demo/msg/LaserScan.l, /home/chris/catkin_ws/devel/share/roseus/ros/msgs_demo/msg/LaserScan.l)
Linked: (/home/chris/catkin_ws/devel/.private/msgs_demo/share/roseus/ros/msgs_demo/msg/AddTwoIntsActionResult.l, /home/chris/catkin_ws/devel/share/roseus/ros/msgs_demo/msg/AddTwoIntsActionResult.l)
Linked: (/home/chris/catkin_ws/devel/.private/msgs_demo/share/roseus/ros/msgs_demo/msg/Quaternion.l, /home/chris/catkin_ws/devel/share/roseus/ros/msgs_demo/msg/Quaternion.l)
Linked: (/home/chris/catkin_ws/devel/.private/msgs_demo/share/roseus/ros/msgs_demo/msg/MoveBaseGoal.l, /home/chris/catkin_ws/devel/share/roseus/ros/msgs_demo/msg/MoveBaseGoal.l)
Linked: (/home/chris/catkin_ws/devel/.private/msgs_demo/share/roseus/ros/msgs_demo/msg/Twist.l, /home/chris/catkin_ws/devel/share/roseus/ros/msgs_demo/msg/Twist.l)
Linked: (/home/chris/catkin_ws/devel/.private/msgs_demo/share/roseus/ros/msgs_demo/msg/AutoDockingFeedback.l, /home/chris/catkin_ws/devel/share/roseus/ros/msgs_demo/msg/AutoDockingFeedback.l)
Linked: (/home/chris/catkin_ws/devel/.private/msgs_demo/share/roseus/ros/msgs_demo/msg/AutoDockingResult.l, /home/chris/catkin_ws/devel/share/roseus/ros/msgs_demo/msg/AutoDockingResult.l)
Linked: (/home/chris/catkin_ws/devel/.private/msgs_demo/share/roseus/ros/msgs_demo/msg/GetMapResult.l, /home/chris/catkin_ws/devel/share/roseus/ros/msgs_demo/msg/GetMapResult.l)
Linked: (/home/chris/catkin_ws/devel/.private/msgs_demo/share/roseus/ros/msgs_demo/msg/GetMapAction.l, /home/chris/catkin_ws/devel/share/roseus/ros/msgs_demo/msg/GetMapAction.l)
Linked: (/home/chris/catkin_ws/devel/.private/msgs_demo/share/roseus/ros/msgs_demo/msg/Echos.l, /home/chris/catkin_ws/devel/share/roseus/ros/msgs_demo/msg/Echos.l)
Linked: (/home/chris/catkin_ws/devel/.private/msgs_demo/share/roseus/ros/msgs_demo/msg/GetMapFeedback.l, /home/chris/catkin_ws/devel/share/roseus/ros/msgs_demo/msg/GetMapFeedback.l)
Linked: (/home/chris/catkin_ws/devel/.private/msgs_demo/share/roseus/ros/msgs_demo/msg/MoveBaseActionGoal.l, /home/chris/catkin_ws/devel/share/roseus/ros/msgs_demo/msg/MoveBaseActionGoal.l)
Linked: (/home/chris/catkin_ws/devel/.private/msgs_demo/share/roseus/ros/msgs_demo/msg/MoveBaseAction.l, /home/chris/catkin_ws/devel/share/roseus/ros/msgs_demo/msg/MoveBaseAction.l)
Linked: (/home/chris/catkin_ws/devel/.private/msgs_demo/share/roseus/ros/msgs_demo/msg/AutoDockingActionGoal.l, /home/chris/catkin_ws/devel/share/roseus/ros/msgs_demo/msg/AutoDockingActionGoal.l)
Linked: (/home/chris/catkin_ws/devel/.private/msgs_demo/share/roseus/ros/msgs_demo/msg/AutoDockingAction.l, /home/chris/catkin_ws/devel/share/roseus/ros/msgs_demo/msg/AutoDockingAction.l)
Linked: (/home/chris/catkin_ws/devel/.private/msgs_demo/share/roseus/ros/msgs_demo/msg/GetMapActionFeedback.l, /home/chris/catkin_ws/devel/share/roseus/ros/msgs_demo/msg/GetMapActionFeedback.l)
Linked: (/home/chris/catkin_ws/devel/.private/msgs_demo/share/roseus/ros/msgs_demo/msg/MoveBaseResult.l, /home/chris/catkin_ws/devel/share/roseus/ros/msgs_demo/msg/MoveBaseResult.l)
Linked: (/home/chris/catkin_ws/devel/.private/msgs_demo/share/roseus/ros/msgs_demo/msg/GetMapActionResult.l, /home/chris/catkin_ws/devel/share/roseus/ros/msgs_demo/msg/GetMapActionResult.l)
Linked: (/home/chris/catkin_ws/devel/.private/msgs_demo/share/roseus/ros/msgs_demo/msg/Imu.l, /home/chris/catkin_ws/devel/share/roseus/ros/msgs_demo/msg/Imu.l)
Linked: (/home/chris/catkin_ws/devel/.private/msgs_demo/share/roseus/ros/msgs_demo/msg/Odometry.l, /home/chris/catkin_ws/devel/share/roseus/ros/msgs_demo/msg/Odometry.l)
Linked: (/home/chris/catkin_ws/devel/.private/msgs_demo/share/roseus/ros/msgs_demo/msg/MoveBaseFeedback.l, /home/chris/catkin_ws/devel/share/roseus/ros/msgs_demo/msg/MoveBaseFeedback.l)
Linked: (/home/chris/catkin_ws/devel/.private/msgs_demo/share/roseus/ros/msgs_demo/msg/AutoDockingActionResult.l, /home/chris/catkin_ws/devel/share/roseus/ros/msgs_demo/msg/AutoDockingActionResult.l)
Linked: (/home/chris/catkin_ws/devel/.private/msgs_demo/share/roseus/ros/msgs_demo/msg/TwistWithCovariance.l, /home/chris/catkin_ws/devel/share/roseus/ros/msgs_demo/msg/TwistWithCovariance.l)
Linked: (/home/chris/catkin_ws/devel/.private/msgs_demo/share/roseus/ros/msgs_demo/msg/MoveBaseActionResult.l, /home/chris/catkin_ws/devel/share/roseus/ros/msgs_demo/msg/MoveBaseActionResult.l)
Linked: (/home/chris/catkin_ws/devel/.private/msgs_demo/share/roseus/ros/msgs_demo/msg/Pose.l, /home/chris/catkin_ws/devel/share/roseus/ros/msgs_demo/msg/Pose.l)
Linked: (/home/chris/catkin_ws/devel/.private/msgs_demo/share/roseus/ros/msgs_demo/msg/PoseStamped.l, /home/chris/catkin_ws/devel/share/roseus/ros/msgs_demo/msg/PoseStamped.l)
Linked: (/home/chris/catkin_ws/devel/.private/msgs_demo/share/roseus/ros/msgs_demo/msg/AddTwoIntsActionFeedback.l, /home/chris/catkin_ws/devel/share/roseus/ros/msgs_demo/msg/AddTwoIntsActionFeedback.l)
Linked: (/home/chris/catkin_ws/devel/.private/msgs_demo/share/roseus/ros/msgs_demo/msg/AddTwoIntsGoal.l, /home/chris/catkin_ws/devel/share/roseus/ros/msgs_demo/msg/AddTwoIntsGoal.l)
Linked: (/home/chris/catkin_ws/devel/.private/msgs_demo/share/roseus/ros/msgs_demo/msg/AddTwoIntsResult.l, /home/chris/catkin_ws/devel/share/roseus/ros/msgs_demo/msg/AddTwoIntsResult.l)
Linked: (/home/chris/catkin_ws/devel/.private/msgs_demo/share/roseus/ros/msgs_demo/msg/AddTwoIntsAction.l, /home/chris/catkin_ws/devel/share/roseus/ros/msgs_demo/msg/AddTwoIntsAction.l)
Linked: (/home/chris/catkin_ws/devel/.private/msgs_demo/share/roseus/ros/msgs_demo/msg/MoveBaseActionFeedback.l, /home/chris/catkin_ws/devel/share/roseus/ros/msgs_demo/msg/MoveBaseActionFeedback.l)
Linked: (/home/chris/catkin_ws/devel/.private/msgs_demo/share/roseus/ros/msgs_demo/msg/Power.l, /home/chris/catkin_ws/devel/share/roseus/ros/msgs_demo/msg/Power.l)
Linked: (/home/chris/catkin_ws/devel/.private/msgs_demo/share/roseus/ros/msgs_demo/msg/AddTwoIntsFeedback.l, /home/chris/catkin_ws/devel/share/roseus/ros/msgs_demo/msg/AddTwoIntsFeedback.l)
Linked: (/home/chris/catkin_ws/devel/.private/msgs_demo/share/roseus/ros/msgs_demo/msg/AutoDockingActionFeedback.l, /home/chris/catkin_ws/devel/share/roseus/ros/msgs_demo/msg/AutoDockingActionFeedback.l)
Linked: (/home/chris/catkin_ws/devel/.private/msgs_demo/share/roseus/ros/msgs_demo/msg/PoseWithCovariance.l, /home/chris/catkin_ws/devel/share/roseus/ros/msgs_demo/msg/PoseWithCovariance.l)
Linked: (/home/chris/catkin_ws/devel/.private/msgs_demo/share/gennodejs/ros/msgs_demo/_index.js, /home/chris/catkin_ws/devel/share/gennodejs/ros/msgs_demo/_index.js)
Linked: (/home/chris/catkin_ws/devel/.private/msgs_demo/share/gennodejs/ros/msgs_demo/srv/Empty.js, /home/chris/catkin_ws/devel/share/gennodejs/ros/msgs_demo/srv/Empty.js)
Linked: (/home/chris/catkin_ws/devel/.private/msgs_demo/share/gennodejs/ros/msgs_demo/srv/SetBool.js, /home/chris/catkin_ws/devel/share/gennodejs/ros/msgs_demo/srv/SetBool.js)
Linked: (/home/chris/catkin_ws/devel/.private/msgs_demo/share/gennodejs/ros/msgs_demo/srv/_index.js, /home/chris/catkin_ws/devel/share/gennodejs/ros/msgs_demo/srv/_index.js)
Linked: (/home/chris/catkin_ws/devel/.private/msgs_demo/share/gennodejs/ros/msgs_demo/srv/TalkerListener.js, /home/chris/catkin_ws/devel/share/gennodejs/ros/msgs_demo/srv/TalkerListener.js)
Linked: (/home/chris/catkin_ws/devel/.private/msgs_demo/share/gennodejs/ros/msgs_demo/srv/AddTwoInts.js, /home/chris/catkin_ws/devel/share/gennodejs/ros/msgs_demo/srv/AddTwoInts.js)
Linked: (/home/chris/catkin_ws/devel/.private/msgs_demo/share/gennodejs/ros/msgs_demo/srv/GetPlan.js, /home/chris/catkin_ws/devel/share/gennodejs/ros/msgs_demo/srv/GetPlan.js)
Linked: (/home/chris/catkin_ws/devel/.private/msgs_demo/share/gennodejs/ros/msgs_demo/srv/SetCameraInfo.js, /home/chris/catkin_ws/devel/share/gennodejs/ros/msgs_demo/srv/SetCameraInfo.js)
Linked: (/home/chris/catkin_ws/devel/.private/msgs_demo/share/gennodejs/ros/msgs_demo/srv/Trigger.js, /home/chris/catkin_ws/devel/share/gennodejs/ros/msgs_demo/srv/Trigger.js)
Linked: (/home/chris/catkin_ws/devel/.private/msgs_demo/share/gennodejs/ros/msgs_demo/srv/GetMap.js, /home/chris/catkin_ws/devel/share/gennodejs/ros/msgs_demo/srv/GetMap.js)
Linked: (/home/chris/catkin_ws/devel/.private/msgs_demo/share/gennodejs/ros/msgs_demo/srv/SetMap.js, /home/chris/catkin_ws/devel/share/gennodejs/ros/msgs_demo/srv/SetMap.js)
Linked: (/home/chris/catkin_ws/devel/.private/msgs_demo/share/gennodejs/ros/msgs_demo/msg/AddTwoIntsResult.js, /home/chris/catkin_ws/devel/share/gennodejs/ros/msgs_demo/msg/AddTwoIntsResult.js)
Linked: (/home/chris/catkin_ws/devel/.private/msgs_demo/share/gennodejs/ros/msgs_demo/msg/AddTwoIntsActionFeedback.js, /home/chris/catkin_ws/devel/share/gennodejs/ros/msgs_demo/msg/AddTwoIntsActionFeedback.js)
Linked: (/home/chris/catkin_ws/devel/.private/msgs_demo/share/gennodejs/ros/msgs_demo/msg/TwistWithCovariance.js, /home/chris/catkin_ws/devel/share/gennodejs/ros/msgs_demo/msg/TwistWithCovariance.js)
Linked: (/home/chris/catkin_ws/devel/.private/msgs_demo/share/gennodejs/ros/msgs_demo/msg/AutoDockingResult.js, /home/chris/catkin_ws/devel/share/gennodejs/ros/msgs_demo/msg/AutoDockingResult.js)
Linked: (/home/chris/catkin_ws/devel/.private/msgs_demo/share/gennodejs/ros/msgs_demo/msg/GetMapActionFeedback.js, /home/chris/catkin_ws/devel/share/gennodejs/ros/msgs_demo/msg/GetMapActionFeedback.js)
Linked: (/home/chris/catkin_ws/devel/.private/msgs_demo/share/gennodejs/ros/msgs_demo/msg/LaserScan.js, /home/chris/catkin_ws/devel/share/gennodejs/ros/msgs_demo/msg/LaserScan.js)
Linked: (/home/chris/catkin_ws/devel/.private/msgs_demo/share/gennodejs/ros/msgs_demo/msg/Power.js, /home/chris/catkin_ws/devel/share/gennodejs/ros/msgs_demo/msg/Power.js)
Linked: (/home/chris/catkin_ws/devel/.private/msgs_demo/share/gennodejs/ros/msgs_demo/msg/AutoDockingActionResult.js, /home/chris/catkin_ws/devel/share/gennodejs/ros/msgs_demo/msg/AutoDockingActionResult.js)
Linked: (/home/chris/catkin_ws/devel/.private/msgs_demo/share/gennodejs/ros/msgs_demo/msg/GetMapAction.js, /home/chris/catkin_ws/devel/share/gennodejs/ros/msgs_demo/msg/GetMapAction.js)
Linked: (/home/chris/catkin_ws/devel/.private/msgs_demo/share/gennodejs/ros/msgs_demo/msg/MoveBaseFeedback.js, /home/chris/catkin_ws/devel/share/gennodejs/ros/msgs_demo/msg/MoveBaseFeedback.js)
Linked: (/home/chris/catkin_ws/devel/.private/msgs_demo/share/gennodejs/ros/msgs_demo/msg/_index.js, /home/chris/catkin_ws/devel/share/gennodejs/ros/msgs_demo/msg/_index.js)
Linked: (/home/chris/catkin_ws/devel/.private/msgs_demo/share/gennodejs/ros/msgs_demo/msg/AutoDockingActionFeedback.js, /home/chris/catkin_ws/devel/share/gennodejs/ros/msgs_demo/msg/AutoDockingActionFeedback.js)
Linked: (/home/chris/catkin_ws/devel/.private/msgs_demo/share/gennodejs/ros/msgs_demo/msg/PoseWithCovariance.js, /home/chris/catkin_ws/devel/share/gennodejs/ros/msgs_demo/msg/PoseWithCovariance.js)
Linked: (/home/chris/catkin_ws/devel/.private/msgs_demo/share/gennodejs/ros/msgs_demo/msg/MoveBaseActionFeedback.js, /home/chris/catkin_ws/devel/share/gennodejs/ros/msgs_demo/msg/MoveBaseActionFeedback.js)
Linked: (/home/chris/catkin_ws/devel/.private/msgs_demo/share/gennodejs/ros/msgs_demo/msg/AddTwoIntsFeedback.js, /home/chris/catkin_ws/devel/share/gennodejs/ros/msgs_demo/msg/AddTwoIntsFeedback.js)
Linked: (/home/chris/catkin_ws/devel/.private/msgs_demo/share/gennodejs/ros/msgs_demo/msg/GetMapActionGoal.js, /home/chris/catkin_ws/devel/share/gennodejs/ros/msgs_demo/msg/GetMapActionGoal.js)
Linked: (/home/chris/catkin_ws/devel/.private/msgs_demo/share/gennodejs/ros/msgs_demo/msg/PoseStamped.js, /home/chris/catkin_ws/devel/share/gennodejs/ros/msgs_demo/msg/PoseStamped.js)
Linked: (/home/chris/catkin_ws/devel/.private/msgs_demo/share/gennodejs/ros/msgs_demo/msg/MoveBaseActionResult.js, /home/chris/catkin_ws/devel/share/gennodejs/ros/msgs_demo/msg/MoveBaseActionResult.js)
Linked: (/home/chris/catkin_ws/devel/.private/msgs_demo/share/gennodejs/ros/msgs_demo/msg/AddTwoIntsAction.js, /home/chris/catkin_ws/devel/share/gennodejs/ros/msgs_demo/msg/AddTwoIntsAction.js)
Linked: (/home/chris/catkin_ws/devel/.private/msgs_demo/share/gennodejs/ros/msgs_demo/msg/Odometry.js, /home/chris/catkin_ws/devel/share/gennodejs/ros/msgs_demo/msg/Odometry.js)
Linked: (/home/chris/catkin_ws/devel/.private/msgs_demo/share/gennodejs/ros/msgs_demo/msg/AutoDockingFeedback.js, /home/chris/catkin_ws/devel/share/gennodejs/ros/msgs_demo/msg/AutoDockingFeedback.js)
Linked: (/home/chris/catkin_ws/devel/.private/msgs_demo/share/gennodejs/ros/msgs_demo/msg/GetMapFeedback.js, /home/chris/catkin_ws/devel/share/gennodejs/ros/msgs_demo/msg/GetMapFeedback.js)
Linked: (/home/chris/catkin_ws/devel/.private/msgs_demo/share/gennodejs/ros/msgs_demo/msg/AutoDockingGoal.js, /home/chris/catkin_ws/devel/share/gennodejs/ros/msgs_demo/msg/AutoDockingGoal.js)
Linked: (/home/chris/catkin_ws/devel/.private/msgs_demo/share/gennodejs/ros/msgs_demo/msg/MoveBaseAction.js, /home/chris/catkin_ws/devel/share/gennodejs/ros/msgs_demo/msg/MoveBaseAction.js)
Linked: (/home/chris/catkin_ws/devel/.private/msgs_demo/share/gennodejs/ros/msgs_demo/msg/Vector3.js, /home/chris/catkin_ws/devel/share/gennodejs/ros/msgs_demo/msg/Vector3.js)
Linked: (/home/chris/catkin_ws/devel/.private/msgs_demo/share/gennodejs/ros/msgs_demo/msg/Point.js, /home/chris/catkin_ws/devel/share/gennodejs/ros/msgs_demo/msg/Point.js)
Linked: (/home/chris/catkin_ws/devel/.private/msgs_demo/share/gennodejs/ros/msgs_demo/msg/Echos.js, /home/chris/catkin_ws/devel/share/gennodejs/ros/msgs_demo/msg/Echos.js)
Linked: (/home/chris/catkin_ws/devel/.private/msgs_demo/share/gennodejs/ros/msgs_demo/msg/MoveBaseActionGoal.js, /home/chris/catkin_ws/devel/share/gennodejs/ros/msgs_demo/msg/MoveBaseActionGoal.js)
Linked: (/home/chris/catkin_ws/devel/.private/msgs_demo/share/gennodejs/ros/msgs_demo/msg/GetMapActionResult.js, /home/chris/catkin_ws/devel/share/gennodejs/ros/msgs_demo/msg/GetMapActionResult.js)
Linked: (/home/chris/catkin_ws/devel/.private/msgs_demo/share/gennodejs/ros/msgs_demo/msg/MoveBaseGoal.js, /home/chris/catkin_ws/devel/share/gennodejs/ros/msgs_demo/msg/MoveBaseGoal.js)
Linked: (/home/chris/catkin_ws/devel/.private/msgs_demo/share/gennodejs/ros/msgs_demo/msg/AddTwoIntsActionGoal.js, /home/chris/catkin_ws/devel/share/gennodejs/ros/msgs_demo/msg/AddTwoIntsActionGoal.js)
Linked: (/home/chris/catkin_ws/devel/.private/msgs_demo/share/gennodejs/ros/msgs_demo/msg/AutoDockingActionGoal.js, /home/chris/catkin_ws/devel/share/gennodejs/ros/msgs_demo/msg/AutoDockingActionGoal.js)
Linked: (/home/chris/catkin_ws/devel/.private/msgs_demo/share/gennodejs/ros/msgs_demo/msg/Twist.js, /home/chris/catkin_ws/devel/share/gennodejs/ros/msgs_demo/msg/Twist.js)
Linked: (/home/chris/catkin_ws/devel/.private/msgs_demo/share/gennodejs/ros/msgs_demo/msg/AddTwoIntsGoal.js, /home/chris/catkin_ws/devel/share/gennodejs/ros/msgs_demo/msg/AddTwoIntsGoal.js)
Linked: (/home/chris/catkin_ws/devel/.private/msgs_demo/share/gennodejs/ros/msgs_demo/msg/GetMapGoal.js, /home/chris/catkin_ws/devel/share/gennodejs/ros/msgs_demo/msg/GetMapGoal.js)
Linked: (/home/chris/catkin_ws/devel/.private/msgs_demo/share/gennodejs/ros/msgs_demo/msg/AddTwoIntsActionResult.js, /home/chris/catkin_ws/devel/share/gennodejs/ros/msgs_demo/msg/AddTwoIntsActionResult.js)
Linked: (/home/chris/catkin_ws/devel/.private/msgs_demo/share/gennodejs/ros/msgs_demo/msg/MoveBaseResult.js, /home/chris/catkin_ws/devel/share/gennodejs/ros/msgs_demo/msg/MoveBaseResult.js)
Linked: (/home/chris/catkin_ws/devel/.private/msgs_demo/share/gennodejs/ros/msgs_demo/msg/Accel.js, /home/chris/catkin_ws/devel/share/gennodejs/ros/msgs_demo/msg/Accel.js)
Linked: (/home/chris/catkin_ws/devel/.private/msgs_demo/share/gennodejs/ros/msgs_demo/msg/Quaternion.js, /home/chris/catkin_ws/devel/share/gennodejs/ros/msgs_demo/msg/Quaternion.js)
Linked: (/home/chris/catkin_ws/devel/.private/msgs_demo/share/gennodejs/ros/msgs_demo/msg/AutoDockingAction.js, /home/chris/catkin_ws/devel/share/gennodejs/ros/msgs_demo/msg/AutoDockingAction.js)
Linked: (/home/chris/catkin_ws/devel/.private/msgs_demo/share/gennodejs/ros/msgs_demo/msg/GetMapResult.js, /home/chris/catkin_ws/devel/share/gennodejs/ros/msgs_demo/msg/GetMapResult.js)
Linked: (/home/chris/catkin_ws/devel/.private/msgs_demo/share/gennodejs/ros/msgs_demo/msg/Pose.js, /home/chris/catkin_ws/devel/share/gennodejs/ros/msgs_demo/msg/Pose.js)
Linked: (/home/chris/catkin_ws/devel/.private/msgs_demo/share/gennodejs/ros/msgs_demo/msg/Imu.js, /home/chris/catkin_ws/devel/share/gennodejs/ros/msgs_demo/msg/Imu.js)
Linked: (/home/chris/catkin_ws/devel/.private/msgs_demo/share/common-lisp/ros/msgs_demo/srv/_package_Empty.lisp, /home/chris/catkin_ws/devel/share/common-lisp/ros/msgs_demo/srv/_package_Empty.lisp)
Linked: (/home/chris/catkin_ws/devel/.private/msgs_demo/share/common-lisp/ros/msgs_demo/srv/_package_Trigger.lisp, /home/chris/catkin_ws/devel/share/common-lisp/ros/msgs_demo/srv/_package_Trigger.lisp)
Linked: (/home/chris/catkin_ws/devel/.private/msgs_demo/share/common-lisp/ros/msgs_demo/srv/SetMap.lisp, /home/chris/catkin_ws/devel/share/common-lisp/ros/msgs_demo/srv/SetMap.lisp)
Linked: (/home/chris/catkin_ws/devel/.private/msgs_demo/share/common-lisp/ros/msgs_demo/srv/TalkerListener.lisp, /home/chris/catkin_ws/devel/share/common-lisp/ros/msgs_demo/srv/TalkerListener.lisp)
Linked: (/home/chris/catkin_ws/devel/.private/msgs_demo/share/common-lisp/ros/msgs_demo/srv/Empty.lisp, /home/chris/catkin_ws/devel/share/common-lisp/ros/msgs_demo/srv/Empty.lisp)
Linked: (/home/chris/catkin_ws/devel/.private/msgs_demo/share/common-lisp/ros/msgs_demo/srv/GetPlan.lisp, /home/chris/catkin_ws/devel/share/common-lisp/ros/msgs_demo/srv/GetPlan.lisp)
Linked: (/home/chris/catkin_ws/devel/.private/msgs_demo/share/common-lisp/ros/msgs_demo/srv/_package_AddTwoInts.lisp, /home/chris/catkin_ws/devel/share/common-lisp/ros/msgs_demo/srv/_package_AddTwoInts.lisp)
Linked: (/home/chris/catkin_ws/devel/.private/msgs_demo/share/common-lisp/ros/msgs_demo/srv/AddTwoInts.lisp, /home/chris/catkin_ws/devel/share/common-lisp/ros/msgs_demo/srv/AddTwoInts.lisp)
Linked: (/home/chris/catkin_ws/devel/.private/msgs_demo/share/common-lisp/ros/msgs_demo/srv/msgs_demo-srv.asd, /home/chris/catkin_ws/devel/share/common-lisp/ros/msgs_demo/srv/msgs_demo-srv.asd)
Linked: (/home/chris/catkin_ws/devel/.private/msgs_demo/share/common-lisp/ros/msgs_demo/srv/_package_SetBool.lisp, /home/chris/catkin_ws/devel/share/common-lisp/ros/msgs_demo/srv/_package_SetBool.lisp)
Linked: (/home/chris/catkin_ws/devel/.private/msgs_demo/share/common-lisp/ros/msgs_demo/srv/_package_SetCameraInfo.lisp, /home/chris/catkin_ws/devel/share/common-lisp/ros/msgs_demo/srv/_package_SetCameraInfo.lisp)
Linked: (/home/chris/catkin_ws/devel/.private/msgs_demo/share/common-lisp/ros/msgs_demo/srv/Trigger.lisp, /home/chris/catkin_ws/devel/share/common-lisp/ros/msgs_demo/srv/Trigger.lisp)
Linked: (/home/chris/catkin_ws/devel/.private/msgs_demo/share/common-lisp/ros/msgs_demo/srv/_package_TalkerListener.lisp, /home/chris/catkin_ws/devel/share/common-lisp/ros/msgs_demo/srv/_package_TalkerListener.lisp)
Linked: (/home/chris/catkin_ws/devel/.private/msgs_demo/share/common-lisp/ros/msgs_demo/srv/SetBool.lisp, /home/chris/catkin_ws/devel/share/common-lisp/ros/msgs_demo/srv/SetBool.lisp)
Linked: (/home/chris/catkin_ws/devel/.private/msgs_demo/share/common-lisp/ros/msgs_demo/srv/_package.lisp, /home/chris/catkin_ws/devel/share/common-lisp/ros/msgs_demo/srv/_package.lisp)
Linked: (/home/chris/catkin_ws/devel/.private/msgs_demo/share/common-lisp/ros/msgs_demo/srv/GetMap.lisp, /home/chris/catkin_ws/devel/share/common-lisp/ros/msgs_demo/srv/GetMap.lisp)
Linked: (/home/chris/catkin_ws/devel/.private/msgs_demo/share/common-lisp/ros/msgs_demo/srv/_package_SetMap.lisp, /home/chris/catkin_ws/devel/share/common-lisp/ros/msgs_demo/srv/_package_SetMap.lisp)
Linked: (/home/chris/catkin_ws/devel/.private/msgs_demo/share/common-lisp/ros/msgs_demo/srv/_package_GetMap.lisp, /home/chris/catkin_ws/devel/share/common-lisp/ros/msgs_demo/srv/_package_GetMap.lisp)
Linked: (/home/chris/catkin_ws/devel/.private/msgs_demo/share/common-lisp/ros/msgs_demo/srv/SetCameraInfo.lisp, /home/chris/catkin_ws/devel/share/common-lisp/ros/msgs_demo/srv/SetCameraInfo.lisp)
Linked: (/home/chris/catkin_ws/devel/.private/msgs_demo/share/common-lisp/ros/msgs_demo/srv/_package_GetPlan.lisp, /home/chris/catkin_ws/devel/share/common-lisp/ros/msgs_demo/srv/_package_GetPlan.lisp)
Linked: (/home/chris/catkin_ws/devel/.private/msgs_demo/share/common-lisp/ros/msgs_demo/msg/Quaternion.lisp, /home/chris/catkin_ws/devel/share/common-lisp/ros/msgs_demo/msg/Quaternion.lisp)
Linked: (/home/chris/catkin_ws/devel/.private/msgs_demo/share/common-lisp/ros/msgs_demo/msg/AddTwoIntsActionFeedback.lisp, /home/chris/catkin_ws/devel/share/common-lisp/ros/msgs_demo/msg/AddTwoIntsActionFeedback.lisp)
Linked: (/home/chris/catkin_ws/devel/.private/msgs_demo/share/common-lisp/ros/msgs_demo/msg/_package_TwistWithCovariance.lisp, /home/chris/catkin_ws/devel/share/common-lisp/ros/msgs_demo/msg/_package_TwistWithCovariance.lisp)
Linked: (/home/chris/catkin_ws/devel/.private/msgs_demo/share/common-lisp/ros/msgs_demo/msg/Point.lisp, /home/chris/catkin_ws/devel/share/common-lisp/ros/msgs_demo/msg/Point.lisp)
Linked: (/home/chris/catkin_ws/devel/.private/msgs_demo/share/common-lisp/ros/msgs_demo/msg/_package_AddTwoIntsGoal.lisp, /home/chris/catkin_ws/devel/share/common-lisp/ros/msgs_demo/msg/_package_AddTwoIntsGoal.lisp)
Linked: (/home/chris/catkin_ws/devel/.private/msgs_demo/share/common-lisp/ros/msgs_demo/msg/_package_Power.lisp, /home/chris/catkin_ws/devel/share/common-lisp/ros/msgs_demo/msg/_package_Power.lisp)
Linked: (/home/chris/catkin_ws/devel/.private/msgs_demo/share/common-lisp/ros/msgs_demo/msg/AutoDockingAction.lisp, /home/chris/catkin_ws/devel/share/common-lisp/ros/msgs_demo/msg/AutoDockingAction.lisp)
Linked: (/home/chris/catkin_ws/devel/.private/msgs_demo/share/common-lisp/ros/msgs_demo/msg/_package_AddTwoIntsAction.lisp, /home/chris/catkin_ws/devel/share/common-lisp/ros/msgs_demo/msg/_package_AddTwoIntsAction.lisp)
Linked: (/home/chris/catkin_ws/devel/.private/msgs_demo/share/common-lisp/ros/msgs_demo/msg/_package_AddTwoIntsActionResult.lisp, /home/chris/catkin_ws/devel/share/common-lisp/ros/msgs_demo/msg/_package_AddTwoIntsActionResult.lisp)
Linked: (/home/chris/catkin_ws/devel/.private/msgs_demo/share/common-lisp/ros/msgs_demo/msg/_package_Odometry.lisp, /home/chris/catkin_ws/devel/share/common-lisp/ros/msgs_demo/msg/_package_Odometry.lisp)
Linked: (/home/chris/catkin_ws/devel/.private/msgs_demo/share/common-lisp/ros/msgs_demo/msg/Odometry.lisp, /home/chris/catkin_ws/devel/share/common-lisp/ros/msgs_demo/msg/Odometry.lisp)
Linked: (/home/chris/catkin_ws/devel/.private/msgs_demo/share/common-lisp/ros/msgs_demo/msg/_package_MoveBaseAction.lisp, /home/chris/catkin_ws/devel/share/common-lisp/ros/msgs_demo/msg/_package_MoveBaseAction.lisp)
Linked: (/home/chris/catkin_ws/devel/.private/msgs_demo/share/common-lisp/ros/msgs_demo/msg/GetMapAction.lisp, /home/chris/catkin_ws/devel/share/common-lisp/ros/msgs_demo/msg/GetMapAction.lisp)
Linked: (/home/chris/catkin_ws/devel/.private/msgs_demo/share/common-lisp/ros/msgs_demo/msg/_package_PoseStamped.lisp, /home/chris/catkin_ws/devel/share/common-lisp/ros/msgs_demo/msg/_package_PoseStamped.lisp)
Linked: (/home/chris/catkin_ws/devel/.private/msgs_demo/share/common-lisp/ros/msgs_demo/msg/_package_MoveBaseActionGoal.lisp, /home/chris/catkin_ws/devel/share/common-lisp/ros/msgs_demo/msg/_package_MoveBaseActionGoal.lisp)
Linked: (/home/chris/catkin_ws/devel/.private/msgs_demo/share/common-lisp/ros/msgs_demo/msg/Accel.lisp, /home/chris/catkin_ws/devel/share/common-lisp/ros/msgs_demo/msg/Accel.lisp)
Linked: (/home/chris/catkin_ws/devel/.private/msgs_demo/share/common-lisp/ros/msgs_demo/msg/MoveBaseActionResult.lisp, /home/chris/catkin_ws/devel/share/common-lisp/ros/msgs_demo/msg/MoveBaseActionResult.lisp)
Linked: (/home/chris/catkin_ws/devel/.private/msgs_demo/share/common-lisp/ros/msgs_demo/msg/AddTwoIntsResult.lisp, /home/chris/catkin_ws/devel/share/common-lisp/ros/msgs_demo/msg/AddTwoIntsResult.lisp)
Linked: (/home/chris/catkin_ws/devel/.private/msgs_demo/share/common-lisp/ros/msgs_demo/msg/PoseWithCovariance.lisp, /home/chris/catkin_ws/devel/share/common-lisp/ros/msgs_demo/msg/PoseWithCovariance.lisp)
Linked: (/home/chris/catkin_ws/devel/.private/msgs_demo/share/common-lisp/ros/msgs_demo/msg/_package_Imu.lisp, /home/chris/catkin_ws/devel/share/common-lisp/ros/msgs_demo/msg/_package_Imu.lisp)
Linked: (/home/chris/catkin_ws/devel/.private/msgs_demo/share/common-lisp/ros/msgs_demo/msg/Imu.lisp, /home/chris/catkin_ws/devel/share/common-lisp/ros/msgs_demo/msg/Imu.lisp)
Linked: (/home/chris/catkin_ws/devel/.private/msgs_demo/share/common-lisp/ros/msgs_demo/msg/_package_MoveBaseFeedback.lisp, /home/chris/catkin_ws/devel/share/common-lisp/ros/msgs_demo/msg/_package_MoveBaseFeedback.lisp)
Linked: (/home/chris/catkin_ws/devel/.private/msgs_demo/share/common-lisp/ros/msgs_demo/msg/_package_Echos.lisp, /home/chris/catkin_ws/devel/share/common-lisp/ros/msgs_demo/msg/_package_Echos.lisp)
Linked: (/home/chris/catkin_ws/devel/.private/msgs_demo/share/common-lisp/ros/msgs_demo/msg/_package_GetMapGoal.lisp, /home/chris/catkin_ws/devel/share/common-lisp/ros/msgs_demo/msg/_package_GetMapGoal.lisp)
Linked: (/home/chris/catkin_ws/devel/.private/msgs_demo/share/common-lisp/ros/msgs_demo/msg/GetMapActionFeedback.lisp, /home/chris/catkin_ws/devel/share/common-lisp/ros/msgs_demo/msg/GetMapActionFeedback.lisp)
Linked: (/home/chris/catkin_ws/devel/.private/msgs_demo/share/common-lisp/ros/msgs_demo/msg/_package_AutoDockingActionResult.lisp, /home/chris/catkin_ws/devel/share/common-lisp/ros/msgs_demo/msg/_package_AutoDockingActionResult.lisp)
Linked: (/home/chris/catkin_ws/devel/.private/msgs_demo/share/common-lisp/ros/msgs_demo/msg/AutoDockingFeedback.lisp, /home/chris/catkin_ws/devel/share/common-lisp/ros/msgs_demo/msg/AutoDockingFeedback.lisp)
Linked: (/home/chris/catkin_ws/devel/.private/msgs_demo/share/common-lisp/ros/msgs_demo/msg/_package_AddTwoIntsFeedback.lisp, /home/chris/catkin_ws/devel/share/common-lisp/ros/msgs_demo/msg/_package_AddTwoIntsFeedback.lisp)
Linked: (/home/chris/catkin_ws/devel/.private/msgs_demo/share/common-lisp/ros/msgs_demo/msg/_package_GetMapFeedback.lisp, /home/chris/catkin_ws/devel/share/common-lisp/ros/msgs_demo/msg/_package_GetMapFeedback.lisp)
Linked: (/home/chris/catkin_ws/devel/.private/msgs_demo/share/common-lisp/ros/msgs_demo/msg/GetMapActionResult.lisp, /home/chris/catkin_ws/devel/share/common-lisp/ros/msgs_demo/msg/GetMapActionResult.lisp)
Linked: (/home/chris/catkin_ws/devel/.private/msgs_demo/share/common-lisp/ros/msgs_demo/msg/_package_GetMapActionFeedback.lisp, /home/chris/catkin_ws/devel/share/common-lisp/ros/msgs_demo/msg/_package_GetMapActionFeedback.lisp)
Linked: (/home/chris/catkin_ws/devel/.private/msgs_demo/share/common-lisp/ros/msgs_demo/msg/AutoDockingActionGoal.lisp, /home/chris/catkin_ws/devel/share/common-lisp/ros/msgs_demo/msg/AutoDockingActionGoal.lisp)
Linked: (/home/chris/catkin_ws/devel/.private/msgs_demo/share/common-lisp/ros/msgs_demo/msg/_package_Twist.lisp, /home/chris/catkin_ws/devel/share/common-lisp/ros/msgs_demo/msg/_package_Twist.lisp)
Linked: (/home/chris/catkin_ws/devel/.private/msgs_demo/share/common-lisp/ros/msgs_demo/msg/Echos.lisp, /home/chris/catkin_ws/devel/share/common-lisp/ros/msgs_demo/msg/Echos.lisp)
Linked: (/home/chris/catkin_ws/devel/.private/msgs_demo/share/common-lisp/ros/msgs_demo/msg/_package_MoveBaseActionFeedback.lisp, /home/chris/catkin_ws/devel/share/common-lisp/ros/msgs_demo/msg/_package_MoveBaseActionFeedback.lisp)
Linked: (/home/chris/catkin_ws/devel/.private/msgs_demo/share/common-lisp/ros/msgs_demo/msg/_package_Quaternion.lisp, /home/chris/catkin_ws/devel/share/common-lisp/ros/msgs_demo/msg/_package_Quaternion.lisp)
Linked: (/home/chris/catkin_ws/devel/.private/msgs_demo/share/common-lisp/ros/msgs_demo/msg/TwistWithCovariance.lisp, /home/chris/catkin_ws/devel/share/common-lisp/ros/msgs_demo/msg/TwistWithCovariance.lisp)
Linked: (/home/chris/catkin_ws/devel/.private/msgs_demo/share/common-lisp/ros/msgs_demo/msg/GetMapResult.lisp, /home/chris/catkin_ws/devel/share/common-lisp/ros/msgs_demo/msg/GetMapResult.lisp)
Linked: (/home/chris/catkin_ws/devel/.private/msgs_demo/share/common-lisp/ros/msgs_demo/msg/Pose.lisp, /home/chris/catkin_ws/devel/share/common-lisp/ros/msgs_demo/msg/Pose.lisp)
Linked: (/home/chris/catkin_ws/devel/.private/msgs_demo/share/common-lisp/ros/msgs_demo/msg/_package_MoveBaseActionResult.lisp, /home/chris/catkin_ws/devel/share/common-lisp/ros/msgs_demo/msg/_package_MoveBaseActionResult.lisp)
Linked: (/home/chris/catkin_ws/devel/.private/msgs_demo/share/common-lisp/ros/msgs_demo/msg/MoveBaseFeedback.lisp, /home/chris/catkin_ws/devel/share/common-lisp/ros/msgs_demo/msg/MoveBaseFeedback.lisp)
Linked: (/home/chris/catkin_ws/devel/.private/msgs_demo/share/common-lisp/ros/msgs_demo/msg/MoveBaseResult.lisp, /home/chris/catkin_ws/devel/share/common-lisp/ros/msgs_demo/msg/MoveBaseResult.lisp)
Linked: (/home/chris/catkin_ws/devel/.private/msgs_demo/share/common-lisp/ros/msgs_demo/msg/_package_AddTwoIntsResult.lisp, /home/chris/catkin_ws/devel/share/common-lisp/ros/msgs_demo/msg/_package_AddTwoIntsResult.lisp)
Linked: (/home/chris/catkin_ws/devel/.private/msgs_demo/share/common-lisp/ros/msgs_demo/msg/MoveBaseGoal.lisp, /home/chris/catkin_ws/devel/share/common-lisp/ros/msgs_demo/msg/MoveBaseGoal.lisp)
Linked: (/home/chris/catkin_ws/devel/.private/msgs_demo/share/common-lisp/ros/msgs_demo/msg/_package_AutoDockingResult.lisp, /home/chris/catkin_ws/devel/share/common-lisp/ros/msgs_demo/msg/_package_AutoDockingResult.lisp)
Linked: (/home/chris/catkin_ws/devel/.private/msgs_demo/share/common-lisp/ros/msgs_demo/msg/msgs_demo-msg.asd, /home/chris/catkin_ws/devel/share/common-lisp/ros/msgs_demo/msg/msgs_demo-msg.asd)
Linked: (/home/chris/catkin_ws/devel/.private/msgs_demo/share/common-lisp/ros/msgs_demo/msg/Power.lisp, /home/chris/catkin_ws/devel/share/common-lisp/ros/msgs_demo/msg/Power.lisp)
Linked: (/home/chris/catkin_ws/devel/.private/msgs_demo/share/common-lisp/ros/msgs_demo/msg/LaserScan.lisp, /home/chris/catkin_ws/devel/share/common-lisp/ros/msgs_demo/msg/LaserScan.lisp)
Linked: (/home/chris/catkin_ws/devel/.private/msgs_demo/share/common-lisp/ros/msgs_demo/msg/_package_AddTwoIntsActionFeedback.lisp, /home/chris/catkin_ws/devel/share/common-lisp/ros/msgs_demo/msg/_package_AddTwoIntsActionFeedback.lisp)
Linked: (/home/chris/catkin_ws/devel/.private/msgs_demo/share/common-lisp/ros/msgs_demo/msg/_package_AutoDockingFeedback.lisp, /home/chris/catkin_ws/devel/share/common-lisp/ros/msgs_demo/msg/_package_AutoDockingFeedback.lisp)
Linked: (/home/chris/catkin_ws/devel/.private/msgs_demo/share/common-lisp/ros/msgs_demo/msg/GetMapFeedback.lisp, /home/chris/catkin_ws/devel/share/common-lisp/ros/msgs_demo/msg/GetMapFeedback.lisp)
Linked: (/home/chris/catkin_ws/devel/.private/msgs_demo/share/common-lisp/ros/msgs_demo/msg/_package_MoveBaseGoal.lisp, /home/chris/catkin_ws/devel/share/common-lisp/ros/msgs_demo/msg/_package_MoveBaseGoal.lisp)
Linked: (/home/chris/catkin_ws/devel/.private/msgs_demo/share/common-lisp/ros/msgs_demo/msg/MoveBaseActionFeedback.lisp, /home/chris/catkin_ws/devel/share/common-lisp/ros/msgs_demo/msg/MoveBaseActionFeedback.lisp)
Linked: (/home/chris/catkin_ws/devel/.private/msgs_demo/share/common-lisp/ros/msgs_demo/msg/_package_AddTwoIntsActionGoal.lisp, /home/chris/catkin_ws/devel/share/common-lisp/ros/msgs_demo/msg/_package_AddTwoIntsActionGoal.lisp)
Linked: (/home/chris/catkin_ws/devel/.private/msgs_demo/share/common-lisp/ros/msgs_demo/msg/_package_MoveBaseResult.lisp, /home/chris/catkin_ws/devel/share/common-lisp/ros/msgs_demo/msg/_package_MoveBaseResult.lisp)
Linked: (/home/chris/catkin_ws/devel/.private/msgs_demo/share/common-lisp/ros/msgs_demo/msg/AutoDockingResult.lisp, /home/chris/catkin_ws/devel/share/common-lisp/ros/msgs_demo/msg/AutoDockingResult.lisp)
Linked: (/home/chris/catkin_ws/devel/.private/msgs_demo/share/common-lisp/ros/msgs_demo/msg/AddTwoIntsFeedback.lisp, /home/chris/catkin_ws/devel/share/common-lisp/ros/msgs_demo/msg/AddTwoIntsFeedback.lisp)
Linked: (/home/chris/catkin_ws/devel/.private/msgs_demo/share/common-lisp/ros/msgs_demo/msg/_package.lisp, /home/chris/catkin_ws/devel/share/common-lisp/ros/msgs_demo/msg/_package.lisp)
Linked: (/home/chris/catkin_ws/devel/.private/msgs_demo/share/common-lisp/ros/msgs_demo/msg/_package_PoseWithCovariance.lisp, /home/chris/catkin_ws/devel/share/common-lisp/ros/msgs_demo/msg/_package_PoseWithCovariance.lisp)
Linked: (/home/chris/catkin_ws/devel/.private/msgs_demo/share/common-lisp/ros/msgs_demo/msg/AutoDockingGoal.lisp, /home/chris/catkin_ws/devel/share/common-lisp/ros/msgs_demo/msg/AutoDockingGoal.lisp)
Linked: (/home/chris/catkin_ws/devel/.private/msgs_demo/share/common-lisp/ros/msgs_demo/msg/Vector3.lisp, /home/chris/catkin_ws/devel/share/common-lisp/ros/msgs_demo/msg/Vector3.lisp)
Linked: (/home/chris/catkin_ws/devel/.private/msgs_demo/share/common-lisp/ros/msgs_demo/msg/AddTwoIntsActionResult.lisp, /home/chris/catkin_ws/devel/share/common-lisp/ros/msgs_demo/msg/AddTwoIntsActionResult.lisp)
Linked: (/home/chris/catkin_ws/devel/.private/msgs_demo/share/common-lisp/ros/msgs_demo/msg/_package_AutoDockingGoal.lisp, /home/chris/catkin_ws/devel/share/common-lisp/ros/msgs_demo/msg/_package_AutoDockingGoal.lisp)
Linked: (/home/chris/catkin_ws/devel/.private/msgs_demo/share/common-lisp/ros/msgs_demo/msg/_package_Accel.lisp, /home/chris/catkin_ws/devel/share/common-lisp/ros/msgs_demo/msg/_package_Accel.lisp)
Linked: (/home/chris/catkin_ws/devel/.private/msgs_demo/share/common-lisp/ros/msgs_demo/msg/_package_AutoDockingAction.lisp, /home/chris/catkin_ws/devel/share/common-lisp/ros/msgs_demo/msg/_package_AutoDockingAction.lisp)
Linked: (/home/chris/catkin_ws/devel/.private/msgs_demo/share/common-lisp/ros/msgs_demo/msg/AutoDockingActionFeedback.lisp, /home/chris/catkin_ws/devel/share/common-lisp/ros/msgs_demo/msg/AutoDockingActionFeedback.lisp)
Linked: (/home/chris/catkin_ws/devel/.private/msgs_demo/share/common-lisp/ros/msgs_demo/msg/GetMapGoal.lisp, /home/chris/catkin_ws/devel/share/common-lisp/ros/msgs_demo/msg/GetMapGoal.lisp)
Linked: (/home/chris/catkin_ws/devel/.private/msgs_demo/share/common-lisp/ros/msgs_demo/msg/MoveBaseActionGoal.lisp, /home/chris/catkin_ws/devel/share/common-lisp/ros/msgs_demo/msg/MoveBaseActionGoal.lisp)
Linked: (/home/chris/catkin_ws/devel/.private/msgs_demo/share/common-lisp/ros/msgs_demo/msg/MoveBaseAction.lisp, /home/chris/catkin_ws/devel/share/common-lisp/ros/msgs_demo/msg/MoveBaseAction.lisp)
Linked: (/home/chris/catkin_ws/devel/.private/msgs_demo/share/common-lisp/ros/msgs_demo/msg/_package_GetMapAction.lisp, /home/chris/catkin_ws/devel/share/common-lisp/ros/msgs_demo/msg/_package_GetMapAction.lisp)
Linked: (/home/chris/catkin_ws/devel/.private/msgs_demo/share/common-lisp/ros/msgs_demo/msg/_package_AutoDockingActionGoal.lisp, /home/chris/catkin_ws/devel/share/common-lisp/ros/msgs_demo/msg/_package_AutoDockingActionGoal.lisp)
Linked: (/home/chris/catkin_ws/devel/.private/msgs_demo/share/common-lisp/ros/msgs_demo/msg/_package_GetMapResult.lisp, /home/chris/catkin_ws/devel/share/common-lisp/ros/msgs_demo/msg/_package_GetMapResult.lisp)
Linked: (/home/chris/catkin_ws/devel/.private/msgs_demo/share/common-lisp/ros/msgs_demo/msg/_package_AutoDockingActionFeedback.lisp, /home/chris/catkin_ws/devel/share/common-lisp/ros/msgs_demo/msg/_package_AutoDockingActionFeedback.lisp)
Linked: (/home/chris/catkin_ws/devel/.private/msgs_demo/share/common-lisp/ros/msgs_demo/msg/Twist.lisp, /home/chris/catkin_ws/devel/share/common-lisp/ros/msgs_demo/msg/Twist.lisp)
Linked: (/home/chris/catkin_ws/devel/.private/msgs_demo/share/common-lisp/ros/msgs_demo/msg/_package_Pose.lisp, /home/chris/catkin_ws/devel/share/common-lisp/ros/msgs_demo/msg/_package_Pose.lisp)
Linked: (/home/chris/catkin_ws/devel/.private/msgs_demo/share/common-lisp/ros/msgs_demo/msg/AutoDockingActionResult.lisp, /home/chris/catkin_ws/devel/share/common-lisp/ros/msgs_demo/msg/AutoDockingActionResult.lisp)
Linked: (/home/chris/catkin_ws/devel/.private/msgs_demo/share/common-lisp/ros/msgs_demo/msg/_package_LaserScan.lisp, /home/chris/catkin_ws/devel/share/common-lisp/ros/msgs_demo/msg/_package_LaserScan.lisp)
Linked: (/home/chris/catkin_ws/devel/.private/msgs_demo/share/common-lisp/ros/msgs_demo/msg/GetMapActionGoal.lisp, /home/chris/catkin_ws/devel/share/common-lisp/ros/msgs_demo/msg/GetMapActionGoal.lisp)
Linked: (/home/chris/catkin_ws/devel/.private/msgs_demo/share/common-lisp/ros/msgs_demo/msg/PoseStamped.lisp, /home/chris/catkin_ws/devel/share/common-lisp/ros/msgs_demo/msg/PoseStamped.lisp)
Linked: (/home/chris/catkin_ws/devel/.private/msgs_demo/share/common-lisp/ros/msgs_demo/msg/AddTwoIntsAction.lisp, /home/chris/catkin_ws/devel/share/common-lisp/ros/msgs_demo/msg/AddTwoIntsAction.lisp)
Linked: (/home/chris/catkin_ws/devel/.private/msgs_demo/share/common-lisp/ros/msgs_demo/msg/_package_GetMapActionResult.lisp, /home/chris/catkin_ws/devel/share/common-lisp/ros/msgs_demo/msg/_package_GetMapActionResult.lisp)
Linked: (/home/chris/catkin_ws/devel/.private/msgs_demo/share/common-lisp/ros/msgs_demo/msg/_package_Vector3.lisp, /home/chris/catkin_ws/devel/share/common-lisp/ros/msgs_demo/msg/_package_Vector3.lisp)
Linked: (/home/chris/catkin_ws/devel/.private/msgs_demo/share/common-lisp/ros/msgs_demo/msg/AddTwoIntsActionGoal.lisp, /home/chris/catkin_ws/devel/share/common-lisp/ros/msgs_demo/msg/AddTwoIntsActionGoal.lisp)
Linked: (/home/chris/catkin_ws/devel/.private/msgs_demo/share/common-lisp/ros/msgs_demo/msg/AddTwoIntsGoal.lisp, /home/chris/catkin_ws/devel/share/common-lisp/ros/msgs_demo/msg/AddTwoIntsGoal.lisp)
Linked: (/home/chris/catkin_ws/devel/.private/msgs_demo/share/common-lisp/ros/msgs_demo/msg/_package_GetMapActionGoal.lisp, /home/chris/catkin_ws/devel/share/common-lisp/ros/msgs_demo/msg/_package_GetMapActionGoal.lisp)
Linked: (/home/chris/catkin_ws/devel/.private/msgs_demo/share/common-lisp/ros/msgs_demo/msg/_package_Point.lisp, /home/chris/catkin_ws/devel/share/common-lisp/ros/msgs_demo/msg/_package_Point.lisp)
Linked: (/home/chris/catkin_ws/devel/.private/msgs_demo/share/msgs_demo/msg/GetMapGoal.msg, /home/chris/catkin_ws/devel/share/msgs_demo/msg/GetMapGoal.msg)
Linked: (/home/chris/catkin_ws/devel/.private/msgs_demo/share/msgs_demo/msg/AddTwoIntsActionResult.msg, /home/chris/catkin_ws/devel/share/msgs_demo/msg/AddTwoIntsActionResult.msg)
Linked: (/home/chris/catkin_ws/devel/.private/msgs_demo/share/msgs_demo/msg/GetMapActionFeedback.msg, /home/chris/catkin_ws/devel/share/msgs_demo/msg/GetMapActionFeedback.msg)
Linked: (/home/chris/catkin_ws/devel/.private/msgs_demo/share/msgs_demo/msg/AutoDockingActionGoal.msg, /home/chris/catkin_ws/devel/share/msgs_demo/msg/AutoDockingActionGoal.msg)
Linked: (/home/chris/catkin_ws/devel/.private/msgs_demo/share/msgs_demo/msg/MoveBaseActionGoal.msg, /home/chris/catkin_ws/devel/share/msgs_demo/msg/MoveBaseActionGoal.msg)
Linked: (/home/chris/catkin_ws/devel/.private/msgs_demo/share/msgs_demo/msg/GetMapActionGoal.msg, /home/chris/catkin_ws/devel/share/msgs_demo/msg/GetMapActionGoal.msg)
Linked: (/home/chris/catkin_ws/devel/.private/msgs_demo/share/msgs_demo/msg/AutoDockingActionResult.msg, /home/chris/catkin_ws/devel/share/msgs_demo/msg/AutoDockingActionResult.msg)
Linked: (/home/chris/catkin_ws/devel/.private/msgs_demo/share/msgs_demo/msg/AddTwoIntsResult.msg, /home/chris/catkin_ws/devel/share/msgs_demo/msg/AddTwoIntsResult.msg)
Linked: (/home/chris/catkin_ws/devel/.private/msgs_demo/share/msgs_demo/msg/GetMapFeedback.msg, /home/chris/catkin_ws/devel/share/msgs_demo/msg/GetMapFeedback.msg)
Linked: (/home/chris/catkin_ws/devel/.private/msgs_demo/share/msgs_demo/msg/AutoDockingFeedback.msg, /home/chris/catkin_ws/devel/share/msgs_demo/msg/AutoDockingFeedback.msg)
Linked: (/home/chris/catkin_ws/devel/.private/msgs_demo/share/msgs_demo/msg/MoveBaseAction.msg, /home/chris/catkin_ws/devel/share/msgs_demo/msg/MoveBaseAction.msg)
Linked: (/home/chris/catkin_ws/devel/.private/msgs_demo/share/msgs_demo/msg/AutoDockingGoal.msg, /home/chris/catkin_ws/devel/share/msgs_demo/msg/AutoDockingGoal.msg)
Linked: (/home/chris/catkin_ws/devel/.private/msgs_demo/share/msgs_demo/msg/AutoDockingResult.msg, /home/chris/catkin_ws/devel/share/msgs_demo/msg/AutoDockingResult.msg)
Linked: (/home/chris/catkin_ws/devel/.private/msgs_demo/share/msgs_demo/msg/MoveBaseFeedback.msg, /home/chris/catkin_ws/devel/share/msgs_demo/msg/MoveBaseFeedback.msg)
Linked: (/home/chris/catkin_ws/devel/.private/msgs_demo/share/msgs_demo/msg/GetMapActionResult.msg, /home/chris/catkin_ws/devel/share/msgs_demo/msg/GetMapActionResult.msg)
Linked: (/home/chris/catkin_ws/devel/.private/msgs_demo/share/msgs_demo/msg/AddTwoIntsActionGoal.msg, /home/chris/catkin_ws/devel/share/msgs_demo/msg/AddTwoIntsActionGoal.msg)
Linked: (/home/chris/catkin_ws/devel/.private/msgs_demo/share/msgs_demo/msg/MoveBaseActionFeedback.msg, /home/chris/catkin_ws/devel/share/msgs_demo/msg/MoveBaseActionFeedback.msg)
Linked: (/home/chris/catkin_ws/devel/.private/msgs_demo/share/msgs_demo/msg/AutoDockingAction.msg, /home/chris/catkin_ws/devel/share/msgs_demo/msg/AutoDockingAction.msg)
Linked: (/home/chris/catkin_ws/devel/.private/msgs_demo/share/msgs_demo/msg/AddTwoIntsGoal.msg, /home/chris/catkin_ws/devel/share/msgs_demo/msg/AddTwoIntsGoal.msg)
Linked: (/home/chris/catkin_ws/devel/.private/msgs_demo/share/msgs_demo/msg/MoveBaseResult.msg, /home/chris/catkin_ws/devel/share/msgs_demo/msg/MoveBaseResult.msg)
Linked: (/home/chris/catkin_ws/devel/.private/msgs_demo/share/msgs_demo/msg/AutoDockingActionFeedback.msg, /home/chris/catkin_ws/devel/share/msgs_demo/msg/AutoDockingActionFeedback.msg)
Linked: (/home/chris/catkin_ws/devel/.private/msgs_demo/share/msgs_demo/msg/MoveBaseGoal.msg, /home/chris/catkin_ws/devel/share/msgs_demo/msg/MoveBaseGoal.msg)
Linked: (/home/chris/catkin_ws/devel/.private/msgs_demo/share/msgs_demo/msg/AddTwoIntsFeedback.msg, /home/chris/catkin_ws/devel/share/msgs_demo/msg/AddTwoIntsFeedback.msg)
Linked: (/home/chris/catkin_ws/devel/.private/msgs_demo/share/msgs_demo/msg/MoveBaseActionResult.msg, /home/chris/catkin_ws/devel/share/msgs_demo/msg/MoveBaseActionResult.msg)
Linked: (/home/chris/catkin_ws/devel/.private/msgs_demo/share/msgs_demo/msg/AddTwoIntsActionFeedback.msg, /home/chris/catkin_ws/devel/share/msgs_demo/msg/AddTwoIntsActionFeedback.msg)
Linked: (/home/chris/catkin_ws/devel/.private/msgs_demo/share/msgs_demo/msg/GetMapResult.msg, /home/chris/catkin_ws/devel/share/msgs_demo/msg/GetMapResult.msg)
Linked: (/home/chris/catkin_ws/devel/.private/msgs_demo/share/msgs_demo/msg/GetMapAction.msg, /home/chris/catkin_ws/devel/share/msgs_demo/msg/GetMapAction.msg)
Linked: (/home/chris/catkin_ws/devel/.private/msgs_demo/share/msgs_demo/msg/AddTwoIntsAction.msg, /home/chris/catkin_ws/devel/share/msgs_demo/msg/AddTwoIntsAction.msg)
Linked: (/home/chris/catkin_ws/devel/.private/msgs_demo/share/msgs_demo/cmake/msgs_demo-msg-extras.cmake, /home/chris/catkin_ws/devel/share/msgs_demo/cmake/msgs_demo-msg-extras.cmake)
Linked: (/home/chris/catkin_ws/devel/.private/msgs_demo/share/msgs_demo/cmake/msgs_demo-msg-paths.cmake, /home/chris/catkin_ws/devel/share/msgs_demo/cmake/msgs_demo-msg-paths.cmake)
Linked: (/home/chris/catkin_ws/devel/.private/msgs_demo/share/msgs_demo/cmake/msgs_demoConfig-version.cmake, /home/chris/catkin_ws/devel/share/msgs_demo/cmake/msgs_demoConfig-version.cmake)
Linked: (/home/chris/catkin_ws/devel/.private/msgs_demo/share/msgs_demo/cmake/msgs_demoConfig.cmake, /home/chris/catkin_ws/devel/share/msgs_demo/cmake/msgs_demoConfig.cmake)
Linked: (/home/chris/catkin_ws/devel/.private/msgs_demo/include/msgs_demo/AddTwoIntsActionFeedback.h, /home/chris/catkin_ws/devel/include/msgs_demo/AddTwoIntsActionFeedback.h)
Linked: (/home/chris/catkin_ws/devel/.private/msgs_demo/include/msgs_demo/AddTwoIntsResult.h, /home/chris/catkin_ws/devel/include/msgs_demo/AddTwoIntsResult.h)
Linked: (/home/chris/catkin_ws/devel/.private/msgs_demo/include/msgs_demo/AddTwoIntsFeedback.h, /home/chris/catkin_ws/devel/include/msgs_demo/AddTwoIntsFeedback.h)
Linked: (/home/chris/catkin_ws/devel/.private/msgs_demo/include/msgs_demo/Twist.h, /home/chris/catkin_ws/devel/include/msgs_demo/Twist.h)
Linked: (/home/chris/catkin_ws/devel/.private/msgs_demo/include/msgs_demo/GetPlanResponse.h, /home/chris/catkin_ws/devel/include/msgs_demo/GetPlanResponse.h)
Linked: (/home/chris/catkin_ws/devel/.private/msgs_demo/include/msgs_demo/GetMapActionFeedback.h, /home/chris/catkin_ws/devel/include/msgs_demo/GetMapActionFeedback.h)
Linked: (/home/chris/catkin_ws/devel/.private/msgs_demo/include/msgs_demo/AutoDockingActionResult.h, /home/chris/catkin_ws/devel/include/msgs_demo/AutoDockingActionResult.h)
Linked: (/home/chris/catkin_ws/devel/.private/msgs_demo/include/msgs_demo/SetCameraInfoRequest.h, /home/chris/catkin_ws/devel/include/msgs_demo/SetCameraInfoRequest.h)
Linked: (/home/chris/catkin_ws/devel/.private/msgs_demo/include/msgs_demo/AddTwoInts.h, /home/chris/catkin_ws/devel/include/msgs_demo/AddTwoInts.h)
Linked: (/home/chris/catkin_ws/devel/.private/msgs_demo/include/msgs_demo/MoveBaseFeedback.h, /home/chris/catkin_ws/devel/include/msgs_demo/MoveBaseFeedback.h)
Linked: (/home/chris/catkin_ws/devel/.private/msgs_demo/include/msgs_demo/TriggerResponse.h, /home/chris/catkin_ws/devel/include/msgs_demo/TriggerResponse.h)
Linked: (/home/chris/catkin_ws/devel/.private/msgs_demo/include/msgs_demo/AddTwoIntsGoal.h, /home/chris/catkin_ws/devel/include/msgs_demo/AddTwoIntsGoal.h)
Linked: (/home/chris/catkin_ws/devel/.private/msgs_demo/include/msgs_demo/Vector3.h, /home/chris/catkin_ws/devel/include/msgs_demo/Vector3.h)
Linked: (/home/chris/catkin_ws/devel/.private/msgs_demo/include/msgs_demo/Pose.h, /home/chris/catkin_ws/devel/include/msgs_demo/Pose.h)
Linked: (/home/chris/catkin_ws/devel/.private/msgs_demo/include/msgs_demo/AddTwoIntsResponse.h, /home/chris/catkin_ws/devel/include/msgs_demo/AddTwoIntsResponse.h)
Linked: (/home/chris/catkin_ws/devel/.private/msgs_demo/include/msgs_demo/Odometry.h, /home/chris/catkin_ws/devel/include/msgs_demo/Odometry.h)
Linked: (/home/chris/catkin_ws/devel/.private/msgs_demo/include/msgs_demo/SetMap.h, /home/chris/catkin_ws/devel/include/msgs_demo/SetMap.h)
Linked: (/home/chris/catkin_ws/devel/.private/msgs_demo/include/msgs_demo/GetMapFeedback.h, /home/chris/catkin_ws/devel/include/msgs_demo/GetMapFeedback.h)
Linked: (/home/chris/catkin_ws/devel/.private/msgs_demo/include/msgs_demo/MoveBaseResult.h, /home/chris/catkin_ws/devel/include/msgs_demo/MoveBaseResult.h)
Linked: (/home/chris/catkin_ws/devel/.private/msgs_demo/include/msgs_demo/PoseWithCovariance.h, /home/chris/catkin_ws/devel/include/msgs_demo/PoseWithCovariance.h)
Linked: (/home/chris/catkin_ws/devel/.private/msgs_demo/include/msgs_demo/TalkerListener.h, /home/chris/catkin_ws/devel/include/msgs_demo/TalkerListener.h)
Linked: (/home/chris/catkin_ws/devel/.private/msgs_demo/include/msgs_demo/PoseStamped.h, /home/chris/catkin_ws/devel/include/msgs_demo/PoseStamped.h)
Linked: (/home/chris/catkin_ws/devel/.private/msgs_demo/include/msgs_demo/MoveBaseAction.h, /home/chris/catkin_ws/devel/include/msgs_demo/MoveBaseAction.h)
Linked: (/home/chris/catkin_ws/devel/.private/msgs_demo/include/msgs_demo/MoveBaseActionResult.h, /home/chris/catkin_ws/devel/include/msgs_demo/MoveBaseActionResult.h)
Linked: (/home/chris/catkin_ws/devel/.private/msgs_demo/include/msgs_demo/GetMapActionGoal.h, /home/chris/catkin_ws/devel/include/msgs_demo/GetMapActionGoal.h)
Linked: (/home/chris/catkin_ws/devel/.private/msgs_demo/include/msgs_demo/GetMapAction.h, /home/chris/catkin_ws/devel/include/msgs_demo/GetMapAction.h)
Linked: (/home/chris/catkin_ws/devel/.private/msgs_demo/include/msgs_demo/Quaternion.h, /home/chris/catkin_ws/devel/include/msgs_demo/Quaternion.h)
Linked: (/home/chris/catkin_ws/devel/.private/msgs_demo/include/msgs_demo/SetBool.h, /home/chris/catkin_ws/devel/include/msgs_demo/SetBool.h)
Linked: (/home/chris/catkin_ws/devel/.private/msgs_demo/include/msgs_demo/AutoDockingActionGoal.h, /home/chris/catkin_ws/devel/include/msgs_demo/AutoDockingActionGoal.h)
Linked: (/home/chris/catkin_ws/devel/.private/msgs_demo/include/msgs_demo/EmptyRequest.h, /home/chris/catkin_ws/devel/include/msgs_demo/EmptyRequest.h)
Linked: (/home/chris/catkin_ws/devel/.private/msgs_demo/include/msgs_demo/AddTwoIntsActionGoal.h, /home/chris/catkin_ws/devel/include/msgs_demo/AddTwoIntsActionGoal.h)
Linked: (/home/chris/catkin_ws/devel/.private/msgs_demo/include/msgs_demo/GetMapGoal.h, /home/chris/catkin_ws/devel/include/msgs_demo/GetMapGoal.h)
Linked: (/home/chris/catkin_ws/devel/.private/msgs_demo/include/msgs_demo/GetMapRequest.h, /home/chris/catkin_ws/devel/include/msgs_demo/GetMapRequest.h)
Linked: (/home/chris/catkin_ws/devel/.private/msgs_demo/include/msgs_demo/GetPlanRequest.h, /home/chris/catkin_ws/devel/include/msgs_demo/GetPlanRequest.h)
Linked: (/home/chris/catkin_ws/devel/.private/msgs_demo/include/msgs_demo/SetCameraInfoResponse.h, /home/chris/catkin_ws/devel/include/msgs_demo/SetCameraInfoResponse.h)
Linked: (/home/chris/catkin_ws/devel/.private/msgs_demo/include/msgs_demo/MoveBaseActionFeedback.h, /home/chris/catkin_ws/devel/include/msgs_demo/MoveBaseActionFeedback.h)
Linked: (/home/chris/catkin_ws/devel/.private/msgs_demo/include/msgs_demo/SetMapRequest.h, /home/chris/catkin_ws/devel/include/msgs_demo/SetMapRequest.h)
Linked: (/home/chris/catkin_ws/devel/.private/msgs_demo/include/msgs_demo/TwistWithCovariance.h, /home/chris/catkin_ws/devel/include/msgs_demo/TwistWithCovariance.h)
Linked: (/home/chris/catkin_ws/devel/.private/msgs_demo/include/msgs_demo/AddTwoIntsActionResult.h, /home/chris/catkin_ws/devel/include/msgs_demo/AddTwoIntsActionResult.h)
Linked: (/home/chris/catkin_ws/devel/.private/msgs_demo/include/msgs_demo/AutoDockingAction.h, /home/chris/catkin_ws/devel/include/msgs_demo/AutoDockingAction.h)
Linked: (/home/chris/catkin_ws/devel/.private/msgs_demo/include/msgs_demo/GetMapResponse.h, /home/chris/catkin_ws/devel/include/msgs_demo/GetMapResponse.h)
Linked: (/home/chris/catkin_ws/devel/.private/msgs_demo/include/msgs_demo/MoveBaseActionGoal.h, /home/chris/catkin_ws/devel/include/msgs_demo/MoveBaseActionGoal.h)
Linked: (/home/chris/catkin_ws/devel/.private/msgs_demo/include/msgs_demo/Point.h, /home/chris/catkin_ws/devel/include/msgs_demo/Point.h)
Linked: (/home/chris/catkin_ws/devel/.private/msgs_demo/include/msgs_demo/AutoDockingGoal.h, /home/chris/catkin_ws/devel/include/msgs_demo/AutoDockingGoal.h)
Linked: (/home/chris/catkin_ws/devel/.private/msgs_demo/include/msgs_demo/Imu.h, /home/chris/catkin_ws/devel/include/msgs_demo/Imu.h)
Linked: (/home/chris/catkin_ws/devel/.private/msgs_demo/include/msgs_demo/GetPlan.h, /home/chris/catkin_ws/devel/include/msgs_demo/GetPlan.h)
Linked: (/home/chris/catkin_ws/devel/.private/msgs_demo/include/msgs_demo/TalkerListenerResponse.h, /home/chris/catkin_ws/devel/include/msgs_demo/TalkerListenerResponse.h)
Linked: (/home/chris/catkin_ws/devel/.private/msgs_demo/include/msgs_demo/Empty.h, /home/chris/catkin_ws/devel/include/msgs_demo/Empty.h)
Linked: (/home/chris/catkin_ws/devel/.private/msgs_demo/include/msgs_demo/SetMapResponse.h, /home/chris/catkin_ws/devel/include/msgs_demo/SetMapResponse.h)
Linked: (/home/chris/catkin_ws/devel/.private/msgs_demo/include/msgs_demo/Echos.h, /home/chris/catkin_ws/devel/include/msgs_demo/Echos.h)
Linked: (/home/chris/catkin_ws/devel/.private/msgs_demo/include/msgs_demo/AutoDockingActionFeedback.h, /home/chris/catkin_ws/devel/include/msgs_demo/AutoDockingActionFeedback.h)
Linked: (/home/chris/catkin_ws/devel/.private/msgs_demo/include/msgs_demo/TalkerListenerRequest.h, /home/chris/catkin_ws/devel/include/msgs_demo/TalkerListenerRequest.h)
Linked: (/home/chris/catkin_ws/devel/.private/msgs_demo/include/msgs_demo/SetBoolResponse.h, /home/chris/catkin_ws/devel/include/msgs_demo/SetBoolResponse.h)
Linked: (/home/chris/catkin_ws/devel/.private/msgs_demo/include/msgs_demo/TriggerRequest.h, /home/chris/catkin_ws/devel/include/msgs_demo/TriggerRequest.h)
Linked: (/home/chris/catkin_ws/devel/.private/msgs_demo/include/msgs_demo/AutoDockingFeedback.h, /home/chris/catkin_ws/devel/include/msgs_demo/AutoDockingFeedback.h)
Linked: (/home/chris/catkin_ws/devel/.private/msgs_demo/include/msgs_demo/SetCameraInfo.h, /home/chris/catkin_ws/devel/include/msgs_demo/SetCameraInfo.h)
Linked: (/home/chris/catkin_ws/devel/.private/msgs_demo/include/msgs_demo/AddTwoIntsAction.h, /home/chris/catkin_ws/devel/include/msgs_demo/AddTwoIntsAction.h)
Linked: (/home/chris/catkin_ws/devel/.private/msgs_demo/include/msgs_demo/MoveBaseGoal.h, /home/chris/catkin_ws/devel/include/msgs_demo/MoveBaseGoal.h)
Linked: (/home/chris/catkin_ws/devel/.private/msgs_demo/include/msgs_demo/Trigger.h, /home/chris/catkin_ws/devel/include/msgs_demo/Trigger.h)
Linked: (/home/chris/catkin_ws/devel/.private/msgs_demo/include/msgs_demo/EmptyResponse.h, /home/chris/catkin_ws/devel/include/msgs_demo/EmptyResponse.h)
Linked: (/home/chris/catkin_ws/devel/.private/msgs_demo/include/msgs_demo/LaserScan.h, /home/chris/catkin_ws/devel/include/msgs_demo/LaserScan.h)
Linked: (/home/chris/catkin_ws/devel/.private/msgs_demo/include/msgs_demo/Power.h, /home/chris/catkin_ws/devel/include/msgs_demo/Power.h)
Linked: (/home/chris/catkin_ws/devel/.private/msgs_demo/include/msgs_demo/GetMapActionResult.h, /home/chris/catkin_ws/devel/include/msgs_demo/GetMapActionResult.h)
Linked: (/home/chris/catkin_ws/devel/.private/msgs_demo/include/msgs_demo/AutoDockingResult.h, /home/chris/catkin_ws/devel/include/msgs_demo/AutoDockingResult.h)
Linked: (/home/chris/catkin_ws/devel/.private/msgs_demo/include/msgs_demo/AddTwoIntsRequest.h, /home/chris/catkin_ws/devel/include/msgs_demo/AddTwoIntsRequest.h)
Linked: (/home/chris/catkin_ws/devel/.private/msgs_demo/include/msgs_demo/GetMap.h, /home/chris/catkin_ws/devel/include/msgs_demo/GetMap.h)
Linked: (/home/chris/catkin_ws/devel/.private/msgs_demo/include/msgs_demo/SetBoolRequest.h, /home/chris/catkin_ws/devel/include/msgs_demo/SetBoolRequest.h)
Linked: (/home/chris/catkin_ws/devel/.private/msgs_demo/include/msgs_demo/Accel.h, /home/chris/catkin_ws/devel/include/msgs_demo/Accel.h)
Linked: (/home/chris/catkin_ws/devel/.private/msgs_demo/include/msgs_demo/GetMapResult.h, /home/chris/catkin_ws/devel/include/msgs_demo/GetMapResult.h)
Linked: (/home/chris/catkin_ws/devel/.private/msgs_demo/lib/pkgconfig/msgs_demo.pc, /home/chris/catkin_ws/devel/lib/pkgconfig/msgs_demo.pc)
Linked: (/home/chris/catkin_ws/devel/.private/msgs_demo/lib/python2.7/dist-packages/msgs_demo/__init__.py, /home/chris/catkin_ws/devel/lib/python2.7/dist-packages/msgs_demo/__init__.py)
Linked: (/home/chris/catkin_ws/devel/.private/msgs_demo/lib/python2.7/dist-packages/msgs_demo/srv/_GetPlan.py, /home/chris/catkin_ws/devel/lib/python2.7/dist-packages/msgs_demo/srv/_GetPlan.py)
Linked: (/home/chris/catkin_ws/devel/.private/msgs_demo/lib/python2.7/dist-packages/msgs_demo/srv/_SetBool.py, /home/chris/catkin_ws/devel/lib/python2.7/dist-packages/msgs_demo/srv/_SetBool.py)
Linked: (/home/chris/catkin_ws/devel/.private/msgs_demo/lib/python2.7/dist-packages/msgs_demo/srv/__init__.py, /home/chris/catkin_ws/devel/lib/python2.7/dist-packages/msgs_demo/srv/__init__.py)
Linked: (/home/chris/catkin_ws/devel/.private/msgs_demo/lib/python2.7/dist-packages/msgs_demo/srv/_GetMap.py, /home/chris/catkin_ws/devel/lib/python2.7/dist-packages/msgs_demo/srv/_GetMap.py)
Linked: (/home/chris/catkin_ws/devel/.private/msgs_demo/lib/python2.7/dist-packages/msgs_demo/srv/_Empty.py, /home/chris/catkin_ws/devel/lib/python2.7/dist-packages/msgs_demo/srv/_Empty.py)
Linked: (/home/chris/catkin_ws/devel/.private/msgs_demo/lib/python2.7/dist-packages/msgs_demo/srv/_AddTwoInts.py, /home/chris/catkin_ws/devel/lib/python2.7/dist-packages/msgs_demo/srv/_AddTwoInts.py)
Linked: (/home/chris/catkin_ws/devel/.private/msgs_demo/lib/python2.7/dist-packages/msgs_demo/srv/_SetCameraInfo.py, /home/chris/catkin_ws/devel/lib/python2.7/dist-packages/msgs_demo/srv/_SetCameraInfo.py)
Linked: (/home/chris/catkin_ws/devel/.private/msgs_demo/lib/python2.7/dist-packages/msgs_demo/srv/_TalkerListener.py, /home/chris/catkin_ws/devel/lib/python2.7/dist-packages/msgs_demo/srv/_TalkerListener.py)
Linked: (/home/chris/catkin_ws/devel/.private/msgs_demo/lib/python2.7/dist-packages/msgs_demo/srv/_SetMap.py, /home/chris/catkin_ws/devel/lib/python2.7/dist-packages/msgs_demo/srv/_SetMap.py)
Linked: (/home/chris/catkin_ws/devel/.private/msgs_demo/lib/python2.7/dist-packages/msgs_demo/srv/_Trigger.py, /home/chris/catkin_ws/devel/lib/python2.7/dist-packages/msgs_demo/srv/_Trigger.py)
Linked: (/home/chris/catkin_ws/devel/.private/msgs_demo/lib/python2.7/dist-packages/msgs_demo/msg/_AddTwoIntsResult.py, /home/chris/catkin_ws/devel/lib/python2.7/dist-packages/msgs_demo/msg/_AddTwoIntsResult.py)
Linked: (/home/chris/catkin_ws/devel/.private/msgs_demo/lib/python2.7/dist-packages/msgs_demo/msg/_LaserScan.py, /home/chris/catkin_ws/devel/lib/python2.7/dist-packages/msgs_demo/msg/_LaserScan.py)
Linked: (/home/chris/catkin_ws/devel/.private/msgs_demo/lib/python2.7/dist-packages/msgs_demo/msg/_GetMapAction.py, /home/chris/catkin_ws/devel/lib/python2.7/dist-packages/msgs_demo/msg/_GetMapAction.py)
Linked: (/home/chris/catkin_ws/devel/.private/msgs_demo/lib/python2.7/dist-packages/msgs_demo/msg/_MoveBaseAction.py, /home/chris/catkin_ws/devel/lib/python2.7/dist-packages/msgs_demo/msg/_MoveBaseAction.py)
Linked: (/home/chris/catkin_ws/devel/.private/msgs_demo/lib/python2.7/dist-packages/msgs_demo/msg/_AutoDockingAction.py, /home/chris/catkin_ws/devel/lib/python2.7/dist-packages/msgs_demo/msg/_AutoDockingAction.py)
Linked: (/home/chris/catkin_ws/devel/.private/msgs_demo/lib/python2.7/dist-packages/msgs_demo/msg/_Odometry.py, /home/chris/catkin_ws/devel/lib/python2.7/dist-packages/msgs_demo/msg/_Odometry.py)
Linked: (/home/chris/catkin_ws/devel/.private/msgs_demo/lib/python2.7/dist-packages/msgs_demo/msg/_PoseWithCovariance.py, /home/chris/catkin_ws/devel/lib/python2.7/dist-packages/msgs_demo/msg/_PoseWithCovariance.py)
Linked: (/home/chris/catkin_ws/devel/.private/msgs_demo/lib/python2.7/dist-packages/msgs_demo/msg/_PoseStamped.py, /home/chris/catkin_ws/devel/lib/python2.7/dist-packages/msgs_demo/msg/_PoseStamped.py)
Linked: (/home/chris/catkin_ws/devel/.private/msgs_demo/lib/python2.7/dist-packages/msgs_demo/msg/_AddTwoIntsActionFeedback.py, /home/chris/catkin_ws/devel/lib/python2.7/dist-packages/msgs_demo/msg/_AddTwoIntsActionFeedback.py)
Linked: (/home/chris/catkin_ws/devel/.private/msgs_demo/lib/python2.7/dist-packages/msgs_demo/msg/_Imu.py, /home/chris/catkin_ws/devel/lib/python2.7/dist-packages/msgs_demo/msg/_Imu.py)
Linked: (/home/chris/catkin_ws/devel/.private/msgs_demo/lib/python2.7/dist-packages/msgs_demo/msg/_AutoDockingActionFeedback.py, /home/chris/catkin_ws/devel/lib/python2.7/dist-packages/msgs_demo/msg/_AutoDockingActionFeedback.py)
Linked: (/home/chris/catkin_ws/devel/.private/msgs_demo/lib/python2.7/dist-packages/msgs_demo/msg/_AutoDockingActionResult.py, /home/chris/catkin_ws/devel/lib/python2.7/dist-packages/msgs_demo/msg/_AutoDockingActionResult.py)
Linked: (/home/chris/catkin_ws/devel/.private/msgs_demo/lib/python2.7/dist-packages/msgs_demo/msg/_Power.py, /home/chris/catkin_ws/devel/lib/python2.7/dist-packages/msgs_demo/msg/_Power.py)
Linked: (/home/chris/catkin_ws/devel/.private/msgs_demo/lib/python2.7/dist-packages/msgs_demo/msg/_MoveBaseActionResult.py, /home/chris/catkin_ws/devel/lib/python2.7/dist-packages/msgs_demo/msg/_MoveBaseActionResult.py)
Linked: (/home/chris/catkin_ws/devel/.private/msgs_demo/lib/python2.7/dist-packages/msgs_demo/msg/_MoveBaseGoal.py, /home/chris/catkin_ws/devel/lib/python2.7/dist-packages/msgs_demo/msg/_MoveBaseGoal.py)
Linked: (/home/chris/catkin_ws/devel/.private/msgs_demo/lib/python2.7/dist-packages/msgs_demo/msg/_GetMapFeedback.py, /home/chris/catkin_ws/devel/lib/python2.7/dist-packages/msgs_demo/msg/_GetMapFeedback.py)
Linked: (/home/chris/catkin_ws/devel/.private/msgs_demo/lib/python2.7/dist-packages/msgs_demo/msg/_GetMapResult.py, /home/chris/catkin_ws/devel/lib/python2.7/dist-packages/msgs_demo/msg/_GetMapResult.py)
Linked: (/home/chris/catkin_ws/devel/.private/msgs_demo/lib/python2.7/dist-packages/msgs_demo/msg/_AddTwoIntsActionGoal.py, /home/chris/catkin_ws/devel/lib/python2.7/dist-packages/msgs_demo/msg/_AddTwoIntsActionGoal.py)
Linked: (/home/chris/catkin_ws/devel/.private/msgs_demo/lib/python2.7/dist-packages/msgs_demo/msg/_Echos.py, /home/chris/catkin_ws/devel/lib/python2.7/dist-packages/msgs_demo/msg/_Echos.py)
Linked: (/home/chris/catkin_ws/devel/.private/msgs_demo/lib/python2.7/dist-packages/msgs_demo/msg/_Vector3.py, /home/chris/catkin_ws/devel/lib/python2.7/dist-packages/msgs_demo/msg/_Vector3.py)
Linked: (/home/chris/catkin_ws/devel/.private/msgs_demo/lib/python2.7/dist-packages/msgs_demo/msg/_GetMapActionFeedback.py, /home/chris/catkin_ws/devel/lib/python2.7/dist-packages/msgs_demo/msg/_GetMapActionFeedback.py)
Linked: (/home/chris/catkin_ws/devel/.private/msgs_demo/lib/python2.7/dist-packages/msgs_demo/msg/_Quaternion.py, /home/chris/catkin_ws/devel/lib/python2.7/dist-packages/msgs_demo/msg/_Quaternion.py)
Linked: (/home/chris/catkin_ws/devel/.private/msgs_demo/lib/python2.7/dist-packages/msgs_demo/msg/_Twist.py, /home/chris/catkin_ws/devel/lib/python2.7/dist-packages/msgs_demo/msg/_Twist.py)
Linked: (/home/chris/catkin_ws/devel/.private/msgs_demo/lib/python2.7/dist-packages/msgs_demo/msg/_GetMapGoal.py, /home/chris/catkin_ws/devel/lib/python2.7/dist-packages/msgs_demo/msg/_GetMapGoal.py)
Linked: (/home/chris/catkin_ws/devel/.private/msgs_demo/lib/python2.7/dist-packages/msgs_demo/msg/_Pose.py, /home/chris/catkin_ws/devel/lib/python2.7/dist-packages/msgs_demo/msg/_Pose.py)
Linked: (/home/chris/catkin_ws/devel/.private/msgs_demo/lib/python2.7/dist-packages/msgs_demo/msg/_MoveBaseResult.py, /home/chris/catkin_ws/devel/lib/python2.7/dist-packages/msgs_demo/msg/_MoveBaseResult.py)
Linked: (/home/chris/catkin_ws/devel/.private/msgs_demo/lib/python2.7/dist-packages/msgs_demo/msg/_AutoDockingFeedback.py, /home/chris/catkin_ws/devel/lib/python2.7/dist-packages/msgs_demo/msg/_AutoDockingFeedback.py)
Linked: (/home/chris/catkin_ws/devel/.private/msgs_demo/lib/python2.7/dist-packages/msgs_demo/msg/_AddTwoIntsAction.py, /home/chris/catkin_ws/devel/lib/python2.7/dist-packages/msgs_demo/msg/_AddTwoIntsAction.py)
Linked: (/home/chris/catkin_ws/devel/.private/msgs_demo/lib/python2.7/dist-packages/msgs_demo/msg/_AutoDockingResult.py, /home/chris/catkin_ws/devel/lib/python2.7/dist-packages/msgs_demo/msg/_AutoDockingResult.py)
Linked: (/home/chris/catkin_ws/devel/.private/msgs_demo/lib/python2.7/dist-packages/msgs_demo/msg/__init__.py, /home/chris/catkin_ws/devel/lib/python2.7/dist-packages/msgs_demo/msg/__init__.py)
Linked: (/home/chris/catkin_ws/devel/.private/msgs_demo/lib/python2.7/dist-packages/msgs_demo/msg/_Point.py, /home/chris/catkin_ws/devel/lib/python2.7/dist-packages/msgs_demo/msg/_Point.py)
Linked: (/home/chris/catkin_ws/devel/.private/msgs_demo/lib/python2.7/dist-packages/msgs_demo/msg/_AutoDockingGoal.py, /home/chris/catkin_ws/devel/lib/python2.7/dist-packages/msgs_demo/msg/_AutoDockingGoal.py)
Linked: (/home/chris/catkin_ws/devel/.private/msgs_demo/lib/python2.7/dist-packages/msgs_demo/msg/_Accel.py, /home/chris/catkin_ws/devel/lib/python2.7/dist-packages/msgs_demo/msg/_Accel.py)
Linked: (/home/chris/catkin_ws/devel/.private/msgs_demo/lib/python2.7/dist-packages/msgs_demo/msg/_AutoDockingActionGoal.py, /home/chris/catkin_ws/devel/lib/python2.7/dist-packages/msgs_demo/msg/_AutoDockingActionGoal.py)
Linked: (/home/chris/catkin_ws/devel/.private/msgs_demo/lib/python2.7/dist-packages/msgs_demo/msg/_GetMapActionResult.py, /home/chris/catkin_ws/devel/lib/python2.7/dist-packages/msgs_demo/msg/_GetMapActionResult.py)
Linked: (/home/chris/catkin_ws/devel/.private/msgs_demo/lib/python2.7/dist-packages/msgs_demo/msg/_AddTwoIntsActionResult.py, /home/chris/catkin_ws/devel/lib/python2.7/dist-packages/msgs_demo/msg/_AddTwoIntsActionResult.py)
Linked: (/home/chris/catkin_ws/devel/.private/msgs_demo/lib/python2.7/dist-packages/msgs_demo/msg/_MoveBaseFeedback.py, /home/chris/catkin_ws/devel/lib/python2.7/dist-packages/msgs_demo/msg/_MoveBaseFeedback.py)
Linked: (/home/chris/catkin_ws/devel/.private/msgs_demo/lib/python2.7/dist-packages/msgs_demo/msg/_MoveBaseActionGoal.py, /home/chris/catkin_ws/devel/lib/python2.7/dist-packages/msgs_demo/msg/_MoveBaseActionGoal.py)
Linked: (/home/chris/catkin_ws/devel/.private/msgs_demo/lib/python2.7/dist-packages/msgs_demo/msg/_AddTwoIntsFeedback.py, /home/chris/catkin_ws/devel/lib/python2.7/dist-packages/msgs_demo/msg/_AddTwoIntsFeedback.py)
Linked: (/home/chris/catkin_ws/devel/.private/msgs_demo/lib/python2.7/dist-packages/msgs_demo/msg/_GetMapActionGoal.py, /home/chris/catkin_ws/devel/lib/python2.7/dist-packages/msgs_demo/msg/_GetMapActionGoal.py)
Linked: (/home/chris/catkin_ws/devel/.private/msgs_demo/lib/python2.7/dist-packages/msgs_demo/msg/_AddTwoIntsGoal.py, /home/chris/catkin_ws/devel/lib/python2.7/dist-packages/msgs_demo/msg/_AddTwoIntsGoal.py)
Linked: (/home/chris/catkin_ws/devel/.private/msgs_demo/lib/python2.7/dist-packages/msgs_demo/msg/_MoveBaseActionFeedback.py, /home/chris/catkin_ws/devel/lib/python2.7/dist-packages/msgs_demo/msg/_MoveBaseActionFeedback.py)
Linked: (/home/chris/catkin_ws/devel/.private/msgs_demo/lib/python2.7/dist-packages/msgs_demo/msg/_TwistWithCovariance.py, /home/chris/catkin_ws/devel/lib/python2.7/dist-packages/msgs_demo/msg/_TwistWithCovariance.py)
