[35m[1mScanning dependencies of target _msgs_demo_generate_messages_check_deps_Trigger[0m
[  0%] Built target _msgs_demo_generate_messages_check_deps_Trigger
[35m[1mScanning dependencies of target _msgs_demo_generate_messages_check_deps_Accel[0m
[  0%] Built target _msgs_demo_generate_messages_check_deps_Accel
[35m[1mScanning dependencies of target _msgs_demo_generate_messages_check_deps_AutoDockingActionResult[0m
[  0%] Built target _msgs_demo_generate_messages_check_deps_AutoDockingActionResult
[35m[1mScanning dependencies of target _msgs_demo_generate_messages_check_deps_Power[0m
[  0%] Built target _msgs_demo_generate_messages_check_deps_Power
[35m[1mScanning dependencies of target _msgs_demo_generate_messages_check_deps_Point[0m
[  0%] Built target _msgs_demo_generate_messages_check_deps_Point
[35m[1mScanning dependencies of target _msgs_demo_generate_messages_check_deps_Vector3[0m
[  0%] Built target _msgs_demo_generate_messages_check_deps_Vector3
[35m[1mScanning dependencies of target _msgs_demo_generate_messages_check_deps_GetMapActionResult[0m
[  0%] Built target _msgs_demo_generate_messages_check_deps_GetMapActionResult
[35m[1mScanning dependencies of target _msgs_demo_generate_messages_check_deps_MoveBaseFeedback[0m
[  0%] Built target _msgs_demo_generate_messages_check_deps_MoveBaseFeedback
[35m[1mScanning dependencies of target _msgs_demo_generate_messages_check_deps_Pose[0m
[  0%] Built target _msgs_demo_generate_messages_check_deps_Pose
[35m[1mScanning dependencies of target _msgs_demo_generate_messages_check_deps_TalkerListener[0m
[  0%] Built target _msgs_demo_generate_messages_check_deps_TalkerListener
[35m[1mScanning dependencies of target _msgs_demo_generate_messages_check_deps_Odometry[0m
[  0%] Built target _msgs_demo_generate_messages_check_deps_Odometry
[35m[1mScanning dependencies of target std_srvs_generate_messages_nodejs[0m
[  0%] Built target std_srvs_generate_messages_nodejs
[35m[1mScanning dependencies of target _msgs_demo_generate_messages_check_deps_PoseStamped[0m
[  0%] Built target _msgs_demo_generate_messages_check_deps_PoseStamped
[35m[1mScanning dependencies of target _msgs_demo_generate_messages_check_deps_GetMapActionGoal[0m
[  0%] Built target _msgs_demo_generate_messages_check_deps_GetMapActionGoal
[35m[1mScanning dependencies of target _msgs_demo_generate_messages_check_deps_AddTwoIntsResult[0m
[  0%] Built target _msgs_demo_generate_messages_check_deps_AddTwoIntsResult
[35m[1mScanning dependencies of target _msgs_demo_generate_messages_check_deps_AddTwoIntsActionGoal[0m
[  0%] Built target _msgs_demo_generate_messages_check_deps_AddTwoIntsActionGoal
[35m[1mScanning dependencies of target _msgs_demo_generate_messages_check_deps_AddTwoIntsActionResult[0m
[  0%] Built target _msgs_demo_generate_messages_check_deps_AddTwoIntsActionResult
[35m[1mScanning dependencies of target _msgs_demo_generate_messages_check_deps_AutoDockingResult[0m
[35m[1mScanning dependencies of target sensor_msgs_generate_messages_nodejs[0m
[  0%] Built target sensor_msgs_generate_messages_nodejs
[35m[1mScanning dependencies of target std_msgs_generate_messages_nodejs[0m
[  0%] Built target _msgs_demo_generate_messages_check_deps_AutoDockingResult
[35m[1mScanning dependencies of target _msgs_demo_generate_messages_check_deps_LaserScan[0m
[  0%] Built target std_msgs_generate_messages_nodejs
[35m[1mScanning dependencies of target _msgs_demo_generate_messages_check_deps_MoveBaseAction[0m
[  0%] Built target _msgs_demo_generate_messages_check_deps_LaserScan
[  0%] Built target _msgs_demo_generate_messages_check_deps_MoveBaseAction
[35m[1mScanning dependencies of target _msgs_demo_generate_messages_check_deps_Echos[0m
[35m[1mScanning dependencies of target _msgs_demo_generate_messages_check_deps_GetMapGoal[0m
[35m[1mScanning dependencies of target nav_msgs_generate_messages_nodejs[0m
[  0%] Built target nav_msgs_generate_messages_nodejs
[  0%] Built target _msgs_demo_generate_messages_check_deps_Echos
[  0%] Built target _msgs_demo_generate_messages_check_deps_GetMapGoal
[35m[1mScanning dependencies of target _msgs_demo_generate_messages_check_deps_AddTwoIntsGoal[0m
[  0%] Built target _msgs_demo_generate_messages_check_deps_AddTwoIntsGoal
[35m[1mScanning dependencies of target actionlib_msgs_generate_messages_nodejs[0m
[  0%] Built target actionlib_msgs_generate_messages_nodejs
[35m[1mScanning dependencies of target _msgs_demo_generate_messages_check_deps_MoveBaseGoal[0m
[  0%] Built target _msgs_demo_generate_messages_check_deps_MoveBaseGoal
[35m[1mScanning dependencies of target _msgs_demo_generate_messages_check_deps_MoveBaseActionFeedback[0m
[  0%] Built target _msgs_demo_generate_messages_check_deps_MoveBaseActionFeedback
[35m[1mScanning dependencies of target _msgs_demo_generate_messages_check_deps_AutoDockingGoal[0m
[  0%] Built target _msgs_demo_generate_messages_check_deps_AutoDockingGoal
[35m[1mScanning dependencies of target _msgs_demo_generate_messages_check_deps_AddTwoInts[0m
[  0%] Built target _msgs_demo_generate_messages_check_deps_AddTwoInts
[35m[1mScanning dependencies of target _msgs_demo_generate_messages_check_deps_SetMap[0m
[35m[1mScanning dependencies of target _msgs_demo_generate_messages_check_deps_AutoDockingActionFeedback[0m
[  0%] Built target _msgs_demo_generate_messages_check_deps_SetMap
[35m[1mScanning dependencies of target _msgs_demo_generate_messages_check_deps_GetMapResult[0m
[  0%] Built target _msgs_demo_generate_messages_check_deps_AutoDockingActionFeedback
[35m[1mScanning dependencies of target _msgs_demo_generate_messages_check_deps_SetBool[0m
[  0%] Built target _msgs_demo_generate_messages_check_deps_GetMapResult
[  0%] Built target _msgs_demo_generate_messages_check_deps_SetBool
[35m[1mScanning dependencies of target _msgs_demo_generate_messages_check_deps_AutoDockingFeedback[0m
[  0%] Built target _msgs_demo_generate_messages_check_deps_AutoDockingFeedback
[35m[1mScanning dependencies of target _msgs_demo_generate_messages_check_deps_SetCameraInfo[0m
[35m[1mScanning dependencies of target _msgs_demo_generate_messages_check_deps_Empty[0m
[  0%] Built target _msgs_demo_generate_messages_check_deps_SetCameraInfo
[  0%] Built target _msgs_demo_generate_messages_check_deps_Empty
[35m[1mScanning dependencies of target _msgs_demo_generate_messages_check_deps_GetMapActionFeedback[0m
[  0%] Built target _msgs_demo_generate_messages_check_deps_GetMapActionFeedback
[35m[1mScanning dependencies of target _msgs_demo_generate_messages_check_deps_Imu[0m
[35m[1mScanning dependencies of target _msgs_demo_generate_messages_check_deps_AutoDockingAction[0m
[  0%] Built target _msgs_demo_generate_messages_check_deps_AutoDockingAction
[  0%] Built target _msgs_demo_generate_messages_check_deps_Imu
[35m[1mScanning dependencies of target _msgs_demo_generate_messages_check_deps_PoseWithCovariance[0m
[  0%] Built target _msgs_demo_generate_messages_check_deps_PoseWithCovariance
[35m[1mScanning dependencies of target _msgs_demo_generate_messages_check_deps_AddTwoIntsFeedback[0m
[35m[1mScanning dependencies of target _msgs_demo_generate_messages_check_deps_TwistWithCovariance[0m
[35m[1mScanning dependencies of target _msgs_demo_generate_messages_check_deps_AddTwoIntsAction[0m
[  0%] Built target _msgs_demo_generate_messages_check_deps_AddTwoIntsFeedback
[  0%] Built target _msgs_demo_generate_messages_check_deps_AddTwoIntsAction
[  0%] Built target _msgs_demo_generate_messages_check_deps_TwistWithCovariance
[35m[1mScanning dependencies of target _msgs_demo_generate_messages_check_deps_MoveBaseActionGoal[0m
[35m[1mScanning dependencies of target _msgs_demo_generate_messages_check_deps_GetMapAction[0m
[35m[1mScanning dependencies of target _msgs_demo_generate_messages_check_deps_Quaternion[0m
[  0%] Built target _msgs_demo_generate_messages_check_deps_Quaternion
[  0%] Built target _msgs_demo_generate_messages_check_deps_MoveBaseActionGoal
[  0%] Built target _msgs_demo_generate_messages_check_deps_GetMapAction
[35m[1mScanning dependencies of target _msgs_demo_generate_messages_check_deps_MoveBaseActionResult[0m
[35m[1mScanning dependencies of target _msgs_demo_generate_messages_check_deps_AddTwoIntsActionFeedback[0m
[35m[1mScanning dependencies of target _msgs_demo_generate_messages_check_deps_GetPlan[0m
[  0%] Built target _msgs_demo_generate_messages_check_deps_MoveBaseActionResult
[  0%] Built target _msgs_demo_generate_messages_check_deps_AddTwoIntsActionFeedback
[  0%] Built target _msgs_demo_generate_messages_check_deps_GetPlan
[35m[1mScanning dependencies of target _msgs_demo_generate_messages_check_deps_GetMap[0m
[35m[1mScanning dependencies of target _msgs_demo_generate_messages_check_deps_GetMapFeedback[0m
[  0%] Built target _msgs_demo_generate_messages_check_deps_GetMap
[35m[1mScanning dependencies of target _msgs_demo_generate_messages_check_deps_Twist[0m
[  0%] Built target _msgs_demo_generate_messages_check_deps_GetMapFeedback
[35m[1mScanning dependencies of target _msgs_demo_generate_messages_check_deps_MoveBaseResult[0m
[  0%] Built target _msgs_demo_generate_messages_check_deps_Twist
[  0%] Built target _msgs_demo_generate_messages_check_deps_MoveBaseResult
[35m[1mScanning dependencies of target _msgs_demo_generate_messages_check_deps_AutoDockingActionGoal[0m
[35m[1mScanning dependencies of target actionlib_msgs_generate_messages_cpp[0m
[  0%] Built target actionlib_msgs_generate_messages_cpp
[35m[1mScanning dependencies of target sensor_msgs_generate_messages_cpp[0m
[  0%] Built target _msgs_demo_generate_messages_check_deps_AutoDockingActionGoal
[  0%] Built target sensor_msgs_generate_messages_cpp
[35m[1mScanning dependencies of target std_msgs_generate_messages_cpp[0m
[35m[1mScanning dependencies of target nav_msgs_generate_messages_cpp[0m
[  0%] Built target std_msgs_generate_messages_cpp
[  0%] Built target nav_msgs_generate_messages_cpp
[35m[1mScanning dependencies of target std_srvs_generate_messages_cpp[0m
[  0%] Built target std_srvs_generate_messages_cpp
[35m[1mScanning dependencies of target std_srvs_generate_messages_eus[0m
[  0%] Built target std_srvs_generate_messages_eus
[35m[1mScanning dependencies of target std_msgs_generate_messages_eus[0m
[  0%] Built target std_msgs_generate_messages_eus
[35m[1mScanning dependencies of target sensor_msgs_generate_messages_eus[0m
[  0%] Built target sensor_msgs_generate_messages_eus
[35m[1mScanning dependencies of target nav_msgs_generate_messages_eus[0m
[  0%] Built target nav_msgs_generate_messages_eus
[35m[1mScanning dependencies of target actionlib_msgs_generate_messages_eus[0m
[  0%] Built target actionlib_msgs_generate_messages_eus
[35m[1mScanning dependencies of target std_srvs_generate_messages_py[0m
[  0%] Built target std_srvs_generate_messages_py
[35m[1mScanning dependencies of target sensor_msgs_generate_messages_py[0m
[  0%] Built target sensor_msgs_generate_messages_py
[35m[1mScanning dependencies of target std_msgs_generate_messages_py[0m
[  0%] Built target std_msgs_generate_messages_py
[35m[1mScanning dependencies of target nav_msgs_generate_messages_py[0m
[  0%] Built target nav_msgs_generate_messages_py
[35m[1mScanning dependencies of target actionlib_msgs_generate_messages_py[0m
[  0%] Built target actionlib_msgs_generate_messages_py
[35m[1mScanning dependencies of target sensor_msgs_generate_messages_lisp[0m
[  0%] Built target sensor_msgs_generate_messages_lisp
[35m[1mScanning dependencies of target actionlib_msgs_generate_messages_lisp[0m
[  0%] Built target actionlib_msgs_generate_messages_lisp
[35m[1mScanning dependencies of target nav_msgs_generate_messages_lisp[0m
[  0%] Built target nav_msgs_generate_messages_lisp
[35m[1mScanning dependencies of target std_srvs_generate_messages_lisp[0m
[  0%] Built target std_srvs_generate_messages_lisp
[35m[1mScanning dependencies of target std_msgs_generate_messages_lisp[0m
[  0%] Built target std_msgs_generate_messages_lisp
[35m[1mScanning dependencies of target msgs_demo_generate_messages_nodejs[0m
[  0%] [34m[1mGenerating Javascript code from msgs_demo/Pose.msg[0m
[  1%] [34m[1mGenerating Javascript code from msgs_demo/GetMapGoal.msg[0m
[  1%] [34m[1mGenerating Javascript code from msgs_demo/GetMapActionGoal.msg[0m
[  1%] [34m[1mGenerating Javascript code from msgs_demo/Twist.msg[0m
[  2%] [34m[1mGenerating Javascript code from msgs_demo/GetMapAction.msg[0m
[  2%] [34m[1mGenerating Javascript code from msgs_demo/Point.msg[0m
[  2%] [34m[1mGenerating Javascript code from msgs_demo/PoseWithCovariance.msg[0m
[  3%] [34m[1mGenerating Javascript code from msgs_demo/AutoDockingActionResult.msg[0m
[  3%] [34m[1mGenerating Javascript code from msgs_demo/Accel.msg[0m
[  4%] [34m[1mGenerating Javascript code from msgs_demo/AutoDockingGoal.msg[0m
[  4%] [34m[1mGenerating Javascript code from msgs_demo/GetMapActionResult.msg[0m
[  4%] [34m[1mGenerating Javascript code from msgs_demo/MoveBaseFeedback.msg[0m
[  5%] [34m[1mGenerating Javascript code from msgs_demo/AddTwoIntsActionResult.msg[0m
[  5%] [34m[1mGenerating Javascript code from msgs_demo/MoveBaseActionFeedback.msg[0m
[  5%] [34m[1mGenerating Javascript code from msgs_demo/AddTwoIntsGoal.msg[0m
[  6%] [34m[1mGenerating Javascript code from msgs_demo/AutoDockingActionFeedback.msg[0m
[  6%] [34m[1mGenerating Javascript code from msgs_demo/Echos.msg[0m
[  7%] [34m[1mGenerating Javascript code from msgs_demo/AutoDockingFeedback.msg[0m
[  7%] [34m[1mGenerating Javascript code from msgs_demo/Vector3.msg[0m
[  7%] [34m[1mGenerating Javascript code from msgs_demo/AutoDockingResult.msg[0m
[  8%] [34m[1mGenerating Javascript code from msgs_demo/AddTwoIntsActionGoal.msg[0m
[  8%] [34m[1mGenerating Javascript code from msgs_demo/MoveBaseActionResult.msg[0m
[  8%] [34m[1mGenerating Javascript code from msgs_demo/GetMapActionFeedback.msg[0m
[  9%] [34m[1mGenerating Javascript code from msgs_demo/Odometry.msg[0m
[  9%] [34m[1mGenerating Javascript code from msgs_demo/Imu.msg[0m
[ 10%] [34m[1mGenerating Javascript code from msgs_demo/AutoDockingAction.msg[0m
[ 10%] [34m[1mGenerating Javascript code from msgs_demo/AddTwoIntsAction.msg[0m
[ 10%] [34m[1mGenerating Javascript code from msgs_demo/TwistWithCovariance.msg[0m
[ 11%] [34m[1mGenerating Javascript code from msgs_demo/MoveBaseActionGoal.msg[0m
[ 11%] [34m[1mGenerating Javascript code from msgs_demo/AddTwoIntsResult.msg[0m
[ 11%] [34m[1mGenerating Javascript code from msgs_demo/Quaternion.msg[0m
[ 12%] [34m[1mGenerating Javascript code from msgs_demo/AddTwoIntsActionFeedback.msg[0m
[ 12%] [34m[1mGenerating Javascript code from msgs_demo/PoseStamped.msg[0m
[ 12%] [34m[1mGenerating Javascript code from msgs_demo/GetMapResult.msg[0m
[ 13%] [34m[1mGenerating Javascript code from msgs_demo/MoveBaseGoal.msg[0m
[ 13%] [34m[1mGenerating Javascript code from msgs_demo/GetMapFeedback.msg[0m
[ 14%] [34m[1mGenerating Javascript code from msgs_demo/MoveBaseResult.msg[0m
[ 14%] [34m[1mGenerating Javascript code from msgs_demo/MoveBaseAction.msg[0m
[ 14%] [34m[1mGenerating Javascript code from msgs_demo/AddTwoIntsFeedback.msg[0m
[ 15%] [34m[1mGenerating Javascript code from msgs_demo/LaserScan.msg[0m
[ 15%] [34m[1mGenerating Javascript code from msgs_demo/Power.msg[0m
[ 15%] [34m[1mGenerating Javascript code from msgs_demo/AutoDockingActionGoal.msg[0m
[ 16%] [34m[1mGenerating Javascript code from msgs_demo/SetCameraInfo.srv[0m
[ 16%] [34m[1mGenerating Javascript code from msgs_demo/GetPlan.srv[0m
[ 17%] [34m[1mGenerating Javascript code from msgs_demo/Empty.srv[0m
[ 17%] [34m[1mGenerating Javascript code from msgs_demo/SetBool.srv[0m
[ 17%] [34m[1mGenerating Javascript code from msgs_demo/SetMap.srv[0m
[ 18%] [34m[1mGenerating Javascript code from msgs_demo/AddTwoInts.srv[0m
[ 18%] [34m[1mGenerating Javascript code from msgs_demo/Trigger.srv[0m
[ 18%] [34m[1mGenerating Javascript code from msgs_demo/TalkerListener.srv[0m
[ 19%] [34m[1mGenerating Javascript code from msgs_demo/GetMap.srv[0m
[ 19%] Built target msgs_demo_generate_messages_nodejs
[35m[1mScanning dependencies of target msgs_demo_generate_messages_cpp[0m
[ 19%] [34m[1mGenerating C++ code from msgs_demo/Pose.msg[0m
[ 19%] [34m[1mGenerating C++ code from msgs_demo/GetMapGoal.msg[0m
[ 20%] [34m[1mGenerating C++ code from msgs_demo/GetMapActionGoal.msg[0m
[ 20%] [34m[1mGenerating C++ code from msgs_demo/Twist.msg[0m
[ 20%] [34m[1mGenerating C++ code from msgs_demo/GetMapAction.msg[0m
[ 21%] [34m[1mGenerating C++ code from msgs_demo/Point.msg[0m
[ 21%] [34m[1mGenerating C++ code from msgs_demo/PoseWithCovariance.msg[0m
[ 22%] [34m[1mGenerating C++ code from msgs_demo/AutoDockingActionResult.msg[0m
[ 22%] [34m[1mGenerating C++ code from msgs_demo/Accel.msg[0m
[ 22%] [34m[1mGenerating C++ code from msgs_demo/AutoDockingGoal.msg[0m
[ 23%] [34m[1mGenerating C++ code from msgs_demo/GetMapActionResult.msg[0m
[ 23%] [34m[1mGenerating C++ code from msgs_demo/MoveBaseFeedback.msg[0m
[ 23%] [34m[1mGenerating C++ code from msgs_demo/AddTwoIntsActionResult.msg[0m
[ 25%] [34m[1mGenerating C++ code from msgs_demo/MoveBaseActionFeedback.msg[0m
[ 25%] [34m[1mGenerating C++ code from msgs_demo/AddTwoIntsGoal.msg[0m
[ 26%] [34m[1mGenerating C++ code from msgs_demo/AutoDockingActionFeedback.msg[0m
[ 26%] [34m[1mGenerating C++ code from msgs_demo/Echos.msg[0m
[ 26%] [34m[1mGenerating C++ code from msgs_demo/AutoDockingFeedback.msg[0m
[ 27%] [34m[1mGenerating C++ code from msgs_demo/Vector3.msg[0m
[ 27%] [34m[1mGenerating C++ code from msgs_demo/AutoDockingResult.msg[0m
[ 27%] [34m[1mGenerating C++ code from msgs_demo/AddTwoIntsActionGoal.msg[0m
[ 28%] [34m[1mGenerating C++ code from msgs_demo/MoveBaseActionResult.msg[0m
[ 28%] [34m[1mGenerating C++ code from msgs_demo/GetMapActionFeedback.msg[0m
[ 29%] [34m[1mGenerating C++ code from msgs_demo/Odometry.msg[0m
[ 29%] [34m[1mGenerating C++ code from msgs_demo/Imu.msg[0m
[ 29%] [34m[1mGenerating C++ code from msgs_demo/AutoDockingAction.msg[0m
[ 30%] [34m[1mGenerating C++ code from msgs_demo/AddTwoIntsAction.msg[0m
[ 30%] [34m[1mGenerating C++ code from msgs_demo/TwistWithCovariance.msg[0m
[ 30%] [34m[1mGenerating C++ code from msgs_demo/MoveBaseActionGoal.msg[0m
[ 31%] [34m[1mGenerating C++ code from msgs_demo/AddTwoIntsResult.msg[0m
[ 31%] [34m[1mGenerating C++ code from msgs_demo/Quaternion.msg[0m
[ 31%] [34m[1mGenerating C++ code from msgs_demo/AddTwoIntsActionFeedback.msg[0m
[ 32%] [34m[1mGenerating C++ code from msgs_demo/PoseStamped.msg[0m
[ 32%] [34m[1mGenerating C++ code from msgs_demo/GetMapResult.msg[0m
[ 33%] [34m[1mGenerating C++ code from msgs_demo/MoveBaseGoal.msg[0m
[ 33%] [34m[1mGenerating C++ code from msgs_demo/GetMapFeedback.msg[0m
[ 33%] [34m[1mGenerating C++ code from msgs_demo/MoveBaseResult.msg[0m
[ 34%] [34m[1mGenerating C++ code from msgs_demo/MoveBaseAction.msg[0m
[ 34%] [34m[1mGenerating C++ code from msgs_demo/AddTwoIntsFeedback.msg[0m
[ 34%] [34m[1mGenerating C++ code from msgs_demo/LaserScan.msg[0m
[ 35%] [34m[1mGenerating C++ code from msgs_demo/Power.msg[0m
[35m[1mScanning dependencies of target msgs_demo_generate_messages_eus[0m
[ 35%] [34m[1mGenerating EusLisp code from msgs_demo/Pose.msg[0m
[ 35%] [34m[1mGenerating C++ code from msgs_demo/AutoDockingActionGoal.msg[0m
[ 35%] [34m[1mGenerating EusLisp code from msgs_demo/GetMapGoal.msg[0m
[ 36%] [34m[1mGenerating EusLisp code from msgs_demo/GetMapActionGoal.msg[0m
[ 37%] [34m[1mGenerating C++ code from msgs_demo/SetCameraInfo.srv[0m
[ 37%] [34m[1mGenerating EusLisp code from msgs_demo/Twist.msg[0m
[ 37%] [34m[1mGenerating EusLisp code from msgs_demo/GetMapAction.msg[0m
[ 38%] [34m[1mGenerating EusLisp code from msgs_demo/Point.msg[0m
[ 38%] [34m[1mGenerating C++ code from msgs_demo/GetPlan.srv[0m
[ 38%] [34m[1mGenerating EusLisp code from msgs_demo/PoseWithCovariance.msg[0m
[ 39%] [34m[1mGenerating EusLisp code from msgs_demo/AutoDockingActionResult.msg[0m
[ 39%] [34m[1mGenerating EusLisp code from msgs_demo/Accel.msg[0m
[ 39%] [34m[1mGenerating C++ code from msgs_demo/Empty.srv[0m
[ 39%] [34m[1mGenerating EusLisp code from msgs_demo/AutoDockingGoal.msg[0m
[ 40%] [34m[1mGenerating EusLisp code from msgs_demo/GetMapActionResult.msg[0m
[ 40%] [34m[1mGenerating EusLisp code from msgs_demo/MoveBaseFeedback.msg[0m
[ 41%] [34m[1mGenerating C++ code from msgs_demo/SetBool.srv[0m
[ 41%] [34m[1mGenerating EusLisp code from msgs_demo/AddTwoIntsActionResult.msg[0m
[ 42%] [34m[1mGenerating EusLisp code from msgs_demo/MoveBaseActionFeedback.msg[0m
[ 42%] [34m[1mGenerating EusLisp code from msgs_demo/AddTwoIntsGoal.msg[0m
[ 42%] [34m[1mGenerating C++ code from msgs_demo/SetMap.srv[0m
[ 42%] [34m[1mGenerating EusLisp code from msgs_demo/AutoDockingActionFeedback.msg[0m
[ 43%] [34m[1mGenerating EusLisp code from msgs_demo/Echos.msg[0m
[ 43%] [34m[1mGenerating EusLisp code from msgs_demo/AutoDockingFeedback.msg[0m
[ 43%] [34m[1mGenerating C++ code from msgs_demo/AddTwoInts.srv[0m
[ 44%] [34m[1mGenerating EusLisp code from msgs_demo/Vector3.msg[0m
[ 44%] [34m[1mGenerating EusLisp code from msgs_demo/AutoDockingResult.msg[0m
[ 44%] [34m[1mGenerating EusLisp code from msgs_demo/AddTwoIntsActionGoal.msg[0m
[ 45%] [34m[1mGenerating C++ code from msgs_demo/Trigger.srv[0m
[ 46%] [34m[1mGenerating EusLisp code from msgs_demo/MoveBaseActionResult.msg[0m
[ 46%] [34m[1mGenerating EusLisp code from msgs_demo/GetMapActionFeedback.msg[0m
[ 46%] [34m[1mGenerating C++ code from msgs_demo/TalkerListener.srv[0m
[ 46%] [34m[1mGenerating EusLisp code from msgs_demo/Odometry.msg[0m
[ 47%] [34m[1mGenerating EusLisp code from msgs_demo/Imu.msg[0m
[ 48%] [34m[1mGenerating C++ code from msgs_demo/GetMap.srv[0m
[ 48%] [34m[1mGenerating EusLisp code from msgs_demo/AutoDockingAction.msg[0m
[ 50%] [34m[1mGenerating EusLisp code from msgs_demo/AddTwoIntsAction.msg[0m
[ 50%] [34m[1mGenerating EusLisp code from msgs_demo/TwistWithCovariance.msg[0m
[ 50%] Built target msgs_demo_generate_messages_cpp
[35m[1mScanning dependencies of target msgs_demo_generate_messages_py[0m
[ 50%] [34m[1mGenerating Python from MSG msgs_demo/Pose[0m
[ 50%] [34m[1mGenerating EusLisp code from msgs_demo/MoveBaseActionGoal.msg[0m
[ 51%] [34m[1mGenerating Python from MSG msgs_demo/GetMapGoal[0m
[ 52%] [34m[1mGenerating EusLisp code from msgs_demo/AddTwoIntsResult.msg[0m
[ 52%] [34m[1mGenerating Python from MSG msgs_demo/GetMapActionGoal[0m
[ 52%] [34m[1mGenerating EusLisp code from msgs_demo/Quaternion.msg[0m
[ 52%] [34m[1mGenerating EusLisp code from msgs_demo/AddTwoIntsActionFeedback.msg[0m
[ 52%] [34m[1mGenerating Python from MSG msgs_demo/Twist[0m
[ 53%] [34m[1mGenerating EusLisp code from msgs_demo/PoseStamped.msg[0m
[ 53%] [34m[1mGenerating EusLisp code from msgs_demo/GetMapResult.msg[0m
[ 54%] [34m[1mGenerating EusLisp code from msgs_demo/MoveBaseGoal.msg[0m
[ 54%] [34m[1mGenerating EusLisp code from msgs_demo/GetMapFeedback.msg[0m
[ 55%] [34m[1mGenerating Python from MSG msgs_demo/GetMapAction[0m
[ 55%] [34m[1mGenerating EusLisp code from msgs_demo/MoveBaseResult.msg[0m
[ 56%] [34m[1mGenerating EusLisp code from msgs_demo/MoveBaseAction.msg[0m
[ 56%] [34m[1mGenerating EusLisp code from msgs_demo/AddTwoIntsFeedback.msg[0m
[ 56%] [34m[1mGenerating Python from MSG msgs_demo/Point[0m
[ 56%] [34m[1mGenerating EusLisp code from msgs_demo/LaserScan.msg[0m
[ 57%] [34m[1mGenerating EusLisp code from msgs_demo/Power.msg[0m
[ 57%] [34m[1mGenerating Python from MSG msgs_demo/PoseWithCovariance[0m
[ 57%] [34m[1mGenerating EusLisp code from msgs_demo/AutoDockingActionGoal.msg[0m
[ 58%] [34m[1mGenerating Python from MSG msgs_demo/AutoDockingActionResult[0m
[ 58%] [34m[1mGenerating Python from MSG msgs_demo/Accel[0m
[ 59%] [34m[1mGenerating EusLisp code from msgs_demo/SetCameraInfo.srv[0m
[ 60%] [34m[1mGenerating Python from MSG msgs_demo/AutoDockingGoal[0m
[ 60%] [34m[1mGenerating EusLisp code from msgs_demo/GetPlan.srv[0m
[ 60%] [34m[1mGenerating Python from MSG msgs_demo/GetMapActionResult[0m
[ 60%] [34m[1mGenerating Python from MSG msgs_demo/MoveBaseFeedback[0m
[ 60%] [34m[1mGenerating EusLisp code from msgs_demo/Empty.srv[0m
[ 61%] [34m[1mGenerating EusLisp code from msgs_demo/SetBool.srv[0m
[ 62%] [34m[1mGenerating Python from MSG msgs_demo/AddTwoIntsActionResult[0m
[ 62%] [34m[1mGenerating Python from MSG msgs_demo/MoveBaseActionFeedback[0m
[ 62%] [34m[1mGenerating EusLisp code from msgs_demo/SetMap.srv[0m
[ 62%] [34m[1mGenerating Python from MSG msgs_demo/AddTwoIntsGoal[0m
[ 62%] [34m[1mGenerating EusLisp code from msgs_demo/AddTwoInts.srv[0m
[ 63%] [34m[1mGenerating Python from MSG msgs_demo/AutoDockingActionFeedback[0m
[ 64%] [34m[1mGenerating EusLisp code from msgs_demo/Trigger.srv[0m
[ 64%] [34m[1mGenerating Python from MSG msgs_demo/Echos[0m
[ 64%] [34m[1mGenerating EusLisp code from msgs_demo/TalkerListener.srv[0m
[ 65%] [34m[1mGenerating EusLisp code from msgs_demo/GetMap.srv[0m
[ 65%] [34m[1mGenerating Python from MSG msgs_demo/AutoDockingFeedback[0m
[ 66%] [34m[1mGenerating Python from MSG msgs_demo/Vector3[0m
[ 66%] [34m[1mGenerating EusLisp manifest code for msgs_demo[0m
[ 66%] [34m[1mGenerating Python from MSG msgs_demo/AutoDockingResult[0m
[ 67%] [34m[1mGenerating Python from MSG msgs_demo/AddTwoIntsActionGoal[0m
[ 67%] [34m[1mGenerating Python from MSG msgs_demo/MoveBaseActionResult[0m
[ 67%] [34m[1mGenerating Python from MSG msgs_demo/GetMapActionFeedback[0m
[ 68%] [34m[1mGenerating Python from MSG msgs_demo/Odometry[0m
[35m[1mScanning dependencies of target msgs_demo_generate_messages_lisp[0m
[ 68%] [34m[1mGenerating Lisp code from msgs_demo/Pose.msg[0m
[ 69%] [34m[1mGenerating Lisp code from msgs_demo/GetMapGoal.msg[0m
[ 69%] [34m[1mGenerating Python from MSG msgs_demo/Imu[0m
[ 69%] [34m[1mGenerating Lisp code from msgs_demo/GetMapActionGoal.msg[0m
[ 69%] Built target msgs_demo_generate_messages_eus
[ 69%] [34m[1mGenerating Lisp code from msgs_demo/Twist.msg[0m
[ 70%] [34m[1mGenerating Lisp code from msgs_demo/GetMapAction.msg[0m
[ 70%] [34m[1mGenerating Python from MSG msgs_demo/AutoDockingAction[0m
[ 70%] [34m[1mGenerating Lisp code from msgs_demo/Point.msg[0m
[ 70%] [34m[1mGenerating Lisp code from msgs_demo/PoseWithCovariance.msg[0m
[ 71%] [34m[1mGenerating Python from MSG msgs_demo/AddTwoIntsAction[0m
[ 72%] [34m[1mGenerating Lisp code from msgs_demo/AutoDockingActionResult.msg[0m
[ 72%] [34m[1mGenerating Python from MSG msgs_demo/TwistWithCovariance[0m
[ 73%] [34m[1mGenerating Python from MSG msgs_demo/MoveBaseActionGoal[0m
[ 73%] [34m[1mGenerating Lisp code from msgs_demo/Accel.msg[0m
[ 73%] [34m[1mGenerating Python from MSG msgs_demo/AddTwoIntsResult[0m
[ 75%] [34m[1mGenerating Lisp code from msgs_demo/AutoDockingGoal.msg[0m
[ 75%] [34m[1mGenerating Lisp code from msgs_demo/GetMapActionResult.msg[0m
[ 75%] [34m[1mGenerating Python from MSG msgs_demo/Quaternion[0m
[ 76%] [34m[1mGenerating Python from MSG msgs_demo/AddTwoIntsActionFeedback[0m
[ 76%] [34m[1mGenerating Lisp code from msgs_demo/MoveBaseFeedback.msg[0m
[ 77%] [34m[1mGenerating Lisp code from msgs_demo/AddTwoIntsActionResult.msg[0m
[ 77%] [34m[1mGenerating Python from MSG msgs_demo/PoseStamped[0m
[ 77%] [34m[1mGenerating Lisp code from msgs_demo/MoveBaseActionFeedback.msg[0m
[ 77%] [34m[1mGenerating Python from MSG msgs_demo/GetMapResult[0m
[ 77%] [34m[1mGenerating Lisp code from msgs_demo/AddTwoIntsGoal.msg[0m
[ 78%] [34m[1mGenerating Lisp code from msgs_demo/AutoDockingActionFeedback.msg[0m
[ 79%] [34m[1mGenerating Python from MSG msgs_demo/MoveBaseGoal[0m
[ 79%] [34m[1mGenerating Lisp code from msgs_demo/Echos.msg[0m
[ 80%] [34m[1mGenerating Lisp code from msgs_demo/AutoDockingFeedback.msg[0m
[ 80%] [34m[1mGenerating Python from MSG msgs_demo/GetMapFeedback[0m
[ 80%] [34m[1mGenerating Lisp code from msgs_demo/Vector3.msg[0m
[ 80%] [34m[1mGenerating Lisp code from msgs_demo/AutoDockingResult.msg[0m
[ 81%] [34m[1mGenerating Lisp code from msgs_demo/AddTwoIntsActionGoal.msg[0m
[ 82%] [34m[1mGenerating Python from MSG msgs_demo/MoveBaseResult[0m
[ 82%] [34m[1mGenerating Lisp code from msgs_demo/MoveBaseActionResult.msg[0m
[ 82%] [34m[1mGenerating Python from MSG msgs_demo/MoveBaseAction[0m
[ 82%] [34m[1mGenerating Lisp code from msgs_demo/GetMapActionFeedback.msg[0m
[ 83%] [34m[1mGenerating Lisp code from msgs_demo/Odometry.msg[0m
[ 83%] [34m[1mGenerating Python from MSG msgs_demo/AddTwoIntsFeedback[0m
[ 83%] [34m[1mGenerating Lisp code from msgs_demo/Imu.msg[0m
[ 84%] [34m[1mGenerating Lisp code from msgs_demo/AutoDockingAction.msg[0m
[ 85%] [34m[1mGenerating Python from MSG msgs_demo/LaserScan[0m
[ 85%] [34m[1mGenerating Lisp code from msgs_demo/AddTwoIntsAction.msg[0m
[ 85%] [34m[1mGenerating Lisp code from msgs_demo/TwistWithCovariance.msg[0m
[ 86%] [34m[1mGenerating Lisp code from msgs_demo/MoveBaseActionGoal.msg[0m
[ 86%] [34m[1mGenerating Python from MSG msgs_demo/Power[0m
[ 86%] [34m[1mGenerating Python from MSG msgs_demo/AutoDockingActionGoal[0m
[ 86%] [34m[1mGenerating Lisp code from msgs_demo/AddTwoIntsResult.msg[0m
[ 86%] [34m[1mGenerating Lisp code from msgs_demo/Quaternion.msg[0m
[ 87%] [34m[1mGenerating Python code from SRV msgs_demo/SetCameraInfo[0m
[ 88%] [34m[1mGenerating Lisp code from msgs_demo/AddTwoIntsActionFeedback.msg[0m
[ 88%] [34m[1mGenerating Lisp code from msgs_demo/PoseStamped.msg[0m
[ 88%] [34m[1mGenerating Python code from SRV msgs_demo/GetPlan[0m
[ 89%] [34m[1mGenerating Lisp code from msgs_demo/GetMapResult.msg[0m
[ 89%] [34m[1mGenerating Lisp code from msgs_demo/MoveBaseGoal.msg[0m
[ 90%] [34m[1mGenerating Python code from SRV msgs_demo/Empty[0m
[ 90%] [34m[1mGenerating Python code from SRV msgs_demo/SetBool[0m
[ 90%] [34m[1mGenerating Lisp code from msgs_demo/GetMapFeedback.msg[0m
[ 91%] [34m[1mGenerating Lisp code from msgs_demo/MoveBaseResult.msg[0m
[ 91%] [34m[1mGenerating Python code from SRV msgs_demo/SetMap[0m
[ 91%] [34m[1mGenerating Lisp code from msgs_demo/MoveBaseAction.msg[0m
[ 91%] [34m[1mGenerating Lisp code from msgs_demo/AddTwoIntsFeedback.msg[0m
[ 92%] [34m[1mGenerating Python code from SRV msgs_demo/AddTwoInts[0m
[ 93%] [34m[1mGenerating Lisp code from msgs_demo/LaserScan.msg[0m
[ 93%] [34m[1mGenerating Lisp code from msgs_demo/Power.msg[0m
[ 93%] [34m[1mGenerating Lisp code from msgs_demo/AutoDockingActionGoal.msg[0m
[ 93%] [34m[1mGenerating Python code from SRV msgs_demo/Trigger[0m
[ 94%] [34m[1mGenerating Lisp code from msgs_demo/SetCameraInfo.srv[0m
[ 94%] [34m[1mGenerating Lisp code from msgs_demo/GetPlan.srv[0m
[ 95%] [34m[1mGenerating Lisp code from msgs_demo/Empty.srv[0m
[ 95%] [34m[1mGenerating Lisp code from msgs_demo/SetMap.srv[0m
[ 95%] [34m[1mGenerating Lisp code from msgs_demo/SetBool.srv[0m
[ 96%] [34m[1mGenerating Lisp code from msgs_demo/AddTwoInts.srv[0m
[ 96%] [34m[1mGenerating Python code from SRV msgs_demo/TalkerListener[0m
[ 97%] [34m[1mGenerating Python code from SRV msgs_demo/GetMap[0m
[ 97%] [34m[1mGenerating Lisp code from msgs_demo/Trigger.srv[0m
[ 97%] [34m[1mGenerating Lisp code from msgs_demo/TalkerListener.srv[0m
[ 98%] [34m[1mGenerating Lisp code from msgs_demo/GetMap.srv[0m
[ 98%] Built target msgs_demo_generate_messages_lisp
[100%] [34m[1mGenerating Python srv __init__.py for msgs_demo[0m
[100%] [34m[1mGenerating Python msg __init__.py for msgs_demo[0m
[100%] Built target msgs_demo_generate_messages_py
[35m[1mScanning dependencies of target msgs_demo_generate_messages[0m
[100%] Built target msgs_demo_generate_messages
