[  0%] Built target _msgs_demo_generate_messages_check_deps_Trigger
[  0%] Built target _msgs_demo_generate_messages_check_deps_Accel
[  0%] Built target _msgs_demo_generate_messages_check_deps_AutoDockingActionResult
[  0%] Built target _msgs_demo_generate_messages_check_deps_Power
[  0%] Built target _msgs_demo_generate_messages_check_deps_Point
[  0%] Built target _msgs_demo_generate_messages_check_deps_Vector3
[  0%] Built target _msgs_demo_generate_messages_check_deps_GetMapActionResult
[  0%] Built target _msgs_demo_generate_messages_check_deps_MoveBaseFeedback
[  0%] Built target _msgs_demo_generate_messages_check_deps_Pose
[  0%] Built target _msgs_demo_generate_messages_check_deps_TalkerListener
[  0%] Built target _msgs_demo_generate_messages_check_deps_Odometry
[  0%] Built target std_srvs_generate_messages_nodejs
[  0%] Built target _msgs_demo_generate_messages_check_deps_PoseStamped
[  0%] Built target _msgs_demo_generate_messages_check_deps_GetMapActionGoal
[  0%] Built target _msgs_demo_generate_messages_check_deps_AddTwoIntsResult
[  0%] Built target _msgs_demo_generate_messages_check_deps_AddTwoIntsActionGoal
[  0%] Built target _msgs_demo_generate_messages_check_deps_AddTwoIntsActionResult
[  0%] Built target _msgs_demo_generate_messages_check_deps_AutoDockingResult
[  0%] Built target sensor_msgs_generate_messages_nodejs
[  0%] Built target std_msgs_generate_messages_nodejs
[  0%] Built target _msgs_demo_generate_messages_check_deps_LaserScan
[  0%] Built target _msgs_demo_generate_messages_check_deps_MoveBaseAction
[  0%] Built target _msgs_demo_generate_messages_check_deps_Echos
[  0%] Built target nav_msgs_generate_messages_nodejs
[  0%] Built target _msgs_demo_generate_messages_check_deps_GetMapGoal
[  0%] Built target _msgs_demo_generate_messages_check_deps_AddTwoIntsGoal
[  0%] Built target actionlib_msgs_generate_messages_nodejs
[  0%] Built target _msgs_demo_generate_messages_check_deps_MoveBaseGoal
[  0%] Built target _msgs_demo_generate_messages_check_deps_MoveBaseActionFeedback
[  0%] Built target _msgs_demo_generate_messages_check_deps_AutoDockingGoal
[  0%] Built target _msgs_demo_generate_messages_check_deps_AddTwoInts
[  0%] Built target _msgs_demo_generate_messages_check_deps_SetMap
[  0%] Built target _msgs_demo_generate_messages_check_deps_AutoDockingActionFeedback
[  0%] Built target _msgs_demo_generate_messages_check_deps_GetMapResult
[  0%] Built target _msgs_demo_generate_messages_check_deps_SetBool
[  0%] Built target _msgs_demo_generate_messages_check_deps_AutoDockingFeedback
[  0%] Built target _msgs_demo_generate_messages_check_deps_SetCameraInfo
[  0%] Built target _msgs_demo_generate_messages_check_deps_Empty
[  0%] Built target _msgs_demo_generate_messages_check_deps_GetMapActionFeedback
[  0%] Built target _msgs_demo_generate_messages_check_deps_Imu
[  0%] Built target _msgs_demo_generate_messages_check_deps_AutoDockingAction
[  0%] Built target _msgs_demo_generate_messages_check_deps_PoseWithCovariance
[  0%] Built target _msgs_demo_generate_messages_check_deps_TwistWithCovariance
[  0%] Built target _msgs_demo_generate_messages_check_deps_AddTwoIntsFeedback
[  0%] Built target _msgs_demo_generate_messages_check_deps_AddTwoIntsAction
[  0%] Built target _msgs_demo_generate_messages_check_deps_MoveBaseActionGoal
[  0%] Built target _msgs_demo_generate_messages_check_deps_GetMapAction
[  0%] Built target _msgs_demo_generate_messages_check_deps_Quaternion
[  0%] Built target _msgs_demo_generate_messages_check_deps_AddTwoIntsActionFeedback
[  0%] Built target _msgs_demo_generate_messages_check_deps_MoveBaseActionResult
[  0%] Built target _msgs_demo_generate_messages_check_deps_GetPlan
[  0%] Built target _msgs_demo_generate_messages_check_deps_GetMap
[  0%] Built target _msgs_demo_generate_messages_check_deps_GetMapFeedback
[  0%] Built target _msgs_demo_generate_messages_check_deps_Twist
[  0%] Built target _msgs_demo_generate_messages_check_deps_MoveBaseResult
[  0%] Built target _msgs_demo_generate_messages_check_deps_AutoDockingActionGoal
[  0%] Built target actionlib_msgs_generate_messages_cpp
[  0%] Built target sensor_msgs_generate_messages_cpp
[  0%] Built target std_msgs_generate_messages_cpp
[  0%] Built target nav_msgs_generate_messages_cpp
[  0%] Built target std_srvs_generate_messages_cpp
[  0%] Built target std_srvs_generate_messages_eus
[  0%] Built target std_msgs_generate_messages_eus
[  0%] Built target sensor_msgs_generate_messages_eus
[  0%] Built target nav_msgs_generate_messages_eus
[  0%] Built target actionlib_msgs_generate_messages_eus
[  0%] Built target std_srvs_generate_messages_py
[  0%] Built target sensor_msgs_generate_messages_py
[  0%] Built target std_msgs_generate_messages_py
[  0%] Built target nav_msgs_generate_messages_py
[  0%] Built target actionlib_msgs_generate_messages_py
[  0%] Built target sensor_msgs_generate_messages_lisp
[  0%] Built target actionlib_msgs_generate_messages_lisp
[  0%] Built target nav_msgs_generate_messages_lisp
[  0%] Built target std_srvs_generate_messages_lisp
[  0%] Built target std_msgs_generate_messages_lisp
[ 19%] Built target msgs_demo_generate_messages_nodejs
[ 39%] Built target msgs_demo_generate_messages_cpp
[ 59%] Built target msgs_demo_generate_messages_eus
[ 80%] Built target msgs_demo_generate_messages_py
[100%] Built target msgs_demo_generate_messages_lisp
[100%] Built target msgs_demo_generate_messages
