Symlinking /home/chris/catkin_ws/devel/share/roseus/ros/msgs_demo/manifest.l
Symlinking /home/chris/catkin_ws/devel/share/roseus/ros/msgs_demo/srv/SetMap.l
Symlinking /home/chris/catkin_ws/devel/share/roseus/ros/msgs_demo/srv/Empty.l
Symlinking /home/chris/catkin_ws/devel/share/roseus/ros/msgs_demo/srv/TalkerListener.l
Symlinking /home/chris/catkin_ws/devel/share/roseus/ros/msgs_demo/srv/GetPlan.l
Symlinking /home/chris/catkin_ws/devel/share/roseus/ros/msgs_demo/srv/SetBool.l
Symlinking /home/chris/catkin_ws/devel/share/roseus/ros/msgs_demo/srv/GetMap.l
Symlinking /home/chris/catkin_ws/devel/share/roseus/ros/msgs_demo/srv/AddTwoInts.l
Symlinking /home/chris/catkin_ws/devel/share/roseus/ros/msgs_demo/srv/SetCameraInfo.l
Symlinking /home/chris/catkin_ws/devel/share/roseus/ros/msgs_demo/srv/Trigger.l
Symlinking /home/chris/catkin_ws/devel/share/roseus/ros/msgs_demo/msg/GetMapGoal.l
Symlinking /home/chris/catkin_ws/devel/share/roseus/ros/msgs_demo/msg/AddTwoIntsActionGoal.l
Symlinking /home/chris/catkin_ws/devel/share/roseus/ros/msgs_demo/msg/Vector3.l
Symlinking /home/chris/catkin_ws/devel/share/roseus/ros/msgs_demo/msg/Point.l
Symlinking /home/chris/catkin_ws/devel/share/roseus/ros/msgs_demo/msg/AutoDockingGoal.l
Symlinking /home/chris/catkin_ws/devel/share/roseus/ros/msgs_demo/msg/GetMapActionGoal.l
Symlinking /home/chris/catkin_ws/devel/share/roseus/ros/msgs_demo/msg/Accel.l
Symlinking /home/chris/catkin_ws/devel/share/roseus/ros/msgs_demo/msg/LaserScan.l
Symlinking /home/chris/catkin_ws/devel/share/roseus/ros/msgs_demo/msg/AddTwoIntsActionResult.l
Symlinking /home/chris/catkin_ws/devel/share/roseus/ros/msgs_demo/msg/Quaternion.l
Symlinking /home/chris/catkin_ws/devel/share/roseus/ros/msgs_demo/msg/MoveBaseGoal.l
Symlinking /home/chris/catkin_ws/devel/share/roseus/ros/msgs_demo/msg/Twist.l
Symlinking /home/chris/catkin_ws/devel/share/roseus/ros/msgs_demo/msg/AutoDockingFeedback.l
Symlinking /home/chris/catkin_ws/devel/share/roseus/ros/msgs_demo/msg/AutoDockingResult.l
Symlinking /home/chris/catkin_ws/devel/share/roseus/ros/msgs_demo/msg/GetMapResult.l
Symlinking /home/chris/catkin_ws/devel/share/roseus/ros/msgs_demo/msg/GetMapAction.l
Symlinking /home/chris/catkin_ws/devel/share/roseus/ros/msgs_demo/msg/Echos.l
Symlinking /home/chris/catkin_ws/devel/share/roseus/ros/msgs_demo/msg/GetMapFeedback.l
Symlinking /home/chris/catkin_ws/devel/share/roseus/ros/msgs_demo/msg/MoveBaseActionGoal.l
Symlinking /home/chris/catkin_ws/devel/share/roseus/ros/msgs_demo/msg/MoveBaseAction.l
Symlinking /home/chris/catkin_ws/devel/share/roseus/ros/msgs_demo/msg/AutoDockingActionGoal.l
Symlinking /home/chris/catkin_ws/devel/share/roseus/ros/msgs_demo/msg/AutoDockingAction.l
Symlinking /home/chris/catkin_ws/devel/share/roseus/ros/msgs_demo/msg/GetMapActionFeedback.l
Symlinking /home/chris/catkin_ws/devel/share/roseus/ros/msgs_demo/msg/MoveBaseResult.l
Symlinking /home/chris/catkin_ws/devel/share/roseus/ros/msgs_demo/msg/GetMapActionResult.l
Symlinking /home/chris/catkin_ws/devel/share/roseus/ros/msgs_demo/msg/Imu.l
Symlinking /home/chris/catkin_ws/devel/share/roseus/ros/msgs_demo/msg/Odometry.l
Symlinking /home/chris/catkin_ws/devel/share/roseus/ros/msgs_demo/msg/MoveBaseFeedback.l
Symlinking /home/chris/catkin_ws/devel/share/roseus/ros/msgs_demo/msg/AutoDockingActionResult.l
Symlinking /home/chris/catkin_ws/devel/share/roseus/ros/msgs_demo/msg/TwistWithCovariance.l
Symlinking /home/chris/catkin_ws/devel/share/roseus/ros/msgs_demo/msg/MoveBaseActionResult.l
Symlinking /home/chris/catkin_ws/devel/share/roseus/ros/msgs_demo/msg/Pose.l
Symlinking /home/chris/catkin_ws/devel/share/roseus/ros/msgs_demo/msg/PoseStamped.l
Symlinking /home/chris/catkin_ws/devel/share/roseus/ros/msgs_demo/msg/AddTwoIntsActionFeedback.l
Symlinking /home/chris/catkin_ws/devel/share/roseus/ros/msgs_demo/msg/AddTwoIntsGoal.l
Symlinking /home/chris/catkin_ws/devel/share/roseus/ros/msgs_demo/msg/AddTwoIntsResult.l
Symlinking /home/chris/catkin_ws/devel/share/roseus/ros/msgs_demo/msg/AddTwoIntsAction.l
Symlinking /home/chris/catkin_ws/devel/share/roseus/ros/msgs_demo/msg/MoveBaseActionFeedback.l
Symlinking /home/chris/catkin_ws/devel/share/roseus/ros/msgs_demo/msg/Power.l
Symlinking /home/chris/catkin_ws/devel/share/roseus/ros/msgs_demo/msg/AddTwoIntsFeedback.l
Symlinking /home/chris/catkin_ws/devel/share/roseus/ros/msgs_demo/msg/AutoDockingActionFeedback.l
Symlinking /home/chris/catkin_ws/devel/share/roseus/ros/msgs_demo/msg/PoseWithCovariance.l
Symlinking /home/chris/catkin_ws/devel/share/gennodejs/ros/msgs_demo/_index.js
Symlinking /home/chris/catkin_ws/devel/share/gennodejs/ros/msgs_demo/srv/Empty.js
Symlinking /home/chris/catkin_ws/devel/share/gennodejs/ros/msgs_demo/srv/SetBool.js
Symlinking /home/chris/catkin_ws/devel/share/gennodejs/ros/msgs_demo/srv/_index.js
Symlinking /home/chris/catkin_ws/devel/share/gennodejs/ros/msgs_demo/srv/TalkerListener.js
Symlinking /home/chris/catkin_ws/devel/share/gennodejs/ros/msgs_demo/srv/AddTwoInts.js
Symlinking /home/chris/catkin_ws/devel/share/gennodejs/ros/msgs_demo/srv/GetPlan.js
Symlinking /home/chris/catkin_ws/devel/share/gennodejs/ros/msgs_demo/srv/SetCameraInfo.js
Symlinking /home/chris/catkin_ws/devel/share/gennodejs/ros/msgs_demo/srv/Trigger.js
Symlinking /home/chris/catkin_ws/devel/share/gennodejs/ros/msgs_demo/srv/GetMap.js
Symlinking /home/chris/catkin_ws/devel/share/gennodejs/ros/msgs_demo/srv/SetMap.js
Symlinking /home/chris/catkin_ws/devel/share/gennodejs/ros/msgs_demo/msg/AddTwoIntsResult.js
Symlinking /home/chris/catkin_ws/devel/share/gennodejs/ros/msgs_demo/msg/AddTwoIntsActionFeedback.js
Symlinking /home/chris/catkin_ws/devel/share/gennodejs/ros/msgs_demo/msg/TwistWithCovariance.js
Symlinking /home/chris/catkin_ws/devel/share/gennodejs/ros/msgs_demo/msg/AutoDockingResult.js
Symlinking /home/chris/catkin_ws/devel/share/gennodejs/ros/msgs_demo/msg/GetMapActionFeedback.js
Symlinking /home/chris/catkin_ws/devel/share/gennodejs/ros/msgs_demo/msg/LaserScan.js
Symlinking /home/chris/catkin_ws/devel/share/gennodejs/ros/msgs_demo/msg/Power.js
Symlinking /home/chris/catkin_ws/devel/share/gennodejs/ros/msgs_demo/msg/AutoDockingActionResult.js
Symlinking /home/chris/catkin_ws/devel/share/gennodejs/ros/msgs_demo/msg/GetMapAction.js
Symlinking /home/chris/catkin_ws/devel/share/gennodejs/ros/msgs_demo/msg/MoveBaseFeedback.js
Symlinking /home/chris/catkin_ws/devel/share/gennodejs/ros/msgs_demo/msg/_index.js
Symlinking /home/chris/catkin_ws/devel/share/gennodejs/ros/msgs_demo/msg/AutoDockingActionFeedback.js
Symlinking /home/chris/catkin_ws/devel/share/gennodejs/ros/msgs_demo/msg/PoseWithCovariance.js
Symlinking /home/chris/catkin_ws/devel/share/gennodejs/ros/msgs_demo/msg/MoveBaseActionFeedback.js
Symlinking /home/chris/catkin_ws/devel/share/gennodejs/ros/msgs_demo/msg/AddTwoIntsFeedback.js
Symlinking /home/chris/catkin_ws/devel/share/gennodejs/ros/msgs_demo/msg/GetMapActionGoal.js
Symlinking /home/chris/catkin_ws/devel/share/gennodejs/ros/msgs_demo/msg/PoseStamped.js
Symlinking /home/chris/catkin_ws/devel/share/gennodejs/ros/msgs_demo/msg/MoveBaseActionResult.js
Symlinking /home/chris/catkin_ws/devel/share/gennodejs/ros/msgs_demo/msg/AddTwoIntsAction.js
Symlinking /home/chris/catkin_ws/devel/share/gennodejs/ros/msgs_demo/msg/Odometry.js
Symlinking /home/chris/catkin_ws/devel/share/gennodejs/ros/msgs_demo/msg/AutoDockingFeedback.js
Symlinking /home/chris/catkin_ws/devel/share/gennodejs/ros/msgs_demo/msg/GetMapFeedback.js
Symlinking /home/chris/catkin_ws/devel/share/gennodejs/ros/msgs_demo/msg/AutoDockingGoal.js
Symlinking /home/chris/catkin_ws/devel/share/gennodejs/ros/msgs_demo/msg/MoveBaseAction.js
Symlinking /home/chris/catkin_ws/devel/share/gennodejs/ros/msgs_demo/msg/Vector3.js
Symlinking /home/chris/catkin_ws/devel/share/gennodejs/ros/msgs_demo/msg/Point.js
Symlinking /home/chris/catkin_ws/devel/share/gennodejs/ros/msgs_demo/msg/Echos.js
Symlinking /home/chris/catkin_ws/devel/share/gennodejs/ros/msgs_demo/msg/MoveBaseActionGoal.js
Symlinking /home/chris/catkin_ws/devel/share/gennodejs/ros/msgs_demo/msg/GetMapActionResult.js
Symlinking /home/chris/catkin_ws/devel/share/gennodejs/ros/msgs_demo/msg/MoveBaseGoal.js
Symlinking /home/chris/catkin_ws/devel/share/gennodejs/ros/msgs_demo/msg/AddTwoIntsActionGoal.js
Symlinking /home/chris/catkin_ws/devel/share/gennodejs/ros/msgs_demo/msg/AutoDockingActionGoal.js
Symlinking /home/chris/catkin_ws/devel/share/gennodejs/ros/msgs_demo/msg/Twist.js
Symlinking /home/chris/catkin_ws/devel/share/gennodejs/ros/msgs_demo/msg/AddTwoIntsGoal.js
Symlinking /home/chris/catkin_ws/devel/share/gennodejs/ros/msgs_demo/msg/GetMapGoal.js
Symlinking /home/chris/catkin_ws/devel/share/gennodejs/ros/msgs_demo/msg/AddTwoIntsActionResult.js
Symlinking /home/chris/catkin_ws/devel/share/gennodejs/ros/msgs_demo/msg/MoveBaseResult.js
Symlinking /home/chris/catkin_ws/devel/share/gennodejs/ros/msgs_demo/msg/Accel.js
Symlinking /home/chris/catkin_ws/devel/share/gennodejs/ros/msgs_demo/msg/Quaternion.js
Symlinking /home/chris/catkin_ws/devel/share/gennodejs/ros/msgs_demo/msg/AutoDockingAction.js
Symlinking /home/chris/catkin_ws/devel/share/gennodejs/ros/msgs_demo/msg/GetMapResult.js
Symlinking /home/chris/catkin_ws/devel/share/gennodejs/ros/msgs_demo/msg/Pose.js
Symlinking /home/chris/catkin_ws/devel/share/gennodejs/ros/msgs_demo/msg/Imu.js
Symlinking /home/chris/catkin_ws/devel/share/common-lisp/ros/msgs_demo/srv/_package_Empty.lisp
Symlinking /home/chris/catkin_ws/devel/share/common-lisp/ros/msgs_demo/srv/_package_Trigger.lisp
Symlinking /home/chris/catkin_ws/devel/share/common-lisp/ros/msgs_demo/srv/SetMap.lisp
Symlinking /home/chris/catkin_ws/devel/share/common-lisp/ros/msgs_demo/srv/TalkerListener.lisp
Symlinking /home/chris/catkin_ws/devel/share/common-lisp/ros/msgs_demo/srv/Empty.lisp
Symlinking /home/chris/catkin_ws/devel/share/common-lisp/ros/msgs_demo/srv/GetPlan.lisp
Symlinking /home/chris/catkin_ws/devel/share/common-lisp/ros/msgs_demo/srv/_package_AddTwoInts.lisp
Symlinking /home/chris/catkin_ws/devel/share/common-lisp/ros/msgs_demo/srv/AddTwoInts.lisp
Symlinking /home/chris/catkin_ws/devel/share/common-lisp/ros/msgs_demo/srv/msgs_demo-srv.asd
Symlinking /home/chris/catkin_ws/devel/share/common-lisp/ros/msgs_demo/srv/_package_SetBool.lisp
Symlinking /home/chris/catkin_ws/devel/share/common-lisp/ros/msgs_demo/srv/_package_SetCameraInfo.lisp
Symlinking /home/chris/catkin_ws/devel/share/common-lisp/ros/msgs_demo/srv/Trigger.lisp
Symlinking /home/chris/catkin_ws/devel/share/common-lisp/ros/msgs_demo/srv/_package_TalkerListener.lisp
Symlinking /home/chris/catkin_ws/devel/share/common-lisp/ros/msgs_demo/srv/SetBool.lisp
Symlinking /home/chris/catkin_ws/devel/share/common-lisp/ros/msgs_demo/srv/_package.lisp
Symlinking /home/chris/catkin_ws/devel/share/common-lisp/ros/msgs_demo/srv/GetMap.lisp
Symlinking /home/chris/catkin_ws/devel/share/common-lisp/ros/msgs_demo/srv/_package_SetMap.lisp
Symlinking /home/chris/catkin_ws/devel/share/common-lisp/ros/msgs_demo/srv/_package_GetMap.lisp
Symlinking /home/chris/catkin_ws/devel/share/common-lisp/ros/msgs_demo/srv/SetCameraInfo.lisp
Symlinking /home/chris/catkin_ws/devel/share/common-lisp/ros/msgs_demo/srv/_package_GetPlan.lisp
Symlinking /home/chris/catkin_ws/devel/share/common-lisp/ros/msgs_demo/msg/Quaternion.lisp
Symlinking /home/chris/catkin_ws/devel/share/common-lisp/ros/msgs_demo/msg/AddTwoIntsActionFeedback.lisp
Symlinking /home/chris/catkin_ws/devel/share/common-lisp/ros/msgs_demo/msg/_package_TwistWithCovariance.lisp
Symlinking /home/chris/catkin_ws/devel/share/common-lisp/ros/msgs_demo/msg/Point.lisp
Symlinking /home/chris/catkin_ws/devel/share/common-lisp/ros/msgs_demo/msg/_package_AddTwoIntsGoal.lisp
Symlinking /home/chris/catkin_ws/devel/share/common-lisp/ros/msgs_demo/msg/_package_Power.lisp
Symlinking /home/chris/catkin_ws/devel/share/common-lisp/ros/msgs_demo/msg/AutoDockingAction.lisp
Symlinking /home/chris/catkin_ws/devel/share/common-lisp/ros/msgs_demo/msg/_package_AddTwoIntsAction.lisp
Symlinking /home/chris/catkin_ws/devel/share/common-lisp/ros/msgs_demo/msg/_package_AddTwoIntsActionResult.lisp
Symlinking /home/chris/catkin_ws/devel/share/common-lisp/ros/msgs_demo/msg/_package_Odometry.lisp
Symlinking /home/chris/catkin_ws/devel/share/common-lisp/ros/msgs_demo/msg/Odometry.lisp
Symlinking /home/chris/catkin_ws/devel/share/common-lisp/ros/msgs_demo/msg/_package_MoveBaseAction.lisp
Symlinking /home/chris/catkin_ws/devel/share/common-lisp/ros/msgs_demo/msg/GetMapAction.lisp
Symlinking /home/chris/catkin_ws/devel/share/common-lisp/ros/msgs_demo/msg/_package_PoseStamped.lisp
Symlinking /home/chris/catkin_ws/devel/share/common-lisp/ros/msgs_demo/msg/_package_MoveBaseActionGoal.lisp
Symlinking /home/chris/catkin_ws/devel/share/common-lisp/ros/msgs_demo/msg/Accel.lisp
Symlinking /home/chris/catkin_ws/devel/share/common-lisp/ros/msgs_demo/msg/MoveBaseActionResult.lisp
Symlinking /home/chris/catkin_ws/devel/share/common-lisp/ros/msgs_demo/msg/AddTwoIntsResult.lisp
Symlinking /home/chris/catkin_ws/devel/share/common-lisp/ros/msgs_demo/msg/PoseWithCovariance.lisp
Symlinking /home/chris/catkin_ws/devel/share/common-lisp/ros/msgs_demo/msg/_package_Imu.lisp
Symlinking /home/chris/catkin_ws/devel/share/common-lisp/ros/msgs_demo/msg/Imu.lisp
Symlinking /home/chris/catkin_ws/devel/share/common-lisp/ros/msgs_demo/msg/_package_MoveBaseFeedback.lisp
Symlinking /home/chris/catkin_ws/devel/share/common-lisp/ros/msgs_demo/msg/_package_Echos.lisp
Symlinking /home/chris/catkin_ws/devel/share/common-lisp/ros/msgs_demo/msg/_package_GetMapGoal.lisp
Symlinking /home/chris/catkin_ws/devel/share/common-lisp/ros/msgs_demo/msg/GetMapActionFeedback.lisp
Symlinking /home/chris/catkin_ws/devel/share/common-lisp/ros/msgs_demo/msg/_package_AutoDockingActionResult.lisp
Symlinking /home/chris/catkin_ws/devel/share/common-lisp/ros/msgs_demo/msg/AutoDockingFeedback.lisp
Symlinking /home/chris/catkin_ws/devel/share/common-lisp/ros/msgs_demo/msg/_package_AddTwoIntsFeedback.lisp
Symlinking /home/chris/catkin_ws/devel/share/common-lisp/ros/msgs_demo/msg/_package_GetMapFeedback.lisp
Symlinking /home/chris/catkin_ws/devel/share/common-lisp/ros/msgs_demo/msg/GetMapActionResult.lisp
Symlinking /home/chris/catkin_ws/devel/share/common-lisp/ros/msgs_demo/msg/_package_GetMapActionFeedback.lisp
Symlinking /home/chris/catkin_ws/devel/share/common-lisp/ros/msgs_demo/msg/AutoDockingActionGoal.lisp
Symlinking /home/chris/catkin_ws/devel/share/common-lisp/ros/msgs_demo/msg/_package_Twist.lisp
Symlinking /home/chris/catkin_ws/devel/share/common-lisp/ros/msgs_demo/msg/Echos.lisp
Symlinking /home/chris/catkin_ws/devel/share/common-lisp/ros/msgs_demo/msg/_package_MoveBaseActionFeedback.lisp
Symlinking /home/chris/catkin_ws/devel/share/common-lisp/ros/msgs_demo/msg/_package_Quaternion.lisp
Symlinking /home/chris/catkin_ws/devel/share/common-lisp/ros/msgs_demo/msg/TwistWithCovariance.lisp
Symlinking /home/chris/catkin_ws/devel/share/common-lisp/ros/msgs_demo/msg/GetMapResult.lisp
Symlinking /home/chris/catkin_ws/devel/share/common-lisp/ros/msgs_demo/msg/Pose.lisp
Symlinking /home/chris/catkin_ws/devel/share/common-lisp/ros/msgs_demo/msg/_package_MoveBaseActionResult.lisp
Symlinking /home/chris/catkin_ws/devel/share/common-lisp/ros/msgs_demo/msg/MoveBaseFeedback.lisp
Symlinking /home/chris/catkin_ws/devel/share/common-lisp/ros/msgs_demo/msg/MoveBaseResult.lisp
Symlinking /home/chris/catkin_ws/devel/share/common-lisp/ros/msgs_demo/msg/_package_AddTwoIntsResult.lisp
Symlinking /home/chris/catkin_ws/devel/share/common-lisp/ros/msgs_demo/msg/MoveBaseGoal.lisp
Symlinking /home/chris/catkin_ws/devel/share/common-lisp/ros/msgs_demo/msg/_package_AutoDockingResult.lisp
Symlinking /home/chris/catkin_ws/devel/share/common-lisp/ros/msgs_demo/msg/msgs_demo-msg.asd
Symlinking /home/chris/catkin_ws/devel/share/common-lisp/ros/msgs_demo/msg/Power.lisp
Symlinking /home/chris/catkin_ws/devel/share/common-lisp/ros/msgs_demo/msg/LaserScan.lisp
Symlinking /home/chris/catkin_ws/devel/share/common-lisp/ros/msgs_demo/msg/_package_AddTwoIntsActionFeedback.lisp
Symlinking /home/chris/catkin_ws/devel/share/common-lisp/ros/msgs_demo/msg/_package_AutoDockingFeedback.lisp
Symlinking /home/chris/catkin_ws/devel/share/common-lisp/ros/msgs_demo/msg/GetMapFeedback.lisp
Symlinking /home/chris/catkin_ws/devel/share/common-lisp/ros/msgs_demo/msg/_package_MoveBaseGoal.lisp
Symlinking /home/chris/catkin_ws/devel/share/common-lisp/ros/msgs_demo/msg/MoveBaseActionFeedback.lisp
Symlinking /home/chris/catkin_ws/devel/share/common-lisp/ros/msgs_demo/msg/_package_AddTwoIntsActionGoal.lisp
Symlinking /home/chris/catkin_ws/devel/share/common-lisp/ros/msgs_demo/msg/_package_MoveBaseResult.lisp
Symlinking /home/chris/catkin_ws/devel/share/common-lisp/ros/msgs_demo/msg/AutoDockingResult.lisp
Symlinking /home/chris/catkin_ws/devel/share/common-lisp/ros/msgs_demo/msg/AddTwoIntsFeedback.lisp
Symlinking /home/chris/catkin_ws/devel/share/common-lisp/ros/msgs_demo/msg/_package.lisp
Symlinking /home/chris/catkin_ws/devel/share/common-lisp/ros/msgs_demo/msg/_package_PoseWithCovariance.lisp
Symlinking /home/chris/catkin_ws/devel/share/common-lisp/ros/msgs_demo/msg/AutoDockingGoal.lisp
Symlinking /home/chris/catkin_ws/devel/share/common-lisp/ros/msgs_demo/msg/Vector3.lisp
Symlinking /home/chris/catkin_ws/devel/share/common-lisp/ros/msgs_demo/msg/AddTwoIntsActionResult.lisp
Symlinking /home/chris/catkin_ws/devel/share/common-lisp/ros/msgs_demo/msg/_package_AutoDockingGoal.lisp
Symlinking /home/chris/catkin_ws/devel/share/common-lisp/ros/msgs_demo/msg/_package_Accel.lisp
Symlinking /home/chris/catkin_ws/devel/share/common-lisp/ros/msgs_demo/msg/_package_AutoDockingAction.lisp
Symlinking /home/chris/catkin_ws/devel/share/common-lisp/ros/msgs_demo/msg/AutoDockingActionFeedback.lisp
Symlinking /home/chris/catkin_ws/devel/share/common-lisp/ros/msgs_demo/msg/GetMapGoal.lisp
Symlinking /home/chris/catkin_ws/devel/share/common-lisp/ros/msgs_demo/msg/MoveBaseActionGoal.lisp
Symlinking /home/chris/catkin_ws/devel/share/common-lisp/ros/msgs_demo/msg/MoveBaseAction.lisp
Symlinking /home/chris/catkin_ws/devel/share/common-lisp/ros/msgs_demo/msg/_package_GetMapAction.lisp
Symlinking /home/chris/catkin_ws/devel/share/common-lisp/ros/msgs_demo/msg/_package_AutoDockingActionGoal.lisp
Symlinking /home/chris/catkin_ws/devel/share/common-lisp/ros/msgs_demo/msg/_package_GetMapResult.lisp
Symlinking /home/chris/catkin_ws/devel/share/common-lisp/ros/msgs_demo/msg/_package_AutoDockingActionFeedback.lisp
Symlinking /home/chris/catkin_ws/devel/share/common-lisp/ros/msgs_demo/msg/Twist.lisp
Symlinking /home/chris/catkin_ws/devel/share/common-lisp/ros/msgs_demo/msg/_package_Pose.lisp
Symlinking /home/chris/catkin_ws/devel/share/common-lisp/ros/msgs_demo/msg/AutoDockingActionResult.lisp
Symlinking /home/chris/catkin_ws/devel/share/common-lisp/ros/msgs_demo/msg/_package_LaserScan.lisp
Symlinking /home/chris/catkin_ws/devel/share/common-lisp/ros/msgs_demo/msg/GetMapActionGoal.lisp
Symlinking /home/chris/catkin_ws/devel/share/common-lisp/ros/msgs_demo/msg/PoseStamped.lisp
Symlinking /home/chris/catkin_ws/devel/share/common-lisp/ros/msgs_demo/msg/AddTwoIntsAction.lisp
Symlinking /home/chris/catkin_ws/devel/share/common-lisp/ros/msgs_demo/msg/_package_GetMapActionResult.lisp
Symlinking /home/chris/catkin_ws/devel/share/common-lisp/ros/msgs_demo/msg/_package_Vector3.lisp
Symlinking /home/chris/catkin_ws/devel/share/common-lisp/ros/msgs_demo/msg/AddTwoIntsActionGoal.lisp
Symlinking /home/chris/catkin_ws/devel/share/common-lisp/ros/msgs_demo/msg/AddTwoIntsGoal.lisp
Symlinking /home/chris/catkin_ws/devel/share/common-lisp/ros/msgs_demo/msg/_package_GetMapActionGoal.lisp
Symlinking /home/chris/catkin_ws/devel/share/common-lisp/ros/msgs_demo/msg/_package_Point.lisp
Symlinking /home/chris/catkin_ws/devel/share/msgs_demo/msg/GetMapGoal.msg
Symlinking /home/chris/catkin_ws/devel/share/msgs_demo/msg/AddTwoIntsActionResult.msg
Symlinking /home/chris/catkin_ws/devel/share/msgs_demo/msg/GetMapActionFeedback.msg
Symlinking /home/chris/catkin_ws/devel/share/msgs_demo/msg/AutoDockingActionGoal.msg
Symlinking /home/chris/catkin_ws/devel/share/msgs_demo/msg/MoveBaseActionGoal.msg
Symlinking /home/chris/catkin_ws/devel/share/msgs_demo/msg/GetMapActionGoal.msg
Symlinking /home/chris/catkin_ws/devel/share/msgs_demo/msg/AutoDockingActionResult.msg
Symlinking /home/chris/catkin_ws/devel/share/msgs_demo/msg/AddTwoIntsResult.msg
Symlinking /home/chris/catkin_ws/devel/share/msgs_demo/msg/GetMapFeedback.msg
Symlinking /home/chris/catkin_ws/devel/share/msgs_demo/msg/AutoDockingFeedback.msg
Symlinking /home/chris/catkin_ws/devel/share/msgs_demo/msg/MoveBaseAction.msg
Symlinking /home/chris/catkin_ws/devel/share/msgs_demo/msg/AutoDockingGoal.msg
Symlinking /home/chris/catkin_ws/devel/share/msgs_demo/msg/AutoDockingResult.msg
Symlinking /home/chris/catkin_ws/devel/share/msgs_demo/msg/MoveBaseFeedback.msg
Symlinking /home/chris/catkin_ws/devel/share/msgs_demo/msg/GetMapActionResult.msg
Symlinking /home/chris/catkin_ws/devel/share/msgs_demo/msg/AddTwoIntsActionGoal.msg
Symlinking /home/chris/catkin_ws/devel/share/msgs_demo/msg/MoveBaseActionFeedback.msg
Symlinking /home/chris/catkin_ws/devel/share/msgs_demo/msg/AutoDockingAction.msg
Symlinking /home/chris/catkin_ws/devel/share/msgs_demo/msg/AddTwoIntsGoal.msg
Symlinking /home/chris/catkin_ws/devel/share/msgs_demo/msg/MoveBaseResult.msg
Symlinking /home/chris/catkin_ws/devel/share/msgs_demo/msg/AutoDockingActionFeedback.msg
Symlinking /home/chris/catkin_ws/devel/share/msgs_demo/msg/MoveBaseGoal.msg
Symlinking /home/chris/catkin_ws/devel/share/msgs_demo/msg/AddTwoIntsFeedback.msg
Symlinking /home/chris/catkin_ws/devel/share/msgs_demo/msg/MoveBaseActionResult.msg
Symlinking /home/chris/catkin_ws/devel/share/msgs_demo/msg/AddTwoIntsActionFeedback.msg
Symlinking /home/chris/catkin_ws/devel/share/msgs_demo/msg/GetMapResult.msg
Symlinking /home/chris/catkin_ws/devel/share/msgs_demo/msg/GetMapAction.msg
Symlinking /home/chris/catkin_ws/devel/share/msgs_demo/msg/AddTwoIntsAction.msg
Symlinking /home/chris/catkin_ws/devel/share/msgs_demo/cmake/msgs_demo-msg-extras.cmake
Symlinking /home/chris/catkin_ws/devel/share/msgs_demo/cmake/msgs_demo-msg-paths.cmake
Symlinking /home/chris/catkin_ws/devel/share/msgs_demo/cmake/msgs_demoConfig-version.cmake
Symlinking /home/chris/catkin_ws/devel/share/msgs_demo/cmake/msgs_demoConfig.cmake
Symlinking /home/chris/catkin_ws/devel/include/msgs_demo/AddTwoIntsActionFeedback.h
Symlinking /home/chris/catkin_ws/devel/include/msgs_demo/AddTwoIntsResult.h
Symlinking /home/chris/catkin_ws/devel/include/msgs_demo/AddTwoIntsFeedback.h
Symlinking /home/chris/catkin_ws/devel/include/msgs_demo/Twist.h
Symlinking /home/chris/catkin_ws/devel/include/msgs_demo/GetPlanResponse.h
Symlinking /home/chris/catkin_ws/devel/include/msgs_demo/GetMapActionFeedback.h
Symlinking /home/chris/catkin_ws/devel/include/msgs_demo/AutoDockingActionResult.h
Symlinking /home/chris/catkin_ws/devel/include/msgs_demo/SetCameraInfoRequest.h
Symlinking /home/chris/catkin_ws/devel/include/msgs_demo/AddTwoInts.h
Symlinking /home/chris/catkin_ws/devel/include/msgs_demo/MoveBaseFeedback.h
Symlinking /home/chris/catkin_ws/devel/include/msgs_demo/TriggerResponse.h
Symlinking /home/chris/catkin_ws/devel/include/msgs_demo/AddTwoIntsGoal.h
Symlinking /home/chris/catkin_ws/devel/include/msgs_demo/Vector3.h
Symlinking /home/chris/catkin_ws/devel/include/msgs_demo/Pose.h
Symlinking /home/chris/catkin_ws/devel/include/msgs_demo/AddTwoIntsResponse.h
Symlinking /home/chris/catkin_ws/devel/include/msgs_demo/Odometry.h
Symlinking /home/chris/catkin_ws/devel/include/msgs_demo/SetMap.h
Symlinking /home/chris/catkin_ws/devel/include/msgs_demo/GetMapFeedback.h
Symlinking /home/chris/catkin_ws/devel/include/msgs_demo/MoveBaseResult.h
Symlinking /home/chris/catkin_ws/devel/include/msgs_demo/PoseWithCovariance.h
Symlinking /home/chris/catkin_ws/devel/include/msgs_demo/TalkerListener.h
Symlinking /home/chris/catkin_ws/devel/include/msgs_demo/PoseStamped.h
Symlinking /home/chris/catkin_ws/devel/include/msgs_demo/MoveBaseAction.h
Symlinking /home/chris/catkin_ws/devel/include/msgs_demo/MoveBaseActionResult.h
Symlinking /home/chris/catkin_ws/devel/include/msgs_demo/GetMapActionGoal.h
Symlinking /home/chris/catkin_ws/devel/include/msgs_demo/GetMapAction.h
Symlinking /home/chris/catkin_ws/devel/include/msgs_demo/Quaternion.h
Symlinking /home/chris/catkin_ws/devel/include/msgs_demo/SetBool.h
Symlinking /home/chris/catkin_ws/devel/include/msgs_demo/AutoDockingActionGoal.h
Symlinking /home/chris/catkin_ws/devel/include/msgs_demo/EmptyRequest.h
Symlinking /home/chris/catkin_ws/devel/include/msgs_demo/AddTwoIntsActionGoal.h
Symlinking /home/chris/catkin_ws/devel/include/msgs_demo/GetMapGoal.h
Symlinking /home/chris/catkin_ws/devel/include/msgs_demo/GetMapRequest.h
Symlinking /home/chris/catkin_ws/devel/include/msgs_demo/GetPlanRequest.h
Symlinking /home/chris/catkin_ws/devel/include/msgs_demo/SetCameraInfoResponse.h
Symlinking /home/chris/catkin_ws/devel/include/msgs_demo/MoveBaseActionFeedback.h
Symlinking /home/chris/catkin_ws/devel/include/msgs_demo/SetMapRequest.h
Symlinking /home/chris/catkin_ws/devel/include/msgs_demo/TwistWithCovariance.h
Symlinking /home/chris/catkin_ws/devel/include/msgs_demo/AddTwoIntsActionResult.h
Symlinking /home/chris/catkin_ws/devel/include/msgs_demo/AutoDockingAction.h
Symlinking /home/chris/catkin_ws/devel/include/msgs_demo/GetMapResponse.h
Symlinking /home/chris/catkin_ws/devel/include/msgs_demo/MoveBaseActionGoal.h
Symlinking /home/chris/catkin_ws/devel/include/msgs_demo/Point.h
Symlinking /home/chris/catkin_ws/devel/include/msgs_demo/AutoDockingGoal.h
Symlinking /home/chris/catkin_ws/devel/include/msgs_demo/Imu.h
Symlinking /home/chris/catkin_ws/devel/include/msgs_demo/GetPlan.h
Symlinking /home/chris/catkin_ws/devel/include/msgs_demo/TalkerListenerResponse.h
Symlinking /home/chris/catkin_ws/devel/include/msgs_demo/Empty.h
Symlinking /home/chris/catkin_ws/devel/include/msgs_demo/SetMapResponse.h
Symlinking /home/chris/catkin_ws/devel/include/msgs_demo/Echos.h
Symlinking /home/chris/catkin_ws/devel/include/msgs_demo/AutoDockingActionFeedback.h
Symlinking /home/chris/catkin_ws/devel/include/msgs_demo/TalkerListenerRequest.h
Symlinking /home/chris/catkin_ws/devel/include/msgs_demo/SetBoolResponse.h
Symlinking /home/chris/catkin_ws/devel/include/msgs_demo/TriggerRequest.h
Symlinking /home/chris/catkin_ws/devel/include/msgs_demo/AutoDockingFeedback.h
Symlinking /home/chris/catkin_ws/devel/include/msgs_demo/SetCameraInfo.h
Symlinking /home/chris/catkin_ws/devel/include/msgs_demo/AddTwoIntsAction.h
Symlinking /home/chris/catkin_ws/devel/include/msgs_demo/MoveBaseGoal.h
Symlinking /home/chris/catkin_ws/devel/include/msgs_demo/Trigger.h
Symlinking /home/chris/catkin_ws/devel/include/msgs_demo/EmptyResponse.h
Symlinking /home/chris/catkin_ws/devel/include/msgs_demo/LaserScan.h
Symlinking /home/chris/catkin_ws/devel/include/msgs_demo/Power.h
Symlinking /home/chris/catkin_ws/devel/include/msgs_demo/GetMapActionResult.h
Symlinking /home/chris/catkin_ws/devel/include/msgs_demo/AutoDockingResult.h
Symlinking /home/chris/catkin_ws/devel/include/msgs_demo/AddTwoIntsRequest.h
Symlinking /home/chris/catkin_ws/devel/include/msgs_demo/GetMap.h
Symlinking /home/chris/catkin_ws/devel/include/msgs_demo/SetBoolRequest.h
Symlinking /home/chris/catkin_ws/devel/include/msgs_demo/Accel.h
Symlinking /home/chris/catkin_ws/devel/include/msgs_demo/GetMapResult.h
Symlinking /home/chris/catkin_ws/devel/lib/pkgconfig/msgs_demo.pc
Symlinking /home/chris/catkin_ws/devel/lib/python2.7/dist-packages/msgs_demo/__init__.py
Symlinking /home/chris/catkin_ws/devel/lib/python2.7/dist-packages/msgs_demo/srv/_GetPlan.py
Symlinking /home/chris/catkin_ws/devel/lib/python2.7/dist-packages/msgs_demo/srv/_SetBool.py
Symlinking /home/chris/catkin_ws/devel/lib/python2.7/dist-packages/msgs_demo/srv/__init__.py
Symlinking /home/chris/catkin_ws/devel/lib/python2.7/dist-packages/msgs_demo/srv/_GetMap.py
Symlinking /home/chris/catkin_ws/devel/lib/python2.7/dist-packages/msgs_demo/srv/_Empty.py
Symlinking /home/chris/catkin_ws/devel/lib/python2.7/dist-packages/msgs_demo/srv/_AddTwoInts.py
Symlinking /home/chris/catkin_ws/devel/lib/python2.7/dist-packages/msgs_demo/srv/_SetCameraInfo.py
Symlinking /home/chris/catkin_ws/devel/lib/python2.7/dist-packages/msgs_demo/srv/_TalkerListener.py
Symlinking /home/chris/catkin_ws/devel/lib/python2.7/dist-packages/msgs_demo/srv/_SetMap.py
Symlinking /home/chris/catkin_ws/devel/lib/python2.7/dist-packages/msgs_demo/srv/_Trigger.py
Symlinking /home/chris/catkin_ws/devel/lib/python2.7/dist-packages/msgs_demo/msg/_AddTwoIntsResult.py
Symlinking /home/chris/catkin_ws/devel/lib/python2.7/dist-packages/msgs_demo/msg/_LaserScan.py
Symlinking /home/chris/catkin_ws/devel/lib/python2.7/dist-packages/msgs_demo/msg/_GetMapAction.py
Symlinking /home/chris/catkin_ws/devel/lib/python2.7/dist-packages/msgs_demo/msg/_MoveBaseAction.py
Symlinking /home/chris/catkin_ws/devel/lib/python2.7/dist-packages/msgs_demo/msg/_AutoDockingAction.py
Symlinking /home/chris/catkin_ws/devel/lib/python2.7/dist-packages/msgs_demo/msg/_Odometry.py
Symlinking /home/chris/catkin_ws/devel/lib/python2.7/dist-packages/msgs_demo/msg/_PoseWithCovariance.py
Symlinking /home/chris/catkin_ws/devel/lib/python2.7/dist-packages/msgs_demo/msg/_PoseStamped.py
Symlinking /home/chris/catkin_ws/devel/lib/python2.7/dist-packages/msgs_demo/msg/_AddTwoIntsActionFeedback.py
Symlinking /home/chris/catkin_ws/devel/lib/python2.7/dist-packages/msgs_demo/msg/_Imu.py
Symlinking /home/chris/catkin_ws/devel/lib/python2.7/dist-packages/msgs_demo/msg/_AutoDockingActionFeedback.py
Symlinking /home/chris/catkin_ws/devel/lib/python2.7/dist-packages/msgs_demo/msg/_AutoDockingActionResult.py
Symlinking /home/chris/catkin_ws/devel/lib/python2.7/dist-packages/msgs_demo/msg/_Power.py
Symlinking /home/chris/catkin_ws/devel/lib/python2.7/dist-packages/msgs_demo/msg/_MoveBaseActionResult.py
Symlinking /home/chris/catkin_ws/devel/lib/python2.7/dist-packages/msgs_demo/msg/_MoveBaseGoal.py
Symlinking /home/chris/catkin_ws/devel/lib/python2.7/dist-packages/msgs_demo/msg/_GetMapFeedback.py
Symlinking /home/chris/catkin_ws/devel/lib/python2.7/dist-packages/msgs_demo/msg/_GetMapResult.py
Symlinking /home/chris/catkin_ws/devel/lib/python2.7/dist-packages/msgs_demo/msg/_AddTwoIntsActionGoal.py
Symlinking /home/chris/catkin_ws/devel/lib/python2.7/dist-packages/msgs_demo/msg/_Echos.py
Symlinking /home/chris/catkin_ws/devel/lib/python2.7/dist-packages/msgs_demo/msg/_Vector3.py
Symlinking /home/chris/catkin_ws/devel/lib/python2.7/dist-packages/msgs_demo/msg/_GetMapActionFeedback.py
Symlinking /home/chris/catkin_ws/devel/lib/python2.7/dist-packages/msgs_demo/msg/_Quaternion.py
Symlinking /home/chris/catkin_ws/devel/lib/python2.7/dist-packages/msgs_demo/msg/_Twist.py
Symlinking /home/chris/catkin_ws/devel/lib/python2.7/dist-packages/msgs_demo/msg/_GetMapGoal.py
Symlinking /home/chris/catkin_ws/devel/lib/python2.7/dist-packages/msgs_demo/msg/_Pose.py
Symlinking /home/chris/catkin_ws/devel/lib/python2.7/dist-packages/msgs_demo/msg/_MoveBaseResult.py
Symlinking /home/chris/catkin_ws/devel/lib/python2.7/dist-packages/msgs_demo/msg/_AutoDockingFeedback.py
Symlinking /home/chris/catkin_ws/devel/lib/python2.7/dist-packages/msgs_demo/msg/_AddTwoIntsAction.py
Symlinking /home/chris/catkin_ws/devel/lib/python2.7/dist-packages/msgs_demo/msg/_AutoDockingResult.py
Symlinking /home/chris/catkin_ws/devel/lib/python2.7/dist-packages/msgs_demo/msg/__init__.py
Symlinking /home/chris/catkin_ws/devel/lib/python2.7/dist-packages/msgs_demo/msg/_Point.py
Symlinking /home/chris/catkin_ws/devel/lib/python2.7/dist-packages/msgs_demo/msg/_AutoDockingGoal.py
Symlinking /home/chris/catkin_ws/devel/lib/python2.7/dist-packages/msgs_demo/msg/_Accel.py
Symlinking /home/chris/catkin_ws/devel/lib/python2.7/dist-packages/msgs_demo/msg/_AutoDockingActionGoal.py
Symlinking /home/chris/catkin_ws/devel/lib/python2.7/dist-packages/msgs_demo/msg/_GetMapActionResult.py
Symlinking /home/chris/catkin_ws/devel/lib/python2.7/dist-packages/msgs_demo/msg/_AddTwoIntsActionResult.py
Symlinking /home/chris/catkin_ws/devel/lib/python2.7/dist-packages/msgs_demo/msg/_MoveBaseFeedback.py
Symlinking /home/chris/catkin_ws/devel/lib/python2.7/dist-packages/msgs_demo/msg/_MoveBaseActionGoal.py
Symlinking /home/chris/catkin_ws/devel/lib/python2.7/dist-packages/msgs_demo/msg/_AddTwoIntsFeedback.py
Symlinking /home/chris/catkin_ws/devel/lib/python2.7/dist-packages/msgs_demo/msg/_GetMapActionGoal.py
Symlinking /home/chris/catkin_ws/devel/lib/python2.7/dist-packages/msgs_demo/msg/_AddTwoIntsGoal.py
Symlinking /home/chris/catkin_ws/devel/lib/python2.7/dist-packages/msgs_demo/msg/_MoveBaseActionFeedback.py
Symlinking /home/chris/catkin_ws/devel/lib/python2.7/dist-packages/msgs_demo/msg/_TwistWithCovariance.py
