[35m[1mScanning dependencies of target std_msgs_generate_messages_cpp[0m
[  0%] Built target std_msgs_generate_messages_cpp
[35m[1mScanning dependencies of target _topic_demo_generate_messages_check_deps_gps[0m
[  0%] Built target _topic_demo_generate_messages_check_deps_gps
[35m[1mScanning dependencies of target std_msgs_generate_messages_nodejs[0m
[  0%] Built target std_msgs_generate_messages_nodejs
[35m[1mScanning dependencies of target std_msgs_generate_messages_py[0m
[  0%] Built target std_msgs_generate_messages_py
[35m[1mScanning dependencies of target std_msgs_generate_messages_lisp[0m
[  0%] Built target std_msgs_generate_messages_lisp
[35m[1mScanning dependencies of target std_msgs_generate_messages_eus[0m
[  0%] Built target std_msgs_generate_messages_eus
[35m[1mScanning dependencies of target topic_demo_generate_messages_cpp[0m
[  9%] [34m[1mGenerating C++ code from topic_demo/gps.msg[0m
[  9%] Built target topic_demo_generate_messages_cpp
[35m[1mScanning dependencies of target topic_demo_generate_messages_nodejs[0m
[ 18%] [34m[1mGenerating Javascript code from topic_demo/gps.msg[0m
[ 18%] Built target topic_demo_generate_messages_nodejs
[35m[1mScanning dependencies of target topic_demo_generate_messages_py[0m
[ 27%] [34m[1mGenerating Python from MSG topic_demo/gps[0m
[ 36%] [34m[1mGenerating Python msg __init__.py for topic_demo[0m
[ 36%] Built target topic_demo_generate_messages_py
[35m[1mScanning dependencies of target topic_demo_generate_messages_lisp[0m
[ 45%] [34m[1mGenerating Lisp code from topic_demo/gps.msg[0m
[ 45%] Built target topic_demo_generate_messages_lisp
[35m[1mScanning dependencies of target topic_demo_generate_messages_eus[0m
[ 54%] [34m[1mGenerating EusLisp code from topic_demo/gps.msg[0m
[ 63%] [34m[1mGenerating EusLisp manifest code for topic_demo[0m
[ 63%] Built target topic_demo_generate_messages_eus
[35m[1mScanning dependencies of target listener[0m
[ 72%] [32mBuilding CXX object CMakeFiles/listener.dir/src/listener.cpp.o[0m
[ 81%] [32m[1mLinking CXX executable /home/chris/catkin_ws/devel/.private/topic_demo/lib/topic_demo/listener[0m
[ 81%] Built target listener
[35m[1mScanning dependencies of target talker[0m
[ 90%] [32mBuilding CXX object CMakeFiles/talker.dir/src/talker.cpp.o[0m
[100%] [32m[1mLinking CXX executable /home/chris/catkin_ws/devel/.private/topic_demo/lib/topic_demo/talker[0m
[100%] Built target talker
[35m[1mScanning dependencies of target topic_demo_generate_messages[0m
[100%] Built target topic_demo_generate_messages
