Linked: (/home/chris/catkin_ws/devel/.private/topic_demo/share/topic_demo/cmake/topic_demoConfig.cmake, /home/chris/catkin_ws/devel/share/topic_demo/cmake/topic_demoConfig.cmake)
Linked: (/home/chris/catkin_ws/devel/.private/topic_demo/share/topic_demo/cmake/topic_demo-msg-extras.cmake, /home/chris/catkin_ws/devel/share/topic_demo/cmake/topic_demo-msg-extras.cmake)
Linked: (/home/chris/catkin_ws/devel/.private/topic_demo/share/topic_demo/cmake/topic_demoConfig-version.cmake, /home/chris/catkin_ws/devel/share/topic_demo/cmake/topic_demoConfig-version.cmake)
Linked: (/home/chris/catkin_ws/devel/.private/topic_demo/share/topic_demo/cmake/topic_demo-msg-paths.cmake, /home/chris/catkin_ws/devel/share/topic_demo/cmake/topic_demo-msg-paths.cmake)
Linked: (/home/chris/catkin_ws/devel/.private/topic_demo/share/roseus/ros/topic_demo/manifest.l, /home/chris/catkin_ws/devel/share/roseus/ros/topic_demo/manifest.l)
Linked: (/home/chris/catkin_ws/devel/.private/topic_demo/share/roseus/ros/topic_demo/msg/gps.l, /home/chris/catkin_ws/devel/share/roseus/ros/topic_demo/msg/gps.l)
Linked: (/home/chris/catkin_ws/devel/.private/topic_demo/share/gennodejs/ros/topic_demo/_index.js, /home/chris/catkin_ws/devel/share/gennodejs/ros/topic_demo/_index.js)
Linked: (/home/chris/catkin_ws/devel/.private/topic_demo/share/gennodejs/ros/topic_demo/msg/_index.js, /home/chris/catkin_ws/devel/share/gennodejs/ros/topic_demo/msg/_index.js)
Linked: (/home/chris/catkin_ws/devel/.private/topic_demo/share/gennodejs/ros/topic_demo/msg/gps.js, /home/chris/catkin_ws/devel/share/gennodejs/ros/topic_demo/msg/gps.js)
Linked: (/home/chris/catkin_ws/devel/.private/topic_demo/share/common-lisp/ros/topic_demo/msg/gps.lisp, /home/chris/catkin_ws/devel/share/common-lisp/ros/topic_demo/msg/gps.lisp)
Linked: (/home/chris/catkin_ws/devel/.private/topic_demo/share/common-lisp/ros/topic_demo/msg/_package_gps.lisp, /home/chris/catkin_ws/devel/share/common-lisp/ros/topic_demo/msg/_package_gps.lisp)
Linked: (/home/chris/catkin_ws/devel/.private/topic_demo/share/common-lisp/ros/topic_demo/msg/_package.lisp, /home/chris/catkin_ws/devel/share/common-lisp/ros/topic_demo/msg/_package.lisp)
Linked: (/home/chris/catkin_ws/devel/.private/topic_demo/share/common-lisp/ros/topic_demo/msg/topic_demo-msg.asd, /home/chris/catkin_ws/devel/share/common-lisp/ros/topic_demo/msg/topic_demo-msg.asd)
Linked: (/home/chris/catkin_ws/devel/.private/topic_demo/include/topic_demo/gps.h, /home/chris/catkin_ws/devel/include/topic_demo/gps.h)
Linked: (/home/chris/catkin_ws/devel/.private/topic_demo/lib/topic_demo/talker, /home/chris/catkin_ws/devel/lib/topic_demo/talker)
Linked: (/home/chris/catkin_ws/devel/.private/topic_demo/lib/topic_demo/listener, /home/chris/catkin_ws/devel/lib/topic_demo/listener)
Linked: (/home/chris/catkin_ws/devel/.private/topic_demo/lib/pkgconfig/topic_demo.pc, /home/chris/catkin_ws/devel/lib/pkgconfig/topic_demo.pc)
Linked: (/home/chris/catkin_ws/devel/.private/topic_demo/lib/python2.7/dist-packages/topic_demo/__init__.py, /home/chris/catkin_ws/devel/lib/python2.7/dist-packages/topic_demo/__init__.py)
Linked: (/home/chris/catkin_ws/devel/.private/topic_demo/lib/python2.7/dist-packages/topic_demo/msg/_gps.py, /home/chris/catkin_ws/devel/lib/python2.7/dist-packages/topic_demo/msg/_gps.py)
Linked: (/home/chris/catkin_ws/devel/.private/topic_demo/lib/python2.7/dist-packages/topic_demo/msg/__init__.py, /home/chris/catkin_ws/devel/lib/python2.7/dist-packages/topic_demo/msg/__init__.py)
