Linked: (/home/chris/catkin_ws/devel/.private/service_demo/share/roseus/ros/service_demo/manifest.l, /home/chris/catkin_ws/devel/share/roseus/ros/service_demo/manifest.l)
Linked: (/home/chris/catkin_ws/devel/.private/service_demo/share/roseus/ros/service_demo/srv/Greeting.l, /home/chris/catkin_ws/devel/share/roseus/ros/service_demo/srv/Greeting.l)
Linked: (/home/chris/catkin_ws/devel/.private/service_demo/share/service_demo/cmake/service_demo-msg-paths.cmake, /home/chris/catkin_ws/devel/share/service_demo/cmake/service_demo-msg-paths.cmake)
Linked: (/home/chris/catkin_ws/devel/.private/service_demo/share/service_demo/cmake/service_demoConfig-version.cmake, /home/chris/catkin_ws/devel/share/service_demo/cmake/service_demoConfig-version.cmake)
Linked: (/home/chris/catkin_ws/devel/.private/service_demo/share/service_demo/cmake/service_demoConfig.cmake, /home/chris/catkin_ws/devel/share/service_demo/cmake/service_demoConfig.cmake)
Linked: (/home/chris/catkin_ws/devel/.private/service_demo/share/service_demo/cmake/service_demo-msg-extras.cmake, /home/chris/catkin_ws/devel/share/service_demo/cmake/service_demo-msg-extras.cmake)
Linked: (/home/chris/catkin_ws/devel/.private/service_demo/share/gennodejs/ros/service_demo/_index.js, /home/chris/catkin_ws/devel/share/gennodejs/ros/service_demo/_index.js)
Linked: (/home/chris/catkin_ws/devel/.private/service_demo/share/gennodejs/ros/service_demo/srv/_index.js, /home/chris/catkin_ws/devel/share/gennodejs/ros/service_demo/srv/_index.js)
Linked: (/home/chris/catkin_ws/devel/.private/service_demo/share/gennodejs/ros/service_demo/srv/Greeting.js, /home/chris/catkin_ws/devel/share/gennodejs/ros/service_demo/srv/Greeting.js)
Linked: (/home/chris/catkin_ws/devel/.private/service_demo/share/common-lisp/ros/service_demo/srv/service_demo-srv.asd, /home/chris/catkin_ws/devel/share/common-lisp/ros/service_demo/srv/service_demo-srv.asd)
Linked: (/home/chris/catkin_ws/devel/.private/service_demo/share/common-lisp/ros/service_demo/srv/_package_Greeting.lisp, /home/chris/catkin_ws/devel/share/common-lisp/ros/service_demo/srv/_package_Greeting.lisp)
Linked: (/home/chris/catkin_ws/devel/.private/service_demo/share/common-lisp/ros/service_demo/srv/Greeting.lisp, /home/chris/catkin_ws/devel/share/common-lisp/ros/service_demo/srv/Greeting.lisp)
Linked: (/home/chris/catkin_ws/devel/.private/service_demo/share/common-lisp/ros/service_demo/srv/_package.lisp, /home/chris/catkin_ws/devel/share/common-lisp/ros/service_demo/srv/_package.lisp)
Linked: (/home/chris/catkin_ws/devel/.private/service_demo/include/service_demo/GreetingRequest.h, /home/chris/catkin_ws/devel/include/service_demo/GreetingRequest.h)
Linked: (/home/chris/catkin_ws/devel/.private/service_demo/include/service_demo/GreetingResponse.h, /home/chris/catkin_ws/devel/include/service_demo/GreetingResponse.h)
Linked: (/home/chris/catkin_ws/devel/.private/service_demo/include/service_demo/Greeting.h, /home/chris/catkin_ws/devel/include/service_demo/Greeting.h)
Linked: (/home/chris/catkin_ws/devel/.private/service_demo/lib/pkgconfig/service_demo.pc, /home/chris/catkin_ws/devel/lib/pkgconfig/service_demo.pc)
Linked: (/home/chris/catkin_ws/devel/.private/service_demo/lib/service_demo/client, /home/chris/catkin_ws/devel/lib/service_demo/client)
Linked: (/home/chris/catkin_ws/devel/.private/service_demo/lib/service_demo/server, /home/chris/catkin_ws/devel/lib/service_demo/server)
Linked: (/home/chris/catkin_ws/devel/.private/service_demo/lib/python2.7/dist-packages/service_demo/__init__.py, /home/chris/catkin_ws/devel/lib/python2.7/dist-packages/service_demo/__init__.py)
Linked: (/home/chris/catkin_ws/devel/.private/service_demo/lib/python2.7/dist-packages/service_demo/srv/_Greeting.py, /home/chris/catkin_ws/devel/lib/python2.7/dist-packages/service_demo/srv/_Greeting.py)
Linked: (/home/chris/catkin_ws/devel/.private/service_demo/lib/python2.7/dist-packages/service_demo/srv/__init__.py, /home/chris/catkin_ws/devel/lib/python2.7/dist-packages/service_demo/srv/__init__.py)
