Determining if the pthread_create exist failed with the following output:
Change Dir: /home/chris/catkin_ws/build/robot_sim_demo/CMakeFiles/CMakeTmp

Run Build Command:"/usr/bin/make" "cmTC_29022/fast"
/usr/bin/make -f CMakeFiles/cmTC_29022.dir/build.make CMakeFiles/cmTC_29022.dir/build
make[1]: Entering directory '/home/chris/catkin_ws/build/robot_sim_demo/CMakeFiles/CMakeTmp'
Building C object CMakeFiles/cmTC_29022.dir/CheckSymbolExists.c.o
/usr/bin/cc     -o CMakeFiles/cmTC_29022.dir/CheckSymbolExists.c.o   -c /home/chris/catkin_ws/build/robot_sim_demo/CMakeFiles/CMakeTmp/CheckSymbolExists.c
Linking C executable cmTC_29022
/usr/bin/cmake -E cmake_link_script CMakeFiles/cmTC_29022.dir/link.txt --verbose=1
/usr/bin/cc       CMakeFiles/cmTC_29022.dir/CheckSymbolExists.c.o  -o cmTC_29022 -rdynamic 
CMakeFiles/cmTC_29022.dir/CheckSymbolExists.c.o：在函数‘main’中：
CheckSymbolExists.c:(.text+0x16)：对‘pthread_create’未定义的引用
collect2: error: ld returned 1 exit status
CMakeFiles/cmTC_29022.dir/build.make:97: recipe for target 'cmTC_29022' failed
make[1]: *** [cmTC_29022] Error 1
make[1]: Leaving directory '/home/chris/catkin_ws/build/robot_sim_demo/CMakeFiles/CMakeTmp'
Makefile:126: recipe for target 'cmTC_29022/fast' failed
make: *** [cmTC_29022/fast] Error 2

File /home/chris/catkin_ws/build/robot_sim_demo/CMakeFiles/CMakeTmp/CheckSymbolExists.c:
/* */
#include <pthread.h>

int main(int argc, char** argv)
{
  (void)argv;
#ifndef pthread_create
  return ((int*)(&pthread_create))[argc];
#else
  (void)argc;
  return 0;
#endif
}

Determining if the function pthread_create exists in the pthreads failed with the following output:
Change Dir: /home/chris/catkin_ws/build/robot_sim_demo/CMakeFiles/CMakeTmp

Run Build Command:"/usr/bin/make" "cmTC_188ed/fast"
/usr/bin/make -f CMakeFiles/cmTC_188ed.dir/build.make CMakeFiles/cmTC_188ed.dir/build
make[1]: Entering directory '/home/chris/catkin_ws/build/robot_sim_demo/CMakeFiles/CMakeTmp'
Building C object CMakeFiles/cmTC_188ed.dir/CheckFunctionExists.c.o
/usr/bin/cc    -DCHECK_FUNCTION_EXISTS=pthread_create   -o CMakeFiles/cmTC_188ed.dir/CheckFunctionExists.c.o   -c /usr/share/cmake-3.5/Modules/CheckFunctionExists.c
Linking C executable cmTC_188ed
/usr/bin/cmake -E cmake_link_script CMakeFiles/cmTC_188ed.dir/link.txt --verbose=1
/usr/bin/cc   -DCHECK_FUNCTION_EXISTS=pthread_create    CMakeFiles/cmTC_188ed.dir/CheckFunctionExists.c.o  -o cmTC_188ed -rdynamic -lpthreads 
/usr/bin/ld: 找不到 -lpthreads
collect2: error: ld returned 1 exit status
CMakeFiles/cmTC_188ed.dir/build.make:97: recipe for target 'cmTC_188ed' failed
make[1]: *** [cmTC_188ed] Error 1
make[1]: Leaving directory '/home/chris/catkin_ws/build/robot_sim_demo/CMakeFiles/CMakeTmp'
Makefile:126: recipe for target 'cmTC_188ed/fast' failed
make: *** [cmTC_188ed/fast] Error 2


