Determining if the pthread_create exist failed with the following output:
Change Dir: /home/chris/catkin_ws/build/mav_msgs/CMakeFiles/CMakeTmp

Run Build Command:"/usr/bin/make" "cmTC_47fde/fast"
/usr/bin/make -f CMakeFiles/cmTC_47fde.dir/build.make CMakeFiles/cmTC_47fde.dir/build
make[1]: Entering directory '/home/chris/catkin_ws/build/mav_msgs/CMakeFiles/CMakeTmp'
Building C object CMakeFiles/cmTC_47fde.dir/CheckSymbolExists.c.o
/usr/bin/cc     -o CMakeFiles/cmTC_47fde.dir/CheckSymbolExists.c.o   -c /home/chris/catkin_ws/build/mav_msgs/CMakeFiles/CMakeTmp/CheckSymbolExists.c
Linking C executable cmTC_47fde
/usr/bin/cmake -E cmake_link_script CMakeFiles/cmTC_47fde.dir/link.txt --verbose=1
/usr/bin/cc       CMakeFiles/cmTC_47fde.dir/CheckSymbolExists.c.o  -o cmTC_47fde -rdynamic 
CMakeFiles/cmTC_47fde.dir/CheckSymbolExists.c.o：在函数‘main’中：
CheckSymbolExists.c:(.text+0x16)：对‘pthread_create’未定义的引用
collect2: error: ld returned 1 exit status
CMakeFiles/cmTC_47fde.dir/build.make:97: recipe for target 'cmTC_47fde' failed
make[1]: *** [cmTC_47fde] Error 1
make[1]: Leaving directory '/home/chris/catkin_ws/build/mav_msgs/CMakeFiles/CMakeTmp'
Makefile:126: recipe for target 'cmTC_47fde/fast' failed
make: *** [cmTC_47fde/fast] Error 2

File /home/chris/catkin_ws/build/mav_msgs/CMakeFiles/CMakeTmp/CheckSymbolExists.c:
/* */
#include <pthread.h>

int main(int argc, char** argv)
{
  (void)argv;
#ifndef pthread_create
  return ((int*)(&pthread_create))[argc];
#else
  (void)argc;
  return 0;
#endif
}

Determining if the function pthread_create exists in the pthreads failed with the following output:
Change Dir: /home/chris/catkin_ws/build/mav_msgs/CMakeFiles/CMakeTmp

Run Build Command:"/usr/bin/make" "cmTC_79b64/fast"
/usr/bin/make -f CMakeFiles/cmTC_79b64.dir/build.make CMakeFiles/cmTC_79b64.dir/build
make[1]: Entering directory '/home/chris/catkin_ws/build/mav_msgs/CMakeFiles/CMakeTmp'
Building C object CMakeFiles/cmTC_79b64.dir/CheckFunctionExists.c.o
/usr/bin/cc    -DCHECK_FUNCTION_EXISTS=pthread_create   -o CMakeFiles/cmTC_79b64.dir/CheckFunctionExists.c.o   -c /usr/share/cmake-3.5/Modules/CheckFunctionExists.c
Linking C executable cmTC_79b64
/usr/bin/cmake -E cmake_link_script CMakeFiles/cmTC_79b64.dir/link.txt --verbose=1
/usr/bin/cc   -DCHECK_FUNCTION_EXISTS=pthread_create    CMakeFiles/cmTC_79b64.dir/CheckFunctionExists.c.o  -o cmTC_79b64 -rdynamic -lpthreads 
/usr/bin/ld: 找不到 -lpthreads
collect2: error: ld returned 1 exit status
CMakeFiles/cmTC_79b64.dir/build.make:97: recipe for target 'cmTC_79b64' failed
make[1]: *** [cmTC_79b64] Error 1
make[1]: Leaving directory '/home/chris/catkin_ws/build/mav_msgs/CMakeFiles/CMakeTmp'
Makefile:126: recipe for target 'cmTC_79b64/fast' failed
make: *** [cmTC_79b64/fast] Error 2


