Determining if the pthread_create exist failed with the following output:
Change Dir: /home/chrisliu/ROS/learn_opencv/build/CMakeFiles/CMakeTmp

Run Build Command:"/usr/bin/make" "cmTC_db6f7/fast"
/usr/bin/make -f CMakeFiles/cmTC_db6f7.dir/build.make CMakeFiles/cmTC_db6f7.dir/build
make[1]: Entering directory '/home/chrisliu/ROS/learn_opencv/build/CMakeFiles/CMakeTmp'
Building C object CMakeFiles/cmTC_db6f7.dir/CheckSymbolExists.c.o
/usr/bin/cc     -o CMakeFiles/cmTC_db6f7.dir/CheckSymbolExists.c.o   -c /home/chrisliu/ROS/learn_opencv/build/CMakeFiles/CMakeTmp/CheckSymbolExists.c
Linking C executable cmTC_db6f7
/usr/bin/cmake -E cmake_link_script CMakeFiles/cmTC_db6f7.dir/link.txt --verbose=1
/usr/bin/cc       CMakeFiles/cmTC_db6f7.dir/CheckSymbolExists.c.o  -o cmTC_db6f7 -rdynamic 
CMakeFiles/cmTC_db6f7.dir/CheckSymbolExists.c.o：在函数‘main’中：
CheckSymbolExists.c:(.text+0x16)：对‘pthread_create’未定义的引用
collect2: error: ld returned 1 exit status
CMakeFiles/cmTC_db6f7.dir/build.make:97: recipe for target 'cmTC_db6f7' failed
make[1]: *** [cmTC_db6f7] Error 1
make[1]: Leaving directory '/home/chrisliu/ROS/learn_opencv/build/CMakeFiles/CMakeTmp'
Makefile:126: recipe for target 'cmTC_db6f7/fast' failed
make: *** [cmTC_db6f7/fast] Error 2

File /home/chrisliu/ROS/learn_opencv/build/CMakeFiles/CMakeTmp/CheckSymbolExists.c:
/* */
#include <pthread.h>

int main(int argc, char** argv)
{
  (void)argv;
#ifndef pthread_create
  return ((int*)(&pthread_create))[argc];
#else
  (void)argc;
  return 0;
#endif
}

Determining if the function pthread_create exists in the pthreads failed with the following output:
Change Dir: /home/chrisliu/ROS/learn_opencv/build/CMakeFiles/CMakeTmp

Run Build Command:"/usr/bin/make" "cmTC_c0a37/fast"
/usr/bin/make -f CMakeFiles/cmTC_c0a37.dir/build.make CMakeFiles/cmTC_c0a37.dir/build
make[1]: Entering directory '/home/chrisliu/ROS/learn_opencv/build/CMakeFiles/CMakeTmp'
Building C object CMakeFiles/cmTC_c0a37.dir/CheckFunctionExists.c.o
/usr/bin/cc    -DCHECK_FUNCTION_EXISTS=pthread_create   -o CMakeFiles/cmTC_c0a37.dir/CheckFunctionExists.c.o   -c /usr/share/cmake-3.5/Modules/CheckFunctionExists.c
Linking C executable cmTC_c0a37
/usr/bin/cmake -E cmake_link_script CMakeFiles/cmTC_c0a37.dir/link.txt --verbose=1
/usr/bin/cc   -DCHECK_FUNCTION_EXISTS=pthread_create    CMakeFiles/cmTC_c0a37.dir/CheckFunctionExists.c.o  -o cmTC_c0a37 -rdynamic -lpthreads 
/usr/bin/ld: 找不到 -lpthreads
collect2: error: ld returned 1 exit status
CMakeFiles/cmTC_c0a37.dir/build.make:97: recipe for target 'cmTC_c0a37' failed
make[1]: *** [cmTC_c0a37] Error 1
make[1]: Leaving directory '/home/chrisliu/ROS/learn_opencv/build/CMakeFiles/CMakeTmp'
Makefile:126: recipe for target 'cmTC_c0a37/fast' failed
make: *** [cmTC_c0a37/fast] Error 2


