Determining if the pthread_create exist failed with the following output:
Change Dir: /home/chris/catkin_ws/build/learning/CMakeFiles/CMakeTmp

Run Build Command:"/usr/bin/make" "cmTC_32711/fast"
/usr/bin/make -f CMakeFiles/cmTC_32711.dir/build.make CMakeFiles/cmTC_32711.dir/build
make[1]: Entering directory '/home/chris/catkin_ws/build/learning/CMakeFiles/CMakeTmp'
Building C object CMakeFiles/cmTC_32711.dir/CheckSymbolExists.c.o
/usr/bin/cc     -o CMakeFiles/cmTC_32711.dir/CheckSymbolExists.c.o   -c /home/chris/catkin_ws/build/learning/CMakeFiles/CMakeTmp/CheckSymbolExists.c
Linking C executable cmTC_32711
/usr/bin/cmake -E cmake_link_script CMakeFiles/cmTC_32711.dir/link.txt --verbose=1
/usr/bin/cc       CMakeFiles/cmTC_32711.dir/CheckSymbolExists.c.o  -o cmTC_32711 -rdynamic 
CMakeFiles/cmTC_32711.dir/CheckSymbolExists.c.o：在函数‘main’中：
CheckSymbolExists.c:(.text+0x16)：对‘pthread_create’未定义的引用
collect2: error: ld returned 1 exit status
CMakeFiles/cmTC_32711.dir/build.make:97: recipe for target 'cmTC_32711' failed
make[1]: *** [cmTC_32711] Error 1
make[1]: Leaving directory '/home/chris/catkin_ws/build/learning/CMakeFiles/CMakeTmp'
Makefile:126: recipe for target 'cmTC_32711/fast' failed
make: *** [cmTC_32711/fast] Error 2

File /home/chris/catkin_ws/build/learning/CMakeFiles/CMakeTmp/CheckSymbolExists.c:
/* */
#include <pthread.h>

int main(int argc, char** argv)
{
  (void)argv;
#ifndef pthread_create
  return ((int*)(&pthread_create))[argc];
#else
  (void)argc;
  return 0;
#endif
}

Determining if the function pthread_create exists in the pthreads failed with the following output:
Change Dir: /home/chris/catkin_ws/build/learning/CMakeFiles/CMakeTmp

Run Build Command:"/usr/bin/make" "cmTC_53919/fast"
/usr/bin/make -f CMakeFiles/cmTC_53919.dir/build.make CMakeFiles/cmTC_53919.dir/build
make[1]: Entering directory '/home/chris/catkin_ws/build/learning/CMakeFiles/CMakeTmp'
Building C object CMakeFiles/cmTC_53919.dir/CheckFunctionExists.c.o
/usr/bin/cc    -DCHECK_FUNCTION_EXISTS=pthread_create   -o CMakeFiles/cmTC_53919.dir/CheckFunctionExists.c.o   -c /usr/share/cmake-3.5/Modules/CheckFunctionExists.c
Linking C executable cmTC_53919
/usr/bin/cmake -E cmake_link_script CMakeFiles/cmTC_53919.dir/link.txt --verbose=1
/usr/bin/cc   -DCHECK_FUNCTION_EXISTS=pthread_create    CMakeFiles/cmTC_53919.dir/CheckFunctionExists.c.o  -o cmTC_53919 -rdynamic -lpthreads 
/usr/bin/ld: 找不到 -lpthreads
collect2: error: ld returned 1 exit status
CMakeFiles/cmTC_53919.dir/build.make:97: recipe for target 'cmTC_53919' failed
make[1]: *** [cmTC_53919] Error 1
make[1]: Leaving directory '/home/chris/catkin_ws/build/learning/CMakeFiles/CMakeTmp'
Makefile:126: recipe for target 'cmTC_53919/fast' failed
make: *** [cmTC_53919/fast] Error 2


