Determining if the pthread_create exist failed with the following output:
Change Dir: /home/chrisliu/ROS/hardware_ws/build/CMakeFiles/CMakeTmp

Run Build Command:"/usr/bin/make" "cmTC_21c50/fast"
/usr/bin/make -f CMakeFiles/cmTC_21c50.dir/build.make CMakeFiles/cmTC_21c50.dir/build
make[1]: Entering directory '/home/chrisliu/ROS/hardware_ws/build/CMakeFiles/CMakeTmp'
Building C object CMakeFiles/cmTC_21c50.dir/CheckSymbolExists.c.o
/usr/bin/cc     -o CMakeFiles/cmTC_21c50.dir/CheckSymbolExists.c.o   -c /home/chrisliu/ROS/hardware_ws/build/CMakeFiles/CMakeTmp/CheckSymbolExists.c
Linking C executable cmTC_21c50
/usr/bin/cmake -E cmake_link_script CMakeFiles/cmTC_21c50.dir/link.txt --verbose=1
/usr/bin/cc       CMakeFiles/cmTC_21c50.dir/CheckSymbolExists.c.o  -o cmTC_21c50 -rdynamic 
CMakeFiles/cmTC_21c50.dir/CheckSymbolExists.c.o：在函数‘main’中：
CheckSymbolExists.c:(.text+0x16)：对‘pthread_create’未定义的引用
collect2: error: ld returned 1 exit status
CMakeFiles/cmTC_21c50.dir/build.make:97: recipe for target 'cmTC_21c50' failed
make[1]: *** [cmTC_21c50] Error 1
make[1]: Leaving directory '/home/chrisliu/ROS/hardware_ws/build/CMakeFiles/CMakeTmp'
Makefile:126: recipe for target 'cmTC_21c50/fast' failed
make: *** [cmTC_21c50/fast] Error 2

File /home/chrisliu/ROS/hardware_ws/build/CMakeFiles/CMakeTmp/CheckSymbolExists.c:
/* */
#include <pthread.h>

int main(int argc, char** argv)
{
  (void)argv;
#ifndef pthread_create
  return ((int*)(&pthread_create))[argc];
#else
  (void)argc;
  return 0;
#endif
}

Determining if the function pthread_create exists in the pthreads failed with the following output:
Change Dir: /home/chrisliu/ROS/hardware_ws/build/CMakeFiles/CMakeTmp

Run Build Command:"/usr/bin/make" "cmTC_24ce4/fast"
/usr/bin/make -f CMakeFiles/cmTC_24ce4.dir/build.make CMakeFiles/cmTC_24ce4.dir/build
make[1]: Entering directory '/home/chrisliu/ROS/hardware_ws/build/CMakeFiles/CMakeTmp'
Building C object CMakeFiles/cmTC_24ce4.dir/CheckFunctionExists.c.o
/usr/bin/cc    -DCHECK_FUNCTION_EXISTS=pthread_create   -o CMakeFiles/cmTC_24ce4.dir/CheckFunctionExists.c.o   -c /usr/share/cmake-3.5/Modules/CheckFunctionExists.c
Linking C executable cmTC_24ce4
/usr/bin/cmake -E cmake_link_script CMakeFiles/cmTC_24ce4.dir/link.txt --verbose=1
/usr/bin/cc   -DCHECK_FUNCTION_EXISTS=pthread_create    CMakeFiles/cmTC_24ce4.dir/CheckFunctionExists.c.o  -o cmTC_24ce4 -rdynamic -lpthreads 
/usr/bin/ld: 找不到 -lpthreads
collect2: error: ld returned 1 exit status
CMakeFiles/cmTC_24ce4.dir/build.make:97: recipe for target 'cmTC_24ce4' failed
make[1]: *** [cmTC_24ce4] Error 1
make[1]: Leaving directory '/home/chrisliu/ROS/hardware_ws/build/CMakeFiles/CMakeTmp'
Makefile:126: recipe for target 'cmTC_24ce4/fast' failed
make: *** [cmTC_24ce4/fast] Error 2


