Determining if the pthread_create exist failed with the following output:
Change Dir: /home/chrisliu/ROS/vrep_ws/src/cmake-build-debug/CMakeFiles/CMakeTmp

Run Build Command(s):/usr/bin/make cmTC_6a892/fast 
/usr/bin/make -f CMakeFiles/cmTC_6a892.dir/build.make CMakeFiles/cmTC_6a892.dir/build
make[1]: Entering directory '/home/chrisliu/ROS/vrep_ws/src/cmake-build-debug/CMakeFiles/CMakeTmp'
Building C object CMakeFiles/cmTC_6a892.dir/CheckSymbolExists.c.o
/usr/bin/cc    -o CMakeFiles/cmTC_6a892.dir/CheckSymbolExists.c.o   -c /home/chrisliu/ROS/vrep_ws/src/cmake-build-debug/CMakeFiles/CMakeTmp/CheckSymbolExists.c
Linking C executable cmTC_6a892
/home/chrisliu/software/clion-2019.2.1/bin/cmake/linux/bin/cmake -E cmake_link_script CMakeFiles/cmTC_6a892.dir/link.txt --verbose=1
/usr/bin/cc      -rdynamic CMakeFiles/cmTC_6a892.dir/CheckSymbolExists.c.o  -o cmTC_6a892 
CMakeFiles/cmTC_6a892.dir/CheckSymbolExists.c.o：在函数‘main’中：
CheckSymbolExists.c:(.text+0x16)：对‘pthread_create’未定义的引用
collect2: error: ld returned 1 exit status
CMakeFiles/cmTC_6a892.dir/build.make:86: recipe for target 'cmTC_6a892' failed
make[1]: *** [cmTC_6a892] Error 1
make[1]: Leaving directory '/home/chrisliu/ROS/vrep_ws/src/cmake-build-debug/CMakeFiles/CMakeTmp'
Makefile:121: recipe for target 'cmTC_6a892/fast' failed
make: *** [cmTC_6a892/fast] Error 2

File /home/chrisliu/ROS/vrep_ws/src/cmake-build-debug/CMakeFiles/CMakeTmp/CheckSymbolExists.c:
/* */
#include <pthread.h>

int main(int argc, char** argv)
{
  (void)argv;
#ifndef pthread_create
  return ((int*)(&pthread_create))[argc];
#else
  (void)argc;
  return 0;
#endif
}

Determining if the function pthread_create exists in the pthreads failed with the following output:
Change Dir: /home/chrisliu/ROS/vrep_ws/src/cmake-build-debug/CMakeFiles/CMakeTmp

Run Build Command(s):/usr/bin/make cmTC_d9235/fast 
/usr/bin/make -f CMakeFiles/cmTC_d9235.dir/build.make CMakeFiles/cmTC_d9235.dir/build
make[1]: Entering directory '/home/chrisliu/ROS/vrep_ws/src/cmake-build-debug/CMakeFiles/CMakeTmp'
Building C object CMakeFiles/cmTC_d9235.dir/CheckFunctionExists.c.o
/usr/bin/cc   -DCHECK_FUNCTION_EXISTS=pthread_create   -o CMakeFiles/cmTC_d9235.dir/CheckFunctionExists.c.o   -c /home/chrisliu/software/clion-2019.2.1/bin/cmake/linux/share/cmake-3.14/Modules/CheckFunctionExists.c
Linking C executable cmTC_d9235
/home/chrisliu/software/clion-2019.2.1/bin/cmake/linux/bin/cmake -E cmake_link_script CMakeFiles/cmTC_d9235.dir/link.txt --verbose=1
/usr/bin/cc  -DCHECK_FUNCTION_EXISTS=pthread_create    -rdynamic CMakeFiles/cmTC_d9235.dir/CheckFunctionExists.c.o  -o cmTC_d9235 -lpthreads 
/usr/bin/ld: 找不到 -lpthreads
collect2: error: ld returned 1 exit status
CMakeFiles/cmTC_d9235.dir/build.make:86: recipe for target 'cmTC_d9235' failed
make[1]: *** [cmTC_d9235] Error 1
make[1]: Leaving directory '/home/chrisliu/ROS/vrep_ws/src/cmake-build-debug/CMakeFiles/CMakeTmp'
Makefile:121: recipe for target 'cmTC_d9235/fast' failed
make: *** [cmTC_d9235/fast] Error 2


Performing C SOURCE FILE Test CMAKE_HAVE_LIBC_PTHREAD failed with the following output:
Change Dir: /home/chrisliu/ROS/vrep_ws/src/cmake-build-debug/CMakeFiles/CMakeTmp

Run Build Command(s):/usr/bin/make cmTC_daa30/fast && /usr/bin/make -f CMakeFiles/cmTC_daa30.dir/build.make CMakeFiles/cmTC_daa30.dir/build
make[1]: Entering directory '/home/chrisliu/ROS/vrep_ws/src/cmake-build-debug/CMakeFiles/CMakeTmp'
Building C object CMakeFiles/cmTC_daa30.dir/src.c.o
/usr/bin/cc   -DCMAKE_HAVE_LIBC_PTHREAD   -o CMakeFiles/cmTC_daa30.dir/src.c.o   -c /home/chrisliu/ROS/vrep_ws/src/cmake-build-debug/CMakeFiles/CMakeTmp/src.c
Linking C executable cmTC_daa30
/home/chrisliu/software/clion-2019.2.1/bin/cmake/linux/bin/cmake -E cmake_link_script CMakeFiles/cmTC_daa30.dir/link.txt --verbose=1
/usr/bin/cc  -DCMAKE_HAVE_LIBC_PTHREAD    -rdynamic CMakeFiles/cmTC_daa30.dir/src.c.o  -o cmTC_daa30 
CMakeFiles/cmTC_daa30.dir/src.c.o：在函数‘main’中：
src.c:(.text+0x3c)：对‘pthread_create’未定义的引用
src.c:(.text+0x48)：对‘pthread_detach’未定义的引用
src.c:(.text+0x59)：对‘pthread_join’未定义的引用
src.c:(.text+0x6d)：对‘pthread_atfork’未定义的引用
collect2: error: ld returned 1 exit status
CMakeFiles/cmTC_daa30.dir/build.make:86: recipe for target 'cmTC_daa30' failed
make[1]: *** [cmTC_daa30] Error 1
make[1]: Leaving directory '/home/chrisliu/ROS/vrep_ws/src/cmake-build-debug/CMakeFiles/CMakeTmp'
Makefile:121: recipe for target 'cmTC_daa30/fast' failed
make: *** [cmTC_daa30/fast] Error 2


Source file was:
#include <pthread.h>

void* test_func(void* data)
{
  return data;
}

int main(void)
{
  pthread_t thread;
  pthread_create(&thread, NULL, test_func, NULL);
  pthread_detach(thread);
  pthread_join(thread, NULL);
  pthread_atfork(NULL, NULL, NULL);
  pthread_exit(NULL);

  return 0;
}

