Determining if the pthread_create exist failed with the following output:
Change Dir: /home/chris/catkin_ws/build/mavros_msgs/CMakeFiles/CMakeTmp

Run Build Command:"/usr/bin/make" "cmTC_87368/fast"
/usr/bin/make -f CMakeFiles/cmTC_87368.dir/build.make CMakeFiles/cmTC_87368.dir/build
make[1]: Entering directory '/home/chris/catkin_ws/build/mavros_msgs/CMakeFiles/CMakeTmp'
Building C object CMakeFiles/cmTC_87368.dir/CheckSymbolExists.c.o
/usr/bin/cc     -o CMakeFiles/cmTC_87368.dir/CheckSymbolExists.c.o   -c /home/chris/catkin_ws/build/mavros_msgs/CMakeFiles/CMakeTmp/CheckSymbolExists.c
Linking C executable cmTC_87368
/usr/bin/cmake -E cmake_link_script CMakeFiles/cmTC_87368.dir/link.txt --verbose=1
/usr/bin/cc       CMakeFiles/cmTC_87368.dir/CheckSymbolExists.c.o  -o cmTC_87368 -rdynamic 
CMakeFiles/cmTC_87368.dir/CheckSymbolExists.c.o：在函数‘main’中：
CheckSymbolExists.c:(.text+0x16)：对‘pthread_create’未定义的引用
collect2: error: ld returned 1 exit status
CMakeFiles/cmTC_87368.dir/build.make:97: recipe for target 'cmTC_87368' failed
make[1]: *** [cmTC_87368] Error 1
make[1]: Leaving directory '/home/chris/catkin_ws/build/mavros_msgs/CMakeFiles/CMakeTmp'
Makefile:126: recipe for target 'cmTC_87368/fast' failed
make: *** [cmTC_87368/fast] Error 2

File /home/chris/catkin_ws/build/mavros_msgs/CMakeFiles/CMakeTmp/CheckSymbolExists.c:
/* */
#include <pthread.h>

int main(int argc, char** argv)
{
  (void)argv;
#ifndef pthread_create
  return ((int*)(&pthread_create))[argc];
#else
  (void)argc;
  return 0;
#endif
}

Determining if the function pthread_create exists in the pthreads failed with the following output:
Change Dir: /home/chris/catkin_ws/build/mavros_msgs/CMakeFiles/CMakeTmp

Run Build Command:"/usr/bin/make" "cmTC_d419c/fast"
/usr/bin/make -f CMakeFiles/cmTC_d419c.dir/build.make CMakeFiles/cmTC_d419c.dir/build
make[1]: Entering directory '/home/chris/catkin_ws/build/mavros_msgs/CMakeFiles/CMakeTmp'
Building C object CMakeFiles/cmTC_d419c.dir/CheckFunctionExists.c.o
/usr/bin/cc    -DCHECK_FUNCTION_EXISTS=pthread_create   -o CMakeFiles/cmTC_d419c.dir/CheckFunctionExists.c.o   -c /usr/share/cmake-3.5/Modules/CheckFunctionExists.c
Linking C executable cmTC_d419c
/usr/bin/cmake -E cmake_link_script CMakeFiles/cmTC_d419c.dir/link.txt --verbose=1
/usr/bin/cc   -DCHECK_FUNCTION_EXISTS=pthread_create    CMakeFiles/cmTC_d419c.dir/CheckFunctionExists.c.o  -o cmTC_d419c -rdynamic -lpthreads 
/usr/bin/ld: 找不到 -lpthreads
collect2: error: ld returned 1 exit status
CMakeFiles/cmTC_d419c.dir/build.make:97: recipe for target 'cmTC_d419c' failed
make[1]: *** [cmTC_d419c] Error 1
make[1]: Leaving directory '/home/chris/catkin_ws/build/mavros_msgs/CMakeFiles/CMakeTmp'
Makefile:126: recipe for target 'cmTC_d419c/fast' failed
make: *** [cmTC_d419c/fast] Error 2


