Determining if the pthread_create exist failed with the following output:
Change Dir: /home/chris/catkin_ws/build/slam_sim_demo/CMakeFiles/CMakeTmp

Run Build Command:"/usr/bin/make" "cmTC_0940a/fast"
/usr/bin/make -f CMakeFiles/cmTC_0940a.dir/build.make CMakeFiles/cmTC_0940a.dir/build
make[1]: Entering directory '/home/chris/catkin_ws/build/slam_sim_demo/CMakeFiles/CMakeTmp'
Building C object CMakeFiles/cmTC_0940a.dir/CheckSymbolExists.c.o
/usr/bin/cc     -o CMakeFiles/cmTC_0940a.dir/CheckSymbolExists.c.o   -c /home/chris/catkin_ws/build/slam_sim_demo/CMakeFiles/CMakeTmp/CheckSymbolExists.c
Linking C executable cmTC_0940a
/usr/bin/cmake -E cmake_link_script CMakeFiles/cmTC_0940a.dir/link.txt --verbose=1
/usr/bin/cc       CMakeFiles/cmTC_0940a.dir/CheckSymbolExists.c.o  -o cmTC_0940a -rdynamic 
CMakeFiles/cmTC_0940a.dir/CheckSymbolExists.c.o：在函数‘main’中：
CheckSymbolExists.c:(.text+0x16)：对‘pthread_create’未定义的引用
collect2: error: ld returned 1 exit status
CMakeFiles/cmTC_0940a.dir/build.make:97: recipe for target 'cmTC_0940a' failed
make[1]: *** [cmTC_0940a] Error 1
make[1]: Leaving directory '/home/chris/catkin_ws/build/slam_sim_demo/CMakeFiles/CMakeTmp'
Makefile:126: recipe for target 'cmTC_0940a/fast' failed
make: *** [cmTC_0940a/fast] Error 2

File /home/chris/catkin_ws/build/slam_sim_demo/CMakeFiles/CMakeTmp/CheckSymbolExists.c:
/* */
#include <pthread.h>

int main(int argc, char** argv)
{
  (void)argv;
#ifndef pthread_create
  return ((int*)(&pthread_create))[argc];
#else
  (void)argc;
  return 0;
#endif
}

Determining if the function pthread_create exists in the pthreads failed with the following output:
Change Dir: /home/chris/catkin_ws/build/slam_sim_demo/CMakeFiles/CMakeTmp

Run Build Command:"/usr/bin/make" "cmTC_62706/fast"
/usr/bin/make -f CMakeFiles/cmTC_62706.dir/build.make CMakeFiles/cmTC_62706.dir/build
make[1]: Entering directory '/home/chris/catkin_ws/build/slam_sim_demo/CMakeFiles/CMakeTmp'
Building C object CMakeFiles/cmTC_62706.dir/CheckFunctionExists.c.o
/usr/bin/cc    -DCHECK_FUNCTION_EXISTS=pthread_create   -o CMakeFiles/cmTC_62706.dir/CheckFunctionExists.c.o   -c /usr/share/cmake-3.5/Modules/CheckFunctionExists.c
Linking C executable cmTC_62706
/usr/bin/cmake -E cmake_link_script CMakeFiles/cmTC_62706.dir/link.txt --verbose=1
/usr/bin/cc   -DCHECK_FUNCTION_EXISTS=pthread_create    CMakeFiles/cmTC_62706.dir/CheckFunctionExists.c.o  -o cmTC_62706 -rdynamic -lpthreads 
/usr/bin/ld: 找不到 -lpthreads
collect2: error: ld returned 1 exit status
CMakeFiles/cmTC_62706.dir/build.make:97: recipe for target 'cmTC_62706' failed
make[1]: *** [cmTC_62706] Error 1
make[1]: Leaving directory '/home/chris/catkin_ws/build/slam_sim_demo/CMakeFiles/CMakeTmp'
Makefile:126: recipe for target 'cmTC_62706/fast' failed
make: *** [cmTC_62706/fast] Error 2


