Performing C SOURCE FILE Test CMAKE_HAVE_LIBC_PTHREAD failed with the following output:
Change Dir: /home/chrisliu/ROS/learn_opencv/src/image_pkg/cmake-build-debug/CMakeFiles/CMakeTmp

Run Build Command(s):/usr/bin/make cmTC_a16c7/fast && /usr/bin/make -f CMakeFiles/cmTC_a16c7.dir/build.make CMakeFiles/cmTC_a16c7.dir/build
make[1]: Entering directory '/home/chrisliu/ROS/learn_opencv/src/image_pkg/cmake-build-debug/CMakeFiles/CMakeTmp'
Building C object CMakeFiles/cmTC_a16c7.dir/src.c.o
/usr/bin/cc   -DCMAKE_HAVE_LIBC_PTHREAD   -o CMakeFiles/cmTC_a16c7.dir/src.c.o   -c /home/chrisliu/ROS/learn_opencv/src/image_pkg/cmake-build-debug/CMakeFiles/CMakeTmp/src.c
Linking C executable cmTC_a16c7
/home/chrisliu/software/clion-2019.2.1/bin/cmake/linux/bin/cmake -E cmake_link_script CMakeFiles/cmTC_a16c7.dir/link.txt --verbose=1
/usr/bin/cc  -DCMAKE_HAVE_LIBC_PTHREAD    -rdynamic CMakeFiles/cmTC_a16c7.dir/src.c.o  -o cmTC_a16c7 
CMakeFiles/cmTC_a16c7.dir/src.c.o：在函数‘main’中：
src.c:(.text+0x3c)：对‘pthread_create’未定义的引用
src.c:(.text+0x48)：对‘pthread_detach’未定义的引用
src.c:(.text+0x59)：对‘pthread_join’未定义的引用
src.c:(.text+0x6d)：对‘pthread_atfork’未定义的引用
collect2: error: ld returned 1 exit status
CMakeFiles/cmTC_a16c7.dir/build.make:86: recipe for target 'cmTC_a16c7' failed
make[1]: *** [cmTC_a16c7] Error 1
make[1]: Leaving directory '/home/chrisliu/ROS/learn_opencv/src/image_pkg/cmake-build-debug/CMakeFiles/CMakeTmp'
Makefile:121: recipe for target 'cmTC_a16c7/fast' failed
make: *** [cmTC_a16c7/fast] Error 2


Source file was:
#include <pthread.h>

void* test_func(void* data)
{
  return data;
}

int main(void)
{
  pthread_t thread;
  pthread_create(&thread, NULL, test_func, NULL);
  pthread_detach(thread);
  pthread_join(thread, NULL);
  pthread_atfork(NULL, NULL, NULL);
  pthread_exit(NULL);

  return 0;
}

Determining if the function pthread_create exists in the pthreads failed with the following output:
Change Dir: /home/chrisliu/ROS/learn_opencv/src/image_pkg/cmake-build-debug/CMakeFiles/CMakeTmp

Run Build Command(s):/usr/bin/make cmTC_9769e/fast && /usr/bin/make -f CMakeFiles/cmTC_9769e.dir/build.make CMakeFiles/cmTC_9769e.dir/build
make[1]: Entering directory '/home/chrisliu/ROS/learn_opencv/src/image_pkg/cmake-build-debug/CMakeFiles/CMakeTmp'
Building C object CMakeFiles/cmTC_9769e.dir/CheckFunctionExists.c.o
/usr/bin/cc   -DCHECK_FUNCTION_EXISTS=pthread_create   -o CMakeFiles/cmTC_9769e.dir/CheckFunctionExists.c.o   -c /home/chrisliu/software/clion-2019.2.1/bin/cmake/linux/share/cmake-3.15/Modules/CheckFunctionExists.c
Linking C executable cmTC_9769e
/home/chrisliu/software/clion-2019.2.1/bin/cmake/linux/bin/cmake -E cmake_link_script CMakeFiles/cmTC_9769e.dir/link.txt --verbose=1
/usr/bin/cc  -DCHECK_FUNCTION_EXISTS=pthread_create    -rdynamic CMakeFiles/cmTC_9769e.dir/CheckFunctionExists.c.o  -o cmTC_9769e -lpthreads 
/usr/bin/ld: 找不到 -lpthreads
collect2: error: ld returned 1 exit status
CMakeFiles/cmTC_9769e.dir/build.make:86: recipe for target 'cmTC_9769e' failed
make[1]: *** [cmTC_9769e] Error 1
make[1]: Leaving directory '/home/chrisliu/ROS/learn_opencv/src/image_pkg/cmake-build-debug/CMakeFiles/CMakeTmp'
Makefile:121: recipe for target 'cmTC_9769e/fast' failed
make: *** [cmTC_9769e/fast] Error 2



