Determining if the pthread_create exist failed with the following output:
Change Dir: /home/chris/catkin_ws/build/mavros_extras/CMakeFiles/CMakeTmp

Run Build Command:"/usr/bin/make" "cmTC_8e4bb/fast"
/usr/bin/make -f CMakeFiles/cmTC_8e4bb.dir/build.make CMakeFiles/cmTC_8e4bb.dir/build
make[1]: Entering directory '/home/chris/catkin_ws/build/mavros_extras/CMakeFiles/CMakeTmp'
Building C object CMakeFiles/cmTC_8e4bb.dir/CheckSymbolExists.c.o
/usr/bin/cc     -o CMakeFiles/cmTC_8e4bb.dir/CheckSymbolExists.c.o   -c /home/chris/catkin_ws/build/mavros_extras/CMakeFiles/CMakeTmp/CheckSymbolExists.c
Linking C executable cmTC_8e4bb
/usr/bin/cmake -E cmake_link_script CMakeFiles/cmTC_8e4bb.dir/link.txt --verbose=1
/usr/bin/cc       CMakeFiles/cmTC_8e4bb.dir/CheckSymbolExists.c.o  -o cmTC_8e4bb -rdynamic 
CMakeFiles/cmTC_8e4bb.dir/CheckSymbolExists.c.o：在函数‘main’中：
CheckSymbolExists.c:(.text+0x16)：对‘pthread_create’未定义的引用
collect2: error: ld returned 1 exit status
CMakeFiles/cmTC_8e4bb.dir/build.make:97: recipe for target 'cmTC_8e4bb' failed
make[1]: *** [cmTC_8e4bb] Error 1
make[1]: Leaving directory '/home/chris/catkin_ws/build/mavros_extras/CMakeFiles/CMakeTmp'
Makefile:126: recipe for target 'cmTC_8e4bb/fast' failed
make: *** [cmTC_8e4bb/fast] Error 2

File /home/chris/catkin_ws/build/mavros_extras/CMakeFiles/CMakeTmp/CheckSymbolExists.c:
/* */
#include <pthread.h>

int main(int argc, char** argv)
{
  (void)argv;
#ifndef pthread_create
  return ((int*)(&pthread_create))[argc];
#else
  (void)argc;
  return 0;
#endif
}

Determining if the function pthread_create exists in the pthreads failed with the following output:
Change Dir: /home/chris/catkin_ws/build/mavros_extras/CMakeFiles/CMakeTmp

Run Build Command:"/usr/bin/make" "cmTC_23f62/fast"
/usr/bin/make -f CMakeFiles/cmTC_23f62.dir/build.make CMakeFiles/cmTC_23f62.dir/build
make[1]: Entering directory '/home/chris/catkin_ws/build/mavros_extras/CMakeFiles/CMakeTmp'
Building C object CMakeFiles/cmTC_23f62.dir/CheckFunctionExists.c.o
/usr/bin/cc    -DCHECK_FUNCTION_EXISTS=pthread_create   -o CMakeFiles/cmTC_23f62.dir/CheckFunctionExists.c.o   -c /usr/share/cmake-3.5/Modules/CheckFunctionExists.c
Linking C executable cmTC_23f62
/usr/bin/cmake -E cmake_link_script CMakeFiles/cmTC_23f62.dir/link.txt --verbose=1
/usr/bin/cc   -DCHECK_FUNCTION_EXISTS=pthread_create    CMakeFiles/cmTC_23f62.dir/CheckFunctionExists.c.o  -o cmTC_23f62 -rdynamic -lpthreads 
/usr/bin/ld: 找不到 -lpthreads
collect2: error: ld returned 1 exit status
CMakeFiles/cmTC_23f62.dir/build.make:97: recipe for target 'cmTC_23f62' failed
make[1]: *** [cmTC_23f62] Error 1
make[1]: Leaving directory '/home/chris/catkin_ws/build/mavros_extras/CMakeFiles/CMakeTmp'
Makefile:126: recipe for target 'cmTC_23f62/fast' failed
make: *** [cmTC_23f62/fast] Error 2


