Determining if the pthread_create exist failed with the following output:
Change Dir: /home/chris/catkin_ws/build/rotors_hil_interface/CMakeFiles/CMakeTmp

Run Build Command:"/usr/bin/make" "cmTC_37542/fast"
/usr/bin/make -f CMakeFiles/cmTC_37542.dir/build.make CMakeFiles/cmTC_37542.dir/build
make[1]: Entering directory '/home/chris/catkin_ws/build/rotors_hil_interface/CMakeFiles/CMakeTmp'
Building C object CMakeFiles/cmTC_37542.dir/CheckSymbolExists.c.o
/usr/bin/cc     -o CMakeFiles/cmTC_37542.dir/CheckSymbolExists.c.o   -c /home/chris/catkin_ws/build/rotors_hil_interface/CMakeFiles/CMakeTmp/CheckSymbolExists.c
Linking C executable cmTC_37542
/usr/bin/cmake -E cmake_link_script CMakeFiles/cmTC_37542.dir/link.txt --verbose=1
/usr/bin/cc       CMakeFiles/cmTC_37542.dir/CheckSymbolExists.c.o  -o cmTC_37542 -rdynamic 
CMakeFiles/cmTC_37542.dir/CheckSymbolExists.c.o：在函数‘main’中：
CheckSymbolExists.c:(.text+0x16)：对‘pthread_create’未定义的引用
collect2: error: ld returned 1 exit status
CMakeFiles/cmTC_37542.dir/build.make:97: recipe for target 'cmTC_37542' failed
make[1]: *** [cmTC_37542] Error 1
make[1]: Leaving directory '/home/chris/catkin_ws/build/rotors_hil_interface/CMakeFiles/CMakeTmp'
Makefile:126: recipe for target 'cmTC_37542/fast' failed
make: *** [cmTC_37542/fast] Error 2

File /home/chris/catkin_ws/build/rotors_hil_interface/CMakeFiles/CMakeTmp/CheckSymbolExists.c:
/* */
#include <pthread.h>

int main(int argc, char** argv)
{
  (void)argv;
#ifndef pthread_create
  return ((int*)(&pthread_create))[argc];
#else
  (void)argc;
  return 0;
#endif
}

Determining if the function pthread_create exists in the pthreads failed with the following output:
Change Dir: /home/chris/catkin_ws/build/rotors_hil_interface/CMakeFiles/CMakeTmp

Run Build Command:"/usr/bin/make" "cmTC_c0374/fast"
/usr/bin/make -f CMakeFiles/cmTC_c0374.dir/build.make CMakeFiles/cmTC_c0374.dir/build
make[1]: Entering directory '/home/chris/catkin_ws/build/rotors_hil_interface/CMakeFiles/CMakeTmp'
Building C object CMakeFiles/cmTC_c0374.dir/CheckFunctionExists.c.o
/usr/bin/cc    -DCHECK_FUNCTION_EXISTS=pthread_create   -o CMakeFiles/cmTC_c0374.dir/CheckFunctionExists.c.o   -c /usr/share/cmake-3.5/Modules/CheckFunctionExists.c
Linking C executable cmTC_c0374
/usr/bin/cmake -E cmake_link_script CMakeFiles/cmTC_c0374.dir/link.txt --verbose=1
/usr/bin/cc   -DCHECK_FUNCTION_EXISTS=pthread_create    CMakeFiles/cmTC_c0374.dir/CheckFunctionExists.c.o  -o cmTC_c0374 -rdynamic -lpthreads 
/usr/bin/ld: 找不到 -lpthreads
collect2: error: ld returned 1 exit status
CMakeFiles/cmTC_c0374.dir/build.make:97: recipe for target 'cmTC_c0374' failed
make[1]: *** [cmTC_c0374] Error 1
make[1]: Leaving directory '/home/chris/catkin_ws/build/rotors_hil_interface/CMakeFiles/CMakeTmp'
Makefile:126: recipe for target 'cmTC_c0374/fast' failed
make: *** [cmTC_c0374/fast] Error 2


