Determining if the pthread_create exist failed with the following output:
Change Dir: /home/chrisliu/ROS/learn_opencv/src/cmake-build-debug/CMakeFiles/CMakeTmp

Run Build Command(s):/usr/bin/make cmTC_2b272/fast 
/usr/bin/make -f CMakeFiles/cmTC_2b272.dir/build.make CMakeFiles/cmTC_2b272.dir/build
make[1]: Entering directory '/home/chrisliu/ROS/learn_opencv/src/cmake-build-debug/CMakeFiles/CMakeTmp'
Building C object CMakeFiles/cmTC_2b272.dir/CheckSymbolExists.c.o
/usr/bin/cc    -o CMakeFiles/cmTC_2b272.dir/CheckSymbolExists.c.o   -c /home/chrisliu/ROS/learn_opencv/src/cmake-build-debug/CMakeFiles/CMakeTmp/CheckSymbolExists.c
Linking C executable cmTC_2b272
/home/chrisliu/software/clion-2019.2.1/bin/cmake/linux/bin/cmake -E cmake_link_script CMakeFiles/cmTC_2b272.dir/link.txt --verbose=1
/usr/bin/cc      -rdynamic CMakeFiles/cmTC_2b272.dir/CheckSymbolExists.c.o  -o cmTC_2b272 
CMakeFiles/cmTC_2b272.dir/CheckSymbolExists.c.o：在函数‘main’中：
CheckSymbolExists.c:(.text+0x16)：对‘pthread_create’未定义的引用
collect2: error: ld returned 1 exit status
CMakeFiles/cmTC_2b272.dir/build.make:86: recipe for target 'cmTC_2b272' failed
make[1]: *** [cmTC_2b272] Error 1
make[1]: Leaving directory '/home/chrisliu/ROS/learn_opencv/src/cmake-build-debug/CMakeFiles/CMakeTmp'
Makefile:121: recipe for target 'cmTC_2b272/fast' failed
make: *** [cmTC_2b272/fast] Error 2

File /home/chrisliu/ROS/learn_opencv/src/cmake-build-debug/CMakeFiles/CMakeTmp/CheckSymbolExists.c:
/* */
#include <pthread.h>

int main(int argc, char** argv)
{
  (void)argv;
#ifndef pthread_create
  return ((int*)(&pthread_create))[argc];
#else
  (void)argc;
  return 0;
#endif
}

Determining if the function pthread_create exists in the pthreads failed with the following output:
Change Dir: /home/chrisliu/ROS/learn_opencv/src/cmake-build-debug/CMakeFiles/CMakeTmp

Run Build Command(s):/usr/bin/make cmTC_81dda/fast 
/usr/bin/make -f CMakeFiles/cmTC_81dda.dir/build.make CMakeFiles/cmTC_81dda.dir/build
make[1]: Entering directory '/home/chrisliu/ROS/learn_opencv/src/cmake-build-debug/CMakeFiles/CMakeTmp'
Building C object CMakeFiles/cmTC_81dda.dir/CheckFunctionExists.c.o
/usr/bin/cc   -DCHECK_FUNCTION_EXISTS=pthread_create   -o CMakeFiles/cmTC_81dda.dir/CheckFunctionExists.c.o   -c /home/chrisliu/software/clion-2019.2.1/bin/cmake/linux/share/cmake-3.14/Modules/CheckFunctionExists.c
Linking C executable cmTC_81dda
/home/chrisliu/software/clion-2019.2.1/bin/cmake/linux/bin/cmake -E cmake_link_script CMakeFiles/cmTC_81dda.dir/link.txt --verbose=1
/usr/bin/cc  -DCHECK_FUNCTION_EXISTS=pthread_create    -rdynamic CMakeFiles/cmTC_81dda.dir/CheckFunctionExists.c.o  -o cmTC_81dda -lpthreads 
/usr/bin/ld: 找不到 -lpthreads
collect2: error: ld returned 1 exit status
CMakeFiles/cmTC_81dda.dir/build.make:86: recipe for target 'cmTC_81dda' failed
make[1]: *** [cmTC_81dda] Error 1
make[1]: Leaving directory '/home/chrisliu/ROS/learn_opencv/src/cmake-build-debug/CMakeFiles/CMakeTmp'
Makefile:121: recipe for target 'cmTC_81dda/fast' failed
make: *** [cmTC_81dda/fast] Error 2


Performing C SOURCE FILE Test CMAKE_HAVE_LIBC_PTHREAD failed with the following output:
Change Dir: /home/chrisliu/ROS/learn_opencv/src/cmake-build-debug/CMakeFiles/CMakeTmp

Run Build Command(s):/usr/bin/make cmTC_e00f3/fast && /usr/bin/make -f CMakeFiles/cmTC_e00f3.dir/build.make CMakeFiles/cmTC_e00f3.dir/build
make[1]: Entering directory '/home/chrisliu/ROS/learn_opencv/src/cmake-build-debug/CMakeFiles/CMakeTmp'
Building C object CMakeFiles/cmTC_e00f3.dir/src.c.o
/usr/bin/cc   -DCMAKE_HAVE_LIBC_PTHREAD   -o CMakeFiles/cmTC_e00f3.dir/src.c.o   -c /home/chrisliu/ROS/learn_opencv/src/cmake-build-debug/CMakeFiles/CMakeTmp/src.c
Linking C executable cmTC_e00f3
/home/chrisliu/software/clion-2019.2.1/bin/cmake/linux/bin/cmake -E cmake_link_script CMakeFiles/cmTC_e00f3.dir/link.txt --verbose=1
/usr/bin/cc  -DCMAKE_HAVE_LIBC_PTHREAD    -rdynamic CMakeFiles/cmTC_e00f3.dir/src.c.o  -o cmTC_e00f3 
CMakeFiles/cmTC_e00f3.dir/src.c.o：在函数‘main’中：
src.c:(.text+0x3c)：对‘pthread_create’未定义的引用
src.c:(.text+0x48)：对‘pthread_detach’未定义的引用
src.c:(.text+0x59)：对‘pthread_join’未定义的引用
src.c:(.text+0x6d)：对‘pthread_atfork’未定义的引用
collect2: error: ld returned 1 exit status
CMakeFiles/cmTC_e00f3.dir/build.make:86: recipe for target 'cmTC_e00f3' failed
make[1]: *** [cmTC_e00f3] Error 1
make[1]: Leaving directory '/home/chrisliu/ROS/learn_opencv/src/cmake-build-debug/CMakeFiles/CMakeTmp'
Makefile:121: recipe for target 'cmTC_e00f3/fast' failed
make: *** [cmTC_e00f3/fast] Error 2


Source file was:
#include <pthread.h>

void* test_func(void* data)
{
  return data;
}

int main(void)
{
  pthread_t thread;
  pthread_create(&thread, NULL, test_func, NULL);
  pthread_detach(thread);
  pthread_join(thread, NULL);
  pthread_atfork(NULL, NULL, NULL);
  pthread_exit(NULL);

  return 0;
}

