/home/chris/catkin_ws/src/firefly_control/src/control.cpp:21:68: error: ISO C++ forbids declaration of ‘PoseOnly’ with no type [-fpermissive]
   geometry_msgs::PoseOnly(const geometry_msgs::Pose::ConstPtr &msg1) {}
                                                                    ^
/home/chris/catkin_ws/src/firefly_control/src/control.cpp:21:68: error: invalid use of ‘::’
/home/chris/catkin_ws/src/firefly_control/src/fly.cpp: In constructor ‘detect_and_fly::detect_and_fly()’:
/home/chris/catkin_ws/src/firefly_control/src/fly.cpp:14:72: error: no matching function for call to ‘ros::NodeHandle::subscribe(const char [16], int, void (detect_and_fly::*)(const ConstPtr&))’
      sub2=nh.subscribe("/tag_detections",1,&detect_and_fly::detect_data);
                                                                        ^
In file included from /opt/ros/kinetic/include/ros/ros.h:45:0,
                 from /home/chris/catkin_ws/src/firefly_control/src/fly.cpp:4:
/opt/ros/kinetic/include/ros/node_handle.h:402:14: note: candidate: template<class M, class T> ros::Subscriber ros::NodeHandle::subscribe(const string&, uint32_t, void (T::*)(M), T*, const ros::TransportHints&)
   Subscriber subscribe(const std::string& topic, uint32_t queue_size, void(T::*fp)(M), T* obj, 
              ^
/opt/ros/kinetic/include/ros/node_handle.h:402:14: note:   template argument deduction/substitution failed:
/home/chris/catkin_ws/src/firefly_control/src/fly.cpp:14:72: note:   candidate expects 5 arguments, 3 provided
      sub2=nh.subscribe("/tag_detections",1,&detect_and_fly::detect_data);
                                                                        ^
In file included from /opt/ros/kinetic/include/ros/ros.h:45:0,
                 from /home/chris/catkin_ws/src/firefly_control/src/fly.cpp:4:
/opt/ros/kinetic/include/ros/node_handle.h:413:14: note: candidate: template<class M, class T> ros::Subscriber ros::NodeHandle::subscribe(const string&, uint32_t, void (T::*)(M) const, T*, const ros::TransportHints&)
   Subscriber subscribe(const std::string& topic, uint32_t queue_size, void(T::*fp)(M) const, T* obj, 
              ^
/opt/ros/kinetic/include/ros/node_handle.h:413:14: note:   template argument deduction/substitution failed:
/home/chris/catkin_ws/src/firefly_control/src/fly.cpp:14:72: note:   types ‘void (T::)(M) const’ and ‘void (detect_and_fly::)(const ConstPtr&) {aka void (detect_and_fly::)(const boost::shared_ptr<const apriltags2_ros::AprilTagDetectionArray_<std::allocator<void> > >&)}’ have incompatible cv-qualifiers
      sub2=nh.subscribe("/tag_detections",1,&detect_and_fly::detect_data);
                                                                        ^
In file included from /opt/ros/kinetic/include/ros/ros.h:45:0,
                 from /home/chris/catkin_ws/src/firefly_control/src/fly.cpp:4:
/opt/ros/kinetic/include/ros/node_handle.h:465:14: note: candidate: template<class M, class T> ros::Subscriber ros::NodeHandle::subscribe(const string&, uint32_t, void (T::*)(const boost::shared_ptr<const M>&), T*, const ros::TransportHints&)
   Subscriber subscribe(const std::string& topic, uint32_t queue_size, 
              ^
/opt/ros/kinetic/include/ros/node_handle.h:465:14: note:   template argument deduction/substitution failed:
/home/chris/catkin_ws/src/firefly_control/src/fly.cpp:14:72: note:   candidate expects 5 arguments, 3 provided
      sub2=nh.subscribe("/tag_detections",1,&detect_and_fly::detect_data);
                                                                        ^
In file included from /opt/ros/kinetic/include/ros/ros.h:45:0,
                 from /home/chris/catkin_ws/src/firefly_control/src/fly.cpp:4:
/opt/ros/kinetic/include/ros/node_handle.h:475:14: note: candidate: template<class M, class T> ros::Subscriber ros::NodeHandle::subscribe(const string&, uint32_t, void (T::*)(const boost::shared_ptr<const M>&) const, T*, const ros::TransportHints&)
   Subscriber subscribe(const std::string& topic, uint32_t queue_size, 
              ^
/opt/ros/kinetic/include/ros/node_handle.h:475:14: note:   template argument deduction/substitution failed:
/home/chris/catkin_ws/src/firefly_control/src/fly.cpp:14:72: note:   types ‘void (T::)(const boost::shared_ptr<const M>&) const’ and ‘void (detect_and_fly::)(const ConstPtr&) {aka void (detect_and_fly::)(const boost::shared_ptr<const apriltags2_ros::AprilTagDetectionArray_<std::allocator<void> > >&)}’ have incompatible cv-qualifiers
      sub2=nh.subscribe("/tag_detections",1,&detect_and_fly::detect_data);
                                                                        ^
In file included from /opt/ros/kinetic/include/ros/ros.h:45:0,
                 from /home/chris/catkin_ws/src/firefly_control/src/fly.cpp:4:
/opt/ros/kinetic/include/ros/node_handle.h:529:14: note: candidate: template<class M, class T> ros::Subscriber ros::NodeHandle::subscribe(const string&, uint32_t, void (T::*)(M), const boost::shared_ptr<U>&, const ros::TransportHints&)
   Subscriber subscribe(const std::string& topic, uint32_t queue_size, void(T::*fp)(M), 
              ^
/opt/ros/kinetic/include/ros/node_handle.h:529:14: note:   template argument deduction/substitution failed:
/home/chris/catkin_ws/src/firefly_control/src/fly.cpp:14:72: note:   candidate expects 5 arguments, 3 provided
      sub2=nh.subscribe("/tag_detections",1,&detect_and_fly::detect_data);
                                                                        ^
In file included from /opt/ros/kinetic/include/ros/ros.h:45:0,
                 from /home/chris/catkin_ws/src/firefly_control/src/fly.cpp:4:
/opt/ros/kinetic/include/ros/node_handle.h:540:14: note: candidate: template<class M, class T> ros::Subscriber ros::NodeHandle::subscribe(const string&, uint32_t, void (T::*)(M) const, const boost::shared_ptr<U>&, const ros::TransportHints&)
   Subscriber subscribe(const std::string& topic, uint32_t queue_size, void(T::*fp)(M) const, 
              ^
/opt/ros/kinetic/include/ros/node_handle.h:540:14: note:   template argument deduction/substitution failed:
/home/chris/catkin_ws/src/firefly_control/src/fly.cpp:14:72: note:   types ‘void (T::)(M) const’ and ‘void (detect_and_fly::)(const ConstPtr&) {aka void (detect_and_fly::)(const boost::shared_ptr<const apriltags2_ros::AprilTagDetectionArray_<std::allocator<void> > >&)}’ have incompatible cv-qualifiers
      sub2=nh.subscribe("/tag_detections",1,&detect_and_fly::detect_data);
                                                                        ^
In file included from /opt/ros/kinetic/include/ros/ros.h:45:0,
                 from /home/chris/catkin_ws/src/firefly_control/src/fly.cpp:4:
/opt/ros/kinetic/include/ros/node_handle.h:594:14: note: candidate: template<class M, class T> ros::Subscriber ros::NodeHandle::subscribe(const string&, uint32_t, void (T::*)(const boost::shared_ptr<const M>&), const boost::shared_ptr<U>&, const ros::TransportHints&)
   Subscriber subscribe(const std::string& topic, uint32_t queue_size, 
              ^
/opt/ros/kinetic/include/ros/node_handle.h:594:14: note:   template argument deduction/substitution failed:
/home/chris/catkin_ws/src/firefly_control/src/fly.cpp:14:72: note:   candidate expects 5 arguments, 3 provided
      sub2=nh.subscribe("/tag_detections",1,&detect_and_fly::detect_data);
                                                                        ^
In file included from /opt/ros/kinetic/include/ros/ros.h:45:0,
                 from /home/chris/catkin_ws/src/firefly_control/src/fly.cpp:4:
/opt/ros/kinetic/include/ros/node_handle.h:605:14: note: candidate: template<class M, class T> ros::Subscriber ros::NodeHandle::subscribe(const string&, uint32_t, void (T::*)(const boost::shared_ptr<const M>&) const, const boost::shared_ptr<U>&, const ros::TransportHints&)
   Subscriber subscribe(const std::string& topic, uint32_t queue_size, 
              ^
/opt/ros/kinetic/include/ros/node_handle.h:605:14: note:   template argument deduction/substitution failed:
/home/chris/catkin_ws/src/firefly_control/src/fly.cpp:14:72: note:   types ‘void (T::)(const boost::shared_ptr<const M>&) const’ and ‘void (detect_and_fly::)(const ConstPtr&) {aka void (detect_and_fly::)(const boost::shared_ptr<const apriltags2_ros::AprilTagDetectionArray_<std::allocator<void> > >&)}’ have incompatible cv-qualifiers
      sub2=nh.subscribe("/tag_detections",1,&detect_and_fly::detect_data);
                                                                        ^
In file included from /opt/ros/kinetic/include/ros/ros.h:45:0,
                 from /home/chris/catkin_ws/src/firefly_control/src/fly.cpp:4:
/opt/ros/kinetic/include/ros/node_handle.h:656:14: note: candidate: template<class M> ros::Subscriber ros::NodeHandle::subscribe(const string&, uint32_t, void (*)(M), const ros::TransportHints&)
   Subscriber subscribe(const std::string& topic, uint32_t queue_size, void(*fp)(M), const TransportHints& transport_hints = TransportHints())
              ^
/opt/ros/kinetic/include/ros/node_handle.h:656:14: note:   template argument deduction/substitution failed:
/home/chris/catkin_ws/src/firefly_control/src/fly.cpp:14:72: note:   mismatched types ‘void (*)(M)’ and ‘void (detect_and_fly::*)(const ConstPtr&) {aka void (detect_and_fly::*)(const boost::shared_ptr<const apriltags2_ros::AprilTagDetectionArray_<std::allocator<void> > >&)}’
      sub2=nh.subscribe("/tag_detections",1,&detect_and_fly::detect_data);
                                                                        ^
In file included from /opt/ros/kinetic/include/ros/ros.h:45:0,
                 from /home/chris/catkin_ws/src/firefly_control/src/fly.cpp:4:
/opt/ros/kinetic/include/ros/node_handle.h:704:14: note: candidate: template<class M> ros::Subscriber ros::NodeHandle::subscribe(const string&, uint32_t, void (*)(const boost::shared_ptr<const M>&), const ros::TransportHints&)
   Subscriber subscribe(const std::string& topic, uint32_t queue_size, void(*fp)(const boost::shared_ptr<M const>&), const TransportHints& transport_hints = TransportHints())
              ^
/opt/ros/kinetic/include/ros/node_handle.h:704:14: note:   template argument deduction/substitution failed:
/home/chris/catkin_ws/src/firefly_control/src/fly.cpp:14:72: note:   mismatched types ‘void (*)(const boost::shared_ptr<const M>&)’ and ‘void (detect_and_fly::*)(const ConstPtr&) {aka void (detect_and_fly::*)(const boost::shared_ptr<const apriltags2_ros::AprilTagDetectionArray_<std::allocator<void> > >&)}’
      sub2=nh.subscribe("/tag_detections",1,&detect_and_fly::detect_data);
                                                                        ^
In file included from /opt/ros/kinetic/include/ros/ros.h:45:0,
                 from /home/chris/catkin_ws/src/firefly_control/src/fly.cpp:4:
/opt/ros/kinetic/include/ros/node_handle.h:750:14: note: candidate: template<class M> ros::Subscriber ros::NodeHandle::subscribe(const string&, uint32_t, const boost::function<void(const boost::shared_ptr<const M>&)>&, const VoidConstPtr&, const ros::TransportHints&)
   Subscriber subscribe(const std::string& topic, uint32_t queue_size, const boost::function<void (const boost::shared_ptr<M const>&)>& callback,
              ^
/opt/ros/kinetic/include/ros/node_handle.h:750:14: note:   template argument deduction/substitution failed:
/home/chris/catkin_ws/src/firefly_control/src/fly.cpp:14:72: note:   mismatched types ‘const boost::function<void(const boost::shared_ptr<const M>&)>’ and ‘void (detect_and_fly::*)(const ConstPtr&) {aka void (detect_and_fly::*)(const boost::shared_ptr<const apriltags2_ros::AprilTagDetectionArray_<std::allocator<void> > >&)}’
      sub2=nh.subscribe("/tag_detections",1,&detect_and_fly::detect_data);
                                                                        ^
In file included from /opt/ros/kinetic/include/ros/ros.h:45:0,
                 from /home/chris/catkin_ws/src/firefly_control/src/fly.cpp:4:
/opt/ros/kinetic/include/ros/node_handle.h:799:14: note: candidate: template<class M, class C> ros::Subscriber ros::NodeHandle::subscribe(const string&, uint32_t, const boost::function<void(C)>&, const VoidConstPtr&, const ros::TransportHints&)
   Subscriber subscribe(const std::string& topic, uint32_t queue_size, const boost::function<void (C)>& callback,
              ^
/opt/ros/kinetic/include/ros/node_handle.h:799:14: note:   template argument deduction/substitution failed:
/home/chris/catkin_ws/src/firefly_control/src/fly.cpp:14:72: note:   mismatched types ‘const boost::function<void(C)>’ and ‘void (detect_and_fly::*)(const ConstPtr&) {aka void (detect_and_fly::*)(const boost::shared_ptr<const apriltags2_ros::AprilTagDetectionArray_<std::allocator<void> > >&)}’
      sub2=nh.subscribe("/tag_detections",1,&detect_and_fly::detect_data);
                                                                        ^
In file included from /opt/ros/kinetic/include/ros/ros.h:45:0,
                 from /home/chris/catkin_ws/src/firefly_control/src/fly.cpp:4:
/opt/ros/kinetic/include/ros/node_handle.h:836:14: note: candidate: ros::Subscriber ros::NodeHandle::subscribe(ros::SubscribeOptions&)
   Subscriber subscribe(SubscribeOptions& ops);
              ^
/opt/ros/kinetic/include/ros/node_handle.h:836:14: note:   candidate expects 1 argument, 3 provided
/home/chris/catkin_ws/src/firefly_control/src/fly.cpp:15:79: error: no matching function for call to ‘ros::NodeHandle::subscribe(const char [27], int, void (detect_and_fly::*)(const ConstPtr&))’
      sub=nh.subscribe("/firefly/ground_truth/pose",1,&detect_and_fly::Callback);
                                                                               ^
In file included from /opt/ros/kinetic/include/ros/ros.h:45:0,
                 from /home/chris/catkin_ws/src/firefly_control/src/fly.cpp:4:
/opt/ros/kinetic/include/ros/node_handle.h:402:14: note: candidate: template<class M, class T> ros::Subscriber ros::NodeHandle::subscribe(const string&, uint32_t, void (T::*)(M), T*, const ros::TransportHints&)
   Subscriber subscribe(const std::string& topic, uint32_t queue_size, void(T::*fp)(M), T* obj, 
              ^
/opt/ros/kinetic/include/ros/node_handle.h:402:14: note:   template argument deduction/substitution failed:
/home/chris/catkin_ws/src/firefly_control/src/fly.cpp:15:79: note:   candidate expects 5 arguments, 3 provided
      sub=nh.subscribe("/firefly/ground_truth/pose",1,&detect_and_fly::Callback);
                                                                               ^
In file included from /opt/ros/kinetic/include/ros/ros.h:45:0,
                 from /home/chris/catkin_ws/src/firefly_control/src/fly.cpp:4:
/opt/ros/kinetic/include/ros/node_handle.h:413:14: note: candidate: template<class M, class T> ros::Subscriber ros::NodeHandle::subscribe(const string&, uint32_t, void (T::*)(M) const, T*, const ros::TransportHints&)
   Subscriber subscribe(const std::string& topic, uint32_t queue_size, void(T::*fp)(M) const, T* obj, 
              ^
/opt/ros/kinetic/include/ros/node_handle.h:413:14: note:   template argument deduction/substitution failed:
/home/chris/catkin_ws/src/firefly_control/src/fly.cpp:15:79: note:   types ‘void (T::)(M) const’ and ‘void (detect_and_fly::)(const ConstPtr&) {aka void (detect_and_fly::)(const boost::shared_ptr<const geometry_msgs::Pose_<std::allocator<void> > >&)}’ have incompatible cv-qualifiers
      sub=nh.subscribe("/firefly/ground_truth/pose",1,&detect_and_fly::Callback);
                                                                               ^
In file included from /opt/ros/kinetic/include/ros/ros.h:45:0,
                 from /home/chris/catkin_ws/src/firefly_control/src/fly.cpp:4:
/opt/ros/kinetic/include/ros/node_handle.h:465:14: note: candidate: template<class M, class T> ros::Subscriber ros::NodeHandle::subscribe(const string&, uint32_t, void (T::*)(const boost::shared_ptr<const M>&), T*, const ros::TransportHints&)
   Subscriber subscribe(const std::string& topic, uint32_t queue_size, 
              ^
/opt/ros/kinetic/include/ros/node_handle.h:465:14: note:   template argument deduction/substitution failed:
/home/chris/catkin_ws/src/firefly_control/src/fly.cpp:15:79: note:   candidate expects 5 arguments, 3 provided
      sub=nh.subscribe("/firefly/ground_truth/pose",1,&detect_and_fly::Callback);
                                                                               ^
In file included from /opt/ros/kinetic/include/ros/ros.h:45:0,
                 from /home/chris/catkin_ws/src/firefly_control/src/fly.cpp:4:
/opt/ros/kinetic/include/ros/node_handle.h:475:14: note: candidate: template<class M, class T> ros::Subscriber ros::NodeHandle::subscribe(const string&, uint32_t, void (T::*)(const boost::shared_ptr<const M>&) const, T*, const ros::TransportHints&)
   Subscriber subscribe(const std::string& topic, uint32_t queue_size, 
              ^
/opt/ros/kinetic/include/ros/node_handle.h:475:14: note:   template argument deduction/substitution failed:
/home/chris/catkin_ws/src/firefly_control/src/fly.cpp:15:79: note:   types ‘void (T::)(const boost::shared_ptr<const M>&) const’ and ‘void (detect_and_fly::)(const ConstPtr&) {aka void (detect_and_fly::)(const boost::shared_ptr<const geometry_msgs::Pose_<std::allocator<void> > >&)}’ have incompatible cv-qualifiers
      sub=nh.subscribe("/firefly/ground_truth/pose",1,&detect_and_fly::Callback);
                                                                               ^
In file included from /opt/ros/kinetic/include/ros/ros.h:45:0,
                 from /home/chris/catkin_ws/src/firefly_control/src/fly.cpp:4:
/opt/ros/kinetic/include/ros/node_handle.h:529:14: note: candidate: template<class M, class T> ros::Subscriber ros::NodeHandle::subscribe(const string&, uint32_t, void (T::*)(M), const boost::shared_ptr<U>&, const ros::TransportHints&)
   Subscriber subscribe(const std::string& topic, uint32_t queue_size, void(T::*fp)(M), 
              ^
/opt/ros/kinetic/include/ros/node_handle.h:529:14: note:   template argument deduction/substitution failed:
/home/chris/catkin_ws/src/firefly_control/src/fly.cpp:15:79: note:   candidate expects 5 arguments, 3 provided
      sub=nh.subscribe("/firefly/ground_truth/pose",1,&detect_and_fly::Callback);
                                                                               ^
In file included from /opt/ros/kinetic/include/ros/ros.h:45:0,
                 from /home/chris/catkin_ws/src/firefly_control/src/fly.cpp:4:
/opt/ros/kinetic/include/ros/node_handle.h:540:14: note: candidate: template<class M, class T> ros::Subscriber ros::NodeHandle::subscribe(const string&, uint32_t, void (T::*)(M) const, const boost::shared_ptr<U>&, const ros::TransportHints&)
   Subscriber subscribe(const std::string& topic, uint32_t queue_size, void(T::*fp)(M) const, 
              ^
/opt/ros/kinetic/include/ros/node_handle.h:540:14: note:   template argument deduction/substitution failed:
/home/chris/catkin_ws/src/firefly_control/src/fly.cpp:15:79: note:   types ‘void (T::)(M) const’ and ‘void (detect_and_fly::)(const ConstPtr&) {aka void (detect_and_fly::)(const boost::shared_ptr<const geometry_msgs::Pose_<std::allocator<void> > >&)}’ have incompatible cv-qualifiers
      sub=nh.subscribe("/firefly/ground_truth/pose",1,&detect_and_fly::Callback);
                                                                               ^
In file included from /opt/ros/kinetic/include/ros/ros.h:45:0,
                 from /home/chris/catkin_ws/src/firefly_control/src/fly.cpp:4:
/opt/ros/kinetic/include/ros/node_handle.h:594:14: note: candidate: template<class M, class T> ros::Subscriber ros::NodeHandle::subscribe(const string&, uint32_t, void (T::*)(const boost::shared_ptr<const M>&), const boost::shared_ptr<U>&, const ros::TransportHints&)
   Subscriber subscribe(const std::string& topic, uint32_t queue_size, 
              ^
/opt/ros/kinetic/include/ros/node_handle.h:594:14: note:   template argument deduction/substitution failed:
/home/chris/catkin_ws/src/firefly_control/src/fly.cpp:15:79: note:   candidate expects 5 arguments, 3 provided
      sub=nh.subscribe("/firefly/ground_truth/pose",1,&detect_and_fly::Callback);
                                                                               ^
In file included from /opt/ros/kinetic/include/ros/ros.h:45:0,
                 from /home/chris/catkin_ws/src/firefly_control/src/fly.cpp:4:
/opt/ros/kinetic/include/ros/node_handle.h:605:14: note: candidate: template<class M, class T> ros::Subscriber ros::NodeHandle::subscribe(const string&, uint32_t, void (T::*)(const boost::shared_ptr<const M>&) const, const boost::shared_ptr<U>&, const ros::TransportHints&)
   Subscriber subscribe(const std::string& topic, uint32_t queue_size, 
              ^
/opt/ros/kinetic/include/ros/node_handle.h:605:14: note:   template argument deduction/substitution failed:
/home/chris/catkin_ws/src/firefly_control/src/fly.cpp:15:79: note:   types ‘void (T::)(const boost::shared_ptr<const M>&) const’ and ‘void (detect_and_fly::)(const ConstPtr&) {aka void (detect_and_fly::)(const boost::shared_ptr<const geometry_msgs::Pose_<std::allocator<void> > >&)}’ have incompatible cv-qualifiers
      sub=nh.subscribe("/firefly/ground_truth/pose",1,&detect_and_fly::Callback);
                                                                               ^
In file included from /opt/ros/kinetic/include/ros/ros.h:45:0,
                 from /home/chris/catkin_ws/src/firefly_control/src/fly.cpp:4:
/opt/ros/kinetic/include/ros/node_handle.h:656:14: note: candidate: template<class M> ros::Subscriber ros::NodeHandle::subscribe(const string&, uint32_t, void (*)(M), const ros::TransportHints&)
   Subscriber subscribe(const std::string& topic, uint32_t queue_size, void(*fp)(M), const TransportHints& transport_hints = TransportHints())
              ^
/opt/ros/kinetic/include/ros/node_handle.h:656:14: note:   template argument deduction/substitution failed:
/home/chris/catkin_ws/src/firefly_control/src/fly.cpp:15:79: note:   mismatched types ‘void (*)(M)’ and ‘void (detect_and_fly::*)(const ConstPtr&) {aka void (detect_and_fly::*)(const boost::shared_ptr<const geometry_msgs::Pose_<std::allocator<void> > >&)}’
      sub=nh.subscribe("/firefly/ground_truth/pose",1,&detect_and_fly::Callback);
                                                                               ^
In file included from /opt/ros/kinetic/include/ros/ros.h:45:0,
                 from /home/chris/catkin_ws/src/firefly_control/src/fly.cpp:4:
/opt/ros/kinetic/include/ros/node_handle.h:704:14: note: candidate: template<class M> ros::Subscriber ros::NodeHandle::subscribe(const string&, uint32_t, void (*)(const boost::shared_ptr<const M>&), const ros::TransportHints&)
   Subscriber subscribe(const std::string& topic, uint32_t queue_size, void(*fp)(const boost::shared_ptr<M const>&), const TransportHints& transport_hints = TransportHints())
              ^
/opt/ros/kinetic/include/ros/node_handle.h:704:14: note:   template argument deduction/substitution failed:
/home/chris/catkin_ws/src/firefly_control/src/fly.cpp:15:79: note:   mismatched types ‘void (*)(const boost::shared_ptr<const M>&)’ and ‘void (detect_and_fly::*)(const ConstPtr&) {aka void (detect_and_fly::*)(const boost::shared_ptr<const geometry_msgs::Pose_<std::allocator<void> > >&)}’
      sub=nh.subscribe("/firefly/ground_truth/pose",1,&detect_and_fly::Callback);
                                                                               ^
In file included from /opt/ros/kinetic/include/ros/ros.h:45:0,
                 from /home/chris/catkin_ws/src/firefly_control/src/fly.cpp:4:
/opt/ros/kinetic/include/ros/node_handle.h:750:14: note: candidate: template<class M> ros::Subscriber ros::NodeHandle::subscribe(const string&, uint32_t, const boost::function<void(const boost::shared_ptr<const M>&)>&, const VoidConstPtr&, const ros::TransportHints&)
   Subscriber subscribe(const std::string& topic, uint32_t queue_size, const boost::function<void (const boost::shared_ptr<M const>&)>& callback,
              ^
/opt/ros/kinetic/include/ros/node_handle.h:750:14: note:   template argument deduction/substitution failed:
/home/chris/catkin_ws/src/firefly_control/src/fly.cpp:15:79: note:   mismatched types ‘const boost::function<void(const boost::shared_ptr<const M>&)>’ and ‘void (detect_and_fly::*)(const ConstPtr&) {aka void (detect_and_fly::*)(const boost::shared_ptr<const geometry_msgs::Pose_<std::allocator<void> > >&)}’
      sub=nh.subscribe("/firefly/ground_truth/pose",1,&detect_and_fly::Callback);
                                                                               ^
In file included from /opt/ros/kinetic/include/ros/ros.h:45:0,
                 from /home/chris/catkin_ws/src/firefly_control/src/fly.cpp:4:
/opt/ros/kinetic/include/ros/node_handle.h:799:14: note: candidate: template<class M, class C> ros::Subscriber ros::NodeHandle::subscribe(const string&, uint32_t, const boost::function<void(C)>&, const VoidConstPtr&, const ros::TransportHints&)
   Subscriber subscribe(const std::string& topic, uint32_t queue_size, const boost::function<void (C)>& callback,
              ^
/opt/ros/kinetic/include/ros/node_handle.h:799:14: note:   template argument deduction/substitution failed:
/home/chris/catkin_ws/src/firefly_control/src/fly.cpp:15:79: note:   mismatched types ‘const boost::function<void(C)>’ and ‘void (detect_and_fly::*)(const ConstPtr&) {aka void (detect_and_fly::*)(const boost::shared_ptr<const geometry_msgs::Pose_<std::allocator<void> > >&)}’
      sub=nh.subscribe("/firefly/ground_truth/pose",1,&detect_and_fly::Callback);
                                                                               ^
In file included from /opt/ros/kinetic/include/ros/ros.h:45:0,
                 from /home/chris/catkin_ws/src/firefly_control/src/fly.cpp:4:
/opt/ros/kinetic/include/ros/node_handle.h:836:14: note: candidate: ros::Subscriber ros::NodeHandle::subscribe(ros::SubscribeOptions&)
   Subscriber subscribe(SubscribeOptions& ops);
              ^
/opt/ros/kinetic/include/ros/node_handle.h:836:14: note:   candidate expects 1 argument, 3 provided
make[2]: *** [CMakeFiles/control.dir/src/control.cpp.o] Error 1
make[1]: *** [CMakeFiles/control.dir/all] Error 2
make[1]: *** 正在等待未完成的任务....
make[2]: *** [CMakeFiles/fly.dir/src/fly.cpp.o] Error 1
make[1]: *** [CMakeFiles/fly.dir/all] Error 2
make: *** [all] Error 2
