/home/chris/catkin_ws/src/firefly_control/src/control.cpp: In member function ‘void control_fly::command_fly()’:
/home/chris/catkin_ws/src/firefly_control/src/control.cpp:40:47: error: no match for ‘operator+’ (operand types are ‘geometry_msgs::Pose_<std::allocator<void> >::_position_type {aka geometry_msgs::Point_<std::allocator<void> >}’ and ‘geometry_msgs::Pose_<std::allocator<void> >::_position_type {aka geometry_msgs::Point_<std::allocator<void> >}’)
         msg.pose.position = pose_fly.position + pose_tag.position;
                                               ^
In file included from /usr/include/c++/5/bits/stl_algobase.h:67:0,
                 from /usr/include/c++/5/bits/char_traits.h:39,
                 from /usr/include/c++/5/string:40,
                 from /home/chris/catkin_ws/devel/.private/apriltags2_ros/include/apriltags2_ros/AprilTagDetectionArray.h:9,
                 from /home/chris/catkin_ws/src/firefly_control/src/control.cpp:1:
/usr/include/c++/5/bits/stl_iterator.h:334:5: note: candidate: template<class _Iterator> std::reverse_iterator<_Iterator> std::operator+(typename std::reverse_iterator<_Iterator>::difference_type, const std::reverse_iterator<_Iterator>&)
     operator+(typename reverse_iterator<_Iterator>::difference_type __n,
     ^
/usr/include/c++/5/bits/stl_iterator.h:334:5: note:   template argument deduction/substitution failed:
/home/chris/catkin_ws/src/firefly_control/src/control.cpp:40:58: note:   ‘geometry_msgs::Pose_<std::allocator<void> >::_position_type {aka geometry_msgs::Point_<std::allocator<void> >}’ is not derived from ‘const std::reverse_iterator<_Iterator>’
         msg.pose.position = pose_fly.position + pose_tag.position;
                                                          ^
In file included from /usr/include/c++/5/string:52:0,
                 from /home/chris/catkin_ws/devel/.private/apriltags2_ros/include/apriltags2_ros/AprilTagDetectionArray.h:9,
                 from /home/chris/catkin_ws/src/firefly_control/src/control.cpp:1:
/usr/include/c++/5/bits/basic_string.h:4783:5: note: candidate: template<class _CharT, class _Traits, class _Alloc> std::__cxx11::basic_string<_CharT, _Traits, _Alloc> std::operator+(const std::__cxx11::basic_string<_CharT, _Traits, _Alloc>&, const std::__cxx11::basic_string<_CharT, _Traits, _Alloc>&)
     operator+(const basic_string<_CharT, _Traits, _Alloc>& __lhs,
     ^
/usr/include/c++/5/bits/basic_string.h:4783:5: note:   template argument deduction/substitution failed:
/home/chris/catkin_ws/src/firefly_control/src/control.cpp:40:58: note:   ‘geometry_msgs::Pose_<std::allocator<void> >::_position_type {aka geometry_msgs::Point_<std::allocator<void> >}’ is not derived from ‘const std::__cxx11::basic_string<_CharT, _Traits, _Alloc>’
         msg.pose.position = pose_fly.position + pose_tag.position;
                                                          ^
In file included from /usr/include/c++/5/string:53:0,
                 from /home/chris/catkin_ws/devel/.private/apriltags2_ros/include/apriltags2_ros/AprilTagDetectionArray.h:9,
                 from /home/chris/catkin_ws/src/firefly_control/src/control.cpp:1:
/usr/include/c++/5/bits/basic_string.tcc:1151:5: note: candidate: template<class _CharT, class _Traits, class _Alloc> std::__cxx11::basic_string<_CharT, _Traits, _Alloc> std::operator+(const _CharT*, const std::__cxx11::basic_string<_CharT, _Traits, _Alloc>&)
     operator+(const _CharT* __lhs,
     ^
/usr/include/c++/5/bits/basic_string.tcc:1151:5: note:   template argument deduction/substitution failed:
/home/chris/catkin_ws/src/firefly_control/src/control.cpp:40:58: note:   mismatched types ‘const _CharT*’ and ‘geometry_msgs::Point_<std::allocator<void> >’
         msg.pose.position = pose_fly.position + pose_tag.position;
                                                          ^
In file included from /usr/include/c++/5/string:53:0,
                 from /home/chris/catkin_ws/devel/.private/apriltags2_ros/include/apriltags2_ros/AprilTagDetectionArray.h:9,
                 from /home/chris/catkin_ws/src/firefly_control/src/control.cpp:1:
/usr/include/c++/5/bits/basic_string.tcc:1167:5: note: candidate: template<class _CharT, class _Traits, class _Alloc> std::__cxx11::basic_string<_CharT, _Traits, _Alloc> std::operator+(_CharT, const std::__cxx11::basic_string<_CharT, _Traits, _Alloc>&)
     operator+(_CharT __lhs, const basic_string<_CharT, _Traits, _Alloc>& __rhs)
     ^
/usr/include/c++/5/bits/basic_string.tcc:1167:5: note:   template argument deduction/substitution failed:
/home/chris/catkin_ws/src/firefly_control/src/control.cpp:40:58: note:   ‘geometry_msgs::Pose_<std::allocator<void> >::_position_type {aka geometry_msgs::Point_<std::allocator<void> >}’ is not derived from ‘const std::__cxx11::basic_string<_CharT, _Traits, _Alloc>’
         msg.pose.position = pose_fly.position + pose_tag.position;
                                                          ^
In file included from /usr/include/c++/5/string:52:0,
                 from /home/chris/catkin_ws/devel/.private/apriltags2_ros/include/apriltags2_ros/AprilTagDetectionArray.h:9,
                 from /home/chris/catkin_ws/src/firefly_control/src/control.cpp:1:
/usr/include/c++/5/bits/basic_string.h:4820:5: note: candidate: template<class _CharT, class _Traits, class _Alloc> std::__cxx11::basic_string<_CharT, _Traits, _Alloc> std::operator+(const std::__cxx11::basic_string<_CharT, _Traits, _Alloc>&, const _CharT*)
     operator+(const basic_string<_CharT, _Traits, _Alloc>& __lhs,
     ^
/usr/include/c++/5/bits/basic_string.h:4820:5: note:   template argument deduction/substitution failed:
/home/chris/catkin_ws/src/firefly_control/src/control.cpp:40:58: note:   ‘geometry_msgs::Pose_<std::allocator<void> >::_position_type {aka geometry_msgs::Point_<std::allocator<void> >}’ is not derived from ‘const std::__cxx11::basic_string<_CharT, _Traits, _Alloc>’
         msg.pose.position = pose_fly.position + pose_tag.position;
                                                          ^
In file included from /usr/include/c++/5/string:52:0,
                 from /home/chris/catkin_ws/devel/.private/apriltags2_ros/include/apriltags2_ros/AprilTagDetectionArray.h:9,
                 from /home/chris/catkin_ws/src/firefly_control/src/control.cpp:1:
/usr/include/c++/5/bits/basic_string.h:4836:5: note: candidate: template<class _CharT, class _Traits, class _Alloc> std::__cxx11::basic_string<_CharT, _Traits, _Alloc> std::operator+(const std::__cxx11::basic_string<_CharT, _Traits, _Alloc>&, _CharT)
     operator+(const basic_string<_CharT, _Traits, _Alloc>& __lhs, _CharT __rhs)
     ^
/usr/include/c++/5/bits/basic_string.h:4836:5: note:   template argument deduction/substitution failed:
/home/chris/catkin_ws/src/firefly_control/src/control.cpp:40:58: note:   ‘geometry_msgs::Pose_<std::allocator<void> >::_position_type {aka geometry_msgs::Point_<std::allocator<void> >}’ is not derived from ‘const std::__cxx11::basic_string<_CharT, _Traits, _Alloc>’
         msg.pose.position = pose_fly.position + pose_tag.position;
                                                          ^
In file included from /usr/include/c++/5/vector:65:0,
                 from /home/chris/catkin_ws/devel/.private/apriltags2_ros/include/apriltags2_ros/AprilTagDetectionArray.h:10,
                 from /home/chris/catkin_ws/src/firefly_control/src/control.cpp:1:
/usr/include/c++/5/bits/stl_bvector.h:297:3: note: candidate: std::_Bit_iterator std::operator+(std::ptrdiff_t, const std::_Bit_iterator&)
   operator+(ptrdiff_t __n, const _Bit_iterator& __x)
   ^
/usr/include/c++/5/bits/stl_bvector.h:297:3: note:   no known conversion for argument 1 from ‘geometry_msgs::Pose_<std::allocator<void> >::_position_type {aka geometry_msgs::Point_<std::allocator<void> >}’ to ‘std::ptrdiff_t {aka long int}’
/usr/include/c++/5/bits/stl_bvector.h:387:3: note: candidate: std::_Bit_const_iterator std::operator+(std::ptrdiff_t, const std::_Bit_const_iterator&)
   operator+(ptrdiff_t __n, const _Bit_const_iterator& __x)
   ^
/usr/include/c++/5/bits/stl_bvector.h:387:3: note:   no known conversion for argument 1 from ‘geometry_msgs::Pose_<std::allocator<void> >::_position_type {aka geometry_msgs::Point_<std::allocator<void> >}’ to ‘std::ptrdiff_t {aka long int}’
In file included from /usr/include/boost/config/no_tr1/complex.hpp:21:0,
                 from /usr/include/boost/math/policies/error_handling.hpp:15,
                 from /usr/include/boost/math/special_functions/round.hpp:14,
                 from /opt/ros/kinetic/include/ros/time.h:58,
                 from /opt/ros/kinetic/include/ros/serialization.h:34,
                 from /home/chris/catkin_ws/devel/.private/apriltags2_ros/include/apriltags2_ros/AprilTagDetectionArray.h:14,
                 from /home/chris/catkin_ws/src/firefly_control/src/control.cpp:1:
/usr/include/c++/5/complex:326:5: note: candidate: template<class _Tp> std::complex<_Tp> std::operator+(const std::complex<_Tp>&, const std::complex<_Tp>&)
     operator+(const complex<_Tp>& __x, const complex<_Tp>& __y)
     ^
/usr/include/c++/5/complex:326:5: note:   template argument deduction/substitution failed:
/home/chris/catkin_ws/src/firefly_control/src/control.cpp:40:58: note:   ‘geometry_msgs::Pose_<std::allocator<void> >::_position_type {aka geometry_msgs::Point_<std::allocator<void> >}’ is not derived from ‘const std::complex<_Tp>’
         msg.pose.position = pose_fly.position + pose_tag.position;
                                                          ^
In file included from /usr/include/boost/config/no_tr1/complex.hpp:21:0,
                 from /usr/include/boost/math/policies/error_handling.hpp:15,
                 from /usr/include/boost/math/special_functions/round.hpp:14,
                 from /opt/ros/kinetic/include/ros/time.h:58,
                 from /opt/ros/kinetic/include/ros/serialization.h:34,
                 from /home/chris/catkin_ws/devel/.private/apriltags2_ros/include/apriltags2_ros/AprilTagDetectionArray.h:14,
                 from /home/chris/catkin_ws/src/firefly_control/src/control.cpp:1:
/usr/include/c++/5/complex:335:5: note: candidate: template<class _Tp> std::complex<_Tp> std::operator+(const std::complex<_Tp>&, const _Tp&)
     operator+(const complex<_Tp>& __x, const _Tp& __y)
     ^
/usr/include/c++/5/complex:335:5: note:   template argument deduction/substitution failed:
/home/chris/catkin_ws/src/firefly_control/src/control.cpp:40:58: note:   ‘geometry_msgs::Pose_<std::allocator<void> >::_position_type {aka geometry_msgs::Point_<std::allocator<void> >}’ is not derived from ‘const std::complex<_Tp>’
         msg.pose.position = pose_fly.position + pose_tag.position;
                                                          ^
In file included from /usr/include/boost/config/no_tr1/complex.hpp:21:0,
                 from /usr/include/boost/math/policies/error_handling.hpp:15,
                 from /usr/include/boost/math/special_functions/round.hpp:14,
                 from /opt/ros/kinetic/include/ros/time.h:58,
                 from /opt/ros/kinetic/include/ros/serialization.h:34,
                 from /home/chris/catkin_ws/devel/.private/apriltags2_ros/include/apriltags2_ros/AprilTagDetectionArray.h:14,
                 from /home/chris/catkin_ws/src/firefly_control/src/control.cpp:1:
/usr/include/c++/5/complex:344:5: note: candidate: template<class _Tp> std::complex<_Tp> std::operator+(const _Tp&, const std::complex<_Tp>&)
     operator+(const _Tp& __x, const complex<_Tp>& __y)
     ^
/usr/include/c++/5/complex:344:5: note:   template argument deduction/substitution failed:
/home/chris/catkin_ws/src/firefly_control/src/control.cpp:40:58: note:   ‘geometry_msgs::Pose_<std::allocator<void> >::_position_type {aka geometry_msgs::Point_<std::allocator<void> >}’ is not derived from ‘const std::complex<_Tp>’
         msg.pose.position = pose_fly.position + pose_tag.position;
                                                          ^
In file included from /usr/include/boost/config/no_tr1/complex.hpp:21:0,
                 from /usr/include/boost/math/policies/error_handling.hpp:15,
                 from /usr/include/boost/math/special_functions/round.hpp:14,
                 from /opt/ros/kinetic/include/ros/time.h:58,
                 from /opt/ros/kinetic/include/ros/serialization.h:34,
                 from /home/chris/catkin_ws/devel/.private/apriltags2_ros/include/apriltags2_ros/AprilTagDetectionArray.h:14,
                 from /home/chris/catkin_ws/src/firefly_control/src/control.cpp:1:
/usr/include/c++/5/complex:445:5: note: candidate: template<class _Tp> std::complex<_Tp> std::operator+(const std::complex<_Tp>&)
     operator+(const complex<_Tp>& __x)
     ^
/usr/include/c++/5/complex:445:5: note:   template argument deduction/substitution failed:
/home/chris/catkin_ws/src/firefly_control/src/control.cpp:40:58: note:   ‘geometry_msgs::Pose_<std::allocator<void> >::_position_type {aka geometry_msgs::Point_<std::allocator<void> >}’ is not derived from ‘const std::complex<_Tp>’
         msg.pose.position = pose_fly.position + pose_tag.position;
                                                          ^
/home/chris/catkin_ws/src/firefly_control/src/control.cpp:41:53: error: no match for ‘operator+’ (operand types are ‘geometry_msgs::Pose_<std::allocator<void> >::_orientation_type {aka geometry_msgs::Quaternion_<std::allocator<void> >}’ and ‘geometry_msgs::Pose_<std::allocator<void> >::_orientation_type {aka geometry_msgs::Quaternion_<std::allocator<void> >}’)
         msg.pose.orientation = pose_fly.orientation + pose_tag.orientation;
                                                     ^
In file included from /usr/include/c++/5/bits/stl_algobase.h:67:0,
                 from /usr/include/c++/5/bits/char_traits.h:39,
                 from /usr/include/c++/5/string:40,
                 from /home/chris/catkin_ws/devel/.private/apriltags2_ros/include/apriltags2_ros/AprilTagDetectionArray.h:9,
                 from /home/chris/catkin_ws/src/firefly_control/src/control.cpp:1:
/usr/include/c++/5/bits/stl_iterator.h:334:5: note: candidate: template<class _Iterator> std::reverse_iterator<_Iterator> std::operator+(typename std::reverse_iterator<_Iterator>::difference_type, const std::reverse_iterator<_Iterator>&)
     operator+(typename reverse_iterator<_Iterator>::difference_type __n,
     ^
/usr/include/c++/5/bits/stl_iterator.h:334:5: note:   template argument deduction/substitution failed:
/home/chris/catkin_ws/src/firefly_control/src/control.cpp:41:64: note:   ‘geometry_msgs::Pose_<std::allocator<void> >::_orientation_type {aka geometry_msgs::Quaternion_<std::allocator<void> >}’ is not derived from ‘const std::reverse_iterator<_Iterator>’
         msg.pose.orientation = pose_fly.orientation + pose_tag.orientation;
                                                                ^
In file included from /usr/include/c++/5/string:52:0,
                 from /home/chris/catkin_ws/devel/.private/apriltags2_ros/include/apriltags2_ros/AprilTagDetectionArray.h:9,
                 from /home/chris/catkin_ws/src/firefly_control/src/control.cpp:1:
/usr/include/c++/5/bits/basic_string.h:4783:5: note: candidate: template<class _CharT, class _Traits, class _Alloc> std::__cxx11::basic_string<_CharT, _Traits, _Alloc> std::operator+(const std::__cxx11::basic_string<_CharT, _Traits, _Alloc>&, const std::__cxx11::basic_string<_CharT, _Traits, _Alloc>&)
     operator+(const basic_string<_CharT, _Traits, _Alloc>& __lhs,
     ^
/usr/include/c++/5/bits/basic_string.h:4783:5: note:   template argument deduction/substitution failed:
/home/chris/catkin_ws/src/firefly_control/src/control.cpp:41:64: note:   ‘geometry_msgs::Pose_<std::allocator<void> >::_orientation_type {aka geometry_msgs::Quaternion_<std::allocator<void> >}’ is not derived from ‘const std::__cxx11::basic_string<_CharT, _Traits, _Alloc>’
         msg.pose.orientation = pose_fly.orientation + pose_tag.orientation;
                                                                ^
In file included from /usr/include/c++/5/string:53:0,
                 from /home/chris/catkin_ws/devel/.private/apriltags2_ros/include/apriltags2_ros/AprilTagDetectionArray.h:9,
                 from /home/chris/catkin_ws/src/firefly_control/src/control.cpp:1:
/usr/include/c++/5/bits/basic_string.tcc:1151:5: note: candidate: template<class _CharT, class _Traits, class _Alloc> std::__cxx11::basic_string<_CharT, _Traits, _Alloc> std::operator+(const _CharT*, const std::__cxx11::basic_string<_CharT, _Traits, _Alloc>&)
     operator+(const _CharT* __lhs,
     ^
/usr/include/c++/5/bits/basic_string.tcc:1151:5: note:   template argument deduction/substitution failed:
/home/chris/catkin_ws/src/firefly_control/src/control.cpp:41:64: note:   mismatched types ‘const _CharT*’ and ‘geometry_msgs::Quaternion_<std::allocator<void> >’
         msg.pose.orientation = pose_fly.orientation + pose_tag.orientation;
                                                                ^
In file included from /usr/include/c++/5/string:53:0,
                 from /home/chris/catkin_ws/devel/.private/apriltags2_ros/include/apriltags2_ros/AprilTagDetectionArray.h:9,
                 from /home/chris/catkin_ws/src/firefly_control/src/control.cpp:1:
/usr/include/c++/5/bits/basic_string.tcc:1167:5: note: candidate: template<class _CharT, class _Traits, class _Alloc> std::__cxx11::basic_string<_CharT, _Traits, _Alloc> std::operator+(_CharT, const std::__cxx11::basic_string<_CharT, _Traits, _Alloc>&)
     operator+(_CharT __lhs, const basic_string<_CharT, _Traits, _Alloc>& __rhs)
     ^
/usr/include/c++/5/bits/basic_string.tcc:1167:5: note:   template argument deduction/substitution failed:
/home/chris/catkin_ws/src/firefly_control/src/control.cpp:41:64: note:   ‘geometry_msgs::Pose_<std::allocator<void> >::_orientation_type {aka geometry_msgs::Quaternion_<std::allocator<void> >}’ is not derived from ‘const std::__cxx11::basic_string<_CharT, _Traits, _Alloc>’
         msg.pose.orientation = pose_fly.orientation + pose_tag.orientation;
                                                                ^
In file included from /usr/include/c++/5/string:52:0,
                 from /home/chris/catkin_ws/devel/.private/apriltags2_ros/include/apriltags2_ros/AprilTagDetectionArray.h:9,
                 from /home/chris/catkin_ws/src/firefly_control/src/control.cpp:1:
/usr/include/c++/5/bits/basic_string.h:4820:5: note: candidate: template<class _CharT, class _Traits, class _Alloc> std::__cxx11::basic_string<_CharT, _Traits, _Alloc> std::operator+(const std::__cxx11::basic_string<_CharT, _Traits, _Alloc>&, const _CharT*)
     operator+(const basic_string<_CharT, _Traits, _Alloc>& __lhs,
     ^
/usr/include/c++/5/bits/basic_string.h:4820:5: note:   template argument deduction/substitution failed:
/home/chris/catkin_ws/src/firefly_control/src/control.cpp:41:64: note:   ‘geometry_msgs::Pose_<std::allocator<void> >::_orientation_type {aka geometry_msgs::Quaternion_<std::allocator<void> >}’ is not derived from ‘const std::__cxx11::basic_string<_CharT, _Traits, _Alloc>’
         msg.pose.orientation = pose_fly.orientation + pose_tag.orientation;
                                                                ^
In file included from /usr/include/c++/5/string:52:0,
                 from /home/chris/catkin_ws/devel/.private/apriltags2_ros/include/apriltags2_ros/AprilTagDetectionArray.h:9,
                 from /home/chris/catkin_ws/src/firefly_control/src/control.cpp:1:
/usr/include/c++/5/bits/basic_string.h:4836:5: note: candidate: template<class _CharT, class _Traits, class _Alloc> std::__cxx11::basic_string<_CharT, _Traits, _Alloc> std::operator+(const std::__cxx11::basic_string<_CharT, _Traits, _Alloc>&, _CharT)
     operator+(const basic_string<_CharT, _Traits, _Alloc>& __lhs, _CharT __rhs)
     ^
/usr/include/c++/5/bits/basic_string.h:4836:5: note:   template argument deduction/substitution failed:
/home/chris/catkin_ws/src/firefly_control/src/control.cpp:41:64: note:   ‘geometry_msgs::Pose_<std::allocator<void> >::_orientation_type {aka geometry_msgs::Quaternion_<std::allocator<void> >}’ is not derived from ‘const std::__cxx11::basic_string<_CharT, _Traits, _Alloc>’
         msg.pose.orientation = pose_fly.orientation + pose_tag.orientation;
                                                                ^
In file included from /usr/include/c++/5/vector:65:0,
                 from /home/chris/catkin_ws/devel/.private/apriltags2_ros/include/apriltags2_ros/AprilTagDetectionArray.h:10,
                 from /home/chris/catkin_ws/src/firefly_control/src/control.cpp:1:
/usr/include/c++/5/bits/stl_bvector.h:297:3: note: candidate: std::_Bit_iterator std::operator+(std::ptrdiff_t, const std::_Bit_iterator&)
   operator+(ptrdiff_t __n, const _Bit_iterator& __x)
   ^
/usr/include/c++/5/bits/stl_bvector.h:297:3: note:   no known conversion for argument 1 from ‘geometry_msgs::Pose_<std::allocator<void> >::_orientation_type {aka geometry_msgs::Quaternion_<std::allocator<void> >}’ to ‘std::ptrdiff_t {aka long int}’
/usr/include/c++/5/bits/stl_bvector.h:387:3: note: candidate: std::_Bit_const_iterator std::operator+(std::ptrdiff_t, const std::_Bit_const_iterator&)
   operator+(ptrdiff_t __n, const _Bit_const_iterator& __x)
   ^
/usr/include/c++/5/bits/stl_bvector.h:387:3: note:   no known conversion for argument 1 from ‘geometry_msgs::Pose_<std::allocator<void> >::_orientation_type {aka geometry_msgs::Quaternion_<std::allocator<void> >}’ to ‘std::ptrdiff_t {aka long int}’
In file included from /usr/include/boost/config/no_tr1/complex.hpp:21:0,
                 from /usr/include/boost/math/policies/error_handling.hpp:15,
                 from /usr/include/boost/math/special_functions/round.hpp:14,
                 from /opt/ros/kinetic/include/ros/time.h:58,
                 from /opt/ros/kinetic/include/ros/serialization.h:34,
                 from /home/chris/catkin_ws/devel/.private/apriltags2_ros/include/apriltags2_ros/AprilTagDetectionArray.h:14,
                 from /home/chris/catkin_ws/src/firefly_control/src/control.cpp:1:
/usr/include/c++/5/complex:326:5: note: candidate: template<class _Tp> std::complex<_Tp> std::operator+(const std::complex<_Tp>&, const std::complex<_Tp>&)
     operator+(const complex<_Tp>& __x, const complex<_Tp>& __y)
     ^
/usr/include/c++/5/complex:326:5: note:   template argument deduction/substitution failed:
/home/chris/catkin_ws/src/firefly_control/src/control.cpp:41:64: note:   ‘geometry_msgs::Pose_<std::allocator<void> >::_orientation_type {aka geometry_msgs::Quaternion_<std::allocator<void> >}’ is not derived from ‘const std::complex<_Tp>’
         msg.pose.orientation = pose_fly.orientation + pose_tag.orientation;
                                                                ^
In file included from /usr/include/boost/config/no_tr1/complex.hpp:21:0,
                 from /usr/include/boost/math/policies/error_handling.hpp:15,
                 from /usr/include/boost/math/special_functions/round.hpp:14,
                 from /opt/ros/kinetic/include/ros/time.h:58,
                 from /opt/ros/kinetic/include/ros/serialization.h:34,
                 from /home/chris/catkin_ws/devel/.private/apriltags2_ros/include/apriltags2_ros/AprilTagDetectionArray.h:14,
                 from /home/chris/catkin_ws/src/firefly_control/src/control.cpp:1:
/usr/include/c++/5/complex:335:5: note: candidate: template<class _Tp> std::complex<_Tp> std::operator+(const std::complex<_Tp>&, const _Tp&)
     operator+(const complex<_Tp>& __x, const _Tp& __y)
     ^
/usr/include/c++/5/complex:335:5: note:   template argument deduction/substitution failed:
/home/chris/catkin_ws/src/firefly_control/src/control.cpp:41:64: note:   ‘geometry_msgs::Pose_<std::allocator<void> >::_orientation_type {aka geometry_msgs::Quaternion_<std::allocator<void> >}’ is not derived from ‘const std::complex<_Tp>’
         msg.pose.orientation = pose_fly.orientation + pose_tag.orientation;
                                                                ^
In file included from /usr/include/boost/config/no_tr1/complex.hpp:21:0,
                 from /usr/include/boost/math/policies/error_handling.hpp:15,
                 from /usr/include/boost/math/special_functions/round.hpp:14,
                 from /opt/ros/kinetic/include/ros/time.h:58,
                 from /opt/ros/kinetic/include/ros/serialization.h:34,
                 from /home/chris/catkin_ws/devel/.private/apriltags2_ros/include/apriltags2_ros/AprilTagDetectionArray.h:14,
                 from /home/chris/catkin_ws/src/firefly_control/src/control.cpp:1:
/usr/include/c++/5/complex:344:5: note: candidate: template<class _Tp> std::complex<_Tp> std::operator+(const _Tp&, const std::complex<_Tp>&)
     operator+(const _Tp& __x, const complex<_Tp>& __y)
     ^
/usr/include/c++/5/complex:344:5: note:   template argument deduction/substitution failed:
/home/chris/catkin_ws/src/firefly_control/src/control.cpp:41:64: note:   ‘geometry_msgs::Pose_<std::allocator<void> >::_orientation_type {aka geometry_msgs::Quaternion_<std::allocator<void> >}’ is not derived from ‘const std::complex<_Tp>’
         msg.pose.orientation = pose_fly.orientation + pose_tag.orientation;
                                                                ^
In file included from /usr/include/boost/config/no_tr1/complex.hpp:21:0,
                 from /usr/include/boost/math/policies/error_handling.hpp:15,
                 from /usr/include/boost/math/special_functions/round.hpp:14,
                 from /opt/ros/kinetic/include/ros/time.h:58,
                 from /opt/ros/kinetic/include/ros/serialization.h:34,
                 from /home/chris/catkin_ws/devel/.private/apriltags2_ros/include/apriltags2_ros/AprilTagDetectionArray.h:14,
                 from /home/chris/catkin_ws/src/firefly_control/src/control.cpp:1:
/usr/include/c++/5/complex:445:5: note: candidate: template<class _Tp> std::complex<_Tp> std::operator+(const std::complex<_Tp>&)
     operator+(const complex<_Tp>& __x)
     ^
/usr/include/c++/5/complex:445:5: note:   template argument deduction/substitution failed:
/home/chris/catkin_ws/src/firefly_control/src/control.cpp:41:64: note:   ‘geometry_msgs::Pose_<std::allocator<void> >::_orientation_type {aka geometry_msgs::Quaternion_<std::allocator<void> >}’ is not derived from ‘const std::complex<_Tp>’
         msg.pose.orientation = pose_fly.orientation + pose_tag.orientation;
                                                                ^
make[2]: *** [CMakeFiles/control.dir/src/control.cpp.o] Error 1
make[1]: *** [CMakeFiles/control.dir/all] Error 2
make: *** [all] Error 2
