/home/chris/catkin_ws/src/firefly_control/src/control.cpp: In member function ‘void control_fly::tag_callback(const ConstPtr&)’:
/home/chris/catkin_ws/src/firefly_control/src/control.cpp:29:9: error: no match for ‘operator<<’ (operand types are ‘std::ostream {aka std::basic_ostream<char>}’ and ‘const _detections_type {aka const std::vector<apriltags2_ros::AprilTagDetection_<std::allocator<void> >, std::allocator<apriltags2_ros::AprilTagDetection_<std::allocator<void> > > >}’)
     cout<<msg->detections<<endl;
         ^
In file included from /usr/include/c++/5/iostream:39:0,
                 from /opt/ros/kinetic/include/ros/time.h:54,
                 from /opt/ros/kinetic/include/ros/serialization.h:34,
                 from /home/chris/catkin_ws/devel/.private/apriltags2_ros/include/apriltags2_ros/AprilTagDetectionArray.h:14,
                 from /home/chris/catkin_ws/src/firefly_control/src/control.cpp:1:
/usr/include/c++/5/ostream:108:7: note: candidate: std::basic_ostream<_CharT, _Traits>::__ostream_type& std::basic_ostream<_CharT, _Traits>::operator<<(std::basic_ostream<_CharT, _Traits>::__ostream_type& (*)(std::basic_ostream<_CharT, _Traits>::__ostream_type&)) [with _CharT = char; _Traits = std::char_traits<char>; std::basic_ostream<_CharT, _Traits>::__ostream_type = std::basic_ostream<char>]
       operator<<(__ostream_type& (*__pf)(__ostream_type&))
       ^
/usr/include/c++/5/ostream:108:7: note:   no known conversion for argument 1 from ‘const _detections_type {aka const std::vector<apriltags2_ros::AprilTagDetection_<std::allocator<void> >, std::allocator<apriltags2_ros::AprilTagDetection_<std::allocator<void> > > >}’ to ‘std::basic_ostream<char>::__ostream_type& (*)(std::basic_ostream<char>::__ostream_type&) {aka std::basic_ostream<char>& (*)(std::basic_ostream<char>&)}’
/usr/include/c++/5/ostream:117:7: note: candidate: std::basic_ostream<_CharT, _Traits>::__ostream_type& std::basic_ostream<_CharT, _Traits>::operator<<(std::basic_ostream<_CharT, _Traits>::__ios_type& (*)(std::basic_ostream<_CharT, _Traits>::__ios_type&)) [with _CharT = char; _Traits = std::char_traits<char>; std::basic_ostream<_CharT, _Traits>::__ostream_type = std::basic_ostream<char>; std::basic_ostream<_CharT, _Traits>::__ios_type = std::basic_ios<char>]
       operator<<(__ios_type& (*__pf)(__ios_type&))
       ^
/usr/include/c++/5/ostream:117:7: note:   no known conversion for argument 1 from ‘const _detections_type {aka const std::vector<apriltags2_ros::AprilTagDetection_<std::allocator<void> >, std::allocator<apriltags2_ros::AprilTagDetection_<std::allocator<void> > > >}’ to ‘std::basic_ostream<char>::__ios_type& (*)(std::basic_ostream<char>::__ios_type&) {aka std::basic_ios<char>& (*)(std::basic_ios<char>&)}’
/usr/include/c++/5/ostream:127:7: note: candidate: std::basic_ostream<_CharT, _Traits>::__ostream_type& std::basic_ostream<_CharT, _Traits>::operator<<(std::ios_base& (*)(std::ios_base&)) [with _CharT = char; _Traits = std::char_traits<char>; std::basic_ostream<_CharT, _Traits>::__ostream_type = std::basic_ostream<char>]
       operator<<(ios_base& (*__pf) (ios_base&))
       ^
/usr/include/c++/5/ostream:127:7: note:   no known conversion for argument 1 from ‘const _detections_type {aka const std::vector<apriltags2_ros::AprilTagDetection_<std::allocator<void> >, std::allocator<apriltags2_ros::AprilTagDetection_<std::allocator<void> > > >}’ to ‘std::ios_base& (*)(std::ios_base&)’
/usr/include/c++/5/ostream:166:7: note: candidate: std::basic_ostream<_CharT, _Traits>::__ostream_type& std::basic_ostream<_CharT, _Traits>::operator<<(long int) [with _CharT = char; _Traits = std::char_traits<char>; std::basic_ostream<_CharT, _Traits>::__ostream_type = std::basic_ostream<char>]
       operator<<(long __n)
       ^
/usr/include/c++/5/ostream:166:7: note:   no known conversion for argument 1 from ‘const _detections_type {aka const std::vector<apriltags2_ros::AprilTagDetection_<std::allocator<void> >, std::allocator<apriltags2_ros::AprilTagDetection_<std::allocator<void> > > >}’ to ‘long int’
/usr/include/c++/5/ostream:170:7: note: candidate: std::basic_ostream<_CharT, _Traits>::__ostream_type& std::basic_ostream<_CharT, _Traits>::operator<<(long unsigned int) [with _CharT = char; _Traits = std::char_traits<char>; std::basic_ostream<_CharT, _Traits>::__ostream_type = std::basic_ostream<char>]
       operator<<(unsigned long __n)
       ^
/usr/include/c++/5/ostream:170:7: note:   no known conversion for argument 1 from ‘const _detections_type {aka const std::vector<apriltags2_ros::AprilTagDetection_<std::allocator<void> >, std::allocator<apriltags2_ros::AprilTagDetection_<std::allocator<void> > > >}’ to ‘long unsigned int’
/usr/include/c++/5/ostream:174:7: note: candidate: std::basic_ostream<_CharT, _Traits>::__ostream_type& std::basic_ostream<_CharT, _Traits>::operator<<(bool) [with _CharT = char; _Traits = std::char_traits<char>; std::basic_ostream<_CharT, _Traits>::__ostream_type = std::basic_ostream<char>]
       operator<<(bool __n)
       ^
/usr/include/c++/5/ostream:174:7: note:   no known conversion for argument 1 from ‘const _detections_type {aka const std::vector<apriltags2_ros::AprilTagDetection_<std::allocator<void> >, std::allocator<apriltags2_ros::AprilTagDetection_<std::allocator<void> > > >}’ to ‘bool’
In file included from /usr/include/c++/5/ostream:638:0,
                 from /usr/include/c++/5/iostream:39,
                 from /opt/ros/kinetic/include/ros/time.h:54,
                 from /opt/ros/kinetic/include/ros/serialization.h:34,
                 from /home/chris/catkin_ws/devel/.private/apriltags2_ros/include/apriltags2_ros/AprilTagDetectionArray.h:14,
                 from /home/chris/catkin_ws/src/firefly_control/src/control.cpp:1:
/usr/include/c++/5/bits/ostream.tcc:91:5: note: candidate: std::basic_ostream<_CharT, _Traits>& std::basic_ostream<_CharT, _Traits>::operator<<(short int) [with _CharT = char; _Traits = std::char_traits<char>]
     basic_ostream<_CharT, _Traits>::
     ^
/usr/include/c++/5/bits/ostream.tcc:91:5: note:   no known conversion for argument 1 from ‘const _detections_type {aka const std::vector<apriltags2_ros::AprilTagDetection_<std::allocator<void> >, std::allocator<apriltags2_ros::AprilTagDetection_<std::allocator<void> > > >}’ to ‘short int’
In file included from /usr/include/c++/5/iostream:39:0,
                 from /opt/ros/kinetic/include/ros/time.h:54,
                 from /opt/ros/kinetic/include/ros/serialization.h:34,
                 from /home/chris/catkin_ws/devel/.private/apriltags2_ros/include/apriltags2_ros/AprilTagDetectionArray.h:14,
                 from /home/chris/catkin_ws/src/firefly_control/src/control.cpp:1:
/usr/include/c++/5/ostream:181:7: note: candidate: std::basic_ostream<_CharT, _Traits>::__ostream_type& std::basic_ostream<_CharT, _Traits>::operator<<(short unsigned int) [with _CharT = char; _Traits = std::char_traits<char>; std::basic_ostream<_CharT, _Traits>::__ostream_type = std::basic_ostream<char>]
       operator<<(unsigned short __n)
       ^
/usr/include/c++/5/ostream:181:7: note:   no known conversion for argument 1 from ‘const _detections_type {aka const std::vector<apriltags2_ros::AprilTagDetection_<std::allocator<void> >, std::allocator<apriltags2_ros::AprilTagDetection_<std::allocator<void> > > >}’ to ‘short unsigned int’
In file included from /usr/include/c++/5/ostream:638:0,
                 from /usr/include/c++/5/iostream:39,
                 from /opt/ros/kinetic/include/ros/time.h:54,
                 from /opt/ros/kinetic/include/ros/serialization.h:34,
                 from /home/chris/catkin_ws/devel/.private/apriltags2_ros/include/apriltags2_ros/AprilTagDetectionArray.h:14,
                 from /home/chris/catkin_ws/src/firefly_control/src/control.cpp:1:
/usr/include/c++/5/bits/ostream.tcc:105:5: note: candidate: std::basic_ostream<_CharT, _Traits>& std::basic_ostream<_CharT, _Traits>::operator<<(int) [with _CharT = char; _Traits = std::char_traits<char>]
     basic_ostream<_CharT, _Traits>::
     ^
/usr/include/c++/5/bits/ostream.tcc:105:5: note:   no known conversion for argument 1 from ‘const _detections_type {aka const std::vector<apriltags2_ros::AprilTagDetection_<std::allocator<void> >, std::allocator<apriltags2_ros::AprilTagDetection_<std::allocator<void> > > >}’ to ‘int’
In file included from /usr/include/c++/5/iostream:39:0,
                 from /opt/ros/kinetic/include/ros/time.h:54,
                 from /opt/ros/kinetic/include/ros/serialization.h:34,
                 from /home/chris/catkin_ws/devel/.private/apriltags2_ros/include/apriltags2_ros/AprilTagDetectionArray.h:14,
                 from /home/chris/catkin_ws/src/firefly_control/src/control.cpp:1:
/usr/include/c++/5/ostream:192:7: note: candidate: std::basic_ostream<_CharT, _Traits>::__ostream_type& std::basic_ostream<_CharT, _Traits>::operator<<(unsigned int) [with _CharT = char; _Traits = std::char_traits<char>; std::basic_ostream<_CharT, _Traits>::__ostream_type = std::basic_ostream<char>]
       operator<<(unsigned int __n)
       ^
/usr/include/c++/5/ostream:192:7: note:   no known conversion for argument 1 from ‘const _detections_type {aka const std::vector<apriltags2_ros::AprilTagDetection_<std::allocator<void> >, std::allocator<apriltags2_ros::AprilTagDetection_<std::allocator<void> > > >}’ to ‘unsigned int’
/usr/include/c++/5/ostream:201:7: note: candidate: std::basic_ostream<_CharT, _Traits>::__ostream_type& std::basic_ostream<_CharT, _Traits>::operator<<(long long int) [with _CharT = char; _Traits = std::char_traits<char>; std::basic_ostream<_CharT, _Traits>::__ostream_type = std::basic_ostream<char>]
       operator<<(long long __n)
       ^
/usr/include/c++/5/ostream:201:7: note:   no known conversion for argument 1 from ‘const _detections_type {aka const std::vector<apriltags2_ros::AprilTagDetection_<std::allocator<void> >, std::allocator<apriltags2_ros::AprilTagDetection_<std::allocator<void> > > >}’ to ‘long long int’
/usr/include/c++/5/ostream:205:7: note: candidate: std::basic_ostream<_CharT, _Traits>::__ostream_type& std::basic_ostream<_CharT, _Traits>::operator<<(long long unsigned int) [with _CharT = char; _Traits = std::char_traits<char>; std::basic_ostream<_CharT, _Traits>::__ostream_type = std::basic_ostream<char>]
       operator<<(unsigned long long __n)
       ^
/usr/include/c++/5/ostream:205:7: note:   no known conversion for argument 1 from ‘const _detections_type {aka const std::vector<apriltags2_ros::AprilTagDetection_<std::allocator<void> >, std::allocator<apriltags2_ros::AprilTagDetection_<std::allocator<void> > > >}’ to ‘long long unsigned int’
/usr/include/c++/5/ostream:220:7: note: candidate: std::basic_ostream<_CharT, _Traits>::__ostream_type& std::basic_ostream<_CharT, _Traits>::operator<<(double) [with _CharT = char; _Traits = std::char_traits<char>; std::basic_ostream<_CharT, _Traits>::__ostream_type = std::basic_ostream<char>]
       operator<<(double __f)
       ^
/usr/include/c++/5/ostream:220:7: note:   no known conversion for argument 1 from ‘const _detections_type {aka const std::vector<apriltags2_ros::AprilTagDetection_<std::allocator<void> >, std::allocator<apriltags2_ros::AprilTagDetection_<std::allocator<void> > > >}’ to ‘double’
/usr/include/c++/5/ostream:224:7: note: candidate: std::basic_ostream<_CharT, _Traits>::__ostream_type& std::basic_ostream<_CharT, _Traits>::operator<<(float) [with _CharT = char; _Traits = std::char_traits<char>; std::basic_ostream<_CharT, _Traits>::__ostream_type = std::basic_ostream<char>]
       operator<<(float __f)
       ^
/usr/include/c++/5/ostream:224:7: note:   no known conversion for argument 1 from ‘const _detections_type {aka const std::vector<apriltags2_ros::AprilTagDetection_<std::allocator<void> >, std::allocator<apriltags2_ros::AprilTagDetection_<std::allocator<void> > > >}’ to ‘float’
/usr/include/c++/5/ostream:232:7: note: candidate: std::basic_ostream<_CharT, _Traits>::__ostream_type& std::basic_ostream<_CharT, _Traits>::operator<<(long double) [with _CharT = char; _Traits = std::char_traits<char>; std::basic_ostream<_CharT, _Traits>::__ostream_type = std::basic_ostream<char>]
       operator<<(long double __f)
       ^
/usr/include/c++/5/ostream:232:7: note:   no known conversion for argument 1 from ‘const _detections_type {aka const std::vector<apriltags2_ros::AprilTagDetection_<std::allocator<void> >, std::allocator<apriltags2_ros::AprilTagDetection_<std::allocator<void> > > >}’ to ‘long double’
/usr/include/c++/5/ostream:245:7: note: candidate: std::basic_ostream<_CharT, _Traits>::__ostream_type& std::basic_ostream<_CharT, _Traits>::operator<<(const void*) [with _CharT = char; _Traits = std::char_traits<char>; std::basic_ostream<_CharT, _Traits>::__ostream_type = std::basic_ostream<char>]
       operator<<(const void* __p)
       ^
/usr/include/c++/5/ostream:245:7: note:   no known conversion for argument 1 from ‘const _detections_type {aka const std::vector<apriltags2_ros::AprilTagDetection_<std::allocator<void> >, std::allocator<apriltags2_ros::AprilTagDetection_<std::allocator<void> > > >}’ to ‘const void*’
In file included from /usr/include/c++/5/ostream:638:0,
                 from /usr/include/c++/5/iostream:39,
                 from /opt/ros/kinetic/include/ros/time.h:54,
                 from /opt/ros/kinetic/include/ros/serialization.h:34,
                 from /home/chris/catkin_ws/devel/.private/apriltags2_ros/include/apriltags2_ros/AprilTagDetectionArray.h:14,
                 from /home/chris/catkin_ws/src/firefly_control/src/control.cpp:1:
/usr/include/c++/5/bits/ostream.tcc:119:5: note: candidate: std::basic_ostream<_CharT, _Traits>& std::basic_ostream<_CharT, _Traits>::operator<<(std::basic_ostream<_CharT, _Traits>::__streambuf_type*) [with _CharT = char; _Traits = std::char_traits<char>; std::basic_ostream<_CharT, _Traits>::__streambuf_type = std::basic_streambuf<char>]
     basic_ostream<_CharT, _Traits>::
     ^
/usr/include/c++/5/bits/ostream.tcc:119:5: note:   no known conversion for argument 1 from ‘const _detections_type {aka const std::vector<apriltags2_ros::AprilTagDetection_<std::allocator<void> >, std::allocator<apriltags2_ros::AprilTagDetection_<std::allocator<void> > > >}’ to ‘std::basic_ostream<char>::__streambuf_type* {aka std::basic_streambuf<char>*}’
In file included from /opt/ros/kinetic/include/ros/node_handle.h:52:0,
                 from /opt/ros/kinetic/include/ros/ros.h:45,
                 from /home/chris/catkin_ws/src/firefly_control/src/control.cpp:4:
/opt/ros/kinetic/include/xmlrpcpp/XmlRpcValue.h:192:15: note: candidate: std::ostream& operator<<(std::ostream&, const XmlRpc::XmlRpcValue&)
 std::ostream& operator<<(std::ostream& os, const XmlRpc::XmlRpcValue& v);
               ^
/opt/ros/kinetic/include/xmlrpcpp/XmlRpcValue.h:192:15: note:   no known conversion for argument 2 from ‘const _detections_type {aka const std::vector<apriltags2_ros::AprilTagDetection_<std::allocator<void> >, std::allocator<apriltags2_ros::AprilTagDetection_<std::allocator<void> > > >}’ to ‘const XmlRpc::XmlRpcValue&’
In file included from /usr/include/boost/config/no_tr1/complex.hpp:21:0,
                 from /usr/include/boost/math/policies/error_handling.hpp:15,
                 from /usr/include/boost/math/special_functions/round.hpp:14,
                 from /opt/ros/kinetic/include/ros/time.h:58,
                 from /opt/ros/kinetic/include/ros/serialization.h:34,
                 from /home/chris/catkin_ws/devel/.private/apriltags2_ros/include/apriltags2_ros/AprilTagDetectionArray.h:14,
                 from /home/chris/catkin_ws/src/firefly_control/src/control.cpp:1:
/usr/include/c++/5/complex:526:5: note: candidate: template<class _Tp, class _CharT, class _Traits> std::basic_ostream<_CharT, _Traits>& std::operator<<(std::basic_ostream<_CharT, _Traits>&, const std::complex<_Tp>&)
     operator<<(basic_ostream<_CharT, _Traits>& __os, const complex<_Tp>& __x)
     ^
/usr/include/c++/5/complex:526:5: note:   template argument deduction/substitution failed:
/home/chris/catkin_ws/src/firefly_control/src/control.cpp:29:16: note:   ‘const _detections_type {aka const std::vector<apriltags2_ros::AprilTagDetection_<std::allocator<void> >, std::allocator<apriltags2_ros::AprilTagDetection_<std::allocator<void> > > >}’ is not derived from ‘const std::complex<_Tp>’
     cout<<msg->detections<<endl;
                ^
In file included from /usr/include/boost/math/policies/error_handling.hpp:12:0,
                 from /usr/include/boost/math/special_functions/round.hpp:14,
                 from /opt/ros/kinetic/include/ros/time.h:58,
                 from /opt/ros/kinetic/include/ros/serialization.h:34,
                 from /home/chris/catkin_ws/devel/.private/apriltags2_ros/include/apriltags2_ros/AprilTagDetectionArray.h:14,
                 from /home/chris/catkin_ws/src/firefly_control/src/control.cpp:1:
/usr/include/c++/5/iomanip:238:5: note: candidate: template<class _CharT, class _Traits> std::basic_ostream<_CharT, _Traits>& std::operator<<(std::basic_ostream<_CharT, _Traits>&, std::_Setw)
     operator<<(basic_ostream<_CharT, _Traits>& __os, _Setw __f)
     ^
/usr/include/c++/5/iomanip:238:5: note:   template argument deduction/substitution failed:
/home/chris/catkin_ws/src/firefly_control/src/control.cpp:29:16: note:   cannot convert ‘(& msg)->boost::shared_ptr<T>::operator-><const apriltags2_ros::AprilTagDetectionArray_<std::allocator<void> > >()->apriltags2_ros::AprilTagDetectionArray_<std::allocator<void> >::detections’ (type ‘const _detections_type {aka const std::vector<apriltags2_ros::AprilTagDetection_<std::allocator<void> >, std::allocator<apriltags2_ros::AprilTagDetection_<std::allocator<void> > > >}’) to type ‘std::_Setw’
     cout<<msg->detections<<endl;
                ^
In file included from /usr/include/boost/math/policies/error_handling.hpp:12:0,
                 from /usr/include/boost/math/special_functions/round.hpp:14,
                 from /opt/ros/kinetic/include/ros/time.h:58,
                 from /opt/ros/kinetic/include/ros/serialization.h:34,
                 from /home/chris/catkin_ws/devel/.private/apriltags2_ros/include/apriltags2_ros/AprilTagDetectionArray.h:14,
                 from /home/chris/catkin_ws/src/firefly_control/src/control.cpp:1:
/usr/include/c++/5/iomanip:208:5: note: candidate: template<class _CharT, class _Traits> std::basic_ostream<_CharT, _Traits>& std::operator<<(std::basic_ostream<_CharT, _Traits>&, std::_Setprecision)
     operator<<(basic_ostream<_CharT, _Traits>& __os, _Setprecision __f)
     ^
/usr/include/c++/5/iomanip:208:5: note:   template argument deduction/substitution failed:
/home/chris/catkin_ws/src/firefly_control/src/control.cpp:29:16: note:   cannot convert ‘(& msg)->boost::shared_ptr<T>::operator-><const apriltags2_ros::AprilTagDetectionArray_<std::allocator<void> > >()->apriltags2_ros::AprilTagDetectionArray_<std::allocator<void> >::detections’ (type ‘const _detections_type {aka const std::vector<apriltags2_ros::AprilTagDetection_<std::allocator<void> >, std::allocator<apriltags2_ros::AprilTagDetection_<std::allocator<void> > > >}’) to type ‘std::_Setprecision’
     cout<<msg->detections<<endl;
                ^
In file included from /usr/include/boost/math/policies/error_handling.hpp:12:0,
                 from /usr/include/boost/math/special_functions/round.hpp:14,
                 from /opt/ros/kinetic/include/ros/time.h:58,
                 from /opt/ros/kinetic/include/ros/serialization.h:34,
                 from /home/chris/catkin_ws/devel/.private/apriltags2_ros/include/apriltags2_ros/AprilTagDetectionArray.h:14,
                 from /home/chris/catkin_ws/src/firefly_control/src/control.cpp:1:
/usr/include/c++/5/iomanip:178:5: note: candidate: template<class _CharT, class _Traits> std::basic_ostream<_CharT, _Traits>& std::operator<<(std::basic_ostream<_CharT, _Traits>&, std::_Setfill<_CharT>)
     operator<<(basic_ostream<_CharT, _Traits>& __os, _Setfill<_CharT> __f)
     ^
/usr/include/c++/5/iomanip:178:5: note:   template argument deduction/substitution failed:
/home/chris/catkin_ws/src/firefly_control/src/control.cpp:29:16: note:   ‘std::vector<apriltags2_ros::AprilTagDetection_<std::allocator<void> >, std::allocator<apriltags2_ros::AprilTagDetection_<std::allocator<void> > > >’ is not derived from ‘std::_Setfill<_CharT>’
     cout<<msg->detections<<endl;
                ^
In file included from /usr/include/boost/math/policies/error_handling.hpp:12:0,
                 from /usr/include/boost/math/special_functions/round.hpp:14,
                 from /opt/ros/kinetic/include/ros/time.h:58,
                 from /opt/ros/kinetic/include/ros/serialization.h:34,
                 from /home/chris/catkin_ws/devel/.private/apriltags2_ros/include/apriltags2_ros/AprilTagDetectionArray.h:14,
                 from /home/chris/catkin_ws/src/firefly_control/src/control.cpp:1:
/usr/include/c++/5/iomanip:143:5: note: candidate: template<class _CharT, class _Traits> std::basic_ostream<_CharT, _Traits>& std::operator<<(std::basic_ostream<_CharT, _Traits>&, std::_Setbase)
     operator<<(basic_ostream<_CharT, _Traits>& __os, _Setbase __f)
     ^
/usr/include/c++/5/iomanip:143:5: note:   template argument deduction/substitution failed:
/home/chris/catkin_ws/src/firefly_control/src/control.cpp:29:16: note:   cannot convert ‘(& msg)->boost::shared_ptr<T>::operator-><const apriltags2_ros::AprilTagDetectionArray_<std::allocator<void> > >()->apriltags2_ros::AprilTagDetectionArray_<std::allocator<void> >::detections’ (type ‘const _detections_type {aka const std::vector<apriltags2_ros::AprilTagDetection_<std::allocator<void> >, std::allocator<apriltags2_ros::AprilTagDetection_<std::allocator<void> > > >}’) to type ‘std::_Setbase’
     cout<<msg->detections<<endl;
                ^
In file included from /usr/include/boost/math/policies/error_handling.hpp:12:0,
                 from /usr/include/boost/math/special_functions/round.hpp:14,
                 from /opt/ros/kinetic/include/ros/time.h:58,
                 from /opt/ros/kinetic/include/ros/serialization.h:34,
                 from /home/chris/catkin_ws/devel/.private/apriltags2_ros/include/apriltags2_ros/AprilTagDetectionArray.h:14,
                 from /home/chris/catkin_ws/src/firefly_control/src/control.cpp:1:
/usr/include/c++/5/iomanip:109:5: note: candidate: template<class _CharT, class _Traits> std::basic_ostream<_CharT, _Traits>& std::operator<<(std::basic_ostream<_CharT, _Traits>&, std::_Setiosflags)
     operator<<(basic_ostream<_CharT, _Traits>& __os, _Setiosflags __f)
     ^
/usr/include/c++/5/iomanip:109:5: note:   template argument deduction/substitution failed:
/home/chris/catkin_ws/src/firefly_control/src/control.cpp:29:16: note:   cannot convert ‘(& msg)->boost::shared_ptr<T>::operator-><const apriltags2_ros::AprilTagDetectionArray_<std::allocator<void> > >()->apriltags2_ros::AprilTagDetectionArray_<std::allocator<void> >::detections’ (type ‘const _detections_type {aka const std::vector<apriltags2_ros::AprilTagDetection_<std::allocator<void> >, std::allocator<apriltags2_ros::AprilTagDetection_<std::allocator<void> > > >}’) to type ‘std::_Setiosflags’
     cout<<msg->detections<<endl;
                ^
In file included from /usr/include/boost/math/policies/error_handling.hpp:12:0,
                 from /usr/include/boost/math/special_functions/round.hpp:14,
                 from /opt/ros/kinetic/include/ros/time.h:58,
                 from /opt/ros/kinetic/include/ros/serialization.h:34,
                 from /home/chris/catkin_ws/devel/.private/apriltags2_ros/include/apriltags2_ros/AprilTagDetectionArray.h:14,
                 from /home/chris/catkin_ws/src/firefly_control/src/control.cpp:1:
/usr/include/c++/5/iomanip:79:5: note: candidate: template<class _CharT, class _Traits> std::basic_ostream<_CharT, _Traits>& std::operator<<(std::basic_ostream<_CharT, _Traits>&, std::_Resetiosflags)
     operator<<(basic_ostream<_CharT, _Traits>& __os, _Resetiosflags __f)
     ^
/usr/include/c++/5/iomanip:79:5: note:   template argument deduction/substitution failed:
/home/chris/catkin_ws/src/firefly_control/src/control.cpp:29:16: note:   cannot convert ‘(& msg)->boost::shared_ptr<T>::operator-><const apriltags2_ros::AprilTagDetectionArray_<std::allocator<void> > >()->apriltags2_ros::AprilTagDetectionArray_<std::allocator<void> >::detections’ (type ‘const _detections_type {aka const std::vector<apriltags2_ros::AprilTagDetection_<std::allocator<void> >, std::allocator<apriltags2_ros::AprilTagDetection_<std::allocator<void> > > >}’) to type ‘std::_Resetiosflags’
     cout<<msg->detections<<endl;
                ^
In file included from /usr/include/c++/5/iostream:39:0,
                 from /opt/ros/kinetic/include/ros/time.h:54,
                 from /opt/ros/kinetic/include/ros/serialization.h:34,
                 from /home/chris/catkin_ws/devel/.private/apriltags2_ros/include/apriltags2_ros/AprilTagDetectionArray.h:14,
                 from /home/chris/catkin_ws/src/firefly_control/src/control.cpp:1:
/usr/include/c++/5/ostream:574:5: note: candidate: template<class _Traits> std::basic_ostream<char, _Traits>& std::operator<<(std::basic_ostream<char, _Traits>&, const unsigned char*)
     operator<<(basic_ostream<char, _Traits>& __out, const unsigned char* __s)
     ^
/usr/include/c++/5/ostream:574:5: note:   template argument deduction/substitution failed:
/home/chris/catkin_ws/src/firefly_control/src/control.cpp:29:16: note:   cannot convert ‘(& msg)->boost::shared_ptr<T>::operator-><const apriltags2_ros::AprilTagDetectionArray_<std::allocator<void> > >()->apriltags2_ros::AprilTagDetectionArray_<std::allocator<void> >::detections’ (type ‘const _detections_type {aka const std::vector<apriltags2_ros::AprilTagDetection_<std::allocator<void> >, std::allocator<apriltags2_ros::AprilTagDetection_<std::allocator<void> > > >}’) to type ‘const unsigned char*’
     cout<<msg->detections<<endl;
                ^
In file included from /usr/include/c++/5/iostream:39:0,
                 from /opt/ros/kinetic/include/ros/time.h:54,
                 from /opt/ros/kinetic/include/ros/serialization.h:34,
                 from /home/chris/catkin_ws/devel/.private/apriltags2_ros/include/apriltags2_ros/AprilTagDetectionArray.h:14,
                 from /home/chris/catkin_ws/src/firefly_control/src/control.cpp:1:
/usr/include/c++/5/ostream:569:5: note: candidate: template<class _Traits> std::basic_ostream<char, _Traits>& std::operator<<(std::basic_ostream<char, _Traits>&, const signed char*)
     operator<<(basic_ostream<char, _Traits>& __out, const signed char* __s)
     ^
/usr/include/c++/5/ostream:569:5: note:   template argument deduction/substitution failed:
/home/chris/catkin_ws/src/firefly_control/src/control.cpp:29:16: note:   cannot convert ‘(& msg)->boost::shared_ptr<T>::operator-><const apriltags2_ros::AprilTagDetectionArray_<std::allocator<void> > >()->apriltags2_ros::AprilTagDetectionArray_<std::allocator<void> >::detections’ (type ‘const _detections_type {aka const std::vector<apriltags2_ros::AprilTagDetection_<std::allocator<void> >, std::allocator<apriltags2_ros::AprilTagDetection_<std::allocator<void> > > >}’) to type ‘const signed char*’
     cout<<msg->detections<<endl;
                ^
In file included from /usr/include/c++/5/iostream:39:0,
                 from /opt/ros/kinetic/include/ros/time.h:54,
                 from /opt/ros/kinetic/include/ros/serialization.h:34,
                 from /home/chris/catkin_ws/devel/.private/apriltags2_ros/include/apriltags2_ros/AprilTagDetectionArray.h:14,
                 from /home/chris/catkin_ws/src/firefly_control/src/control.cpp:1:
/usr/include/c++/5/ostream:556:5: note: candidate: template<class _Traits> std::basic_ostream<char, _Traits>& std::operator<<(std::basic_ostream<char, _Traits>&, const char*)
     operator<<(basic_ostream<char, _Traits>& __out, const char* __s)
     ^
/usr/include/c++/5/ostream:556:5: note:   template argument deduction/substitution failed:
/home/chris/catkin_ws/src/firefly_control/src/control.cpp:29:16: note:   cannot convert ‘(& msg)->boost::shared_ptr<T>::operator-><const apriltags2_ros::AprilTagDetectionArray_<std::allocator<void> > >()->apriltags2_ros::AprilTagDetectionArray_<std::allocator<void> >::detections’ (type ‘const _detections_type {aka const std::vector<apriltags2_ros::AprilTagDetection_<std::allocator<void> >, std::allocator<apriltags2_ros::AprilTagDetection_<std::allocator<void> > > >}’) to type ‘const char*’
     cout<<msg->detections<<endl;
                ^
In file included from /usr/include/c++/5/ostream:638:0,
                 from /usr/include/c++/5/iostream:39,
                 from /opt/ros/kinetic/include/ros/time.h:54,
                 from /opt/ros/kinetic/include/ros/serialization.h:34,
                 from /home/chris/catkin_ws/devel/.private/apriltags2_ros/include/apriltags2_ros/AprilTagDetectionArray.h:14,
                 from /home/chris/catkin_ws/src/firefly_control/src/control.cpp:1:
/usr/include/c++/5/bits/ostream.tcc:321:5: note: candidate: template<class _CharT, class _Traits> std::basic_ostream<_CharT, _Traits>& std::operator<<(std::basic_ostream<_CharT, _Traits>&, const char*)
     operator<<(basic_ostream<_CharT, _Traits>& __out, const char* __s)
     ^
/usr/include/c++/5/bits/ostream.tcc:321:5: note:   template argument deduction/substitution failed:
/home/chris/catkin_ws/src/firefly_control/src/control.cpp:29:16: note:   cannot convert ‘(& msg)->boost::shared_ptr<T>::operator-><const apriltags2_ros::AprilTagDetectionArray_<std::allocator<void> > >()->apriltags2_ros::AprilTagDetectionArray_<std::allocator<void> >::detections’ (type ‘const _detections_type {aka const std::vector<apriltags2_ros::AprilTagDetection_<std::allocator<void> >, std::allocator<apriltags2_ros::AprilTagDetection_<std::allocator<void> > > >}’) to type ‘const char*’
     cout<<msg->detections<<endl;
                ^
In file included from /usr/include/c++/5/iostream:39:0,
                 from /opt/ros/kinetic/include/ros/time.h:54,
                 from /opt/ros/kinetic/include/ros/serialization.h:34,
                 from /home/chris/catkin_ws/devel/.private/apriltags2_ros/include/apriltags2_ros/AprilTagDetectionArray.h:14,
                 from /home/chris/catkin_ws/src/firefly_control/src/control.cpp:1:
/usr/include/c++/5/ostream:539:5: note: candidate: template<class _CharT, class _Traits> std::basic_ostream<_CharT, _Traits>& std::operator<<(std::basic_ostream<_CharT, _Traits>&, const _CharT*)
     operator<<(basic_ostream<_CharT, _Traits>& __out, const _CharT* __s)
     ^
/usr/include/c++/5/ostream:539:5: note:   template argument deduction/substitution failed:
/home/chris/catkin_ws/src/firefly_control/src/control.cpp:29:16: note:   mismatched types ‘const _CharT*’ and ‘std::vector<apriltags2_ros::AprilTagDetection_<std::allocator<void> >, std::allocator<apriltags2_ros::AprilTagDetection_<std::allocator<void> > > >’
     cout<<msg->detections<<endl;
                ^
In file included from /usr/include/c++/5/iostream:39:0,
                 from /opt/ros/kinetic/include/ros/time.h:54,
                 from /opt/ros/kinetic/include/ros/serialization.h:34,
                 from /home/chris/catkin_ws/devel/.private/apriltags2_ros/include/apriltags2_ros/AprilTagDetectionArray.h:14,
                 from /home/chris/catkin_ws/src/firefly_control/src/control.cpp:1:
/usr/include/c++/5/ostream:519:5: note: candidate: template<class _Traits> std::basic_ostream<char, _Traits>& std::operator<<(std::basic_ostream<char, _Traits>&, unsigned char)
     operator<<(basic_ostream<char, _Traits>& __out, unsigned char __c)
     ^
/usr/include/c++/5/ostream:519:5: note:   template argument deduction/substitution failed:
/home/chris/catkin_ws/src/firefly_control/src/control.cpp:29:16: note:   cannot convert ‘(& msg)->boost::shared_ptr<T>::operator-><const apriltags2_ros::AprilTagDetectionArray_<std::allocator<void> > >()->apriltags2_ros::AprilTagDetectionArray_<std::allocator<void> >::detections’ (type ‘const _detections_type {aka const std::vector<apriltags2_ros::AprilTagDetection_<std::allocator<void> >, std::allocator<apriltags2_ros::AprilTagDetection_<std::allocator<void> > > >}’) to type ‘unsigned char’
     cout<<msg->detections<<endl;
                ^
In file included from /usr/include/c++/5/iostream:39:0,
                 from /opt/ros/kinetic/include/ros/time.h:54,
                 from /opt/ros/kinetic/include/ros/serialization.h:34,
                 from /home/chris/catkin_ws/devel/.private/apriltags2_ros/include/apriltags2_ros/AprilTagDetectionArray.h:14,
                 from /home/chris/catkin_ws/src/firefly_control/src/control.cpp:1:
/usr/include/c++/5/ostream:514:5: note: candidate: template<class _Traits> std::basic_ostream<char, _Traits>& std::operator<<(std::basic_ostream<char, _Traits>&, signed char)
     operator<<(basic_ostream<char, _Traits>& __out, signed char __c)
     ^
/usr/include/c++/5/ostream:514:5: note:   template argument deduction/substitution failed:
/home/chris/catkin_ws/src/firefly_control/src/control.cpp:29:16: note:   cannot convert ‘(& msg)->boost::shared_ptr<T>::operator-><const apriltags2_ros::AprilTagDetectionArray_<std::allocator<void> > >()->apriltags2_ros::AprilTagDetectionArray_<std::allocator<void> >::detections’ (type ‘const _detections_type {aka const std::vector<apriltags2_ros::AprilTagDetection_<std::allocator<void> >, std::allocator<apriltags2_ros::AprilTagDetection_<std::allocator<void> > > >}’) to type ‘signed char’
     cout<<msg->detections<<endl;
                ^
In file included from /usr/include/c++/5/iostream:39:0,
                 from /opt/ros/kinetic/include/ros/time.h:54,
                 from /opt/ros/kinetic/include/ros/serialization.h:34,
                 from /home/chris/catkin_ws/devel/.private/apriltags2_ros/include/apriltags2_ros/AprilTagDetectionArray.h:14,
                 from /home/chris/catkin_ws/src/firefly_control/src/control.cpp:1:
/usr/include/c++/5/ostream:508:5: note: candidate: template<class _Traits> std::basic_ostream<char, _Traits>& std::operator<<(std::basic_ostream<char, _Traits>&, char)
     operator<<(basic_ostream<char, _Traits>& __out, char __c)
     ^
/usr/include/c++/5/ostream:508:5: note:   template argument deduction/substitution failed:
/home/chris/catkin_ws/src/firefly_control/src/control.cpp:29:16: note:   cannot convert ‘(& msg)->boost::shared_ptr<T>::operator-><const apriltags2_ros::AprilTagDetectionArray_<std::allocator<void> > >()->apriltags2_ros::AprilTagDetectionArray_<std::allocator<void> >::detections’ (type ‘const _detections_type {aka const std::vector<apriltags2_ros::AprilTagDetection_<std::allocator<void> >, std::allocator<apriltags2_ros::AprilTagDetection_<std::allocator<void> > > >}’) to type ‘char’
     cout<<msg->detections<<endl;
                ^
In file included from /usr/include/c++/5/iostream:39:0,
                 from /opt/ros/kinetic/include/ros/time.h:54,
                 from /opt/ros/kinetic/include/ros/serialization.h:34,
                 from /home/chris/catkin_ws/devel/.private/apriltags2_ros/include/apriltags2_ros/AprilTagDetectionArray.h:14,
                 from /home/chris/catkin_ws/src/firefly_control/src/control.cpp:1:
/usr/include/c++/5/ostream:502:5: note: candidate: template<class _CharT, class _Traits> std::basic_ostream<_CharT, _Traits>& std::operator<<(std::basic_ostream<_CharT, _Traits>&, char)
     operator<<(basic_ostream<_CharT, _Traits>& __out, char __c)
     ^
/usr/include/c++/5/ostream:502:5: note:   template argument deduction/substitution failed:
/home/chris/catkin_ws/src/firefly_control/src/control.cpp:29:16: note:   cannot convert ‘(& msg)->boost::shared_ptr<T>::operator-><const apriltags2_ros::AprilTagDetectionArray_<std::allocator<void> > >()->apriltags2_ros::AprilTagDetectionArray_<std::allocator<void> >::detections’ (type ‘const _detections_type {aka const std::vector<apriltags2_ros::AprilTagDetection_<std::allocator<void> >, std::allocator<apriltags2_ros::AprilTagDetection_<std::allocator<void> > > >}’) to type ‘char’
     cout<<msg->detections<<endl;
                ^
In file included from /usr/include/c++/5/iostream:39:0,
                 from /opt/ros/kinetic/include/ros/time.h:54,
                 from /opt/ros/kinetic/include/ros/serialization.h:34,
                 from /home/chris/catkin_ws/devel/.private/apriltags2_ros/include/apriltags2_ros/AprilTagDetectionArray.h:14,
                 from /home/chris/catkin_ws/src/firefly_control/src/control.cpp:1:
/usr/include/c++/5/ostream:497:5: note: candidate: template<class _CharT, class _Traits> std::basic_ostream<_CharT, _Traits>& std::operator<<(std::basic_ostream<_CharT, _Traits>&, _CharT)
     operator<<(basic_ostream<_CharT, _Traits>& __out, _CharT __c)
     ^
/usr/include/c++/5/ostream:497:5: note:   template argument deduction/substitution failed:
/home/chris/catkin_ws/src/firefly_control/src/control.cpp:29:16: note:   deduced conflicting types for parameter ‘_CharT’ (‘char’ and ‘std::vector<apriltags2_ros::AprilTagDetection_<std::allocator<void> >, std::allocator<apriltags2_ros::AprilTagDetection_<std::allocator<void> > > >’)
     cout<<msg->detections<<endl;
                ^
In file included from /usr/include/c++/5/string:52:0,
                 from /home/chris/catkin_ws/devel/.private/apriltags2_ros/include/apriltags2_ros/AprilTagDetectionArray.h:9,
                 from /home/chris/catkin_ws/src/firefly_control/src/control.cpp:1:
/usr/include/c++/5/bits/basic_string.h:5172:5: note: candidate: template<class _CharT, class _Traits, class _Alloc> std::basic_ostream<_CharT, _Traits>& std::operator<<(std::basic_ostream<_CharT, _Traits>&, const std::__cxx11::basic_string<_CharT, _Traits, _Alloc>&)
     operator<<(basic_ostream<_CharT, _Traits>& __os,
     ^
/usr/include/c++/5/bits/basic_string.h:5172:5: note:   template argument deduction/substitution failed:
/home/chris/catkin_ws/src/firefly_control/src/control.cpp:29:16: note:   ‘const _detections_type {aka const std::vector<apriltags2_ros::AprilTagDetection_<std::allocator<void> >, std::allocator<apriltags2_ros::AprilTagDetection_<std::allocator<void> > > >}’ is not derived from ‘const std::__cxx11::basic_string<_CharT, _Traits, _Alloc>’
     cout<<msg->detections<<endl;
                ^
In file included from /home/chris/catkin_ws/src/firefly_control/src/control.cpp:1:0:
/home/chris/catkin_ws/devel/.private/apriltags2_ros/include/apriltags2_ros/AprilTagDetectionArray.h:65:15: note: candidate: template<class ContainerAllocator> std::ostream& apriltags2_ros::operator<<(std::ostream&, const apriltags2_ros::AprilTagDetectionArray_<ContainerAllocator>&)
 std::ostream& operator<<(std::ostream& s, const ::apriltags2_ros::AprilTagDetectionArray_<ContainerAllocator> & v)
               ^
/home/chris/catkin_ws/devel/.private/apriltags2_ros/include/apriltags2_ros/AprilTagDetectionArray.h:65:15: note:   template argument deduction/substitution failed:
/home/chris/catkin_ws/src/firefly_control/src/control.cpp:29:16: note:   ‘const _detections_type {aka const std::vector<apriltags2_ros::AprilTagDetection_<std::allocator<void> >, std::allocator<apriltags2_ros::AprilTagDetection_<std::allocator<void> > > >}’ is not derived from ‘const apriltags2_ros::AprilTagDetectionArray_<ContainerAllocator>’
     cout<<msg->detections<<endl;
                ^
In file included from /home/chris/catkin_ws/devel/.private/apriltags2_ros/include/apriltags2_ros/AprilTagDetectionArray.h:19:0,
                 from /home/chris/catkin_ws/src/firefly_control/src/control.cpp:1:
/home/chris/catkin_ws/devel/.private/apriltags2_ros/include/apriltags2_ros/AprilTagDetection.h:69:15: note: candidate: template<class ContainerAllocator> std::ostream& apriltags2_ros::operator<<(std::ostream&, const apriltags2_ros::AprilTagDetection_<ContainerAllocator>&)
 std::ostream& operator<<(std::ostream& s, const ::apriltags2_ros::AprilTagDetection_<ContainerAllocator> & v)
               ^
/home/chris/catkin_ws/devel/.private/apriltags2_ros/include/apriltags2_ros/AprilTagDetection.h:69:15: note:   template argument deduction/substitution failed:
/home/chris/catkin_ws/src/firefly_control/src/control.cpp:29:16: note:   ‘const _detections_type {aka const std::vector<apriltags2_ros::AprilTagDetection_<std::allocator<void> >, std::allocator<apriltags2_ros::AprilTagDetection_<std::allocator<void> > > >}’ is not derived from ‘const apriltags2_ros::AprilTagDetection_<ContainerAllocator>’
     cout<<msg->detections<<endl;
                ^
make[2]: *** [CMakeFiles/control.dir/src/control.cpp.o] Error 1
make[1]: *** [CMakeFiles/control.dir/all] Error 2
make: *** [all] Error 2
