Not searching for unused variables given on the command line.
-- The C compiler identification is GNU 5.4.0
-- The CXX compiler identification is GNU 5.4.0
-- Check for working C compiler: /usr/bin/cc
-- Check for working C compiler: /usr/bin/cc -- works
-- Detecting C compiler ABI info
-- Detecting C compiler ABI info - done
-- Detecting C compile features
-- Detecting C compile features - done
-- Check for working CXX compiler: /usr/bin/c++
-- Check for working CXX compiler: /usr/bin/c++ -- works
-- Detecting CXX compiler ABI info
-- Detecting CXX compiler ABI info - done
-- Detecting CXX compile features
-- Detecting CXX compile features - done
-- Using CATKIN_DEVEL_PREFIX: /home/chris/catkin_ws/devel/.private/learning
-- Using CMAKE_PREFIX_PATH: /home/chris/catkin_ws/devel;/opt/ros/kinetic
-- This workspace overlays: /home/chris/catkin_ws/devel;/opt/ros/kinetic
-- Found PythonInterp: /usr/bin/python (found version "2.7.12")
-- Using PYTHON_EXECUTABLE: /usr/bin/python
-- Using Debian Python package layout
-- Using empy: /usr/bin/empy
-- Using CATKIN_ENABLE_TESTING: ON
-- Call enable_testing()
-- Using CATKIN_TEST_RESULTS_DIR: /home/chris/catkin_ws/build/learning/test_results
-- Found gmock sources under '/usr/src/gmock': gmock will be built
-- Looking for pthread.h
-- Looking for pthread.h - found
-- Looking for pthread_create
-- Looking for pthread_create - not found
-- Looking for pthread_create in pthreads
-- Looking for pthread_create in pthreads - not found
-- Looking for pthread_create in pthread
-- Looking for pthread_create in pthread - found
-- Found Threads: TRUE
-- Found gtest sources under '/usr/src/gmock': gtests will be built
-- Using Python nosetests: /usr/bin/nosetests-2.7
-- catkin 0.7.14
CMake Error at /home/chris/catkin_ws/src/learningOpenCV/CMakeLists.txt:207 (add_executable):
  add_executable cannot create target "VideoCapture" because another target
  with the same name already exists.  The existing target is an executable
  created in source directory "/home/chris/catkin_ws/src/learningOpenCV".
  See documentation for policy CMP0002 for more details.


-- Configuring incomplete, errors occurred!
See also "/home/chris/catkin_ws/build/learning/CMakeFiles/CMakeOutput.log".
See also "/home/chris/catkin_ws/build/learning/CMakeFiles/CMakeError.log".
