Not searching for unused variables given on the command line.
-- Using CATKIN_DEVEL_PREFIX: /home/chris/catkin_ws/devel/.private/rotors_control
-- Using CMAKE_PREFIX_PATH: /home/chris/catkin_ws/devel;/opt/ros/kinetic
-- This workspace overlays: /home/chris/catkin_ws/devel;/opt/ros/kinetic
-- Using PYTHON_EXECUTABLE: /usr/bin/python
-- Using Debian Python package layout
-- Using empy: /usr/bin/empy
-- Using CATKIN_ENABLE_TESTING: ON
-- Call enable_testing()
-- Using CATKIN_TEST_RESULTS_DIR: /home/chris/catkin_ws/build/rotors_control/test_results
-- Found gmock sources under '/usr/src/gmock': gmock will be built
-- Found gtest sources under '/usr/src/gmock': gtests will be built
-- Using Python nosetests: /usr/bin/nosetests-2.7
-- catkin 0.7.14
-- Using these message generators: gencpp;geneus;genlisp;gennodejs;genpy
CMake Warning at /opt/ros/kinetic/share/cmake_modules/cmake/Modules/FindEigen.cmake:62 (message):
  The FindEigen.cmake Module in the cmake_modules package is deprecated.

  Please use the FindEigen3.cmake Module provided with Eigen.  Change
  instances of find_package(Eigen) to find_package(Eigen3).  Check the
  FindEigen3.cmake Module for the resulting CMake variable names.

Call Stack (most recent call first):
  CMakeLists.txt:15 (find_package)


-- Eigen found (include: /usr/include/eigen3)
-- Configuring done
-- Generating done
-- Build files have been written to: /home/chris/catkin_ws/build/rotors_control
