Determining if the pthread_create exist failed with the following output:
Change Dir: /home/chris/catkin_ws/build/mav_planning_msgs/CMakeFiles/CMakeTmp

Run Build Command:"/usr/bin/make" "cmTC_7ce1c/fast"
/usr/bin/make -f CMakeFiles/cmTC_7ce1c.dir/build.make CMakeFiles/cmTC_7ce1c.dir/build
make[1]: Entering directory '/home/chris/catkin_ws/build/mav_planning_msgs/CMakeFiles/CMakeTmp'
Building C object CMakeFiles/cmTC_7ce1c.dir/CheckSymbolExists.c.o
/usr/bin/cc     -o CMakeFiles/cmTC_7ce1c.dir/CheckSymbolExists.c.o   -c /home/chris/catkin_ws/build/mav_planning_msgs/CMakeFiles/CMakeTmp/CheckSymbolExists.c
Linking C executable cmTC_7ce1c
/usr/bin/cmake -E cmake_link_script CMakeFiles/cmTC_7ce1c.dir/link.txt --verbose=1
/usr/bin/cc       CMakeFiles/cmTC_7ce1c.dir/CheckSymbolExists.c.o  -o cmTC_7ce1c -rdynamic 
CMakeFiles/cmTC_7ce1c.dir/CheckSymbolExists.c.o：在函数‘main’中：
CheckSymbolExists.c:(.text+0x16)：对‘pthread_create’未定义的引用
collect2: error: ld returned 1 exit status
CMakeFiles/cmTC_7ce1c.dir/build.make:97: recipe for target 'cmTC_7ce1c' failed
make[1]: *** [cmTC_7ce1c] Error 1
make[1]: Leaving directory '/home/chris/catkin_ws/build/mav_planning_msgs/CMakeFiles/CMakeTmp'
Makefile:126: recipe for target 'cmTC_7ce1c/fast' failed
make: *** [cmTC_7ce1c/fast] Error 2

File /home/chris/catkin_ws/build/mav_planning_msgs/CMakeFiles/CMakeTmp/CheckSymbolExists.c:
/* */
#include <pthread.h>

int main(int argc, char** argv)
{
  (void)argv;
#ifndef pthread_create
  return ((int*)(&pthread_create))[argc];
#else
  (void)argc;
  return 0;
#endif
}

Determining if the function pthread_create exists in the pthreads failed with the following output:
Change Dir: /home/chris/catkin_ws/build/mav_planning_msgs/CMakeFiles/CMakeTmp

Run Build Command:"/usr/bin/make" "cmTC_9cef5/fast"
/usr/bin/make -f CMakeFiles/cmTC_9cef5.dir/build.make CMakeFiles/cmTC_9cef5.dir/build
make[1]: Entering directory '/home/chris/catkin_ws/build/mav_planning_msgs/CMakeFiles/CMakeTmp'
Building C object CMakeFiles/cmTC_9cef5.dir/CheckFunctionExists.c.o
/usr/bin/cc    -DCHECK_FUNCTION_EXISTS=pthread_create   -o CMakeFiles/cmTC_9cef5.dir/CheckFunctionExists.c.o   -c /usr/share/cmake-3.5/Modules/CheckFunctionExists.c
Linking C executable cmTC_9cef5
/usr/bin/cmake -E cmake_link_script CMakeFiles/cmTC_9cef5.dir/link.txt --verbose=1
/usr/bin/cc   -DCHECK_FUNCTION_EXISTS=pthread_create    CMakeFiles/cmTC_9cef5.dir/CheckFunctionExists.c.o  -o cmTC_9cef5 -rdynamic -lpthreads 
/usr/bin/ld: 找不到 -lpthreads
collect2: error: ld returned 1 exit status
CMakeFiles/cmTC_9cef5.dir/build.make:97: recipe for target 'cmTC_9cef5' failed
make[1]: *** [cmTC_9cef5] Error 1
make[1]: Leaving directory '/home/chris/catkin_ws/build/mav_planning_msgs/CMakeFiles/CMakeTmp'
Makefile:126: recipe for target 'cmTC_9cef5/fast' failed
make: *** [cmTC_9cef5/fast] Error 2


